#
# There is insufficient memory for the Java Runtime Environment to continue.
# Native memory allocation (malloc) failed to allocate 1080304 bytes for Chunk::new
# Possible reasons:
#   The system is out of physical RAM or swap space
#   The process is running with CompressedOops enabled, and the Java Heap may be blocking the growth of the native heap
# Possible solutions:
#   Reduce memory load on the system
#   Increase physical memory or swap space
#   Check if swap backing store is full
#   Decrease Java heap size (-Xmx/-Xms)
#   Decrease number of Java threads
#   Decrease Java thread stack sizes (-Xss)
#   Set larger code cache with -XX:ReservedCodeCacheSize=
#   JVM is running with Unscaled Compressed Oops mode in which the Java heap is
#     placed in the first 4GB address space. The Java Heap base address is the
#     maximum limit for the native heap growth. Please use -XX:HeapBaseMinAddress
#     to set the Java Heap base and to place the Java Heap above 4GB virtual address.
# This output file may be truncated or incomplete.
#
#  Out of Memory Error (arena.cpp:189), pid=1788, tid=13892
#
# JRE version: OpenJDK Runtime Environment (17.0.6) (build 17.0.6+0-b2043.56-10027231)
# Java VM: OpenJDK 64-Bit Server VM (17.0.6+0-b2043.56-10027231, mixed mode, tiered, compressed oops, compressed class ptrs, g1 gc, windows-amd64)
# No core dump will be written. Minidumps are not enabled by default on client versions of Windows
#

---------------  S U M M A R Y ------------

Command Line: --add-opens=java.base/java.util=ALL-UNNAMED --add-opens=java.base/java.lang=ALL-UNNAMED --add-opens=java.base/java.lang.invoke=ALL-UNNAMED --add-opens=java.prefs/java.util.prefs=ALL-UNNAMED --add-opens=java.base/java.nio.charset=ALL-UNNAMED --add-opens=java.base/java.net=ALL-UNNAMED --add-opens=java.base/java.util.concurrent.atomic=ALL-UNNAMED -Xmx2048m -Dfile.encoding=UTF-8 -Duser.country=RU -Duser.language=ru -Duser.variant org.gradle.launcher.daemon.bootstrap.GradleDaemon 8.0

Host: AMD FX-8320E Eight-Core Processor              , 8 cores, 11G,  Windows 10 , 64 bit Build 17763 (10.0.17763.1)
Time: Wed Sep 13 15:51:15 2023 RTZ 2 (зима) elapsed time: 8.321340 seconds (0d 0h 0m 8s)

---------------  T H R E A D  ---------------

Current thread (0x000002492f9f3730):  JavaThread "C2 CompilerThread2" daemon [_thread_in_native, id=13892, stack(0x000000bf03100000,0x000000bf03200000)]


Current CompileTask:
C2:   8321 6367       4       java.util.TreeMap::put (221 bytes)

Stack: [0x000000bf03100000,0x000000bf03200000]
Native frames: (J=compiled Java code, j=interpreted, Vv=VM code, C=native code)
V  [jvm.dll+0x683c9a]
V  [jvm.dll+0x8427a4]
V  [jvm.dll+0x843f9e]
V  [jvm.dll+0x844603]
V  [jvm.dll+0x249b75]
V  [jvm.dll+0xabcac]
V  [jvm.dll+0xac27c]
V  [jvm.dll+0x368857]
V  [jvm.dll+0x332f31]
V  [jvm.dll+0x3323da]
V  [jvm.dll+0x21c201]
V  [jvm.dll+0x21b621]
V  [jvm.dll+0x1a4fdd]
V  [jvm.dll+0x22b098]
V  [jvm.dll+0x229159]
V  [jvm.dll+0x7f81ec]
V  [jvm.dll+0x7f274a]
V  [jvm.dll+0x682ad5]
C  [ucrtbase.dll+0x203ba]
C  [KERNEL32.DLL+0x17e94]
C  [ntdll.dll+0x67ad1]


---------------  P R O C E S S  ---------------

Threads class SMR info:
_java_thread_list=0x0000024930a6c6a0, length=127, elements={
0x000002491030ca70, 0x000002492c143de0, 0x000002492c145300, 0x000002492cc59a30,
0x000002492c146fe0, 0x000002492c148040, 0x000002492c1490a0, 0x000002492cc75920,
0x000002492cc769c0, 0x000002492cc97020, 0x000002492cdf8f50, 0x000002492ce03ee0,
0x000002492cfa67e0, 0x000002492f01a0a0, 0x000002492da15aa0, 0x000002492da16440,
0x000002492da172b0, 0x000002492da18120, 0x000002492da185f0, 0x000002492da14c30,
0x000002492da15100, 0x000002492da16910, 0x000002492f87afc0, 0x000002492f87b490,
0x000002492f87c300, 0x000002492f87db10, 0x000002492f9f3730, 0x000002492f87e4b0,
0x000002492f878940, 0x000002492f87f320, 0x000002492f87b960, 0x000002492f879c80,
0x000002492f87aaf0, 0x000002492f877ad0, 0x000002492f87cca0, 0x000002492f87a620,
0x000002492f87d170, 0x000002492f8792e0, 0x000002492f87a150, 0x000002492d0e31a0,
0x000002492d0e3670, 0x000002492d0e0180, 0x000002492d0e61c0, 0x000002492d0e0ff0,
0x000002492d0e3b40, 0x000002492d0dfcb0, 0x000002492d0e2800, 0x000002492d0e14c0,
0x000002492d0e2cd0, 0x000002492d0e0650, 0x000002492d0e4010, 0x000002492d0e44e0,
0x000002492d0e1990, 0x000002492d0e5350, 0x000002492d0e5820, 0x000002492d0e49b0,
0x000002492d0e4e80, 0x000002492d0e5cf0, 0x000002492d0e1e60, 0x000002492d0e2330,
0x000002492d0e6690, 0x000002492d0e6b60, 0x000002492d0e7500, 0x000002492d0e7030,
0x000002492f7f29c0, 0x000002492f7f8ed0, 0x000002492f7f2e90, 0x000002492f7f6d20,
0x000002492f7f9d40, 0x000002492f7f3360, 0x000002492f7f3830, 0x000002492f7f76c0,
0x000002492f7f3d00, 0x000002492f7f71f0, 0x000002492f7f5510, 0x000002492f7f7b90,
0x000002492f7f41d0, 0x000002492f7f6380, 0x000002492f7f46a0, 0x000002492f7f4b70,
0x000002492f7f24f0, 0x000002492f7f8060, 0x000002492f7f5040, 0x000002492f7f59e0,
0x000002492f7f9870, 0x000002492f7f6850, 0x000002492f7f93a0, 0x000002492f7f8530,
0x000002492f7f5eb0, 0x000002492f7f8a00, 0x0000024931d16d60, 0x0000024931d198b0,
0x0000024931d1bf30, 0x0000024931d1a720, 0x0000024931d1b590, 0x0000024931d17230,
0x0000024931d1cda0, 0x0000024931d163c0, 0x0000024931d16890, 0x0000024931d1a250,
0x0000024931d1d270, 0x0000024931d17700, 0x0000024931d1ba60, 0x0000024931d18570,
0x0000024931d1abf0, 0x0000024931d1d740, 0x0000024931d1c400, 0x0000024931d15ef0,
0x0000024931d1c8d0, 0x0000024931d17bd0, 0x0000024931d180a0, 0x0000024931d18a40,
0x0000024931d18f10, 0x0000024931d1b0c0, 0x0000024931d19d80, 0x0000024931d193e0,
0x0000024932252230, 0x000002493224da00, 0x00000249322530a0, 0x0000024932253570,
0x000002493224c6c0, 0x000002493224e3a0, 0x0000024932250550, 0x0000024932253a40,
0x000002493224cb90, 0x000002493224e870, 0x000002493224ed40
}

Java Threads: ( => current thread )
  0x000002491030ca70 JavaThread "main" [_thread_blocked, id=10332, stack(0x000000bf00800000,0x000000bf00900000)]
  0x000002492c143de0 JavaThread "Reference Handler" daemon [_thread_blocked, id=19180, stack(0x000000bf00f00000,0x000000bf01000000)]
  0x000002492c145300 JavaThread "Finalizer" daemon [_thread_blocked, id=17568, stack(0x000000bf01000000,0x000000bf01100000)]
  0x000002492cc59a30 JavaThread "Signal Dispatcher" daemon [_thread_blocked, id=6052, stack(0x000000bf01100000,0x000000bf01200000)]
  0x000002492c146fe0 JavaThread "Attach Listener" daemon [_thread_blocked, id=18712, stack(0x000000bf01200000,0x000000bf01300000)]
  0x000002492c148040 JavaThread "Service Thread" daemon [_thread_blocked, id=7940, stack(0x000000bf01300000,0x000000bf01400000)]
  0x000002492c1490a0 JavaThread "Monitor Deflation Thread" daemon [_thread_blocked, id=9712, stack(0x000000bf01400000,0x000000bf01500000)]
  0x000002492cc75920 JavaThread "C2 CompilerThread0" daemon [_thread_in_native, id=14260, stack(0x000000bf01500000,0x000000bf01600000)]
  0x000002492cc769c0 JavaThread "C1 CompilerThread0" daemon [_thread_in_native, id=9448, stack(0x000000bf01600000,0x000000bf01700000)]
  0x000002492cc97020 JavaThread "Sweeper thread" daemon [_thread_blocked, id=9772, stack(0x000000bf01700000,0x000000bf01800000)]
  0x000002492cdf8f50 JavaThread "Common-Cleaner" daemon [_thread_blocked, id=12240, stack(0x000000bf01800000,0x000000bf01900000)]
  0x000002492ce03ee0 JavaThread "Notification Thread" daemon [_thread_blocked, id=17580, stack(0x000000bf01900000,0x000000bf01a00000)]
  0x000002492cfa67e0 JavaThread "C2 CompilerThread1" daemon [_thread_in_native, id=9752, stack(0x000000bf01b00000,0x000000bf01c00000)]
  0x000002492f01a0a0 JavaThread "Daemon health stats" [_thread_blocked, id=17980, stack(0x000000bf02100000,0x000000bf02200000)]
  0x000002492da15aa0 JavaThread "Incoming local TCP Connector on port 52273" [_thread_in_native, id=13372, stack(0x000000bf02200000,0x000000bf02300000)]
  0x000002492da16440 JavaThread "Daemon periodic checks" [_thread_blocked, id=5692, stack(0x000000bf02300000,0x000000bf02400000)]
  0x000002492da172b0 JavaThread "Daemon" [_thread_blocked, id=14596, stack(0x000000bf02400000,0x000000bf02500000)]
  0x000002492da18120 JavaThread "Handler for socket connection from /127.0.0.1:52273 to /127.0.0.1:52274" [_thread_in_native, id=4564, stack(0x000000bf02500000,0x000000bf02600000)]
  0x000002492da185f0 JavaThread "Cancel handler" [_thread_blocked, id=18876, stack(0x000000bf02600000,0x000000bf02700000)]
  0x000002492da14c30 JavaThread "Daemon worker" [_thread_in_Java, id=14764, stack(0x000000bf02700000,0x000000bf02800000)]
  0x000002492da15100 JavaThread "Asynchronous log dispatcher for DefaultDaemonConnection: socket connection from /127.0.0.1:52273 to /127.0.0.1:52274" [_thread_blocked, id=18108, stack(0x000000bf02800000,0x000000bf02900000)]
  0x000002492da16910 JavaThread "Stdin handler" [_thread_blocked, id=4244, stack(0x000000bf02900000,0x000000bf02a00000)]
  0x000002492f87afc0 JavaThread "Daemon client event forwarder" [_thread_blocked, id=8776, stack(0x000000bf02a00000,0x000000bf02b00000)]
  0x000002492f87b490 JavaThread "Cache worker for journal cache (C:\Users\Alexx\.gradle\caches\journal-1)" [_thread_blocked, id=12104, stack(0x000000bf02e00000,0x000000bf02f00000)]
  0x000002492f87c300 JavaThread "File lock request listener" [_thread_in_native, id=6576, stack(0x000000bf02f00000,0x000000bf03000000)]
  0x000002492f87db10 JavaThread "Cache worker for file hash cache (C:\Users\Alexx\.gradle\caches\8.0\fileHashes)" [_thread_blocked, id=18388, stack(0x000000bf03000000,0x000000bf03100000)]
=>0x000002492f9f3730 JavaThread "C2 CompilerThread2" daemon [_thread_in_native, id=13892, stack(0x000000bf03100000,0x000000bf03200000)]
  0x000002492f87e4b0 JavaThread "File watcher server" daemon [_thread_in_native, id=17788, stack(0x000000bf03200000,0x000000bf03300000)]
  0x000002492f878940 JavaThread "File watcher consumer" daemon [_thread_blocked, id=10016, stack(0x000000bf03300000,0x000000bf03400000)]
  0x000002492f87f320 JavaThread "Cache worker for checksums cache (E:\AndroidStudioProject\MyMovies\.gradle\8.0\checksums)" [_thread_blocked, id=12544, stack(0x000000bf03400000,0x000000bf03500000)]
  0x000002492f87b960 JavaThread "Cache worker for cache directory md-rule (C:\Users\Alexx\.gradle\caches\8.0\md-rule)" [_thread_blocked, id=8964, stack(0x000000bf03500000,0x000000bf03600000)]
  0x000002492f879c80 JavaThread "Cache worker for file content cache (C:\Users\Alexx\.gradle\caches\8.0\fileContent)" [_thread_blocked, id=17804, stack(0x000000bf03600000,0x000000bf03700000)]
  0x000002492f87aaf0 JavaThread "Cache worker for file hash cache (E:\AndroidStudioProject\MyMovies\.gradle\8.0\fileHashes)" [_thread_blocked, id=15676, stack(0x000000bf03700000,0x000000bf03800000)]
  0x000002492f877ad0 JavaThread "Cache worker for cache directory md-supplier (C:\Users\Alexx\.gradle\caches\8.0\md-supplier)" [_thread_blocked, id=18700, stack(0x000000bf03800000,0x000000bf03900000)]
  0x000002492f87cca0 JavaThread "Cache worker for execution history cache (C:\Users\Alexx\.gradle\caches\8.0\executionHistory)" [_thread_blocked, id=12764, stack(0x000000bf03900000,0x000000bf03a00000)]
  0x000002492f87a620 JavaThread "jar transforms" [_thread_blocked, id=15452, stack(0x000000bf03a00000,0x000000bf03b00000)]
  0x000002492f87d170 JavaThread "jar transforms Thread 2" [_thread_blocked, id=19360, stack(0x000000bf03b00000,0x000000bf03c00000)]
  0x000002492f8792e0 JavaThread "jar transforms Thread 3" [_thread_blocked, id=9808, stack(0x000000bf03c00000,0x000000bf03d00000)]
  0x000002492f87a150 JavaThread "jar transforms Thread 4" [_thread_blocked, id=12812, stack(0x000000bf03d00000,0x000000bf03e00000)]
  0x000002492d0e31a0 JavaThread "Cache worker for dependencies-accessors (E:\AndroidStudioProject\MyMovies\.gradle\8.0\dependencies-accessors)" [_thread_blocked, id=16852, stack(0x000000bf03e00000,0x000000bf03f00000)]
  0x000002492d0e3670 JavaThread "jar transforms Thread 5" [_thread_blocked, id=11992, stack(0x000000bf03f00000,0x000000bf04000000)]
  0x000002492d0e0180 JavaThread "Cache worker for Build Output Cleanup Cache (E:\AndroidStudioProject\MyMovies\.gradle\buildOutputCleanup)" [_thread_blocked, id=13580, stack(0x000000bf04000000,0x000000bf04100000)]
  0x000002492d0e61c0 JavaThread "Unconstrained build operations" [_thread_blocked, id=8296, stack(0x000000bf04100000,0x000000bf04200000)]
  0x000002492d0e0ff0 JavaThread "Unconstrained build operations Thread 2" [_thread_blocked, id=9080, stack(0x000000bf04200000,0x000000bf04300000)]
  0x000002492d0e3b40 JavaThread "Unconstrained build operations Thread 3" [_thread_blocked, id=7124, stack(0x000000bf04300000,0x000000bf04400000)]
  0x000002492d0dfcb0 JavaThread "Unconstrained build operations Thread 4" [_thread_blocked, id=19256, stack(0x000000bf04400000,0x000000bf04500000)]
  0x000002492d0e2800 JavaThread "Unconstrained build operations Thread 5" [_thread_blocked, id=10636, stack(0x000000bf04500000,0x000000bf04600000)]
  0x000002492d0e14c0 JavaThread "Unconstrained build operations Thread 6" [_thread_blocked, id=12284, stack(0x000000bf04600000,0x000000bf04700000)]
  0x000002492d0e2cd0 JavaThread "Unconstrained build operations Thread 7" [_thread_blocked, id=5768, stack(0x000000bf04700000,0x000000bf04800000)]
  0x000002492d0e0650 JavaThread "Unconstrained build operations Thread 8" [_thread_blocked, id=6436, stack(0x000000bf04800000,0x000000bf04900000)]
  0x000002492d0e4010 JavaThread "Unconstrained build operations Thread 9" [_thread_blocked, id=560, stack(0x000000bf04900000,0x000000bf04a00000)]
  0x000002492d0e44e0 JavaThread "Unconstrained build operations Thread 10" [_thread_blocked, id=6476, stack(0x000000bf04a00000,0x000000bf04b00000)]
  0x000002492d0e1990 JavaThread "Unconstrained build operations Thread 11" [_thread_blocked, id=8248, stack(0x000000bf04b00000,0x000000bf04c00000)]
  0x000002492d0e5350 JavaThread "Unconstrained build operations Thread 12" [_thread_blocked, id=8312, stack(0x000000bf04c00000,0x000000bf04d00000)]
  0x000002492d0e5820 JavaThread "Unconstrained build operations Thread 13" [_thread_blocked, id=5684, stack(0x000000bf04d00000,0x000000bf04e00000)]
  0x000002492d0e49b0 JavaThread "Unconstrained build operations Thread 14" [_thread_blocked, id=10760, stack(0x000000bf04e00000,0x000000bf04f00000)]
  0x000002492d0e4e80 JavaThread "Unconstrained build operations Thread 15" [_thread_blocked, id=13820, stack(0x000000bf04f00000,0x000000bf05000000)]
  0x000002492d0e5cf0 JavaThread "Unconstrained build operations Thread 16" [_thread_blocked, id=15856, stack(0x000000bf05000000,0x000000bf05100000)]
  0x000002492d0e1e60 JavaThread "Unconstrained build operations Thread 17" [_thread_blocked, id=16996, stack(0x000000bf05100000,0x000000bf05200000)]
  0x000002492d0e2330 JavaThread "Unconstrained build operations Thread 18" [_thread_blocked, id=5392, stack(0x000000bf05200000,0x000000bf05300000)]
  0x000002492d0e6690 JavaThread "Unconstrained build operations Thread 19" [_thread_blocked, id=12292, stack(0x000000bf05300000,0x000000bf05400000)]
  0x000002492d0e6b60 JavaThread "Unconstrained build operations Thread 20" [_thread_blocked, id=10356, stack(0x000000bf05400000,0x000000bf05500000)]
  0x000002492d0e7500 JavaThread "Unconstrained build operations Thread 21" [_thread_blocked, id=18128, stack(0x000000bf05500000,0x000000bf05600000)]
  0x000002492d0e7030 JavaThread "Unconstrained build operations Thread 22" [_thread_blocked, id=10600, stack(0x000000bf05600000,0x000000bf05700000)]
  0x000002492f7f29c0 JavaThread "Unconstrained build operations Thread 23" [_thread_blocked, id=10768, stack(0x000000bf05700000,0x000000bf05800000)]
  0x000002492f7f8ed0 JavaThread "Unconstrained build operations Thread 24" [_thread_blocked, id=13424, stack(0x000000bf05800000,0x000000bf05900000)]
  0x000002492f7f2e90 JavaThread "Unconstrained build operations Thread 25" [_thread_blocked, id=18256, stack(0x000000bf05900000,0x000000bf05a00000)]
  0x000002492f7f6d20 JavaThread "Unconstrained build operations Thread 26" [_thread_blocked, id=18424, stack(0x000000bf05a00000,0x000000bf05b00000)]
  0x000002492f7f9d40 JavaThread "Unconstrained build operations Thread 27" [_thread_blocked, id=13112, stack(0x000000bf05b00000,0x000000bf05c00000)]
  0x000002492f7f3360 JavaThread "Unconstrained build operations Thread 28" [_thread_blocked, id=13096, stack(0x000000bf05c00000,0x000000bf05d00000)]
  0x000002492f7f3830 JavaThread "Unconstrained build operations Thread 29" [_thread_blocked, id=17456, stack(0x000000bf05d00000,0x000000bf05e00000)]
  0x000002492f7f76c0 JavaThread "Unconstrained build operations Thread 30" [_thread_blocked, id=7080, stack(0x000000bf05e00000,0x000000bf05f00000)]
  0x000002492f7f3d00 JavaThread "Unconstrained build operations Thread 31" [_thread_blocked, id=11604, stack(0x000000bf05f00000,0x000000bf06000000)]
  0x000002492f7f71f0 JavaThread "Unconstrained build operations Thread 32" [_thread_blocked, id=8812, stack(0x000000bf06000000,0x000000bf06100000)]
  0x000002492f7f5510 JavaThread "Unconstrained build operations Thread 33" [_thread_blocked, id=18684, stack(0x000000bf06100000,0x000000bf06200000)]
  0x000002492f7f7b90 JavaThread "Unconstrained build operations Thread 34" [_thread_blocked, id=18296, stack(0x000000bf06200000,0x000000bf06300000)]
  0x000002492f7f41d0 JavaThread "Unconstrained build operations Thread 35" [_thread_blocked, id=8332, stack(0x000000bf06300000,0x000000bf06400000)]
  0x000002492f7f6380 JavaThread "Unconstrained build operations Thread 36" [_thread_blocked, id=18636, stack(0x000000bf06400000,0x000000bf06500000)]
  0x000002492f7f46a0 JavaThread "Unconstrained build operations Thread 37" [_thread_blocked, id=4940, stack(0x000000bf06500000,0x000000bf06600000)]
  0x000002492f7f4b70 JavaThread "Unconstrained build operations Thread 38" [_thread_blocked, id=9408, stack(0x000000bf06600000,0x000000bf06700000)]
  0x000002492f7f24f0 JavaThread "Unconstrained build operations Thread 39" [_thread_blocked, id=7108, stack(0x000000bf06700000,0x000000bf06800000)]
  0x000002492f7f8060 JavaThread "Unconstrained build operations Thread 40" [_thread_blocked, id=14804, stack(0x000000bf06800000,0x000000bf06900000)]
  0x000002492f7f5040 JavaThread "Unconstrained build operations Thread 41" [_thread_blocked, id=2428, stack(0x000000bf06900000,0x000000bf06a00000)]
  0x000002492f7f59e0 JavaThread "Unconstrained build operations Thread 42" [_thread_blocked, id=4744, stack(0x000000bf06a00000,0x000000bf06b00000)]
  0x000002492f7f9870 JavaThread "Unconstrained build operations Thread 43" [_thread_blocked, id=10424, stack(0x000000bf06b00000,0x000000bf06c00000)]
  0x000002492f7f6850 JavaThread "Unconstrained build operations Thread 44" [_thread_blocked, id=9364, stack(0x000000bf06c00000,0x000000bf06d00000)]
  0x000002492f7f93a0 JavaThread "Unconstrained build operations Thread 45" [_thread_blocked, id=10084, stack(0x000000bf06d00000,0x000000bf06e00000)]
  0x000002492f7f8530 JavaThread "Unconstrained build operations Thread 46" [_thread_blocked, id=224, stack(0x000000bf06e00000,0x000000bf06f00000)]
  0x000002492f7f5eb0 JavaThread "Unconstrained build operations Thread 47" [_thread_blocked, id=9324, stack(0x000000bf06f00000,0x000000bf07000000)]
  0x000002492f7f8a00 JavaThread "Unconstrained build operations Thread 48" [_thread_blocked, id=5672, stack(0x000000bf07000000,0x000000bf07100000)]
  0x0000024931d16d60 JavaThread "Unconstrained build operations Thread 49" [_thread_blocked, id=2092, stack(0x000000bf07100000,0x000000bf07200000)]
  0x0000024931d198b0 JavaThread "Unconstrained build operations Thread 50" [_thread_blocked, id=8092, stack(0x000000bf07200000,0x000000bf07300000)]
  0x0000024931d1bf30 JavaThread "Unconstrained build operations Thread 51" [_thread_blocked, id=7732, stack(0x000000bf07300000,0x000000bf07400000)]
  0x0000024931d1a720 JavaThread "Unconstrained build operations Thread 52" [_thread_blocked, id=8324, stack(0x000000bf07400000,0x000000bf07500000)]
  0x0000024931d1b590 JavaThread "Unconstrained build operations Thread 53" [_thread_blocked, id=7240, stack(0x000000bf07500000,0x000000bf07600000)]
  0x0000024931d17230 JavaThread "Unconstrained build operations Thread 54" [_thread_blocked, id=5256, stack(0x000000bf07600000,0x000000bf07700000)]
  0x0000024931d1cda0 JavaThread "Unconstrained build operations Thread 55" [_thread_blocked, id=2740, stack(0x000000bf07700000,0x000000bf07800000)]
  0x0000024931d163c0 JavaThread "Unconstrained build operations Thread 56" [_thread_blocked, id=11816, stack(0x000000bf07800000,0x000000bf07900000)]
  0x0000024931d16890 JavaThread "Unconstrained build operations Thread 57" [_thread_blocked, id=5720, stack(0x000000bf07900000,0x000000bf07a00000)]
  0x0000024931d1a250 JavaThread "Unconstrained build operations Thread 58" [_thread_blocked, id=4152, stack(0x000000bf07a00000,0x000000bf07b00000)]
  0x0000024931d1d270 JavaThread "Unconstrained build operations Thread 59" [_thread_blocked, id=5212, stack(0x000000bf07b00000,0x000000bf07c00000)]
  0x0000024931d17700 JavaThread "Unconstrained build operations Thread 60" [_thread_blocked, id=7448, stack(0x000000bf07c00000,0x000000bf07d00000)]
  0x0000024931d1ba60 JavaThread "Unconstrained build operations Thread 61" [_thread_blocked, id=16524, stack(0x000000bf07d00000,0x000000bf07e00000)]
  0x0000024931d18570 JavaThread "Unconstrained build operations Thread 62" [_thread_blocked, id=980, stack(0x000000bf07e00000,0x000000bf07f00000)]
  0x0000024931d1abf0 JavaThread "Unconstrained build operations Thread 63" [_thread_blocked, id=9932, stack(0x000000bf07f00000,0x000000bf08000000)]
  0x0000024931d1d740 JavaThread "Unconstrained build operations Thread 64" [_thread_blocked, id=7192, stack(0x000000bf08000000,0x000000bf08100000)]
  0x0000024931d1c400 JavaThread "Unconstrained build operations Thread 65" [_thread_blocked, id=10160, stack(0x000000bf08100000,0x000000bf08200000)]
  0x0000024931d15ef0 JavaThread "Unconstrained build operations Thread 66" [_thread_blocked, id=16356, stack(0x000000bf08200000,0x000000bf08300000)]
  0x0000024931d1c8d0 JavaThread "Unconstrained build operations Thread 67" [_thread_blocked, id=4524, stack(0x000000bf08300000,0x000000bf08400000)]
  0x0000024931d17bd0 JavaThread "Unconstrained build operations Thread 68" [_thread_blocked, id=8748, stack(0x000000bf08400000,0x000000bf08500000)]
  0x0000024931d180a0 JavaThread "Unconstrained build operations Thread 69" [_thread_blocked, id=9332, stack(0x000000bf08500000,0x000000bf08600000)]
  0x0000024931d18a40 JavaThread "Unconstrained build operations Thread 70" [_thread_blocked, id=15204, stack(0x000000bf08600000,0x000000bf08700000)]
  0x0000024931d18f10 JavaThread "Unconstrained build operations Thread 71" [_thread_blocked, id=17736, stack(0x000000bf08700000,0x000000bf08800000)]
  0x0000024931d1b0c0 JavaThread "Unconstrained build operations Thread 72" [_thread_blocked, id=17924, stack(0x000000bf08800000,0x000000bf08900000)]
  0x0000024931d19d80 JavaThread "Unconstrained build operations Thread 73" [_thread_blocked, id=11704, stack(0x000000bf08900000,0x000000bf08a00000)]
  0x0000024931d193e0 JavaThread "Unconstrained build operations Thread 74" [_thread_blocked, id=3744, stack(0x000000bf08a00000,0x000000bf08b00000)]
  0x0000024932252230 JavaThread "Unconstrained build operations Thread 75" [_thread_blocked, id=10136, stack(0x000000bf08b00000,0x000000bf08c00000)]
  0x000002493224da00 JavaThread "Unconstrained build operations Thread 76" [_thread_blocked, id=11000, stack(0x000000bf08c00000,0x000000bf08d00000)]
  0x00000249322530a0 JavaThread "Unconstrained build operations Thread 77" [_thread_blocked, id=5568, stack(0x000000bf08d00000,0x000000bf08e00000)]
  0x0000024932253570 JavaThread "Unconstrained build operations Thread 78" [_thread_blocked, id=9756, stack(0x000000bf08e00000,0x000000bf08f00000)]
  0x000002493224c6c0 JavaThread "Unconstrained build operations Thread 79" [_thread_blocked, id=19188, stack(0x000000bf08f00000,0x000000bf09000000)]
  0x000002493224e3a0 JavaThread "Unconstrained build operations Thread 80" [_thread_blocked, id=11304, stack(0x000000bf09000000,0x000000bf09100000)]
  0x0000024932250550 JavaThread "jar transforms Thread 6" [_thread_blocked, id=10476, stack(0x000000bf09100000,0x000000bf09200000)]
  0x0000024932253a40 JavaThread "jar transforms Thread 7" [_thread_blocked, id=8596, stack(0x000000bf09200000,0x000000bf09300000)]
  0x000002493224cb90 JavaThread "jar transforms Thread 8" [_thread_blocked, id=19228, stack(0x000000bf09300000,0x000000bf09400000)]
  0x000002493224e870 JavaThread "build event listener" [_thread_blocked, id=6708, stack(0x000000bf09400000,0x000000bf09500000)]
  0x000002493224ed40 JavaThread "Memory manager" [_thread_blocked, id=19092, stack(0x000000bf09500000,0x000000bf09600000)]

Other Threads:
  0x000002492c103f40 VMThread "VM Thread" [stack: 0x000000bf00e00000,0x000000bf00f00000] [id=14912]
  0x000002491038f320 WatcherThread [stack: 0x000000bf01a00000,0x000000bf01b00000] [id=17492]
  0x0000024910368c30 GCTaskThread "GC Thread#0" [stack: 0x000000bf00900000,0x000000bf00a00000] [id=13624]
  0x000002492d1bf8a0 GCTaskThread "GC Thread#1" [stack: 0x000000bf01d00000,0x000000bf01e00000] [id=4448]
  0x000002492d1bfb50 GCTaskThread "GC Thread#2" [stack: 0x000000bf01e00000,0x000000bf01f00000] [id=2772]
  0x000002492d1bfe00 GCTaskThread "GC Thread#3" [stack: 0x000000bf01f00000,0x000000bf02000000] [id=15140]
  0x000002492e613490 GCTaskThread "GC Thread#4" [stack: 0x000000bf02000000,0x000000bf02100000] [id=10176]
  0x000002492f4ed4e0 GCTaskThread "GC Thread#5" [stack: 0x000000bf01c00000,0x000000bf01d00000] [id=17948]
  0x000002492e5e70a0 GCTaskThread "GC Thread#6" [stack: 0x000000bf02b00000,0x000000bf02c00000] [id=2704]
  0x000002492e5e7350 GCTaskThread "GC Thread#7" [stack: 0x000000bf02c00000,0x000000bf02d00000] [id=8640]
  0x0000024910379a80 ConcurrentGCThread "G1 Main Marker" [stack: 0x000000bf00a00000,0x000000bf00b00000] [id=13744]
  0x000002491037af60 ConcurrentGCThread "G1 Conc#0" [stack: 0x000000bf00b00000,0x000000bf00c00000] [id=19380]
  0x000002492e66c3d0 ConcurrentGCThread "G1 Conc#1" [stack: 0x000000bf02d00000,0x000000bf02e00000] [id=17472]
  0x00000249103cd7d0 ConcurrentGCThread "G1 Refine#0" [stack: 0x000000bf00c00000,0x000000bf00d00000] [id=10416]
  0x00000249103ce910 ConcurrentGCThread "G1 Service" [stack: 0x000000bf00d00000,0x000000bf00e00000] [id=17500]

Threads with active compile tasks:
C2 CompilerThread2     8353 6367       4       java.util.TreeMap::put (221 bytes)

VM state: not at safepoint (normal execution)

VM Mutex/Monitor currently owned by a thread: None

Heap address: 0x0000000080000000, size: 2048 MB, Compressed Oops mode: 32-bit

CDS archive(s) not mapped
Compressed class space mapped at: 0x0000000100000000-0x0000000140000000, reserved size: 1073741824
Narrow klass base: 0x0000000000000000, Narrow klass shift: 3, Narrow klass range: 0x140000000

GC Precious Log:
 CPUs: 8 total, 8 available
 Memory: 12285M
 Large Page Support: Disabled
 NUMA Support: Disabled
 Compressed Oops: Enabled (32-bit)
 Heap Region Size: 1M
 Heap Min Capacity: 8M
 Heap Initial Capacity: 192M
 Heap Max Capacity: 2G
 Pre-touch: Disabled
 Parallel Workers: 8
 Concurrent Workers: 2
 Concurrent Refinement Workers: 8
 Periodic GC: Disabled

Heap:
 garbage-first heap   total 204800K, used 79070K [0x0000000080000000, 0x0000000100000000)
  region size 1024K, 26 young (26624K), 4 survivors (4096K)
 Metaspace       used 64299K, committed 64768K, reserved 1105920K
  class space    used 8488K, committed 8704K, reserved 1048576K

Heap Regions: E=young(eden), S=young(survivor), O=old, HS=humongous(starts), HC=humongous(continues), CS=collection set, F=free, OA=open archive, CA=closed archive, TAMS=top-at-mark-start (previous, next)
|   0|0x0000000080000000, 0x0000000080100000, 0x0000000080100000|100%|HS|  |TAMS 0x0000000080100000, 0x0000000080100000| Complete 
|   1|0x0000000080100000, 0x0000000080200000, 0x0000000080200000|100%|HC|  |TAMS 0x0000000080200000, 0x0000000080200000| Complete 
|   2|0x0000000080200000, 0x0000000080300000, 0x0000000080300000|100%|HC|  |TAMS 0x0000000080300000, 0x0000000080300000| Complete 
|   3|0x0000000080300000, 0x0000000080400000, 0x0000000080400000|100%|HC|  |TAMS 0x0000000080400000, 0x0000000080400000| Complete 
|   4|0x0000000080400000, 0x0000000080500000, 0x0000000080500000|100%| O|  |TAMS 0x0000000080500000, 0x0000000080500000| Untracked 
|   5|0x0000000080500000, 0x0000000080600000, 0x0000000080600000|100%| O|  |TAMS 0x0000000080600000, 0x0000000080600000| Untracked 
|   6|0x0000000080600000, 0x0000000080700000, 0x0000000080700000|100%| O|  |TAMS 0x0000000080700000, 0x0000000080700000| Untracked 
|   7|0x0000000080700000, 0x0000000080800000, 0x0000000080800000|100%| O|  |TAMS 0x0000000080800000, 0x0000000080800000| Untracked 
|   8|0x0000000080800000, 0x0000000080900000, 0x0000000080900000|100%| O|  |TAMS 0x0000000080900000, 0x0000000080900000| Untracked 
|   9|0x0000000080900000, 0x0000000080a00000, 0x0000000080a00000|100%| O|  |TAMS 0x0000000080a00000, 0x0000000080a00000| Untracked 
|  10|0x0000000080a00000, 0x0000000080b00000, 0x0000000080b00000|100%| O|  |TAMS 0x0000000080b00000, 0x0000000080b00000| Untracked 
|  11|0x0000000080b00000, 0x0000000080c00000, 0x0000000080c00000|100%| O|  |TAMS 0x0000000080c00000, 0x0000000080c00000| Untracked 
|  12|0x0000000080c00000, 0x0000000080d00000, 0x0000000080d00000|100%| O|  |TAMS 0x0000000080d00000, 0x0000000080d00000| Untracked 
|  13|0x0000000080d00000, 0x0000000080e00000, 0x0000000080e00000|100%| O|  |TAMS 0x0000000080e00000, 0x0000000080e00000| Untracked 
|  14|0x0000000080e00000, 0x0000000080f00000, 0x0000000080f00000|100%| O|  |TAMS 0x0000000080f00000, 0x0000000080f00000| Untracked 
|  15|0x0000000080f00000, 0x0000000081000000, 0x0000000081000000|100%| O|  |TAMS 0x0000000081000000, 0x0000000081000000| Untracked 
|  16|0x0000000081000000, 0x0000000081100000, 0x0000000081100000|100%| O|  |TAMS 0x0000000081100000, 0x0000000081100000| Untracked 
|  17|0x0000000081100000, 0x0000000081200000, 0x0000000081200000|100%| O|  |TAMS 0x0000000081200000, 0x0000000081200000| Untracked 
|  18|0x0000000081200000, 0x0000000081300000, 0x0000000081300000|100%| O|  |TAMS 0x0000000081300000, 0x0000000081300000| Untracked 
|  19|0x0000000081300000, 0x0000000081400000, 0x0000000081400000|100%| O|  |TAMS 0x0000000081400000, 0x0000000081400000| Untracked 
|  20|0x0000000081400000, 0x0000000081500000, 0x0000000081500000|100%|HS|  |TAMS 0x0000000081500000, 0x0000000081500000| Complete 
|  21|0x0000000081500000, 0x0000000081600000, 0x0000000081600000|100%| O|  |TAMS 0x0000000081600000, 0x0000000081600000| Untracked 
|  22|0x0000000081600000, 0x0000000081700000, 0x0000000081700000|100%| O|  |TAMS 0x0000000081700000, 0x0000000081700000| Untracked 
|  23|0x0000000081700000, 0x0000000081800000, 0x0000000081800000|100%| O|  |TAMS 0x0000000081800000, 0x0000000081800000| Untracked 
|  24|0x0000000081800000, 0x0000000081900000, 0x0000000081900000|100%| O|  |TAMS 0x0000000081900000, 0x0000000081900000| Untracked 
|  25|0x0000000081900000, 0x0000000081a00000, 0x0000000081a00000|100%| O|  |TAMS 0x0000000081a00000, 0x0000000081a00000| Untracked 
|  26|0x0000000081a00000, 0x0000000081b00000, 0x0000000081b00000|100%| O|  |TAMS 0x0000000081b00000, 0x0000000081b00000| Untracked 
|  27|0x0000000081b00000, 0x0000000081c00000, 0x0000000081c00000|100%| O|  |TAMS 0x0000000081c00000, 0x0000000081c00000| Untracked 
|  28|0x0000000081c00000, 0x0000000081d00000, 0x0000000081d00000|100%| O|  |TAMS 0x0000000081d00000, 0x0000000081d00000| Untracked 
|  29|0x0000000081d00000, 0x0000000081e00000, 0x0000000081e00000|100%| O|  |TAMS 0x0000000081e00000, 0x0000000081e00000| Untracked 
|  30|0x0000000081e00000, 0x0000000081f00000, 0x0000000081f00000|100%| O|  |TAMS 0x0000000081f00000, 0x0000000081f00000| Untracked 
|  31|0x0000000081f00000, 0x0000000082000000, 0x0000000082000000|100%| O|  |TAMS 0x0000000082000000, 0x0000000082000000| Untracked 
|  32|0x0000000082000000, 0x0000000082100000, 0x0000000082100000|100%| O|  |TAMS 0x0000000082100000, 0x0000000082100000| Untracked 
|  33|0x0000000082100000, 0x0000000082200000, 0x0000000082200000|100%|HS|  |TAMS 0x0000000082200000, 0x0000000082200000| Complete 
|  34|0x0000000082200000, 0x0000000082300000, 0x0000000082300000|100%|HS|  |TAMS 0x0000000082300000, 0x0000000082300000| Complete 
|  35|0x0000000082300000, 0x0000000082400000, 0x0000000082400000|100%| O|  |TAMS 0x0000000082400000, 0x0000000082400000| Untracked 
|  36|0x0000000082400000, 0x0000000082500000, 0x0000000082500000|100%| O|  |TAMS 0x0000000082500000, 0x0000000082500000| Untracked 
|  37|0x0000000082500000, 0x0000000082600000, 0x0000000082600000|100%| O|  |TAMS 0x0000000082600000, 0x0000000082600000| Untracked 
|  38|0x0000000082600000, 0x0000000082700000, 0x0000000082700000|100%| O|  |TAMS 0x0000000082700000, 0x0000000082700000| Untracked 
|  39|0x0000000082700000, 0x0000000082800000, 0x0000000082800000|100%| O|  |TAMS 0x0000000082800000, 0x0000000082800000| Untracked 
|  40|0x0000000082800000, 0x0000000082900000, 0x0000000082900000|100%| O|  |TAMS 0x0000000082900000, 0x0000000082900000| Untracked 
|  41|0x0000000082900000, 0x0000000082a00000, 0x0000000082a00000|100%| O|  |TAMS 0x0000000082a00000, 0x0000000082a00000| Untracked 
|  42|0x0000000082a00000, 0x0000000082b00000, 0x0000000082b00000|100%| O|  |TAMS 0x0000000082b00000, 0x0000000082b00000| Untracked 
|  43|0x0000000082b00000, 0x0000000082c00000, 0x0000000082c00000|100%| O|  |TAMS 0x0000000082c00000, 0x0000000082c00000| Untracked 
|  44|0x0000000082c00000, 0x0000000082d00000, 0x0000000082d00000|100%| O|  |TAMS 0x0000000082cda000, 0x0000000082cda000| Untracked 
|  45|0x0000000082d00000, 0x0000000082e00000, 0x0000000082e00000|100%|HS|  |TAMS 0x0000000082d00000, 0x0000000082e00000| Complete 
|  46|0x0000000082e00000, 0x0000000082f00000, 0x0000000082f00000|100%| O|  |TAMS 0x0000000082e00000, 0x0000000082e00000| Untracked 
|  47|0x0000000082f00000, 0x0000000082f9ce00, 0x0000000083000000| 61%| O|  |TAMS 0x0000000082f00000, 0x0000000082f00000| Untracked 
|  48|0x0000000083000000, 0x0000000083100000, 0x0000000083100000|100%|HS|  |TAMS 0x0000000083000000, 0x0000000083000000| Complete 
|  49|0x0000000083100000, 0x0000000083200000, 0x0000000083200000|100%|HS|  |TAMS 0x0000000083100000, 0x0000000083100000| Complete 
|  50|0x0000000083200000, 0x0000000083300000, 0x0000000083300000|100%|HS|  |TAMS 0x0000000083200000, 0x0000000083200000| Complete 
|  51|0x0000000083300000, 0x0000000083400000, 0x0000000083400000|100%|HS|  |TAMS 0x0000000083300000, 0x0000000083300000| Complete 
|  52|0x0000000083400000, 0x0000000083500000, 0x0000000083500000|100%|HS|  |TAMS 0x0000000083400000, 0x0000000083400000| Complete 
|  53|0x0000000083500000, 0x0000000083500000, 0x0000000083600000|  0%| F|  |TAMS 0x0000000083500000, 0x0000000083500000| Untracked 
|  54|0x0000000083600000, 0x0000000083600000, 0x0000000083700000|  0%| F|  |TAMS 0x0000000083600000, 0x0000000083600000| Untracked 
|  55|0x0000000083700000, 0x0000000083700000, 0x0000000083800000|  0%| F|  |TAMS 0x0000000083700000, 0x0000000083700000| Untracked 
|  56|0x0000000083800000, 0x0000000083800000, 0x0000000083900000|  0%| F|  |TAMS 0x0000000083800000, 0x0000000083800000| Untracked 
|  57|0x0000000083900000, 0x0000000083900000, 0x0000000083a00000|  0%| F|  |TAMS 0x0000000083900000, 0x0000000083900000| Untracked 
|  58|0x0000000083a00000, 0x0000000083a00000, 0x0000000083b00000|  0%| F|  |TAMS 0x0000000083a00000, 0x0000000083a00000| Untracked 
|  59|0x0000000083b00000, 0x0000000083b00000, 0x0000000083c00000|  0%| F|  |TAMS 0x0000000083b00000, 0x0000000083b00000| Untracked 
|  60|0x0000000083c00000, 0x0000000083c00000, 0x0000000083d00000|  0%| F|  |TAMS 0x0000000083c00000, 0x0000000083c00000| Untracked 
|  61|0x0000000083d00000, 0x0000000083d00000, 0x0000000083e00000|  0%| F|  |TAMS 0x0000000083d00000, 0x0000000083d00000| Untracked 
|  62|0x0000000083e00000, 0x0000000083e00000, 0x0000000083f00000|  0%| F|  |TAMS 0x0000000083e00000, 0x0000000083e00000| Untracked 
|  63|0x0000000083f00000, 0x0000000083f00000, 0x0000000084000000|  0%| F|  |TAMS 0x0000000083f00000, 0x0000000083f00000| Untracked 
|  64|0x0000000084000000, 0x0000000084000000, 0x0000000084100000|  0%| F|  |TAMS 0x0000000084000000, 0x0000000084000000| Untracked 
|  65|0x0000000084100000, 0x0000000084100000, 0x0000000084200000|  0%| F|  |TAMS 0x0000000084100000, 0x0000000084100000| Untracked 
|  66|0x0000000084200000, 0x0000000084200000, 0x0000000084300000|  0%| F|  |TAMS 0x0000000084200000, 0x0000000084200000| Untracked 
|  67|0x0000000084300000, 0x0000000084300000, 0x0000000084400000|  0%| F|  |TAMS 0x0000000084300000, 0x0000000084300000| Untracked 
|  68|0x0000000084400000, 0x0000000084400000, 0x0000000084500000|  0%| F|  |TAMS 0x0000000084400000, 0x0000000084400000| Untracked 
|  69|0x0000000084500000, 0x0000000084500000, 0x0000000084600000|  0%| F|  |TAMS 0x0000000084500000, 0x0000000084500000| Untracked 
|  70|0x0000000084600000, 0x0000000084600000, 0x0000000084700000|  0%| F|  |TAMS 0x0000000084600000, 0x0000000084600000| Untracked 
|  71|0x0000000084700000, 0x0000000084700000, 0x0000000084800000|  0%| F|  |TAMS 0x0000000084700000, 0x0000000084700000| Untracked 
|  72|0x0000000084800000, 0x0000000084800000, 0x0000000084900000|  0%| F|  |TAMS 0x0000000084800000, 0x0000000084800000| Untracked 
|  73|0x0000000084900000, 0x0000000084900000, 0x0000000084a00000|  0%| F|  |TAMS 0x0000000084900000, 0x0000000084900000| Untracked 
|  74|0x0000000084a00000, 0x0000000084a00000, 0x0000000084b00000|  0%| F|  |TAMS 0x0000000084a00000, 0x0000000084a00000| Untracked 
|  75|0x0000000084b00000, 0x0000000084b00000, 0x0000000084c00000|  0%| F|  |TAMS 0x0000000084b00000, 0x0000000084b00000| Untracked 
|  76|0x0000000084c00000, 0x0000000084c00000, 0x0000000084d00000|  0%| F|  |TAMS 0x0000000084c00000, 0x0000000084c00000| Untracked 
|  77|0x0000000084d00000, 0x0000000084d00000, 0x0000000084e00000|  0%| F|  |TAMS 0x0000000084d00000, 0x0000000084d00000| Untracked 
|  78|0x0000000084e00000, 0x0000000084e00000, 0x0000000084f00000|  0%| F|  |TAMS 0x0000000084e00000, 0x0000000084e00000| Untracked 
|  79|0x0000000084f00000, 0x0000000084f00000, 0x0000000085000000|  0%| F|  |TAMS 0x0000000084f00000, 0x0000000084f00000| Untracked 
|  80|0x0000000085000000, 0x0000000085000000, 0x0000000085100000|  0%| F|  |TAMS 0x0000000085000000, 0x0000000085000000| Untracked 
|  81|0x0000000085100000, 0x0000000085100000, 0x0000000085200000|  0%| F|  |TAMS 0x0000000085100000, 0x0000000085100000| Untracked 
|  82|0x0000000085200000, 0x0000000085200000, 0x0000000085300000|  0%| F|  |TAMS 0x0000000085200000, 0x0000000085200000| Untracked 
|  83|0x0000000085300000, 0x0000000085300000, 0x0000000085400000|  0%| F|  |TAMS 0x0000000085300000, 0x0000000085300000| Untracked 
|  84|0x0000000085400000, 0x0000000085400000, 0x0000000085500000|  0%| F|  |TAMS 0x0000000085400000, 0x0000000085400000| Untracked 
|  85|0x0000000085500000, 0x0000000085500000, 0x0000000085600000|  0%| F|  |TAMS 0x0000000085500000, 0x0000000085500000| Untracked 
|  86|0x0000000085600000, 0x0000000085600000, 0x0000000085700000|  0%| F|  |TAMS 0x0000000085600000, 0x0000000085600000| Untracked 
|  87|0x0000000085700000, 0x0000000085700000, 0x0000000085800000|  0%| F|  |TAMS 0x0000000085700000, 0x0000000085700000| Untracked 
|  88|0x0000000085800000, 0x0000000085800000, 0x0000000085900000|  0%| F|  |TAMS 0x0000000085800000, 0x0000000085800000| Untracked 
|  89|0x0000000085900000, 0x0000000085900000, 0x0000000085a00000|  0%| F|  |TAMS 0x0000000085900000, 0x0000000085900000| Untracked 
|  90|0x0000000085a00000, 0x0000000085a00000, 0x0000000085b00000|  0%| F|  |TAMS 0x0000000085a00000, 0x0000000085a00000| Untracked 
|  91|0x0000000085b00000, 0x0000000085b00000, 0x0000000085c00000|  0%| F|  |TAMS 0x0000000085b00000, 0x0000000085b00000| Untracked 
|  92|0x0000000085c00000, 0x0000000085c00000, 0x0000000085d00000|  0%| F|  |TAMS 0x0000000085c00000, 0x0000000085c00000| Untracked 
|  93|0x0000000085d00000, 0x0000000085d00000, 0x0000000085e00000|  0%| F|  |TAMS 0x0000000085d00000, 0x0000000085d00000| Untracked 
|  94|0x0000000085e00000, 0x0000000085e00000, 0x0000000085f00000|  0%| F|  |TAMS 0x0000000085e00000, 0x0000000085e00000| Untracked 
|  95|0x0000000085f00000, 0x0000000085f00000, 0x0000000086000000|  0%| F|  |TAMS 0x0000000085f00000, 0x0000000085f00000| Untracked 
|  96|0x0000000086000000, 0x0000000086000000, 0x0000000086100000|  0%| F|  |TAMS 0x0000000086000000, 0x0000000086000000| Untracked 
|  97|0x0000000086100000, 0x0000000086100000, 0x0000000086200000|  0%| F|  |TAMS 0x0000000086100000, 0x0000000086100000| Untracked 
|  98|0x0000000086200000, 0x0000000086200000, 0x0000000086300000|  0%| F|  |TAMS 0x0000000086200000, 0x0000000086200000| Untracked 
|  99|0x0000000086300000, 0x0000000086300000, 0x0000000086400000|  0%| F|  |TAMS 0x0000000086300000, 0x0000000086300000| Untracked 
| 100|0x0000000086400000, 0x0000000086400000, 0x0000000086500000|  0%| F|  |TAMS 0x0000000086400000, 0x0000000086400000| Untracked 
| 101|0x0000000086500000, 0x0000000086500000, 0x0000000086600000|  0%| F|  |TAMS 0x0000000086500000, 0x0000000086500000| Untracked 
| 102|0x0000000086600000, 0x0000000086600000, 0x0000000086700000|  0%| F|  |TAMS 0x0000000086600000, 0x0000000086600000| Untracked 
| 103|0x0000000086700000, 0x0000000086700000, 0x0000000086800000|  0%| F|  |TAMS 0x0000000086700000, 0x0000000086700000| Untracked 
| 104|0x0000000086800000, 0x0000000086800000, 0x0000000086900000|  0%| F|  |TAMS 0x0000000086800000, 0x0000000086800000| Untracked 
| 105|0x0000000086900000, 0x0000000086900000, 0x0000000086a00000|  0%| F|  |TAMS 0x0000000086900000, 0x0000000086900000| Untracked 
| 106|0x0000000086a00000, 0x0000000086a00000, 0x0000000086b00000|  0%| F|  |TAMS 0x0000000086a00000, 0x0000000086a00000| Untracked 
| 107|0x0000000086b00000, 0x0000000086b00000, 0x0000000086c00000|  0%| F|  |TAMS 0x0000000086b00000, 0x0000000086b00000| Untracked 
| 108|0x0000000086c00000, 0x0000000086c00000, 0x0000000086d00000|  0%| F|  |TAMS 0x0000000086c00000, 0x0000000086c00000| Untracked 
| 109|0x0000000086d00000, 0x0000000086d00000, 0x0000000086e00000|  0%| F|  |TAMS 0x0000000086d00000, 0x0000000086d00000| Untracked 
| 110|0x0000000086e00000, 0x0000000086e00000, 0x0000000086f00000|  0%| F|  |TAMS 0x0000000086e00000, 0x0000000086e00000| Untracked 
| 111|0x0000000086f00000, 0x0000000086f00000, 0x0000000087000000|  0%| F|  |TAMS 0x0000000086f00000, 0x0000000086f00000| Untracked 
| 112|0x0000000087000000, 0x0000000087000000, 0x0000000087100000|  0%| F|  |TAMS 0x0000000087000000, 0x0000000087000000| Untracked 
| 113|0x0000000087100000, 0x0000000087100000, 0x0000000087200000|  0%| F|  |TAMS 0x0000000087100000, 0x0000000087100000| Untracked 
| 114|0x0000000087200000, 0x0000000087200000, 0x0000000087300000|  0%| F|  |TAMS 0x0000000087200000, 0x0000000087200000| Untracked 
| 115|0x0000000087300000, 0x0000000087300000, 0x0000000087400000|  0%| F|  |TAMS 0x0000000087300000, 0x0000000087300000| Untracked 
| 116|0x0000000087400000, 0x0000000087400000, 0x0000000087500000|  0%| F|  |TAMS 0x0000000087400000, 0x0000000087400000| Untracked 
| 117|0x0000000087500000, 0x0000000087500000, 0x0000000087600000|  0%| F|  |TAMS 0x0000000087500000, 0x0000000087500000| Untracked 
| 118|0x0000000087600000, 0x0000000087600000, 0x0000000087700000|  0%| F|  |TAMS 0x0000000087600000, 0x0000000087600000| Untracked 
| 119|0x0000000087700000, 0x0000000087700000, 0x0000000087800000|  0%| F|  |TAMS 0x0000000087700000, 0x0000000087700000| Untracked 
| 120|0x0000000087800000, 0x0000000087800000, 0x0000000087900000|  0%| F|  |TAMS 0x0000000087800000, 0x0000000087800000| Untracked 
| 121|0x0000000087900000, 0x0000000087900000, 0x0000000087a00000|  0%| F|  |TAMS 0x0000000087900000, 0x0000000087900000| Untracked 
| 122|0x0000000087a00000, 0x0000000087a00000, 0x0000000087b00000|  0%| F|  |TAMS 0x0000000087a00000, 0x0000000087a00000| Untracked 
| 123|0x0000000087b00000, 0x0000000087b00000, 0x0000000087c00000|  0%| F|  |TAMS 0x0000000087b00000, 0x0000000087b00000| Untracked 
| 124|0x0000000087c00000, 0x0000000087c00000, 0x0000000087d00000|  0%| F|  |TAMS 0x0000000087c00000, 0x0000000087c00000| Untracked 
| 125|0x0000000087d00000, 0x0000000087d00000, 0x0000000087e00000|  0%| F|  |TAMS 0x0000000087d00000, 0x0000000087d00000| Untracked 
| 126|0x0000000087e00000, 0x0000000087e00000, 0x0000000087f00000|  0%| F|  |TAMS 0x0000000087e00000, 0x0000000087e00000| Untracked 
| 127|0x0000000087f00000, 0x0000000087f00000, 0x0000000088000000|  0%| F|  |TAMS 0x0000000087f00000, 0x0000000087f00000| Untracked 
| 128|0x0000000088000000, 0x0000000088000000, 0x0000000088100000|  0%| F|  |TAMS 0x0000000088000000, 0x0000000088000000| Untracked 
| 129|0x0000000088100000, 0x0000000088100000, 0x0000000088200000|  0%| F|  |TAMS 0x0000000088100000, 0x0000000088100000| Untracked 
| 130|0x0000000088200000, 0x0000000088200000, 0x0000000088300000|  0%| F|  |TAMS 0x0000000088200000, 0x0000000088200000| Untracked 
| 131|0x0000000088300000, 0x0000000088300000, 0x0000000088400000|  0%| F|  |TAMS 0x0000000088300000, 0x0000000088300000| Untracked 
| 132|0x0000000088400000, 0x0000000088400000, 0x0000000088500000|  0%| F|  |TAMS 0x0000000088400000, 0x0000000088400000| Untracked 
| 133|0x0000000088500000, 0x0000000088500000, 0x0000000088600000|  0%| F|  |TAMS 0x0000000088500000, 0x0000000088500000| Untracked 
| 134|0x0000000088600000, 0x0000000088600000, 0x0000000088700000|  0%| F|  |TAMS 0x0000000088600000, 0x0000000088600000| Untracked 
| 135|0x0000000088700000, 0x0000000088700000, 0x0000000088800000|  0%| F|  |TAMS 0x0000000088700000, 0x0000000088700000| Untracked 
| 136|0x0000000088800000, 0x0000000088800000, 0x0000000088900000|  0%| F|  |TAMS 0x0000000088800000, 0x0000000088800000| Untracked 
| 137|0x0000000088900000, 0x0000000088900000, 0x0000000088a00000|  0%| F|  |TAMS 0x0000000088900000, 0x0000000088900000| Untracked 
| 138|0x0000000088a00000, 0x0000000088a00000, 0x0000000088b00000|  0%| F|  |TAMS 0x0000000088a00000, 0x0000000088a00000| Untracked 
| 139|0x0000000088b00000, 0x0000000088b00000, 0x0000000088c00000|  0%| F|  |TAMS 0x0000000088b00000, 0x0000000088b00000| Untracked 
| 140|0x0000000088c00000, 0x0000000088c00000, 0x0000000088d00000|  0%| F|  |TAMS 0x0000000088c00000, 0x0000000088c00000| Untracked 
| 141|0x0000000088d00000, 0x0000000088d00000, 0x0000000088e00000|  0%| F|  |TAMS 0x0000000088d00000, 0x0000000088d00000| Untracked 
| 142|0x0000000088e00000, 0x0000000088e00000, 0x0000000088f00000|  0%| F|  |TAMS 0x0000000088e00000, 0x0000000088e00000| Untracked 
| 143|0x0000000088f00000, 0x0000000088f00000, 0x0000000089000000|  0%| F|  |TAMS 0x0000000088f00000, 0x0000000088f00000| Untracked 
| 144|0x0000000089000000, 0x000000008909ac68, 0x0000000089100000| 60%| S|CS|TAMS 0x0000000089000000, 0x0000000089000000| Complete 
| 145|0x0000000089100000, 0x0000000089200000, 0x0000000089200000|100%| S|CS|TAMS 0x0000000089100000, 0x0000000089100000| Complete 
| 146|0x0000000089200000, 0x0000000089300000, 0x0000000089300000|100%| S|CS|TAMS 0x0000000089200000, 0x0000000089200000| Complete 
| 147|0x0000000089300000, 0x0000000089400000, 0x0000000089400000|100%| S|CS|TAMS 0x0000000089300000, 0x0000000089300000| Complete 
| 148|0x0000000089400000, 0x0000000089400000, 0x0000000089500000|  0%| F|  |TAMS 0x0000000089400000, 0x0000000089400000| Untracked 
| 149|0x0000000089500000, 0x0000000089500000, 0x0000000089600000|  0%| F|  |TAMS 0x0000000089500000, 0x0000000089500000| Untracked 
| 150|0x0000000089600000, 0x0000000089600000, 0x0000000089700000|  0%| F|  |TAMS 0x0000000089600000, 0x0000000089600000| Untracked 
| 151|0x0000000089700000, 0x0000000089700000, 0x0000000089800000|  0%| F|  |TAMS 0x0000000089700000, 0x0000000089700000| Untracked 
| 152|0x0000000089800000, 0x0000000089800000, 0x0000000089900000|  0%| F|  |TAMS 0x0000000089800000, 0x0000000089800000| Untracked 
| 153|0x0000000089900000, 0x0000000089900000, 0x0000000089a00000|  0%| F|  |TAMS 0x0000000089900000, 0x0000000089900000| Untracked 
| 154|0x0000000089a00000, 0x0000000089a00000, 0x0000000089b00000|  0%| F|  |TAMS 0x0000000089a00000, 0x0000000089a00000| Untracked 
| 155|0x0000000089b00000, 0x0000000089b00000, 0x0000000089c00000|  0%| F|  |TAMS 0x0000000089b00000, 0x0000000089b00000| Untracked 
| 156|0x0000000089c00000, 0x0000000089c00000, 0x0000000089d00000|  0%| F|  |TAMS 0x0000000089c00000, 0x0000000089c00000| Untracked 
| 157|0x0000000089d00000, 0x0000000089d00000, 0x0000000089e00000|  0%| F|  |TAMS 0x0000000089d00000, 0x0000000089d00000| Untracked 
| 158|0x0000000089e00000, 0x0000000089e00000, 0x0000000089f00000|  0%| F|  |TAMS 0x0000000089e00000, 0x0000000089e00000| Untracked 
| 159|0x0000000089f00000, 0x0000000089f00000, 0x000000008a000000|  0%| F|  |TAMS 0x0000000089f00000, 0x0000000089f00000| Untracked 
| 160|0x000000008a000000, 0x000000008a000000, 0x000000008a100000|  0%| F|  |TAMS 0x000000008a000000, 0x000000008a000000| Untracked 
| 161|0x000000008a100000, 0x000000008a100000, 0x000000008a200000|  0%| F|  |TAMS 0x000000008a100000, 0x000000008a100000| Untracked 
| 162|0x000000008a200000, 0x000000008a200000, 0x000000008a300000|  0%| F|  |TAMS 0x000000008a200000, 0x000000008a200000| Untracked 
| 163|0x000000008a300000, 0x000000008a300000, 0x000000008a400000|  0%| F|  |TAMS 0x000000008a300000, 0x000000008a300000| Untracked 
| 164|0x000000008a400000, 0x000000008a400000, 0x000000008a500000|  0%| F|  |TAMS 0x000000008a400000, 0x000000008a400000| Untracked 
| 165|0x000000008a500000, 0x000000008a500000, 0x000000008a600000|  0%| F|  |TAMS 0x000000008a500000, 0x000000008a500000| Untracked 
| 166|0x000000008a600000, 0x000000008a600000, 0x000000008a700000|  0%| F|  |TAMS 0x000000008a600000, 0x000000008a600000| Untracked 
| 167|0x000000008a700000, 0x000000008a700000, 0x000000008a800000|  0%| F|  |TAMS 0x000000008a700000, 0x000000008a700000| Untracked 
| 168|0x000000008a800000, 0x000000008a800000, 0x000000008a900000|  0%| F|  |TAMS 0x000000008a800000, 0x000000008a800000| Untracked 
| 169|0x000000008a900000, 0x000000008a900000, 0x000000008aa00000|  0%| F|  |TAMS 0x000000008a900000, 0x000000008a900000| Untracked 
| 170|0x000000008aa00000, 0x000000008aa00000, 0x000000008ab00000|  0%| F|  |TAMS 0x000000008aa00000, 0x000000008aa00000| Untracked 
| 171|0x000000008ab00000, 0x000000008ab00000, 0x000000008ac00000|  0%| F|  |TAMS 0x000000008ab00000, 0x000000008ab00000| Untracked 
| 172|0x000000008ac00000, 0x000000008ac00000, 0x000000008ad00000|  0%| F|  |TAMS 0x000000008ac00000, 0x000000008ac00000| Untracked 
| 173|0x000000008ad00000, 0x000000008ad00000, 0x000000008ae00000|  0%| F|  |TAMS 0x000000008ad00000, 0x000000008ad00000| Untracked 
| 174|0x000000008ae00000, 0x000000008ae00000, 0x000000008af00000|  0%| F|  |TAMS 0x000000008ae00000, 0x000000008ae00000| Untracked 
| 175|0x000000008af00000, 0x000000008af00000, 0x000000008b000000|  0%| F|  |TAMS 0x000000008af00000, 0x000000008af00000| Untracked 
| 176|0x000000008b000000, 0x000000008b000000, 0x000000008b100000|  0%| F|  |TAMS 0x000000008b000000, 0x000000008b000000| Untracked 
| 177|0x000000008b100000, 0x000000008b180800, 0x000000008b200000| 50%| E|  |TAMS 0x000000008b100000, 0x000000008b100000| Complete 
| 178|0x000000008b200000, 0x000000008b300000, 0x000000008b300000|100%| E|CS|TAMS 0x000000008b200000, 0x000000008b200000| Complete 
| 179|0x000000008b300000, 0x000000008b400000, 0x000000008b400000|100%| E|CS|TAMS 0x000000008b300000, 0x000000008b300000| Complete 
| 180|0x000000008b400000, 0x000000008b500000, 0x000000008b500000|100%| E|CS|TAMS 0x000000008b400000, 0x000000008b400000| Complete 
| 181|0x000000008b500000, 0x000000008b600000, 0x000000008b600000|100%| E|CS|TAMS 0x000000008b500000, 0x000000008b500000| Complete 
| 182|0x000000008b600000, 0x000000008b700000, 0x000000008b700000|100%| E|CS|TAMS 0x000000008b600000, 0x000000008b600000| Complete 
| 183|0x000000008b700000, 0x000000008b800000, 0x000000008b800000|100%| E|CS|TAMS 0x000000008b700000, 0x000000008b700000| Complete 
| 184|0x000000008b800000, 0x000000008b900000, 0x000000008b900000|100%| E|CS|TAMS 0x000000008b800000, 0x000000008b800000| Complete 
| 185|0x000000008b900000, 0x000000008ba00000, 0x000000008ba00000|100%| E|CS|TAMS 0x000000008b900000, 0x000000008b900000| Complete 
| 186|0x000000008ba00000, 0x000000008bb00000, 0x000000008bb00000|100%| E|CS|TAMS 0x000000008ba00000, 0x000000008ba00000| Complete 
| 187|0x000000008bb00000, 0x000000008bc00000, 0x000000008bc00000|100%| E|CS|TAMS 0x000000008bb00000, 0x000000008bb00000| Complete 
| 188|0x000000008bc00000, 0x000000008bd00000, 0x000000008bd00000|100%| E|CS|TAMS 0x000000008bc00000, 0x000000008bc00000| Complete 
| 189|0x000000008bd00000, 0x000000008be00000, 0x000000008be00000|100%| E|CS|TAMS 0x000000008bd00000, 0x000000008bd00000| Complete 
| 190|0x000000008be00000, 0x000000008bf00000, 0x000000008bf00000|100%| E|CS|TAMS 0x000000008be00000, 0x000000008be00000| Complete 
| 191|0x000000008bf00000, 0x000000008c000000, 0x000000008c000000|100%| E|CS|TAMS 0x000000008bf00000, 0x000000008bf00000| Complete 
| 192|0x000000008c000000, 0x000000008c100000, 0x000000008c100000|100%| E|CS|TAMS 0x000000008c000000, 0x000000008c000000| Complete 
| 193|0x000000008c100000, 0x000000008c200000, 0x000000008c200000|100%| E|CS|TAMS 0x000000008c100000, 0x000000008c100000| Complete 
| 194|0x000000008c200000, 0x000000008c300000, 0x000000008c300000|100%| E|CS|TAMS 0x000000008c200000, 0x000000008c200000| Complete 
| 195|0x000000008c300000, 0x000000008c400000, 0x000000008c400000|100%| E|CS|TAMS 0x000000008c300000, 0x000000008c300000| Complete 
| 196|0x000000008c400000, 0x000000008c500000, 0x000000008c500000|100%| E|CS|TAMS 0x000000008c400000, 0x000000008c400000| Complete 
| 197|0x000000008c500000, 0x000000008c600000, 0x000000008c600000|100%| E|CS|TAMS 0x000000008c500000, 0x000000008c500000| Complete 
| 198|0x000000008c600000, 0x000000008c700000, 0x000000008c700000|100%| E|CS|TAMS 0x000000008c600000, 0x000000008c600000| Complete 
| 199|0x000000008c700000, 0x000000008c800000, 0x000000008c800000|100%| E|CS|TAMS 0x000000008c700000, 0x000000008c700000| Complete 

Card table byte_map: [0x0000024924e40000,0x0000024925240000] _byte_map_base: 0x0000024924a40000

Marking Bits (Prev, Next): (CMBitMap*) 0x0000024910369190, (CMBitMap*) 0x0000024910369150
 Prev Bits: [0x0000024927640000, 0x0000024929640000)
 Next Bits: [0x0000024925640000, 0x0000024927640000)

Polling page: 0x00000249103d0000

Metaspace:

Usage:
  Non-class:     54.59 MB used.
      Class:      8.30 MB used.
       Both:     62.89 MB used.

Virtual space:
  Non-class space:       56.00 MB reserved,      54.81 MB ( 98%) committed,  7 nodes.
      Class space:        1.00 GB reserved,       8.50 MB ( <1%) committed,  1 nodes.
             Both:        1.05 GB reserved,      63.31 MB (  6%) committed. 

Chunk freelists:
   Non-Class:  1.19 MB
       Class:  3.39 MB
        Both:  4.58 MB

MaxMetaspaceSize: unlimited
CompressedClassSpaceSize: 1.00 GB
Initial GC threshold: 21.00 MB
Current GC threshold: 99.06 MB
CDS: off
MetaspaceReclaimPolicy: balanced
 - commit_granule_bytes: 65536.
 - commit_granule_words: 8192.
 - virtual_space_node_default_size: 1048576.
 - enlarge_chunks_in_place: 1.
 - new_chunks_are_fully_committed: 0.
 - uncommit_free_chunks: 1.
 - use_allocation_guard: 0.
 - handle_deallocations: 1.


Internal statistics:

num_allocs_failed_limit: 12.
num_arena_births: 606.
num_arena_deaths: 0.
num_vsnodes_births: 8.
num_vsnodes_deaths: 0.
num_space_committed: 1013.
num_space_uncommitted: 0.
num_chunks_returned_to_freelist: 12.
num_chunks_taken_from_freelist: 2674.
num_chunk_merges: 6.
num_chunk_splits: 1807.
num_chunks_enlarged: 1232.
num_purges: 0.
num_inconsistent_stats: 0.

CodeHeap 'non-profiled nmethods': size=120000Kb used=3106Kb max_used=3372Kb free=116893Kb
 bounds [0x000002491ca80000, 0x000002491cdd0000, 0x0000024923fb0000]
CodeHeap 'profiled nmethods': size=120000Kb used=10774Kb max_used=11601Kb free=109226Kb
 bounds [0x0000024914fb0000, 0x0000024915b10000, 0x000002491c4e0000]
CodeHeap 'non-nmethods': size=5760Kb used=2345Kb max_used=2397Kb free=3414Kb
 bounds [0x000002491c4e0000, 0x000002491c750000, 0x000002491ca80000]
 total_blobs=6433 nmethods=5564 adapters=781
 compilation: enabled
              stopped_count=0, restarted_count=0
 full_count=0

Compilation events (20 events):
Event: 8.299 Thread 0x000002492cc769c0 6398       1       org.objectweb.asm.commons.Method::getDescriptor (5 bytes)
Event: 8.299 Thread 0x000002492cc769c0 nmethod 6398 0x000002491caca390 code [0x000002491caca520, 0x000002491caca5f8]
Event: 8.299 Thread 0x000002492cc769c0 6399       1       com.android.build.gradle.internal.dsl.decorator.DslDecorator$ManagedProperty::getSupportedPropertyType (5 bytes)
Event: 8.299 Thread 0x000002492cc769c0 nmethod 6399 0x000002491caca090 code [0x000002491caca220, 0x000002491caca2f8]
Event: 8.302 Thread 0x000002492cc769c0 6400       3       org.objectweb.asm.Frame::execute (2318 bytes)
Event: 8.308 Thread 0x000002492cc769c0 nmethod 6400 0x0000024915b04790 code [0x0000024915b056c0, 0x0000024915b0c1f8]
Event: 8.308 Thread 0x000002492cc769c0 6401       3       org.objectweb.asm.SymbolTable::put (150 bytes)
Event: 8.309 Thread 0x000002492cc769c0 nmethod 6401 0x0000024915174e90 code [0x0000024915175080, 0x00000249151758d8]
Event: 8.309 Thread 0x000002492cc769c0 6403       3       org.objectweb.asm.SymbolTable$Entry::<init> (17 bytes)
Event: 8.309 Thread 0x000002492cc769c0 nmethod 6403 0x0000024915174a90 code [0x0000024915174c40, 0x0000024915174dc8]
Event: 8.309 Thread 0x000002492cc769c0 6402       1       org.objectweb.asm.SymbolTable::getMajorVersion (5 bytes)
Event: 8.309 Thread 0x000002492cc769c0 nmethod 6402 0x000002491cac9d90 code [0x000002491cac9f20, 0x000002491cac9ff8]
Event: 8.314 Thread 0x000002492cc75920 nmethod 6394 0x000002491cac9010 code [0x000002491cac91e0, 0x000002491cac98e8]
Event: 8.314 Thread 0x000002492cc75920 6389       4       java.util.regex.Pattern$Start::match (90 bytes)
Event: 8.314 Thread 0x000002492cc769c0 6404       3       org.objectweb.asm.Type::getArgumentTypes (154 bytes)
Event: 8.318 Thread 0x000002492cc769c0 nmethod 6404 0x00000249150ecf10 code [0x00000249150ed3e0, 0x00000249150efe48]
Event: 8.318 Thread 0x000002492cc769c0 6405       3       org.objectweb.asm.Type::getInternalName (16 bytes)
Event: 8.318 Thread 0x000002492cc769c0 nmethod 6405 0x0000024915174690 code [0x0000024915174840, 0x0000024915174988]
Event: 8.318 Thread 0x000002492cc769c0 6406       3       org.objectweb.asm.Frame::getInitializedType (153 bytes)
Event: 8.318 Thread 0x000002492cc769c0 nmethod 6406 0x000002491527f890 code [0x000002491527fa80, 0x000002491527fff8]

GC Heap History (20 events):
Event: 4.244 GC heap before
{Heap before GC invocations=8 (full 0):
 garbage-first heap   total 65536K, used 30737K [0x0000000080000000, 0x0000000100000000)
  region size 1024K, 12 young (12288K), 3 survivors (3072K)
 Metaspace       used 35648K, committed 35968K, reserved 1081344K
  class space    used 4880K, committed 5056K, reserved 1048576K
}
Event: 4.248 GC heap after
{Heap after GC invocations=9 (full 0):
 garbage-first heap   total 65536K, used 23886K [0x0000000080000000, 0x0000000100000000)
  region size 1024K, 3 young (3072K), 3 survivors (3072K)
 Metaspace       used 35648K, committed 35968K, reserved 1081344K
  class space    used 4880K, committed 5056K, reserved 1048576K
}
Event: 4.681 GC heap before
{Heap before GC invocations=10 (full 0):
 garbage-first heap   total 65536K, used 46414K [0x0000000080000000, 0x0000000100000000)
  region size 1024K, 26 young (26624K), 3 survivors (3072K)
 Metaspace       used 40370K, committed 40704K, reserved 1089536K
  class space    used 5359K, committed 5504K, reserved 1048576K
}
Event: 4.687 GC heap after
{Heap after GC invocations=11 (full 0):
 garbage-first heap   total 65536K, used 27210K [0x0000000080000000, 0x0000000100000000)
  region size 1024K, 4 young (4096K), 4 survivors (4096K)
 Metaspace       used 40370K, committed 40704K, reserved 1089536K
  class space    used 5359K, committed 5504K, reserved 1048576K
}
Event: 4.693 GC heap before
{Heap before GC invocations=11 (full 0):
 garbage-first heap   total 65536K, used 28234K [0x0000000080000000, 0x0000000100000000)
  region size 1024K, 5 young (5120K), 4 survivors (4096K)
 Metaspace       used 40370K, committed 40704K, reserved 1089536K
  class space    used 5359K, committed 5504K, reserved 1048576K
}
Event: 4.698 GC heap after
{Heap after GC invocations=12 (full 0):
 garbage-first heap   total 102400K, used 27830K [0x0000000080000000, 0x0000000100000000)
  region size 1024K, 1 young (1024K), 1 survivors (1024K)
 Metaspace       used 40370K, committed 40704K, reserved 1089536K
  class space    used 5359K, committed 5504K, reserved 1048576K
}
Event: 5.422 GC heap before
{Heap before GC invocations=12 (full 0):
 garbage-first heap   total 102400K, used 76982K [0x0000000080000000, 0x0000000100000000)
  region size 1024K, 46 young (47104K), 1 survivors (1024K)
 Metaspace       used 44502K, committed 44928K, reserved 1089536K
  class space    used 5880K, committed 6080K, reserved 1048576K
}
Event: 5.429 GC heap after
{Heap after GC invocations=13 (full 0):
 garbage-first heap   total 102400K, used 32190K [0x0000000080000000, 0x0000000100000000)
  region size 1024K, 6 young (6144K), 6 survivors (6144K)
 Metaspace       used 44502K, committed 44928K, reserved 1089536K
  class space    used 5880K, committed 6080K, reserved 1048576K
}
Event: 6.155 GC heap before
{Heap before GC invocations=13 (full 0):
 garbage-first heap   total 102400K, used 75198K [0x0000000080000000, 0x0000000100000000)
  region size 1024K, 47 young (48128K), 6 survivors (6144K)
 Metaspace       used 50650K, committed 51072K, reserved 1097728K
  class space    used 6724K, committed 6912K, reserved 1048576K
}
Event: 6.162 GC heap after
{Heap after GC invocations=14 (full 0):
 garbage-first heap   total 102400K, used 34423K [0x0000000080000000, 0x0000000100000000)
  region size 1024K, 3 young (3072K), 3 survivors (3072K)
 Metaspace       used 50650K, committed 51072K, reserved 1097728K
  class space    used 6724K, committed 6912K, reserved 1048576K
}
Event: 6.770 GC heap before
{Heap before GC invocations=14 (full 0):
 garbage-first heap   total 102400K, used 79479K [0x0000000080000000, 0x0000000100000000)
  region size 1024K, 44 young (45056K), 3 survivors (3072K)
 Metaspace       used 51949K, committed 52416K, reserved 1097728K
  class space    used 6858K, committed 7040K, reserved 1048576K
}
Event: 6.777 GC heap after
{Heap after GC invocations=15 (full 0):
 garbage-first heap   total 102400K, used 45832K [0x0000000080000000, 0x0000000100000000)
  region size 1024K, 6 young (6144K), 6 survivors (6144K)
 Metaspace       used 51949K, committed 52416K, reserved 1097728K
  class space    used 6858K, committed 7040K, reserved 1048576K
}
Event: 7.302 GC heap before
{Heap before GC invocations=15 (full 0):
 garbage-first heap   total 102400K, used 77576K [0x0000000080000000, 0x0000000100000000)
  region size 1024K, 37 young (37888K), 6 survivors (6144K)
 Metaspace       used 56686K, committed 57216K, reserved 1105920K
  class space    used 7455K, committed 7680K, reserved 1048576K
}
Event: 7.307 GC heap after
{Heap after GC invocations=16 (full 0):
 garbage-first heap   total 102400K, used 47248K [0x0000000080000000, 0x0000000100000000)
  region size 1024K, 2 young (2048K), 2 survivors (2048K)
 Metaspace       used 56686K, committed 57216K, reserved 1105920K
  class space    used 7455K, committed 7680K, reserved 1048576K
}
Event: 7.706 GC heap before
{Heap before GC invocations=16 (full 0):
 garbage-first heap   total 102400K, used 66704K [0x0000000080000000, 0x0000000100000000)
  region size 1024K, 22 young (22528K), 2 survivors (2048K)
 Metaspace       used 59797K, committed 60288K, reserved 1105920K
  class space    used 7897K, committed 8128K, reserved 1048576K
}
Event: 7.710 GC heap after
{Heap after GC invocations=17 (full 0):
 garbage-first heap   total 102400K, used 47921K [0x0000000080000000, 0x0000000100000000)
  region size 1024K, 2 young (2048K), 2 survivors (2048K)
 Metaspace       used 59797K, committed 60288K, reserved 1105920K
  class space    used 7897K, committed 8128K, reserved 1048576K
}
Event: 8.029 GC heap before
{Heap before GC invocations=18 (full 0):
 garbage-first heap   total 102400K, used 61233K [0x0000000080000000, 0x0000000100000000)
  region size 1024K, 16 young (16384K), 2 survivors (2048K)
 Metaspace       used 62705K, committed 63232K, reserved 1105920K
  class space    used 8281K, committed 8512K, reserved 1048576K
}
Event: 8.034 GC heap after
{Heap after GC invocations=19 (full 0):
 garbage-first heap   total 102400K, used 49701K [0x0000000080000000, 0x0000000100000000)
  region size 1024K, 4 young (4096K), 4 survivors (4096K)
 Metaspace       used 62705K, committed 63232K, reserved 1105920K
  class space    used 8281K, committed 8512K, reserved 1048576K
}
Event: 8.044 GC heap before
{Heap before GC invocations=19 (full 0):
 garbage-first heap   total 102400K, used 53797K [0x0000000080000000, 0x0000000100000000)
  region size 1024K, 8 young (8192K), 4 survivors (4096K)
 Metaspace       used 62705K, committed 63232K, reserved 1105920K
  class space    used 8281K, committed 8512K, reserved 1048576K
}
Event: 8.050 GC heap after
{Heap after GC invocations=20 (full 0):
 garbage-first heap   total 204800K, used 52446K [0x0000000080000000, 0x0000000100000000)
  region size 1024K, 4 young (4096K), 4 survivors (4096K)
 Metaspace       used 62705K, committed 63232K, reserved 1105920K
  class space    used 8281K, committed 8512K, reserved 1048576K
}

Dll operation events (2 events):
Event: 0.007 Loaded shared library C:\Program Files\Android\Android Studio\jbr\bin\java.dll
Event: 0.519 Loaded shared library C:\Program Files\Android\Android Studio\jbr\bin\verify.dll

Deoptimization events (20 events):
Event: 8.120 Thread 0x000002492da14c30 DEOPT PACKING pc=0x00000249153692e6 sp=0x000000bf027f22e0
Event: 8.120 Thread 0x000002492da14c30 DEOPT UNPACKING pc=0x000002491c537143 sp=0x000000bf027f1760 mode 0
Event: 8.122 Thread 0x000002492da14c30 DEOPT PACKING pc=0x00000249153692e6 sp=0x000000bf027f22e0
Event: 8.122 Thread 0x000002492da14c30 DEOPT UNPACKING pc=0x000002491c537143 sp=0x000000bf027f1760 mode 0
Event: 8.123 Thread 0x000002492da14c30 DEOPT PACKING pc=0x00000249153692e6 sp=0x000000bf027f22e0
Event: 8.123 Thread 0x000002492da14c30 DEOPT UNPACKING pc=0x000002491c537143 sp=0x000000bf027f1760 mode 0
Event: 8.125 Thread 0x000002492da14c30 DEOPT PACKING pc=0x00000249153692e6 sp=0x000000bf027f22e0
Event: 8.125 Thread 0x000002492da14c30 DEOPT UNPACKING pc=0x000002491c537143 sp=0x000000bf027f1760 mode 0
Event: 8.126 Thread 0x000002492da14c30 DEOPT PACKING pc=0x00000249153692e6 sp=0x000000bf027f22e0
Event: 8.126 Thread 0x000002492da14c30 DEOPT UNPACKING pc=0x000002491c537143 sp=0x000000bf027f1760 mode 0
Event: 8.136 Thread 0x000002492da14c30 Uncommon trap: trap_request=0xffffff45 fr.pc=0x000002491cc90714 relative=0x00000000000001f4
Event: 8.136 Thread 0x000002492da14c30 Uncommon trap: reason=unstable_if action=reinterpret pc=0x000002491cc90714 method=java.util.jar.JarFile.maybeInstantiateVerifier()V @ 4 c2
Event: 8.136 Thread 0x000002492da14c30 DEOPT PACKING pc=0x000002491cc90714 sp=0x000000bf027f2fc0
Event: 8.136 Thread 0x000002492da14c30 DEOPT UNPACKING pc=0x000002491c5369a3 sp=0x000000bf027f2f18 mode 2
Event: 8.224 Thread 0x000002492da14c30 Uncommon trap: trap_request=0xffffff45 fr.pc=0x000002491cb06dc8 relative=0x0000000000002ac8
Event: 8.224 Thread 0x000002492da14c30 Uncommon trap: reason=unstable_if action=reinterpret pc=0x000002491cb06dc8 method=java.util.regex.Pattern.compile()V @ 133 c2
Event: 8.224 Thread 0x000002492da14c30 DEOPT PACKING pc=0x000002491cb06dc8 sp=0x000000bf027f60a0
Event: 8.224 Thread 0x000002492da14c30 DEOPT UNPACKING pc=0x000002491c5369a3 sp=0x000000bf027f6088 mode 2
Event: 8.230 Thread 0x000002492da14c30 DEOPT PACKING pc=0x0000024915ada412 sp=0x000000bf027f5a90
Event: 8.230 Thread 0x000002492da14c30 DEOPT UNPACKING pc=0x000002491c537143 sp=0x000000bf027f4fa0 mode 0

Classes unloaded (0 events):
No events

Classes redefined (0 events):
No events

Internal exceptions (20 events):
Event: 6.642 Thread 0x000002492f87afc0 Exception <a 'java/lang/NoSuchMethodError'{0x00000000844b6b58}: static Lorg/gradle/internal/build/event/types/DefaultProjectConfigurationSuccessResult;.<clinit>()V> (0x00000000844b6b58) 
thrown [s\src\hotspot\share\prims\jni.cpp, line 1108]
Event: 6.642 Thread 0x000002492f87afc0 Exception <a 'java/lang/NoSuchMethodError'{0x00000000844b7e58}: static Lorg/gradle/internal/build/event/types/AbstractProjectConfigurationResult;.<clinit>()V> (0x00000000844b7e58) 
thrown [s\src\hotspot\share\prims\jni.cpp, line 1108]
Event: 6.642 Thread 0x000002492f87afc0 Exception <a 'java/lang/NoSuchMethodError'{0x00000000844b93c0}: static Lorg/gradle/internal/build/event/types/AbstractOperationResult;.<clinit>()V> (0x00000000844b93c0) 
thrown [s\src\hotspot\share\prims\jni.cpp, line 1108]
Event: 6.642 Thread 0x000002492f87afc0 Exception <a 'java/lang/NoSuchMethodError'{0x00000000844ba380}: static Lorg/gradle/internal/build/event/types/AbstractResult;.<clinit>()V> (0x00000000844ba380) 
thrown [s\src\hotspot\share\prims\jni.cpp, line 1108]
Event: 6.644 Thread 0x000002492f87afc0 Exception <a 'java/lang/NoSuchMethodError'{0x00000000844cf520}: static Lorg/gradle/internal/build/event/types/DefaultPluginApplicationResult;.<clinit>()V> (0x00000000844cf520) 
thrown [s\src\hotspot\share\prims\jni.cpp, line 1108]
Event: 6.645 Thread 0x000002492f87afc0 Exception <a 'java/lang/NoSuchMethodError'{0x00000000844da590}: static Lorg/gradle/internal/build/event/types/DefaultBinaryPluginIdentifier;.<clinit>()V> (0x00000000844da590) 
thrown [s\src\hotspot\share\prims\jni.cpp, line 1108]
Event: 6.647 Thread 0x000002492f87afc0 Exception <a 'java/lang/NoSuchMethodError'{0x00000000844ef3a8}: static Lorg/gradle/internal/build/event/types/DefaultScriptPluginIdentifier;.<clinit>()V> (0x00000000844ef3a8) 
thrown [s\src\hotspot\share\prims\jni.cpp, line 1108]
Event: 6.656 Thread 0x000002492da14c30 Exception <a 'java/lang/ClassNotFoundException'{0x000000008435d060}: build_b1lodotahrmre28z846vrtwz5BeanInfo> (0x000000008435d060) 
thrown [s\src\hotspot\share\classfile\systemDictionary.cpp, line 256]
Event: 6.657 Thread 0x000002492da14c30 Exception <a 'java/lang/ClassNotFoundException'{0x00000000843638e0}: build_b1lodotahrmre28z846vrtwz5Customizer> (0x00000000843638e0) 
thrown [s\src\hotspot\share\classfile\systemDictionary.cpp, line 256]
Event: 6.753 Thread 0x000002492da14c30 Exception <a 'java/lang/ClassNotFoundException'{0x0000000083b087e8}: org/gradle/api/internal/plugins/DefaultObjectConfigurationActionBeanInfo> (0x0000000083b087e8) 
thrown [s\src\hotspot\share\classfile\systemDictionary.cpp, line 256]
Event: 6.754 Thread 0x000002492da14c30 Exception <a 'java/lang/ClassNotFoundException'{0x0000000083b1ac10}: org/gradle/api/internal/plugins/DefaultObjectConfigurationActionCustomizer> (0x0000000083b1ac10) 
thrown [s\src\hotspot\share\classfile\systemDictionary.cpp, line 256]
Event: 6.911 Thread 0x000002492da14c30 Exception <a 'java/lang/NoSuchMethodError'{0x0000000085911138}: 'java.lang.Object java.lang.invoke.DirectMethodHandle$Holder.newInvokeSpecial(java.lang.Object, java.lang.Object, java.lang.Object, java.lang.Object, int)'> (0x0000000085911138) 
thrown [s\src\hotspot\share\interpreter\linkResolver.cpp, line 771]
Event: 6.911 Thread 0x000002492da14c30 Exception <a 'java/lang/NoSuchMethodError'{0x00000000859162d8}: 'java.lang.Object java.lang.invoke.DirectMethodHandle$Holder.invokeSpecial(java.lang.Object, java.lang.Object, java.lang.Object, java.lang.Object, java.lang.Object, int)'> (0x00000000859162d8) 
thrown [s\src\hotspot\share\interpreter\linkResolver.cpp, line 771]
Event: 6.912 Thread 0x000002492da14c30 Exception <a 'java/lang/NoSuchMethodError'{0x000000008591adb0}: 'java.lang.Object java.lang.invoke.Invokers$Holder.linkToTargetMethod(java.lang.Object, java.lang.Object, java.lang.Object, int, java.lang.Object)'> (0x000000008591adb0) 
thrown [s\src\hotspot\share\interpreter\linkResolver.cpp, line 771]
Event: 7.158 Thread 0x000002492da14c30 Exception <a 'java/lang/NoSuchMethodError'{0x0000000084c0aaa0}: 'int java.lang.invoke.DirectMethodHandle$Holder.invokeInterface(java.lang.Object, java.lang.Object, java.lang.Object, java.lang.Object)'> (0x0000000084c0aaa0) 
thrown [s\src\hotspot\share\interpreter\linkResolver.cpp, line 771]
Event: 7.725 Thread 0x000002492da14c30 Exception <a 'java/lang/IncompatibleClassChangeError'{0x000000008bf07238}: Found class java.lang.Object, but interface was expected> (0x000000008bf07238) 
thrown [s\src\hotspot\share\interpreter\linkResolver.cpp, line 838]
Event: 7.796 Thread 0x000002492da14c30 Implicit null exception at 0x000002491cd7b7d4 to 0x000002491cd7b96c
Event: 7.796 Thread 0x000002492da14c30 Implicit null exception at 0x000002491cd4b5a9 to 0x000002491cd4bb58
Event: 7.947 Thread 0x000002492da14c30 Implicit null exception at 0x000002491cc3be0c to 0x000002491cc3bf3e
Event: 8.141 Thread 0x000002492da14c30 Exception <a 'sun/nio/fs/WindowsException'{0x000000008bf80558}> (0x000000008bf80558) 
thrown [s\src\hotspot\share\prims\jni.cpp, line 517]

VM Operations (20 events):
Event: 7.494 Executing VM operation: HandshakeAllThreads
Event: 7.495 Executing VM operation: HandshakeAllThreads done
Event: 7.665 Executing VM operation: ICBufferFull
Event: 7.666 Executing VM operation: ICBufferFull done
Event: 7.706 Executing VM operation: CollectForMetadataAllocation
Event: 7.712 Executing VM operation: CollectForMetadataAllocation done
Event: 7.738 Executing VM operation: CollectForMetadataAllocation
Event: 7.738 Executing VM operation: CollectForMetadataAllocation done
Event: 7.757 Executing VM operation: G1Concurrent
Event: 7.762 Executing VM operation: G1Concurrent done
Event: 7.782 Executing VM operation: G1Concurrent
Event: 7.782 Executing VM operation: G1Concurrent done
Event: 7.923 Executing VM operation: HandshakeAllThreads
Event: 7.923 Executing VM operation: HandshakeAllThreads done
Event: 7.956 Executing VM operation: HandshakeAllThreads
Event: 7.956 Executing VM operation: HandshakeAllThreads done
Event: 8.029 Executing VM operation: G1TryInitiateConcMark
Event: 8.034 Executing VM operation: G1TryInitiateConcMark done
Event: 8.044 Executing VM operation: G1TryInitiateConcMark
Event: 8.050 Executing VM operation: G1TryInitiateConcMark done

Events (20 events):
Event: 7.993 loading class java/security/SignatureException
Event: 7.993 loading class java/security/SignatureException done
Event: 7.998 loading class sun/security/rsa/RSASignature$SHA256withRSA
Event: 7.998 loading class sun/security/rsa/RSASignature$SHA256withRSA done
Event: 7.999 loading class sun/security/provider/DSA$SHA256withDSA
Event: 7.999 loading class sun/security/provider/DSA$SHA256withDSA done
Event: 8.021 loading class java/util/Base64
Event: 8.021 loading class java/util/Base64 done
Event: 8.021 loading class java/util/Base64$Decoder
Event: 8.021 loading class java/util/Base64$Decoder done
Event: 8.021 loading class java/util/Base64$Encoder
Event: 8.021 loading class java/util/Base64$Encoder done
Event: 8.022 loading class java/util/jar/JarVerifier$VerifierStream
Event: 8.022 loading class java/util/jar/JarVerifier$VerifierStream done
Event: 8.023 loading class sun/security/util/ManifestEntryVerifier$SunProviderHolder
Event: 8.023 loading class sun/security/util/ManifestEntryVerifier$SunProviderHolder done
Event: 8.138 loading class java/security/KeyStore$ProtectionParameter
Event: 8.138 loading class java/security/KeyStore$ProtectionParameter done
Event: 8.141 loading class sun/nio/fs/WindowsException
Event: 8.141 loading class sun/nio/fs/WindowsException done


Dynamic libraries:
0x00007ff72fed0000 - 0x00007ff72feda000 	C:\Program Files\Android\Android Studio\jbr\bin\java.exe
0x00007fffacb80000 - 0x00007fffacd6d000 	C:\Windows\SYSTEM32\ntdll.dll
0x00007fffac280000 - 0x00007fffac333000 	C:\Windows\System32\KERNEL32.DLL
0x00007fffa8cb0000 - 0x00007fffa8f43000 	C:\Windows\System32\KERNELBASE.dll
0x00007fffa9000000 - 0x00007fffa90fc000 	C:\Windows\System32\ucrtbase.dll
0x00007fff98b10000 - 0x00007fff98b27000 	C:\Program Files\Android\Android Studio\jbr\bin\jli.dll
0x00007fff9f220000 - 0x00007fff9f23b000 	C:\Program Files\Android\Android Studio\jbr\bin\VCRUNTIME140.dll
0x00007fffac0e0000 - 0x00007fffac277000 	C:\Windows\System32\USER32.dll
0x00007fffa9b10000 - 0x00007fffa9b30000 	C:\Windows\System32\win32u.dll
0x00007fff98ca0000 - 0x00007fff98f19000 	C:\Windows\WinSxS\amd64_microsoft.windows.common-controls_6595b64144ccf1df_6.0.17763.134_none_05b3373a07211a5c\COMCTL32.dll
0x00007fffaa120000 - 0x00007fffaa149000 	C:\Windows\System32\GDI32.dll
0x00007fffac880000 - 0x00007fffac91e000 	C:\Windows\System32\msvcrt.dll
0x00007fffa9970000 - 0x00007fffa9b0a000 	C:\Windows\System32\gdi32full.dll
0x00007fffa9850000 - 0x00007fffa98f0000 	C:\Windows\System32\msvcp_win.dll
0x00007fffa9db0000 - 0x00007fffaa0dd000 	C:\Windows\System32\combase.dll
0x00007fffac3a0000 - 0x00007fffac4c3000 	C:\Windows\System32\RPCRT4.dll
0x00007fffa9b30000 - 0x00007fffa9bae000 	C:\Windows\System32\bcryptPrimitives.dll
0x00007fffaa0e0000 - 0x00007fffaa10e000 	C:\Windows\System32\IMM32.DLL
0x00007fff9f510000 - 0x00007fff9f51c000 	C:\Program Files\Android\Android Studio\jbr\bin\vcruntime140_1.dll
0x00007fff85580000 - 0x00007fff8560d000 	C:\Program Files\Android\Android Studio\jbr\bin\msvcp140.dll
0x00007fff85bc0000 - 0x00007fff8682e000 	C:\Program Files\Android\Android Studio\jbr\bin\server\jvm.dll
0x00007fffac030000 - 0x00007fffac0d3000 	C:\Windows\System32\ADVAPI32.dll
0x00007fffacab0000 - 0x00007fffacb4e000 	C:\Windows\System32\sechost.dll
0x00007fff9a7c0000 - 0x00007fff9a7c9000 	C:\Windows\SYSTEM32\WSOCK32.dll
0x00007fffa2580000 - 0x00007fffa258a000 	C:\Windows\SYSTEM32\VERSION.dll
0x00007fffa6620000 - 0x00007fffa6644000 	C:\Windows\SYSTEM32\WINMM.dll
0x00007fffabe10000 - 0x00007fffabe7d000 	C:\Windows\System32\WS2_32.dll
0x00007fffa6030000 - 0x00007fffa605d000 	C:\Windows\SYSTEM32\winmmbase.dll
0x00007fffa98f0000 - 0x00007fffa993a000 	C:\Windows\System32\cfgmgr32.dll
0x00007fffa8c10000 - 0x00007fffa8c21000 	C:\Windows\System32\kernel.appcore.dll
0x00007fffa5530000 - 0x00007fffa553a000 	C:\Program Files\Android\Android Studio\jbr\bin\jimage.dll
0x00007fff99f50000 - 0x00007fff9a13d000 	C:\Windows\SYSTEM32\DBGHELP.DLL
0x00007fff8d1c0000 - 0x00007fff8d1ea000 	C:\Windows\SYSTEM32\dbgcore.DLL
0x00007fffa5500000 - 0x00007fffa5525000 	C:\Program Files\Android\Android Studio\jbr\bin\java.dll
0x00007fff9f0b0000 - 0x00007fff9f0c8000 	C:\Program Files\Android\Android Studio\jbr\bin\zip.dll
0x00007fffaa910000 - 0x00007fffabdff000 	C:\Windows\System32\SHELL32.dll
0x00007fffac4d0000 - 0x00007fffac578000 	C:\Windows\System32\shcore.dll
0x00007fffa9100000 - 0x00007fffa9848000 	C:\Windows\System32\windows.storage.dll
0x00007fffa8b80000 - 0x00007fffa8ba4000 	C:\Windows\System32\profapi.dll
0x00007fffa8bb0000 - 0x00007fffa8c0d000 	C:\Windows\System32\powrprof.dll
0x00007fffac5e0000 - 0x00007fffac632000 	C:\Windows\System32\shlwapi.dll
0x00007fffa9d90000 - 0x00007fffa9da7000 	C:\Windows\System32\cryptsp.dll
0x00007fff9d080000 - 0x00007fff9d099000 	C:\Program Files\Android\Android Studio\jbr\bin\net.dll
0x00007fffa2cb0000 - 0x00007fffa2da1000 	C:\Windows\SYSTEM32\WINHTTP.dll
0x00007fffa8410000 - 0x00007fffa8477000 	C:\Windows\system32\mswsock.dll
0x00007fff99ab0000 - 0x00007fff99ac6000 	C:\Program Files\Android\Android Studio\jbr\bin\nio.dll
0x00007fffa54f0000 - 0x00007fffa5500000 	C:\Program Files\Android\Android Studio\jbr\bin\verify.dll
0x00007fff85610000 - 0x00007fff85637000 	C:\Users\Alexx\.gradle\native\68d5fa5c4cc2d200863cafc0d521ce42e7d3e7ee720ec0a83991735586a16f82\windows-amd64\native-platform.dll
0x00007fff83b00000 - 0x00007fff83c44000 	C:\Users\Alexx\.gradle\native\e376f236ea51e6404a007f0833ffe2c6e607c4080706a723a18a27aeea778392\windows-amd64\native-platform-file-events.dll
0x00007fff9f5c0000 - 0x00007fff9f5c9000 	C:\Program Files\Android\Android Studio\jbr\bin\management.dll
0x00007fff9cd80000 - 0x00007fff9cd8b000 	C:\Program Files\Android\Android Studio\jbr\bin\management_ext.dll
0x00007fffac870000 - 0x00007fffac878000 	C:\Windows\System32\PSAPI.DLL
0x00007fffa7fd0000 - 0x00007fffa8003000 	C:\Windows\system32\rsaenh.dll
0x00007fffa9940000 - 0x00007fffa9966000 	C:\Windows\System32\bcrypt.dll
0x00007fffa8a80000 - 0x00007fffa8aa8000 	C:\Windows\SYSTEM32\USERENV.dll
0x00007fffa85e0000 - 0x00007fffa85ec000 	C:\Windows\SYSTEM32\CRYPTBASE.dll
0x00007fffa8170000 - 0x00007fffa81ad000 	C:\Windows\SYSTEM32\IPHLPAPI.DLL
0x00007fffabe00000 - 0x00007fffabe08000 	C:\Windows\System32\NSI.dll
0x00007fff9ff50000 - 0x00007fff9ff66000 	C:\Windows\SYSTEM32\dhcpcsvc6.DLL
0x00007fff9ff30000 - 0x00007fff9ff4c000 	C:\Windows\SYSTEM32\dhcpcsvc.DLL
0x00007fffa81b0000 - 0x00007fffa8276000 	C:\Windows\SYSTEM32\DNSAPI.dll
0x00007fff99620000 - 0x00007fff99627000 	C:\Windows\system32\wshunix.dll

dbghelp: loaded successfully - version: 4.0.5 - missing functions: none
symbol engine: initialized successfully - sym options: 0x614 - pdb path: .;C:\Program Files\Android\Android Studio\jbr\bin;C:\Windows\SYSTEM32;C:\Windows\WinSxS\amd64_microsoft.windows.common-controls_6595b64144ccf1df_6.0.17763.134_none_05b3373a07211a5c;C:\Program Files\Android\Android Studio\jbr\bin\server;C:\Users\Alexx\.gradle\native\68d5fa5c4cc2d200863cafc0d521ce42e7d3e7ee720ec0a83991735586a16f82\windows-amd64;C:\Users\Alexx\.gradle\native\e376f236ea51e6404a007f0833ffe2c6e607c4080706a723a18a27aeea778392\windows-amd64

VM Arguments:
jvm_args: --add-opens=java.base/java.util=ALL-UNNAMED --add-opens=java.base/java.lang=ALL-UNNAMED --add-opens=java.base/java.lang.invoke=ALL-UNNAMED --add-opens=java.prefs/java.util.prefs=ALL-UNNAMED --add-opens=java.base/java.nio.charset=ALL-UNNAMED --add-opens=java.base/java.net=ALL-UNNAMED --add-opens=java.base/java.util.concurrent.atomic=ALL-UNNAMED -Xmx2048m -Dfile.encoding=UTF-8 -Duser.country=RU -Duser.language=ru -Duser.variant 
java_command: org.gradle.launcher.daemon.bootstrap.GradleDaemon 8.0
java_class_path (initial): C:\Users\Alexx\.gradle\wrapper\dists\gradle-8.0-bin\ca5e32bp14vu59qr306oxotwh\gradle-8.0\lib\gradle-launcher-8.0.jar
Launcher Type: SUN_STANDARD

[Global flags]
     intx CICompilerCount                          = 4                                         {product} {ergonomic}
     uint ConcGCThreads                            = 2                                         {product} {ergonomic}
     uint G1ConcRefinementThreads                  = 8                                         {product} {ergonomic}
   size_t G1HeapRegionSize                         = 1048576                                   {product} {ergonomic}
    uintx GCDrainStackTargetSize                   = 64                                        {product} {ergonomic}
   size_t InitialHeapSize                          = 201326592                                 {product} {ergonomic}
   size_t MarkStackSize                            = 4194304                                   {product} {ergonomic}
   size_t MaxHeapSize                              = 2147483648                                {product} {command line}
   size_t MaxNewSize                               = 1287651328                                {product} {ergonomic}
   size_t MinHeapDeltaBytes                        = 1048576                                   {product} {ergonomic}
   size_t MinHeapSize                              = 8388608                                   {product} {ergonomic}
    uintx NonNMethodCodeHeapSize                   = 5839372                                {pd product} {ergonomic}
    uintx NonProfiledCodeHeapSize                  = 122909434                              {pd product} {ergonomic}
    uintx ProfiledCodeHeapSize                     = 122909434                              {pd product} {ergonomic}
    uintx ReservedCodeCacheSize                    = 251658240                              {pd product} {ergonomic}
     bool SegmentedCodeCache                       = true                                      {product} {ergonomic}
   size_t SoftMaxHeapSize                          = 2147483648                             {manageable} {ergonomic}
     bool UseCompressedClassPointers               = true                           {product lp64_product} {ergonomic}
     bool UseCompressedOops                        = true                           {product lp64_product} {ergonomic}
     bool UseG1GC                                  = true                                      {product} {ergonomic}
     bool UseLargePagesIndividualAllocation        = false                                  {pd product} {ergonomic}

Logging:
Log output configuration:
 #0: stdout all=warning uptime,level,tags
 #1: stderr all=off uptime,level,tags

Environment Variables:
PATH=C:\ProgramData\Oracle\Java\javapath;C:\Program Files (x86)\Python38-32\Scripts\;C:\Program Files (x86)\Python38-32\;C:\Windows\system32;C:\Windows;C:\Windows\System32\Wbem;C:\Windows\System32\WindowsPowerShell\v1.0\;C:\Program Files (x86)\Common Files\Acronis\SnapAPI\;C:\Program Files (x86)\dotnet\;C:\Program Files\PuTTY\;C:\Users\Alexx\AppData\Local\Microsoft\WindowsApps;C:\Program Files (x86)\Nmap
USERNAME=Alexx
OS=Windows_NT
PROCESSOR_IDENTIFIER=AMD64 Family 21 Model 2 Stepping 0, AuthenticAMD
TMP=C:\Temp
TEMP=C:\Temp


JNI global refs:
JNI global refs: 27, weak refs: 1

JNI global refs memory usage: 843, weak refs: 841


---------------  S Y S T E M  ---------------

OS:
 Windows 10 , 64 bit Build 17763 (10.0.17763.1)
OS uptime: 0 days 7:49 hours

CPU: total 8 (initial active 8) (8 cores per cpu, 1 threads per core) family 21 model 2 stepping 0 microcode 0x0, cx8, cmov, fxsr, mmx, 3dnowpref, sse, sse2, sse3, ssse3, sse4a, sse4.1, sse4.2, popcnt, lzcnt, tsc, tscinvbit, avx, aes, clmul, bmi1, fma, vzeroupper, clflush

Memory: 4k page, system-wide physical 12285M (3310M free)
TotalPageFile size 12541M (AvailPageFile size 6M)
current process WorkingSet (physical memory assigned to process): 328M, peak: 328M
current process commit charge ("private bytes"): 446M, peak: 448M

vm_info: OpenJDK 64-Bit Server VM (17.0.6+0-b2043.56-10027231) for windows-amd64 JRE (17.0.6+0-b2043.56-10027231), built on Apr 28 2023 00:43:19 by "androidbuild" with MS VC++ 16.10 / 16.11 (VS2019)

END.
