#
# There is insufficient memory for the Java Runtime Environment to continue.
# Native memory allocation (mmap) failed to map 41943040 bytes for G1 virtual space
# Possible reasons:
#   The system is out of physical RAM or swap space
#   The process is running with CompressedOops enabled, and the Java Heap may be blocking the growth of the native heap
# Possible solutions:
#   Reduce memory load on the system
#   Increase physical memory or swap space
#   Check if swap backing store is full
#   Decrease Java heap size (-Xmx/-Xms)
#   Decrease number of Java threads
#   Decrease Java thread stack sizes (-Xss)
#   Set larger code cache with -XX:ReservedCodeCacheSize=
#   JVM is running with Unscaled Compressed Oops mode in which the Java heap is
#     placed in the first 4GB address space. The Java Heap base address is the
#     maximum limit for the native heap growth. Please use -XX:HeapBaseMinAddress
#     to set the Java Heap base and to place the Java Heap above 4GB virtual address.
# This output file may be truncated or incomplete.
#
#  Out of Memory Error (os_windows.cpp:3769), pid=18544, tid=6020
#
# JRE version: OpenJDK Runtime Environment (17.0.6) (build 17.0.6+0-b2043.56-10027231)
# Java VM: OpenJDK 64-Bit Server VM (17.0.6+0-b2043.56-10027231, mixed mode, tiered, compressed oops, compressed class ptrs, g1 gc, windows-amd64)
# No core dump will be written. Minidumps are not enabled by default on client versions of Windows
#

---------------  S U M M A R Y ------------

Command Line: --add-opens=java.base/java.util=ALL-UNNAMED --add-opens=java.base/java.lang=ALL-UNNAMED --add-opens=java.base/java.lang.invoke=ALL-UNNAMED --add-opens=java.prefs/java.util.prefs=ALL-UNNAMED --add-opens=java.base/java.nio.charset=ALL-UNNAMED --add-opens=java.base/java.net=ALL-UNNAMED --add-opens=java.base/java.util.concurrent.atomic=ALL-UNNAMED -Xmx2048m -Dfile.encoding=UTF-8 -Duser.country=RU -Duser.language=ru -Duser.variant org.gradle.launcher.daemon.bootstrap.GradleDaemon 8.0

Host: AMD FX-8320E Eight-Core Processor              , 8 cores, 11G,  Windows 10 , 64 bit Build 17763 (10.0.17763.1)
Time: Wed Sep 13 15:51:34 2023 RTZ 2 (зима) elapsed time: 9.812367 seconds (0d 0h 0m 9s)

---------------  T H R E A D  ---------------

Current thread (0x000001ec3d5dc1c0):  VMThread "VM Thread" [stack: 0x00000086ac300000,0x00000086ac400000] [id=6020]

Stack: [0x00000086ac300000,0x00000086ac400000]
Native frames: (J=compiled Java code, j=interpreted, Vv=VM code, C=native code)
V  [jvm.dll+0x683c9a]
V  [jvm.dll+0x8427a4]
V  [jvm.dll+0x843f9e]
V  [jvm.dll+0x844603]
V  [jvm.dll+0x249b75]
V  [jvm.dll+0x680b69]
V  [jvm.dll+0x67505a]
V  [jvm.dll+0x309acb]
V  [jvm.dll+0x310f86]
V  [jvm.dll+0x3608ee]
V  [jvm.dll+0x360b1f]
V  [jvm.dll+0x2dfbf8]
V  [jvm.dll+0x2ddec4]
V  [jvm.dll+0x2dd4cc]
V  [jvm.dll+0x321f3b]
V  [jvm.dll+0x848ccb]
V  [jvm.dll+0x849a04]
V  [jvm.dll+0x849f1d]
V  [jvm.dll+0x84a2f4]
V  [jvm.dll+0x84a3c0]
V  [jvm.dll+0x7f274a]
V  [jvm.dll+0x682ad5]
C  [ucrtbase.dll+0x203ba]
C  [KERNEL32.DLL+0x17e94]
C  [ntdll.dll+0x67ad1]

VM_Operation (0x00000086adcf8650): G1CollectForAllocation, mode: safepoint, requested by thread 0x000001ec3ef60300


---------------  P R O C E S S  ---------------

Threads class SMR info:
_java_thread_list=0x000001ec439f2b80, length=127, elements={
0x000001ec237b00b0, 0x000001ec3e0096b0, 0x000001ec3e00a430, 0x000001ec3e058ac0,
0x000001ec3e07e930, 0x000001ec3e07f1f0, 0x000001ec3e07fab0, 0x000001ec3e075430,
0x000001ec3e077d50, 0x000001ec3e078260, 0x000001ec3e22f4f0, 0x000001ec3e232250,
0x000001ec3e320ff0, 0x000001ec3f54c020, 0x000001ec40813c30, 0x000001ec40443070,
0x000001ec41045d90, 0x000001ec40f9a1a0, 0x000001ec3ef62980, 0x000001ec3ef60300,
0x000001ec3ef61fe0, 0x000001ec3ef61640, 0x000001ec3ef607d0, 0x000001ec3ef61b10,
0x000001ec3ef63320, 0x000001ec3ef61170, 0x000001ec41b3dd50, 0x000001ec40f406e0,
0x000001ec40f41550, 0x000001ec40f41a20, 0x000001ec40f40210, 0x000001ec40f43700,
0x000001ec40f45d80, 0x000001ec40f46720, 0x000001ec40f458b0, 0x000001ec40f41ef0,
0x000001ec40f423c0, 0x000001ec40f46250, 0x000001ec40f44570, 0x000001ec40f44a40,
0x000001ec40f453e0, 0x000001ec422bf0d0, 0x000001ec422bff40, 0x000001ec422bca50,
0x000001ec422bf5a0, 0x000001ec422bdd90, 0x000001ec422c0410, 0x000001ec422c3430,
0x000001ec422c1750, 0x000001ec422c20f0, 0x000001ec422c3900, 0x000001ec422c2f60,
0x000001ec422bc0b0, 0x000001ec422bfa70, 0x000001ec422bc580, 0x000001ec422be730,
0x000001ec422bd3f0, 0x000001ec422c25c0, 0x000001ec422c0db0, 0x000001ec422bcf20,
0x000001ec422c1280, 0x000001ec422be260, 0x000001ec422bec00, 0x000001ec422c2a90,
0x000001ec41af3ba0, 0x000001ec41af36d0, 0x000001ec41af2d30, 0x000001ec41af5880,
0x000001ec41af3200, 0x000001ec41af4540, 0x000001ec41af2390, 0x000001ec41af4070,
0x000001ec41af4a10, 0x000001ec41af4ee0, 0x000001ec41af53b0, 0x000001ec41af5d50,
0x000001ec41af2860, 0x000001ec43b39750, 0x000001ec43b3df80, 0x000001ec43b3b430,
0x000001ec43b3aa90, 0x000001ec43b36c00, 0x000001ec43b3d5e0, 0x000001ec43b3c770,
0x000001ec43b38410, 0x000001ec43b39280, 0x000001ec43b3e450, 0x000001ec43b3dab0,
0x000001ec43b39c20, 0x000001ec43b3a0f0, 0x000001ec43b3c2a0, 0x000001ec43b370d0,
0x000001ec43b3bdd0, 0x000001ec43b3af60, 0x000001ec43b3a5c0, 0x000001ec43b3b900,
0x000001ec43b375a0, 0x000001ec43b3cc40, 0x000001ec43b3d110, 0x000001ec43b37a70,
0x000001ec43b37f40, 0x000001ec43b388e0, 0x000001ec43b38db0, 0x000001ec3e672f70,
0x000001ec3e672aa0, 0x000001ec3e6777a0, 0x000001ec3e676460, 0x000001ec3e677c70,
0x000001ec3e6708f0, 0x000001ec3e678140, 0x000001ec3e676930, 0x000001ec3e673de0,
0x000001ec3e676e00, 0x000001ec3e674c50, 0x000001ec3e6742b0, 0x000001ec3e675120,
0x000001ec3e6772d0, 0x000001ec3e670dc0, 0x000001ec3e674780, 0x000001ec3e6755f0,
0x000001ec3e673440, 0x000001ec3e673910, 0x000001ec3e675ac0, 0x000001ec3e6725d0,
0x000001ec3e675f90, 0x000001ec3e671c30, 0x000001ec3ef637f0
}

Java Threads: ( => current thread )
  0x000001ec237b00b0 JavaThread "main" [_thread_blocked, id=15496, stack(0x00000086abd00000,0x00000086abe00000)]
  0x000001ec3e0096b0 JavaThread "Reference Handler" daemon [_thread_blocked, id=18420, stack(0x00000086ac400000,0x00000086ac500000)]
  0x000001ec3e00a430 JavaThread "Finalizer" daemon [_thread_blocked, id=14000, stack(0x00000086ac500000,0x00000086ac600000)]
  0x000001ec3e058ac0 JavaThread "Signal Dispatcher" daemon [_thread_blocked, id=9840, stack(0x00000086ac600000,0x00000086ac700000)]
  0x000001ec3e07e930 JavaThread "Attach Listener" daemon [_thread_blocked, id=9584, stack(0x00000086ac700000,0x00000086ac800000)]
  0x000001ec3e07f1f0 JavaThread "Service Thread" daemon [_thread_blocked, id=15544, stack(0x00000086ac800000,0x00000086ac900000)]
  0x000001ec3e07fab0 JavaThread "Monitor Deflation Thread" daemon [_thread_blocked, id=15804, stack(0x00000086ac900000,0x00000086aca00000)]
  0x000001ec3e075430 JavaThread "C2 CompilerThread0" daemon [_thread_blocked, id=15520, stack(0x00000086aca00000,0x00000086acb00000)]
  0x000001ec3e077d50 JavaThread "C1 CompilerThread0" daemon [_thread_blocked, id=8328, stack(0x00000086acb00000,0x00000086acc00000)]
  0x000001ec3e078260 JavaThread "Sweeper thread" daemon [_thread_blocked, id=15456, stack(0x00000086acc00000,0x00000086acd00000)]
  0x000001ec3e22f4f0 JavaThread "Common-Cleaner" daemon [_thread_blocked, id=9204, stack(0x00000086acd00000,0x00000086ace00000)]
  0x000001ec3e232250 JavaThread "Notification Thread" daemon [_thread_blocked, id=9876, stack(0x00000086ace00000,0x00000086acf00000)]
  0x000001ec3e320ff0 JavaThread "C2 CompilerThread1" daemon [_thread_blocked, id=17452, stack(0x00000086ad000000,0x00000086ad100000)]
  0x000001ec3f54c020 JavaThread "Daemon health stats" [_thread_blocked, id=1256, stack(0x00000086ad600000,0x00000086ad700000)]
  0x000001ec40813c30 JavaThread "Incoming local TCP Connector on port 52275" [_thread_in_native, id=9628, stack(0x00000086ad700000,0x00000086ad800000)]
  0x000001ec40443070 JavaThread "Daemon periodic checks" [_thread_blocked, id=15552, stack(0x00000086ad800000,0x00000086ad900000)]
  0x000001ec41045d90 JavaThread "Daemon" [_thread_blocked, id=16136, stack(0x00000086ad900000,0x00000086ada00000)]
  0x000001ec40f9a1a0 JavaThread "Handler for socket connection from /127.0.0.1:52275 to /127.0.0.1:52276" [_thread_in_native, id=16032, stack(0x00000086ada00000,0x00000086adb00000)]
  0x000001ec3ef62980 JavaThread "Cancel handler" [_thread_blocked, id=6536, stack(0x00000086adb00000,0x00000086adc00000)]
  0x000001ec3ef60300 JavaThread "Daemon worker" [_thread_blocked, id=16120, stack(0x00000086adc00000,0x00000086add00000)]
  0x000001ec3ef61fe0 JavaThread "Asynchronous log dispatcher for DefaultDaemonConnection: socket connection from /127.0.0.1:52275 to /127.0.0.1:52276" [_thread_blocked, id=13932, stack(0x00000086add00000,0x00000086ade00000)]
  0x000001ec3ef61640 JavaThread "Stdin handler" [_thread_blocked, id=8244, stack(0x00000086ade00000,0x00000086adf00000)]
  0x000001ec3ef607d0 JavaThread "Daemon client event forwarder" [_thread_blocked, id=13636, stack(0x00000086adf00000,0x00000086ae000000)]
  0x000001ec3ef61b10 JavaThread "Cache worker for journal cache (C:\Users\Alexx\.gradle\caches\journal-1)" [_thread_blocked, id=9532, stack(0x00000086ae300000,0x00000086ae400000)]
  0x000001ec3ef63320 JavaThread "File lock request listener" [_thread_in_native, id=6572, stack(0x00000086ae400000,0x00000086ae500000)]
  0x000001ec3ef61170 JavaThread "Cache worker for file hash cache (C:\Users\Alexx\.gradle\caches\8.0\fileHashes)" [_thread_blocked, id=204, stack(0x00000086ae500000,0x00000086ae600000)]
  0x000001ec41b3dd50 JavaThread "C2 CompilerThread2" daemon [_thread_blocked, id=12748, stack(0x00000086ae600000,0x00000086ae700000)]
  0x000001ec40f406e0 JavaThread "File watcher server" daemon [_thread_in_native, id=6500, stack(0x00000086ae700000,0x00000086ae800000)]
  0x000001ec40f41550 JavaThread "File watcher consumer" daemon [_thread_blocked, id=14480, stack(0x00000086ae800000,0x00000086ae900000)]
  0x000001ec40f41a20 JavaThread "Cache worker for checksums cache (E:\AndroidStudioProject\MyMovies\.gradle\8.0\checksums)" [_thread_blocked, id=18656, stack(0x00000086ae900000,0x00000086aea00000)]
  0x000001ec40f40210 JavaThread "Cache worker for cache directory md-rule (C:\Users\Alexx\.gradle\caches\8.0\md-rule)" [_thread_blocked, id=10380, stack(0x00000086aea00000,0x00000086aeb00000)]
  0x000001ec40f43700 JavaThread "Cache worker for file content cache (C:\Users\Alexx\.gradle\caches\8.0\fileContent)" [_thread_blocked, id=3800, stack(0x00000086aeb00000,0x00000086aec00000)]
  0x000001ec40f45d80 JavaThread "Cache worker for file hash cache (E:\AndroidStudioProject\MyMovies\.gradle\8.0\fileHashes)" [_thread_blocked, id=3612, stack(0x00000086aec00000,0x00000086aed00000)]
  0x000001ec40f46720 JavaThread "Cache worker for cache directory md-supplier (C:\Users\Alexx\.gradle\caches\8.0\md-supplier)" [_thread_blocked, id=18820, stack(0x00000086aed00000,0x00000086aee00000)]
  0x000001ec40f458b0 JavaThread "Cache worker for execution history cache (C:\Users\Alexx\.gradle\caches\8.0\executionHistory)" [_thread_blocked, id=19156, stack(0x00000086aee00000,0x00000086aef00000)]
  0x000001ec40f41ef0 JavaThread "jar transforms" [_thread_blocked, id=16500, stack(0x00000086aef00000,0x00000086af000000)]
  0x000001ec40f423c0 JavaThread "jar transforms Thread 2" [_thread_blocked, id=15892, stack(0x00000086af000000,0x00000086af100000)]
  0x000001ec40f46250 JavaThread "jar transforms Thread 3" [_thread_blocked, id=9916, stack(0x00000086af200000,0x00000086af300000)]
  0x000001ec40f44570 JavaThread "jar transforms Thread 4" [_thread_blocked, id=18576, stack(0x00000086af300000,0x00000086af400000)]
  0x000001ec40f44a40 JavaThread "Cache worker for dependencies-accessors (E:\AndroidStudioProject\MyMovies\.gradle\8.0\dependencies-accessors)" [_thread_blocked, id=10080, stack(0x00000086af400000,0x00000086af500000)]
  0x000001ec40f453e0 JavaThread "jar transforms Thread 5" [_thread_blocked, id=18756, stack(0x00000086af500000,0x00000086af600000)]
  0x000001ec422bf0d0 JavaThread "Cache worker for Build Output Cleanup Cache (E:\AndroidStudioProject\MyMovies\.gradle\buildOutputCleanup)" [_thread_blocked, id=18752, stack(0x00000086af600000,0x00000086af700000)]
  0x000001ec422bff40 JavaThread "Unconstrained build operations" [_thread_blocked, id=18096, stack(0x00000086af700000,0x00000086af800000)]
  0x000001ec422bca50 JavaThread "Unconstrained build operations Thread 2" [_thread_blocked, id=8432, stack(0x00000086af800000,0x00000086af900000)]
  0x000001ec422bf5a0 JavaThread "Unconstrained build operations Thread 3" [_thread_blocked, id=9988, stack(0x00000086af900000,0x00000086afa00000)]
  0x000001ec422bdd90 JavaThread "Unconstrained build operations Thread 4" [_thread_blocked, id=18860, stack(0x00000086afa00000,0x00000086afb00000)]
  0x000001ec422c0410 JavaThread "Unconstrained build operations Thread 5" [_thread_blocked, id=15152, stack(0x00000086afb00000,0x00000086afc00000)]
  0x000001ec422c3430 JavaThread "Unconstrained build operations Thread 6" [_thread_blocked, id=19044, stack(0x00000086afc00000,0x00000086afd00000)]
  0x000001ec422c1750 JavaThread "Unconstrained build operations Thread 7" [_thread_blocked, id=18376, stack(0x00000086afd00000,0x00000086afe00000)]
  0x000001ec422c20f0 JavaThread "Unconstrained build operations Thread 8" [_thread_blocked, id=16844, stack(0x00000086afe00000,0x00000086aff00000)]
  0x000001ec422c3900 JavaThread "Unconstrained build operations Thread 9" [_thread_blocked, id=8528, stack(0x00000086aff00000,0x00000086b0000000)]
  0x000001ec422c2f60 JavaThread "Unconstrained build operations Thread 10" [_thread_blocked, id=192, stack(0x00000086b0000000,0x00000086b0100000)]
  0x000001ec422bc0b0 JavaThread "Unconstrained build operations Thread 11" [_thread_blocked, id=9300, stack(0x00000086b0100000,0x00000086b0200000)]
  0x000001ec422bfa70 JavaThread "Unconstrained build operations Thread 12" [_thread_blocked, id=6816, stack(0x00000086b0200000,0x00000086b0300000)]
  0x000001ec422bc580 JavaThread "Unconstrained build operations Thread 13" [_thread_blocked, id=16740, stack(0x00000086b0300000,0x00000086b0400000)]
  0x000001ec422be730 JavaThread "Unconstrained build operations Thread 14" [_thread_blocked, id=2804, stack(0x00000086b0400000,0x00000086b0500000)]
  0x000001ec422bd3f0 JavaThread "Unconstrained build operations Thread 15" [_thread_blocked, id=12436, stack(0x00000086b0500000,0x00000086b0600000)]
  0x000001ec422c25c0 JavaThread "Unconstrained build operations Thread 16" [_thread_blocked, id=16320, stack(0x00000086b0600000,0x00000086b0700000)]
  0x000001ec422c0db0 JavaThread "Unconstrained build operations Thread 17" [_thread_blocked, id=10504, stack(0x00000086b0700000,0x00000086b0800000)]
  0x000001ec422bcf20 JavaThread "Unconstrained build operations Thread 18" [_thread_blocked, id=11848, stack(0x00000086b0800000,0x00000086b0900000)]
  0x000001ec422c1280 JavaThread "Unconstrained build operations Thread 19" [_thread_blocked, id=8944, stack(0x00000086b0900000,0x00000086b0a00000)]
  0x000001ec422be260 JavaThread "Unconstrained build operations Thread 20" [_thread_blocked, id=17348, stack(0x00000086b0a00000,0x00000086b0b00000)]
  0x000001ec422bec00 JavaThread "Unconstrained build operations Thread 21" [_thread_blocked, id=6548, stack(0x00000086b0b00000,0x00000086b0c00000)]
  0x000001ec422c2a90 JavaThread "Unconstrained build operations Thread 22" [_thread_blocked, id=12060, stack(0x00000086b0c00000,0x00000086b0d00000)]
  0x000001ec41af3ba0 JavaThread "Unconstrained build operations Thread 23" [_thread_blocked, id=10352, stack(0x00000086b0d00000,0x00000086b0e00000)]
  0x000001ec41af36d0 JavaThread "Unconstrained build operations Thread 24" [_thread_blocked, id=1212, stack(0x00000086b0e00000,0x00000086b0f00000)]
  0x000001ec41af2d30 JavaThread "Unconstrained build operations Thread 25" [_thread_blocked, id=2268, stack(0x00000086b0f00000,0x00000086b1000000)]
  0x000001ec41af5880 JavaThread "Unconstrained build operations Thread 26" [_thread_blocked, id=9184, stack(0x00000086b1000000,0x00000086b1100000)]
  0x000001ec41af3200 JavaThread "Unconstrained build operations Thread 27" [_thread_blocked, id=11644, stack(0x00000086b1100000,0x00000086b1200000)]
  0x000001ec41af4540 JavaThread "Unconstrained build operations Thread 28" [_thread_blocked, id=10316, stack(0x00000086b1200000,0x00000086b1300000)]
  0x000001ec41af2390 JavaThread "Unconstrained build operations Thread 29" [_thread_blocked, id=18668, stack(0x00000086b1300000,0x00000086b1400000)]
  0x000001ec41af4070 JavaThread "Unconstrained build operations Thread 30" [_thread_blocked, id=9824, stack(0x00000086b1400000,0x00000086b1500000)]
  0x000001ec41af4a10 JavaThread "Unconstrained build operations Thread 31" [_thread_blocked, id=19100, stack(0x00000086b1500000,0x00000086b1600000)]
  0x000001ec41af4ee0 JavaThread "Unconstrained build operations Thread 32" [_thread_blocked, id=15484, stack(0x00000086b1600000,0x00000086b1700000)]
  0x000001ec41af53b0 JavaThread "Unconstrained build operations Thread 33" [_thread_blocked, id=15664, stack(0x00000086b1700000,0x00000086b1800000)]
  0x000001ec41af5d50 JavaThread "Unconstrained build operations Thread 34" [_thread_blocked, id=9848, stack(0x00000086b1800000,0x00000086b1900000)]
  0x000001ec41af2860 JavaThread "Unconstrained build operations Thread 35" [_thread_blocked, id=13668, stack(0x00000086b1900000,0x00000086b1a00000)]
  0x000001ec43b39750 JavaThread "Unconstrained build operations Thread 36" [_thread_blocked, id=19172, stack(0x00000086b1a00000,0x00000086b1b00000)]
  0x000001ec43b3df80 JavaThread "Unconstrained build operations Thread 37" [_thread_blocked, id=8316, stack(0x00000086b1b00000,0x00000086b1c00000)]
  0x000001ec43b3b430 JavaThread "Unconstrained build operations Thread 38" [_thread_blocked, id=7340, stack(0x00000086b1c00000,0x00000086b1d00000)]
  0x000001ec43b3aa90 JavaThread "Unconstrained build operations Thread 39" [_thread_blocked, id=32, stack(0x00000086b1d00000,0x00000086b1e00000)]
  0x000001ec43b36c00 JavaThread "Unconstrained build operations Thread 40" [_thread_blocked, id=8460, stack(0x00000086b1e00000,0x00000086b1f00000)]
  0x000001ec43b3d5e0 JavaThread "Unconstrained build operations Thread 41" [_thread_blocked, id=8496, stack(0x00000086b1f00000,0x00000086b2000000)]
  0x000001ec43b3c770 JavaThread "Unconstrained build operations Thread 42" [_thread_blocked, id=15072, stack(0x00000086b2000000,0x00000086b2100000)]
  0x000001ec43b38410 JavaThread "Unconstrained build operations Thread 43" [_thread_blocked, id=9820, stack(0x00000086b2100000,0x00000086b2200000)]
  0x000001ec43b39280 JavaThread "Unconstrained build operations Thread 44" [_thread_blocked, id=17752, stack(0x00000086b2200000,0x00000086b2300000)]
  0x000001ec43b3e450 JavaThread "Unconstrained build operations Thread 45" [_thread_blocked, id=10832, stack(0x00000086b2300000,0x00000086b2400000)]
  0x000001ec43b3dab0 JavaThread "Unconstrained build operations Thread 46" [_thread_blocked, id=17524, stack(0x00000086b2400000,0x00000086b2500000)]
  0x000001ec43b39c20 JavaThread "Unconstrained build operations Thread 47" [_thread_blocked, id=7868, stack(0x00000086b2500000,0x00000086b2600000)]
  0x000001ec43b3a0f0 JavaThread "Unconstrained build operations Thread 48" [_thread_blocked, id=7324, stack(0x00000086b2600000,0x00000086b2700000)]
  0x000001ec43b3c2a0 JavaThread "Unconstrained build operations Thread 49" [_thread_blocked, id=3428, stack(0x00000086b2700000,0x00000086b2800000)]
  0x000001ec43b370d0 JavaThread "Unconstrained build operations Thread 50" [_thread_blocked, id=18280, stack(0x00000086b2800000,0x00000086b2900000)]
  0x000001ec43b3bdd0 JavaThread "Unconstrained build operations Thread 51" [_thread_blocked, id=6596, stack(0x00000086b2900000,0x00000086b2a00000)]
  0x000001ec43b3af60 JavaThread "Unconstrained build operations Thread 52" [_thread_blocked, id=15500, stack(0x00000086b2a00000,0x00000086b2b00000)]
  0x000001ec43b3a5c0 JavaThread "Unconstrained build operations Thread 53" [_thread_blocked, id=17904, stack(0x00000086b2b00000,0x00000086b2c00000)]
  0x000001ec43b3b900 JavaThread "Unconstrained build operations Thread 54" [_thread_blocked, id=17448, stack(0x00000086b2c00000,0x00000086b2d00000)]
  0x000001ec43b375a0 JavaThread "Unconstrained build operations Thread 55" [_thread_blocked, id=7460, stack(0x00000086b2d00000,0x00000086b2e00000)]
  0x000001ec43b3cc40 JavaThread "Unconstrained build operations Thread 56" [_thread_blocked, id=9304, stack(0x00000086b2e00000,0x00000086b2f00000)]
  0x000001ec43b3d110 JavaThread "Unconstrained build operations Thread 57" [_thread_blocked, id=11636, stack(0x00000086b2f00000,0x00000086b3000000)]
  0x000001ec43b37a70 JavaThread "Unconstrained build operations Thread 58" [_thread_blocked, id=7840, stack(0x00000086b3000000,0x00000086b3100000)]
  0x000001ec43b37f40 JavaThread "Unconstrained build operations Thread 59" [_thread_blocked, id=6132, stack(0x00000086b3100000,0x00000086b3200000)]
  0x000001ec43b388e0 JavaThread "Unconstrained build operations Thread 60" [_thread_blocked, id=6124, stack(0x00000086b3200000,0x00000086b3300000)]
  0x000001ec43b38db0 JavaThread "Unconstrained build operations Thread 61" [_thread_blocked, id=5424, stack(0x00000086b3300000,0x00000086b3400000)]
  0x000001ec3e672f70 JavaThread "Unconstrained build operations Thread 62" [_thread_blocked, id=10396, stack(0x00000086b3400000,0x00000086b3500000)]
  0x000001ec3e672aa0 JavaThread "Unconstrained build operations Thread 63" [_thread_blocked, id=15684, stack(0x00000086b3500000,0x00000086b3600000)]
  0x000001ec3e6777a0 JavaThread "Unconstrained build operations Thread 64" [_thread_blocked, id=1816, stack(0x00000086b3600000,0x00000086b3700000)]
  0x000001ec3e676460 JavaThread "Unconstrained build operations Thread 65" [_thread_blocked, id=19184, stack(0x00000086b3700000,0x00000086b3800000)]
  0x000001ec3e677c70 JavaThread "Unconstrained build operations Thread 66" [_thread_blocked, id=564, stack(0x00000086b3800000,0x00000086b3900000)]
  0x000001ec3e6708f0 JavaThread "Unconstrained build operations Thread 67" [_thread_blocked, id=12608, stack(0x00000086b3900000,0x00000086b3a00000)]
  0x000001ec3e678140 JavaThread "Unconstrained build operations Thread 68" [_thread_blocked, id=15648, stack(0x00000086b3a00000,0x00000086b3b00000)]
  0x000001ec3e676930 JavaThread "Unconstrained build operations Thread 69" [_thread_blocked, id=7464, stack(0x00000086b3b00000,0x00000086b3c00000)]
  0x000001ec3e673de0 JavaThread "Unconstrained build operations Thread 70" [_thread_blocked, id=12216, stack(0x00000086b3c00000,0x00000086b3d00000)]
  0x000001ec3e676e00 JavaThread "Unconstrained build operations Thread 71" [_thread_blocked, id=17316, stack(0x00000086b3d00000,0x00000086b3e00000)]
  0x000001ec3e674c50 JavaThread "Unconstrained build operations Thread 72" [_thread_blocked, id=9240, stack(0x00000086b3e00000,0x00000086b3f00000)]
  0x000001ec3e6742b0 JavaThread "Unconstrained build operations Thread 73" [_thread_blocked, id=15668, stack(0x00000086b3f00000,0x00000086b4000000)]
  0x000001ec3e675120 JavaThread "Unconstrained build operations Thread 74" [_thread_blocked, id=15524, stack(0x00000086b4000000,0x00000086b4100000)]
  0x000001ec3e6772d0 JavaThread "Unconstrained build operations Thread 75" [_thread_blocked, id=11904, stack(0x00000086b4100000,0x00000086b4200000)]
  0x000001ec3e670dc0 JavaThread "Unconstrained build operations Thread 76" [_thread_blocked, id=11252, stack(0x00000086b4200000,0x00000086b4300000)]
  0x000001ec3e674780 JavaThread "Unconstrained build operations Thread 77" [_thread_blocked, id=8408, stack(0x00000086b4300000,0x00000086b4400000)]
  0x000001ec3e6755f0 JavaThread "Unconstrained build operations Thread 78" [_thread_blocked, id=9464, stack(0x00000086b4400000,0x00000086b4500000)]
  0x000001ec3e673440 JavaThread "Unconstrained build operations Thread 79" [_thread_blocked, id=19056, stack(0x00000086b4500000,0x00000086b4600000)]
  0x000001ec3e673910 JavaThread "Unconstrained build operations Thread 80" [_thread_blocked, id=19096, stack(0x00000086b4600000,0x00000086b4700000)]
  0x000001ec3e675ac0 JavaThread "jar transforms Thread 6" [_thread_blocked, id=5268, stack(0x00000086b4700000,0x00000086b4800000)]
  0x000001ec3e6725d0 JavaThread "jar transforms Thread 7" [_thread_blocked, id=13788, stack(0x00000086b4800000,0x00000086b4900000)]
  0x000001ec3e675f90 JavaThread "jar transforms Thread 8" [_thread_blocked, id=15776, stack(0x00000086b4900000,0x00000086b4a00000)]
  0x000001ec3e671c30 JavaThread "build event listener" [_thread_blocked, id=12012, stack(0x00000086b4a00000,0x00000086b4b00000)]
  0x000001ec3ef637f0 JavaThread "Memory manager" [_thread_blocked, id=10360, stack(0x00000086b4b00000,0x00000086b4c00000)]

Other Threads:
=>0x000001ec3d5dc1c0 VMThread "VM Thread" [stack: 0x00000086ac300000,0x00000086ac400000] [id=6020]
  0x000001ec2383f250 WatcherThread [stack: 0x00000086acf00000,0x00000086ad000000] [id=9912]
  0x000001ec2380a810 GCTaskThread "GC Thread#0" [stack: 0x00000086abe00000,0x00000086abf00000] [id=15492]
  0x000001ec3ef57d60 GCTaskThread "GC Thread#1" [stack: 0x00000086ad200000,0x00000086ad300000] [id=8612]
  0x000001ec3ef58010 GCTaskThread "GC Thread#2" [stack: 0x00000086ad300000,0x00000086ad400000] [id=7004]
  0x000001ec3e5fe270 GCTaskThread "GC Thread#3" [stack: 0x00000086ad400000,0x00000086ad500000] [id=10308]
  0x000001ec3f763830 GCTaskThread "GC Thread#4" [stack: 0x00000086ad500000,0x00000086ad600000] [id=18364]
  0x000001ec40544550 GCTaskThread "GC Thread#5" [stack: 0x00000086ad100000,0x00000086ad200000] [id=17564]
  0x000001ec3f9eb640 GCTaskThread "GC Thread#6" [stack: 0x00000086ae000000,0x00000086ae100000] [id=18848]
  0x000001ec40430c50 GCTaskThread "GC Thread#7" [stack: 0x00000086ae100000,0x00000086ae200000] [id=19024]
  0x000001ec2381b660 ConcurrentGCThread "G1 Main Marker" [stack: 0x00000086abf00000,0x00000086ac000000] [id=1952]
  0x000001ec2381cb40 ConcurrentGCThread "G1 Conc#0" [stack: 0x00000086ac000000,0x00000086ac100000] [id=6908]
  0x000001ec40c4ac50 ConcurrentGCThread "G1 Conc#1" [stack: 0x00000086ae200000,0x00000086ae300000] [id=4452]
  0x000001ec3d484170 ConcurrentGCThread "G1 Refine#0" [stack: 0x00000086ac100000,0x00000086ac200000] [id=14956]
  0x000001ec40d24d00 ConcurrentGCThread "G1 Refine#1" [stack: 0x00000086af100000,0x00000086af200000] [id=14292]
  0x000001ec3d484aa0 ConcurrentGCThread "G1 Service" [stack: 0x00000086ac200000,0x00000086ac300000] [id=14372]

Threads with active compile tasks:
C2 CompilerThread0     9842 7250       4       org.objectweb.asm.Type::getType (122 bytes)
C1 CompilerThread0     9842 7254       3       com.google.common.collect.AbstractMapBasedMultimap::get (31 bytes)
C2 CompilerThread1     9842 7174       4       java.util.jar.JarFile::maybeInstantiateVerifier (42 bytes)

VM state: at safepoint (normal execution)

VM Mutex/Monitor currently owned by a thread:  ([mutex/lock_event])
[0x000001ec237ab6d0] Threads_lock - owner thread: 0x000001ec3d5dc1c0
[0x000001ec237ab880] Heap_lock - owner thread: 0x000001ec3ef60300

Heap address: 0x0000000080000000, size: 2048 MB, Compressed Oops mode: 32-bit

CDS archive(s) not mapped
Compressed class space mapped at: 0x0000000100000000-0x0000000140000000, reserved size: 1073741824
Narrow klass base: 0x0000000000000000, Narrow klass shift: 3, Narrow klass range: 0x140000000

GC Precious Log:
 CPUs: 8 total, 8 available
 Memory: 12285M
 Large Page Support: Disabled
 NUMA Support: Disabled
 Compressed Oops: Enabled (32-bit)
 Heap Region Size: 1M
 Heap Min Capacity: 8M
 Heap Initial Capacity: 192M
 Heap Max Capacity: 2G
 Pre-touch: Disabled
 Parallel Workers: 8
 Concurrent Workers: 2
 Concurrent Refinement Workers: 8
 Periodic GC: Disabled

Heap:
 garbage-first heap   total 155648K, used 61230K [0x0000000080000000, 0x0000000100000000)
  region size 1024K, 2 young (2048K), 2 survivors (2048K)
 Metaspace       used 73059K, committed 73600K, reserved 1114112K
  class space    used 9871K, committed 10112K, reserved 1048576K

Heap Regions: E=young(eden), S=young(survivor), O=old, HS=humongous(starts), HC=humongous(continues), CS=collection set, F=free, OA=open archive, CA=closed archive, TAMS=top-at-mark-start (previous, next)
|   0|0x0000000080000000, 0x0000000080100000, 0x0000000080100000|100%|HS|  |TAMS 0x0000000080100000, 0x0000000080000000| Complete 
|   1|0x0000000080100000, 0x0000000080200000, 0x0000000080200000|100%|HC|  |TAMS 0x0000000080200000, 0x0000000080100000| Complete 
|   2|0x0000000080200000, 0x0000000080300000, 0x0000000080300000|100%|HC|  |TAMS 0x0000000080300000, 0x0000000080200000| Complete 
|   3|0x0000000080300000, 0x0000000080400000, 0x0000000080400000|100%|HC|  |TAMS 0x0000000080400000, 0x0000000080300000| Complete 
|   4|0x0000000080400000, 0x0000000080500000, 0x0000000080500000|100%| O|  |TAMS 0x0000000080500000, 0x0000000080400000| Untracked 
|   5|0x0000000080500000, 0x0000000080600000, 0x0000000080600000|100%| O|  |TAMS 0x0000000080600000, 0x0000000080500000| Untracked 
|   6|0x0000000080600000, 0x0000000080700000, 0x0000000080700000|100%| O|  |TAMS 0x0000000080700000, 0x0000000080600000| Untracked 
|   7|0x0000000080700000, 0x0000000080800000, 0x0000000080800000|100%| O|  |TAMS 0x0000000080800000, 0x0000000080700000| Untracked 
|   8|0x0000000080800000, 0x0000000080900000, 0x0000000080900000|100%| O|  |TAMS 0x0000000080900000, 0x0000000080800000| Untracked 
|   9|0x0000000080900000, 0x0000000080a00000, 0x0000000080a00000|100%| O|  |TAMS 0x0000000080a00000, 0x0000000080900000| Untracked 
|  10|0x0000000080a00000, 0x0000000080b00000, 0x0000000080b00000|100%| O|  |TAMS 0x0000000080b00000, 0x0000000080a00000| Untracked 
|  11|0x0000000080b00000, 0x0000000080c00000, 0x0000000080c00000|100%| O|  |TAMS 0x0000000080b00000, 0x0000000080b00000| Untracked 
|  12|0x0000000080c00000, 0x0000000080d00000, 0x0000000080d00000|100%| O|  |TAMS 0x0000000080d00000, 0x0000000080c00000| Untracked 
|  13|0x0000000080d00000, 0x0000000080e00000, 0x0000000080e00000|100%| O|  |TAMS 0x0000000080e00000, 0x0000000080d00000| Untracked 
|  14|0x0000000080e00000, 0x0000000080f00000, 0x0000000080f00000|100%| O|  |TAMS 0x0000000080f00000, 0x0000000080e00000| Untracked 
|  15|0x0000000080f00000, 0x0000000081000000, 0x0000000081000000|100%| O|  |TAMS 0x0000000081000000, 0x0000000080f00000| Untracked 
|  16|0x0000000081000000, 0x0000000081100000, 0x0000000081100000|100%| O|  |TAMS 0x0000000081100000, 0x0000000081000000| Untracked 
|  17|0x0000000081100000, 0x0000000081200000, 0x0000000081200000|100%| O|  |TAMS 0x0000000081200000, 0x0000000081100000| Untracked 
|  18|0x0000000081200000, 0x0000000081300000, 0x0000000081300000|100%| O|  |TAMS 0x0000000081300000, 0x0000000081200000| Untracked 
|  19|0x0000000081300000, 0x0000000081400000, 0x0000000081400000|100%| O|  |TAMS 0x0000000081400000, 0x0000000081300000| Untracked 
|  20|0x0000000081400000, 0x0000000081500000, 0x0000000081500000|100%| O|  |TAMS 0x0000000081500000, 0x0000000081400000| Untracked 
|  21|0x0000000081500000, 0x0000000081600000, 0x0000000081600000|100%| O|  |TAMS 0x0000000081600000, 0x0000000081500000| Untracked 
|  22|0x0000000081600000, 0x0000000081700000, 0x0000000081700000|100%| O|  |TAMS 0x0000000081700000, 0x0000000081600000| Untracked 
|  23|0x0000000081700000, 0x0000000081800000, 0x0000000081800000|100%| O|  |TAMS 0x0000000081800000, 0x0000000081700000| Untracked 
|  24|0x0000000081800000, 0x0000000081900000, 0x0000000081900000|100%| O|  |TAMS 0x0000000081900000, 0x0000000081800000| Untracked 
|  25|0x0000000081900000, 0x0000000081a00000, 0x0000000081a00000|100%| O|  |TAMS 0x0000000081a00000, 0x0000000081900000| Untracked 
|  26|0x0000000081a00000, 0x0000000081b00000, 0x0000000081b00000|100%| O|  |TAMS 0x0000000081b00000, 0x0000000081a00000| Untracked 
|  27|0x0000000081b00000, 0x0000000081c00000, 0x0000000081c00000|100%| O|  |TAMS 0x0000000081b00000, 0x0000000081b00000| Untracked 
|  28|0x0000000081c00000, 0x0000000081d00000, 0x0000000081d00000|100%| O|  |TAMS 0x0000000081d00000, 0x0000000081c00000| Untracked 
|  29|0x0000000081d00000, 0x0000000081e00000, 0x0000000081e00000|100%| O|  |TAMS 0x0000000081e00000, 0x0000000081d00000| Untracked 
|  30|0x0000000081e00000, 0x0000000081f00000, 0x0000000081f00000|100%| O|  |TAMS 0x0000000081f00000, 0x0000000081e00000| Untracked 
|  31|0x0000000081f00000, 0x0000000082000000, 0x0000000082000000|100%| O|  |TAMS 0x0000000082000000, 0x0000000081f00000| Untracked 
|  32|0x0000000082000000, 0x0000000082100000, 0x0000000082100000|100%| O|  |TAMS 0x0000000082100000, 0x0000000082000000| Untracked 
|  33|0x0000000082100000, 0x0000000082200000, 0x0000000082200000|100%| O|  |TAMS 0x0000000082200000, 0x0000000082100000| Untracked 
|  34|0x0000000082200000, 0x0000000082300000, 0x0000000082300000|100%|HS|  |TAMS 0x0000000082300000, 0x0000000082200000| Complete 
|  35|0x0000000082300000, 0x0000000082400000, 0x0000000082400000|100%|HS|  |TAMS 0x0000000082400000, 0x0000000082300000| Complete 
|  36|0x0000000082400000, 0x0000000082500000, 0x0000000082500000|100%| O|  |TAMS 0x0000000082500000, 0x0000000082400000| Untracked 
|  37|0x0000000082500000, 0x0000000082600000, 0x0000000082600000|100%| O|  |TAMS 0x0000000082600000, 0x0000000082500000| Untracked 
|  38|0x0000000082600000, 0x0000000082700000, 0x0000000082700000|100%| O|  |TAMS 0x0000000082700000, 0x0000000082600000| Untracked 
|  39|0x0000000082700000, 0x0000000082800000, 0x0000000082800000|100%| O|  |TAMS 0x0000000082800000, 0x0000000082700000| Untracked 
|  40|0x0000000082800000, 0x0000000082900000, 0x0000000082900000|100%|HS|  |TAMS 0x0000000082900000, 0x0000000082800000| Complete 
|  41|0x0000000082900000, 0x0000000082a00000, 0x0000000082a00000|100%| O|  |TAMS 0x0000000082a00000, 0x0000000082900000| Untracked 
|  42|0x0000000082a00000, 0x0000000082b00000, 0x0000000082b00000|100%| O|  |TAMS 0x0000000082b00000, 0x0000000082a00000| Untracked 
|  43|0x0000000082b00000, 0x0000000082c00000, 0x0000000082c00000|100%| O|  |TAMS 0x0000000082c00000, 0x0000000082b00000| Untracked 
|  44|0x0000000082c00000, 0x0000000082d00000, 0x0000000082d00000|100%| O|  |TAMS 0x0000000082d00000, 0x0000000082c00000| Untracked 
|  45|0x0000000082d00000, 0x0000000082e00000, 0x0000000082e00000|100%| O|  |TAMS 0x0000000082e00000, 0x0000000082d00000| Untracked 
|  46|0x0000000082e00000, 0x0000000082f00000, 0x0000000082f00000|100%| O|  |TAMS 0x0000000082f00000, 0x0000000082e00000| Untracked 
|  47|0x0000000082f00000, 0x0000000083000000, 0x0000000083000000|100%| O|  |TAMS 0x0000000083000000, 0x0000000082f00000| Untracked 
|  48|0x0000000083000000, 0x0000000083100000, 0x0000000083100000|100%| O|  |TAMS 0x0000000083000000, 0x0000000083000000| Untracked 
|  49|0x0000000083100000, 0x0000000083200000, 0x0000000083200000|100%| O|  |TAMS 0x0000000083100000, 0x0000000083100000| Untracked 
|  50|0x0000000083200000, 0x0000000083300000, 0x0000000083300000|100%| O|  |TAMS 0x0000000083300000, 0x0000000083200000| Untracked 
|  51|0x0000000083300000, 0x0000000083400000, 0x0000000083400000|100%| O|  |TAMS 0x0000000083400000, 0x0000000083300000| Untracked 
|  52|0x0000000083400000, 0x0000000083400000, 0x0000000083500000|  0%| F|  |TAMS 0x0000000083400000, 0x0000000083400000| Untracked 
|  53|0x0000000083500000, 0x0000000083600000, 0x0000000083600000|100%| O|  |TAMS 0x0000000083600000, 0x0000000083500000| Untracked 
|  54|0x0000000083600000, 0x0000000083700000, 0x0000000083700000|100%| O|  |TAMS 0x0000000083700000, 0x0000000083600000| Untracked 
|  55|0x0000000083700000, 0x0000000083800000, 0x0000000083800000|100%| O|  |TAMS 0x0000000083700000, 0x0000000083700000| Untracked 
|  56|0x0000000083800000, 0x0000000083900000, 0x0000000083900000|100%| O|  |TAMS 0x0000000083900000, 0x0000000083800000| Untracked 
|  57|0x0000000083900000, 0x0000000083a00000, 0x0000000083a00000|100%| O|  |TAMS 0x00000000839d9800, 0x0000000083900000| Untracked 
|  58|0x0000000083a00000, 0x0000000083b00000, 0x0000000083b00000|100%| O|  |TAMS 0x0000000083a00000, 0x0000000083a00000| Untracked 
|  59|0x0000000083b00000, 0x0000000083b0f600, 0x0000000083c00000|  6%| O|  |TAMS 0x0000000083b00000, 0x0000000083b00000| Untracked 
|  60|0x0000000083c00000, 0x0000000083c00000, 0x0000000083d00000|  0%| F|  |TAMS 0x0000000083c00000, 0x0000000083c00000| Untracked 
|  61|0x0000000083d00000, 0x0000000083d00000, 0x0000000083e00000|  0%| F|  |TAMS 0x0000000083d00000, 0x0000000083d00000| Untracked 
|  62|0x0000000083e00000, 0x0000000083e00000, 0x0000000083f00000|  0%| F|  |TAMS 0x0000000083e00000, 0x0000000083e00000| Untracked 
|  63|0x0000000083f00000, 0x0000000083f00000, 0x0000000084000000|  0%| F|  |TAMS 0x0000000083f00000, 0x0000000083f00000| Untracked 
|  64|0x0000000084000000, 0x0000000084000000, 0x0000000084100000|  0%| F|  |TAMS 0x0000000084000000, 0x0000000084000000| Untracked 
|  65|0x0000000084100000, 0x0000000084100000, 0x0000000084200000|  0%| F|  |TAMS 0x0000000084100000, 0x0000000084100000| Untracked 
|  66|0x0000000084200000, 0x0000000084200000, 0x0000000084300000|  0%| F|  |TAMS 0x0000000084200000, 0x0000000084200000| Untracked 
|  67|0x0000000084300000, 0x0000000084300000, 0x0000000084400000|  0%| F|  |TAMS 0x0000000084300000, 0x0000000084300000| Untracked 
|  68|0x0000000084400000, 0x0000000084400000, 0x0000000084500000|  0%| F|  |TAMS 0x0000000084400000, 0x0000000084400000| Untracked 
|  69|0x0000000084500000, 0x0000000084500000, 0x0000000084600000|  0%| F|  |TAMS 0x0000000084500000, 0x0000000084500000| Untracked 
|  70|0x0000000084600000, 0x0000000084600000, 0x0000000084700000|  0%| F|  |TAMS 0x0000000084600000, 0x0000000084600000| Untracked 
|  71|0x0000000084700000, 0x0000000084700000, 0x0000000084800000|  0%| F|  |TAMS 0x0000000084700000, 0x0000000084700000| Untracked 
|  72|0x0000000084800000, 0x0000000084800000, 0x0000000084900000|  0%| F|  |TAMS 0x0000000084800000, 0x0000000084800000| Untracked 
|  73|0x0000000084900000, 0x0000000084900000, 0x0000000084a00000|  0%| F|  |TAMS 0x0000000084900000, 0x0000000084900000| Untracked 
|  74|0x0000000084a00000, 0x0000000084a00000, 0x0000000084b00000|  0%| F|  |TAMS 0x0000000084a00000, 0x0000000084a00000| Untracked 
|  75|0x0000000084b00000, 0x0000000084b00000, 0x0000000084c00000|  0%| F|  |TAMS 0x0000000084b00000, 0x0000000084b00000| Untracked 
|  76|0x0000000084c00000, 0x0000000084c00000, 0x0000000084d00000|  0%| F|  |TAMS 0x0000000084c00000, 0x0000000084c00000| Untracked 
|  77|0x0000000084d00000, 0x0000000084d00000, 0x0000000084e00000|  0%| F|  |TAMS 0x0000000084d00000, 0x0000000084d00000| Untracked 
|  78|0x0000000084e00000, 0x0000000084e00000, 0x0000000084f00000|  0%| F|  |TAMS 0x0000000084e00000, 0x0000000084e00000| Untracked 
|  79|0x0000000084f00000, 0x0000000084fbc480, 0x0000000085000000| 73%| S|CS|TAMS 0x0000000084f00000, 0x0000000084f00000| Complete 
|  80|0x0000000085000000, 0x0000000085100000, 0x0000000085100000|100%| S|CS|TAMS 0x0000000085000000, 0x0000000085000000| Complete 
|  81|0x0000000085100000, 0x0000000085100000, 0x0000000085200000|  0%| F|  |TAMS 0x0000000085100000, 0x0000000085100000| Untracked 
|  82|0x0000000085200000, 0x0000000085200000, 0x0000000085300000|  0%| F|  |TAMS 0x0000000085200000, 0x0000000085200000| Untracked 
|  83|0x0000000085300000, 0x0000000085300000, 0x0000000085400000|  0%| F|  |TAMS 0x0000000085300000, 0x0000000085300000| Untracked 
|  84|0x0000000085400000, 0x0000000085400000, 0x0000000085500000|  0%| F|  |TAMS 0x0000000085400000, 0x0000000085400000| Untracked 
|  85|0x0000000085500000, 0x0000000085500000, 0x0000000085600000|  0%| F|  |TAMS 0x0000000085500000, 0x0000000085500000| Untracked 
|  86|0x0000000085600000, 0x0000000085600000, 0x0000000085700000|  0%| F|  |TAMS 0x0000000085600000, 0x0000000085600000| Untracked 
|  87|0x0000000085700000, 0x0000000085700000, 0x0000000085800000|  0%| F|  |TAMS 0x0000000085700000, 0x0000000085700000| Untracked 
|  88|0x0000000085800000, 0x0000000085800000, 0x0000000085900000|  0%| F|  |TAMS 0x0000000085800000, 0x0000000085800000| Untracked 
|  89|0x0000000085900000, 0x0000000085900000, 0x0000000085a00000|  0%| F|  |TAMS 0x0000000085900000, 0x0000000085900000| Untracked 
|  90|0x0000000085a00000, 0x0000000085a00000, 0x0000000085b00000|  0%| F|  |TAMS 0x0000000085a00000, 0x0000000085a00000| Untracked 
|  91|0x0000000085b00000, 0x0000000085b00000, 0x0000000085c00000|  0%| F|  |TAMS 0x0000000085b00000, 0x0000000085b00000| Untracked 
|  92|0x0000000085c00000, 0x0000000085c00000, 0x0000000085d00000|  0%| F|  |TAMS 0x0000000085c00000, 0x0000000085c00000| Untracked 
|  93|0x0000000085d00000, 0x0000000085d00000, 0x0000000085e00000|  0%| F|  |TAMS 0x0000000085d00000, 0x0000000085d00000| Untracked 
|  94|0x0000000085e00000, 0x0000000085e00000, 0x0000000085f00000|  0%| F|  |TAMS 0x0000000085e00000, 0x0000000085e00000| Untracked 
|  95|0x0000000085f00000, 0x0000000085f00000, 0x0000000086000000|  0%| F|  |TAMS 0x0000000085f00000, 0x0000000085f00000| Untracked 
|  96|0x0000000086000000, 0x0000000086000000, 0x0000000086100000|  0%| F|  |TAMS 0x0000000086000000, 0x0000000086000000| Untracked 
|  97|0x0000000086100000, 0x0000000086100000, 0x0000000086200000|  0%| F|  |TAMS 0x0000000086100000, 0x0000000086100000| Untracked 
|  98|0x0000000086200000, 0x0000000086200000, 0x0000000086300000|  0%| F|  |TAMS 0x0000000086200000, 0x0000000086200000| Untracked 
|  99|0x0000000086300000, 0x0000000086300000, 0x0000000086400000|  0%| F|  |TAMS 0x0000000086300000, 0x0000000086300000| Untracked 
| 100|0x0000000086400000, 0x0000000086400000, 0x0000000086500000|  0%| F|  |TAMS 0x0000000086400000, 0x0000000086400000| Untracked 
| 101|0x0000000086500000, 0x0000000086500000, 0x0000000086600000|  0%| F|  |TAMS 0x0000000086500000, 0x0000000086500000| Untracked 
| 102|0x0000000086600000, 0x0000000086600000, 0x0000000086700000|  0%| F|  |TAMS 0x0000000086600000, 0x0000000086600000| Untracked 
| 103|0x0000000086700000, 0x0000000086700000, 0x0000000086800000|  0%| F|  |TAMS 0x0000000086700000, 0x0000000086700000| Untracked 
| 104|0x0000000086800000, 0x0000000086800000, 0x0000000086900000|  0%| F|  |TAMS 0x0000000086800000, 0x0000000086800000| Untracked 
| 105|0x0000000086900000, 0x0000000086900000, 0x0000000086a00000|  0%| F|  |TAMS 0x0000000086900000, 0x0000000086900000| Untracked 
| 106|0x0000000086a00000, 0x0000000086a00000, 0x0000000086b00000|  0%| F|  |TAMS 0x0000000086a00000, 0x0000000086a00000| Untracked 
| 107|0x0000000086b00000, 0x0000000086b00000, 0x0000000086c00000|  0%| F|  |TAMS 0x0000000086b00000, 0x0000000086b00000| Untracked 
| 108|0x0000000086c00000, 0x0000000086c00000, 0x0000000086d00000|  0%| F|  |TAMS 0x0000000086c00000, 0x0000000086c00000| Untracked 
| 109|0x0000000086d00000, 0x0000000086d00000, 0x0000000086e00000|  0%| F|  |TAMS 0x0000000086d00000, 0x0000000086d00000| Untracked 
| 110|0x0000000086e00000, 0x0000000086e00000, 0x0000000086f00000|  0%| F|  |TAMS 0x0000000086e00000, 0x0000000086e00000| Untracked 
| 111|0x0000000086f00000, 0x0000000086f00000, 0x0000000087000000|  0%| F|  |TAMS 0x0000000086f00000, 0x0000000086f00000| Untracked 
| 112|0x0000000087000000, 0x0000000087000000, 0x0000000087100000|  0%| F|  |TAMS 0x0000000087000000, 0x0000000087000000| Untracked 
| 113|0x0000000087100000, 0x0000000087100000, 0x0000000087200000|  0%| F|  |TAMS 0x0000000087100000, 0x0000000087100000| Untracked 
| 114|0x0000000087200000, 0x0000000087200000, 0x0000000087300000|  0%| F|  |TAMS 0x0000000087200000, 0x0000000087200000| Untracked 
| 115|0x0000000087300000, 0x0000000087300000, 0x0000000087400000|  0%| F|  |TAMS 0x0000000087300000, 0x0000000087300000| Untracked 
| 116|0x0000000087400000, 0x0000000087400000, 0x0000000087500000|  0%| F|  |TAMS 0x0000000087400000, 0x0000000087400000| Untracked 
| 117|0x0000000087500000, 0x0000000087500000, 0x0000000087600000|  0%| F|  |TAMS 0x0000000087500000, 0x0000000087500000| Untracked 
| 118|0x0000000087600000, 0x0000000087600000, 0x0000000087700000|  0%| F|  |TAMS 0x0000000087600000, 0x0000000087600000| Untracked 
| 119|0x0000000087700000, 0x0000000087700000, 0x0000000087800000|  0%| F|  |TAMS 0x0000000087700000, 0x0000000087700000| Untracked 
| 120|0x0000000087800000, 0x0000000087800000, 0x0000000087900000|  0%| F|  |TAMS 0x0000000087800000, 0x0000000087800000| Untracked 
| 121|0x0000000087900000, 0x0000000087900000, 0x0000000087a00000|  0%| F|  |TAMS 0x0000000087900000, 0x0000000087900000| Untracked 
| 122|0x0000000087a00000, 0x0000000087a00000, 0x0000000087b00000|  0%| F|  |TAMS 0x0000000087a00000, 0x0000000087a00000| Untracked 
| 123|0x0000000087b00000, 0x0000000087b00000, 0x0000000087c00000|  0%| F|  |TAMS 0x0000000087b00000, 0x0000000087b00000| Untracked 
| 124|0x0000000087c00000, 0x0000000087c00000, 0x0000000087d00000|  0%| F|  |TAMS 0x0000000087c00000, 0x0000000087c00000| Untracked 
| 125|0x0000000087d00000, 0x0000000087d00000, 0x0000000087e00000|  0%| F|  |TAMS 0x0000000087d00000, 0x0000000087d00000| Untracked 
| 126|0x0000000087e00000, 0x0000000087e00000, 0x0000000087f00000|  0%| F|  |TAMS 0x0000000087e00000, 0x0000000087e00000| Untracked 
| 127|0x0000000087f00000, 0x0000000087f00000, 0x0000000088000000|  0%| F|  |TAMS 0x0000000087f00000, 0x0000000087f00000| Untracked 
| 128|0x0000000088000000, 0x0000000088000000, 0x0000000088100000|  0%| F|  |TAMS 0x0000000088000000, 0x0000000088000000| Untracked 
| 129|0x0000000088100000, 0x0000000088100000, 0x0000000088200000|  0%| F|  |TAMS 0x0000000088100000, 0x0000000088100000| Untracked 
| 130|0x0000000088200000, 0x0000000088200000, 0x0000000088300000|  0%| F|  |TAMS 0x0000000088200000, 0x0000000088200000| Untracked 
| 131|0x0000000088300000, 0x0000000088300000, 0x0000000088400000|  0%| F|  |TAMS 0x0000000088300000, 0x0000000088300000| Untracked 
| 132|0x0000000088400000, 0x0000000088400000, 0x0000000088500000|  0%| F|  |TAMS 0x0000000088400000, 0x0000000088400000| Untracked 
| 133|0x0000000088500000, 0x0000000088500000, 0x0000000088600000|  0%| F|  |TAMS 0x0000000088500000, 0x0000000088500000| Untracked 
| 134|0x0000000088600000, 0x0000000088600000, 0x0000000088700000|  0%| F|  |TAMS 0x0000000088600000, 0x0000000088600000| Untracked 
| 135|0x0000000088700000, 0x0000000088700000, 0x0000000088800000|  0%| F|  |TAMS 0x0000000088700000, 0x0000000088700000| Untracked 
| 136|0x0000000088800000, 0x0000000088800000, 0x0000000088900000|  0%| F|  |TAMS 0x0000000088800000, 0x0000000088800000| Untracked 
| 137|0x0000000088900000, 0x0000000088900000, 0x0000000088a00000|  0%| F|  |TAMS 0x0000000088900000, 0x0000000088900000| Untracked 
| 138|0x0000000088a00000, 0x0000000088a00000, 0x0000000088b00000|  0%| F|  |TAMS 0x0000000088a00000, 0x0000000088a00000| Untracked 
| 139|0x0000000088b00000, 0x0000000088b00000, 0x0000000088c00000|  0%| F|  |TAMS 0x0000000088b00000, 0x0000000088b00000| Untracked 
| 140|0x0000000088c00000, 0x0000000088c00000, 0x0000000088d00000|  0%| F|  |TAMS 0x0000000088c00000, 0x0000000088c00000| Untracked 
| 141|0x0000000088d00000, 0x0000000088d00000, 0x0000000088e00000|  0%| F|  |TAMS 0x0000000088d00000, 0x0000000088d00000| Untracked 
| 142|0x0000000088e00000, 0x0000000088e00000, 0x0000000088f00000|  0%| F|  |TAMS 0x0000000088e00000, 0x0000000088e00000| Untracked 
| 143|0x0000000088f00000, 0x0000000088f00000, 0x0000000089000000|  0%| F|  |TAMS 0x0000000088f00000, 0x0000000088f00000| Untracked 
| 144|0x0000000089000000, 0x0000000089000000, 0x0000000089100000|  0%| F|  |TAMS 0x0000000089000000, 0x0000000089000000| Untracked 
| 145|0x0000000089100000, 0x0000000089100000, 0x0000000089200000|  0%| F|  |TAMS 0x0000000089100000, 0x0000000089100000| Untracked 
| 146|0x0000000089200000, 0x0000000089200000, 0x0000000089300000|  0%| F|  |TAMS 0x0000000089200000, 0x0000000089200000| Untracked 
| 147|0x0000000089300000, 0x0000000089300000, 0x0000000089400000|  0%| F|  |TAMS 0x0000000089300000, 0x0000000089300000| Untracked 
| 148|0x0000000089400000, 0x0000000089400000, 0x0000000089500000|  0%| F|  |TAMS 0x0000000089400000, 0x0000000089400000| Untracked 
| 149|0x0000000089500000, 0x0000000089500000, 0x0000000089600000|  0%| F|  |TAMS 0x0000000089500000, 0x0000000089500000| Untracked 
| 150|0x0000000089600000, 0x0000000089600000, 0x0000000089700000|  0%| F|  |TAMS 0x0000000089600000, 0x0000000089600000| Untracked 
| 191|0x000000008bf00000, 0x000000008bf00000, 0x000000008c000000|  0%| F|  |TAMS 0x000000008bf00000, 0x000000008bf00000| Untracked 

Card table byte_map: [0x000001ec363a0000,0x000001ec367a0000] _byte_map_base: 0x000001ec35fa0000

Marking Bits (Prev, Next): (CMBitMap*) 0x000001ec2380ad30, (CMBitMap*) 0x000001ec2380ad70
 Prev Bits: [0x000001ec36ba0000, 0x000001ec38ba0000)
 Next Bits: [0x000001ec38ba0000, 0x000001ec3aba0000)

Polling page: 0x000001ec21770000

Metaspace:

Usage:
  Non-class:     61.71 MB used.
      Class:      9.64 MB used.
       Both:     71.35 MB used.

Virtual space:
  Non-class space:       64.00 MB reserved,      62.00 MB ( 97%) committed,  8 nodes.
      Class space:        1.00 GB reserved,       9.88 MB ( <1%) committed,  1 nodes.
             Both:        1.06 GB reserved,      71.88 MB (  7%) committed. 

Chunk freelists:
   Non-Class:  1.70 MB
       Class:  2.09 MB
        Both:  3.79 MB

MaxMetaspaceSize: unlimited
CompressedClassSpaceSize: 1.00 GB
Initial GC threshold: 21.00 MB
Current GC threshold: 109.81 MB
CDS: off
MetaspaceReclaimPolicy: balanced
 - commit_granule_bytes: 65536.
 - commit_granule_words: 8192.
 - virtual_space_node_default_size: 1048576.
 - enlarge_chunks_in_place: 1.
 - new_chunks_are_fully_committed: 0.
 - uncommit_free_chunks: 1.
 - use_allocation_guard: 0.
 - handle_deallocations: 1.


Internal statistics:

num_allocs_failed_limit: 6.
num_arena_births: 640.
num_arena_deaths: 0.
num_vsnodes_births: 9.
num_vsnodes_deaths: 0.
num_space_committed: 1150.
num_space_uncommitted: 0.
num_chunks_returned_to_freelist: 6.
num_chunks_taken_from_freelist: 3093.
num_chunk_merges: 6.
num_chunk_splits: 2101.
num_chunks_enlarged: 1444.
num_purges: 0.
num_inconsistent_stats: 0.

CodeHeap 'non-profiled nmethods': size=120000Kb used=3799Kb max_used=3799Kb free=116200Kb
 bounds [0x000001ec2e740000, 0x000001ec2eb00000, 0x000001ec35c70000]
CodeHeap 'profiled nmethods': size=120000Kb used=12410Kb max_used=12410Kb free=107589Kb
 bounds [0x000001ec26c70000, 0x000001ec27890000, 0x000001ec2e1a0000]
CodeHeap 'non-nmethods': size=5760Kb used=2356Kb max_used=2409Kb free=3403Kb
 bounds [0x000001ec2e1a0000, 0x000001ec2e410000, 0x000001ec2e740000]
 total_blobs=7296 nmethods=6412 adapters=797
 compilation: enabled
              stopped_count=0, restarted_count=0
 full_count=0

Compilation events (20 events):
Event: 9.794 Thread 0x000001ec41b3dd50 7245       4       org.objectweb.asm.SymbolTable::addConstantClass (8 bytes)
Event: 9.794 Thread 0x000001ec3e077d50 7246       3       org.gradle.internal.instantiation.generator.AsmBackedClassGenerator$ClassBuilderImpl::access$7900 (4 bytes)
Event: 9.795 Thread 0x000001ec3e077d50 nmethod 7246 0x000001ec272d9910 code [0x000001ec272d9aa0, 0x000001ec272d9b98]
Event: 9.795 Thread 0x000001ec41b3dd50 nmethod 7245 0x000001ec2eaf4d90 code [0x000001ec2eaf4f20, 0x000001ec2eaf4fc8]
Event: 9.798 Thread 0x000001ec3e075430 nmethod 7243 0x000001ec2eaf5090 code [0x000001ec2eaf5240, 0x000001ec2eaf5548]
Event: 9.798 Thread 0x000001ec3e077d50 7247       3       jdk.internal.reflect.ByteVectorImpl::put (27 bytes)
Event: 9.798 Thread 0x000001ec3e077d50 nmethod 7247 0x000001ec2788ae10 code [0x000001ec2788afc0, 0x000001ec2788b1a8]
Event: 9.798 Thread 0x000001ec3e077d50 7248       3       java.security.ProtectionDomain::<init> (98 bytes)
Event: 9.799 Thread 0x000001ec3e077d50 nmethod 7248 0x000001ec2788b310 code [0x000001ec2788b520, 0x000001ec2788bfa8]
Event: 9.799 Thread 0x000001ec3e077d50 7249       1       org.gradle.internal.instantiation.generator.AbstractClassGenerator$PropertyMetadata::access$2400 (5 bytes)
Event: 9.799 Thread 0x000001ec3e077d50 nmethod 7249 0x000001ec2eaf5810 code [0x000001ec2eaf59a0, 0x000001ec2eaf5a58]
Event: 9.799 Thread 0x000001ec3e075430 7250       4       org.objectweb.asm.Type::getType (122 bytes)
Event: 9.801 Thread 0x000001ec3e077d50 7251       3       org.gradle.api.internal.provider.Providers::fixedValue (68 bytes)
Event: 9.802 Thread 0x000001ec3e077d50 nmethod 7251 0x000001ec2788c210 code [0x000001ec2788c520, 0x000001ec2788d918]
Event: 9.806 Thread 0x000001ec3e077d50 7252       3       org.gradle.internal.reflect.annotations.impl.DefaultTypeAnnotationMetadataStore$PropertyAnnotationMetadataBuilder$$Lambda$727/0x0000000100756dc8::apply (13 bytes)
Event: 9.806 Thread 0x000001ec3e077d50 nmethod 7252 0x000001ec2788e010 code [0x000001ec2788e1c0, 0x000001ec2788e588]
Event: 9.806 Thread 0x000001ec3e077d50 7253       1       org.gradle.internal.execution.model.annotations.ModifierAnnotationCategory::getDisplayName (5 bytes)
Event: 9.806 Thread 0x000001ec3e077d50 nmethod 7253 0x000001ec2eaf5b10 code [0x000001ec2eaf5ca0, 0x000001ec2eaf5d78]
Event: 9.806 Thread 0x000001ec3e077d50 7254       3       com.google.common.collect.AbstractMapBasedMultimap::get (31 bytes)
Event: 9.806 Thread 0x000001ec3e077d50 nmethod 7254 0x000001ec2788e690 code [0x000001ec2788e860, 0x000001ec2788ed08]

GC Heap History (20 events):
Event: 7.025 GC heap after
{Heap after GC invocations=19 (full 0):
 garbage-first heap   total 82944K, used 47334K [0x0000000080000000, 0x0000000100000000)
  region size 1024K, 1 young (1024K), 1 survivors (1024K)
 Metaspace       used 54164K, committed 54592K, reserved 1097728K
  class space    used 7182K, committed 7360K, reserved 1048576K
}
Event: 7.316 GC heap before
{Heap before GC invocations=19 (full 0):
 garbage-first heap   total 82944K, used 64742K [0x0000000080000000, 0x0000000100000000)
  region size 1024K, 18 young (18432K), 1 survivors (1024K)
 Metaspace       used 56934K, committed 57344K, reserved 1105920K
  class space    used 7510K, committed 7680K, reserved 1048576K
}
Event: 7.318 GC heap after
{Heap after GC invocations=20 (full 0):
 garbage-first heap   total 114688K, used 47710K [0x0000000080000000, 0x0000000100000000)
  region size 1024K, 1 young (1024K), 1 survivors (1024K)
 Metaspace       used 56934K, committed 57344K, reserved 1105920K
  class space    used 7510K, committed 7680K, reserved 1048576K
}
Event: 8.022 GC heap before
{Heap before GC invocations=21 (full 0):
 garbage-first heap   total 114688K, used 88670K [0x0000000080000000, 0x0000000100000000)
  region size 1024K, 37 young (37888K), 1 survivors (1024K)
 Metaspace       used 62757K, committed 63296K, reserved 1105920K
  class space    used 8294K, committed 8576K, reserved 1048576K
}
Event: 8.028 GC heap after
{Heap after GC invocations=22 (full 0):
 garbage-first heap   total 114688K, used 55524K [0x0000000080000000, 0x0000000100000000)
  region size 1024K, 5 young (5120K), 5 survivors (5120K)
 Metaspace       used 62757K, committed 63296K, reserved 1105920K
  class space    used 8294K, committed 8576K, reserved 1048576K
}
Event: 8.032 GC heap before
{Heap before GC invocations=22 (full 0):
 garbage-first heap   total 114688K, used 56548K [0x0000000080000000, 0x0000000100000000)
  region size 1024K, 6 young (6144K), 5 survivors (5120K)
 Metaspace       used 62757K, committed 63296K, reserved 1105920K
  class space    used 8294K, committed 8576K, reserved 1048576K
}
Event: 8.038 GC heap after
{Heap after GC invocations=23 (full 0):
 garbage-first heap   total 114688K, used 56102K [0x0000000080000000, 0x0000000100000000)
  region size 1024K, 1 young (1024K), 1 survivors (1024K)
 Metaspace       used 62757K, committed 63296K, reserved 1105920K
  class space    used 8294K, committed 8576K, reserved 1048576K
}
Event: 8.068 GC heap before
{Heap before GC invocations=23 (full 0):
 garbage-first heap   total 114688K, used 58150K [0x0000000080000000, 0x0000000100000000)
  region size 1024K, 4 young (4096K), 1 survivors (1024K)
 Metaspace       used 62763K, committed 63296K, reserved 1105920K
  class space    used 8294K, committed 8576K, reserved 1048576K
}
Event: 8.070 GC heap after
{Heap after GC invocations=24 (full 0):
 garbage-first heap   total 114688K, used 55696K [0x0000000080000000, 0x0000000100000000)
  region size 1024K, 1 young (1024K), 1 survivors (1024K)
 Metaspace       used 62763K, committed 63296K, reserved 1105920K
  class space    used 8294K, committed 8576K, reserved 1048576K
}
Event: 8.560 GC heap before
{Heap before GC invocations=25 (full 0):
 garbage-first heap   total 114688K, used 90512K [0x0000000080000000, 0x0000000100000000)
  region size 1024K, 33 young (33792K), 1 survivors (1024K)
 Metaspace       used 65760K, committed 66368K, reserved 1114112K
  class space    used 8683K, committed 8960K, reserved 1048576K
}
Event: 8.563 GC heap after
{Heap after GC invocations=26 (full 0):
 garbage-first heap   total 114688K, used 58577K [0x0000000080000000, 0x0000000100000000)
  region size 1024K, 3 young (3072K), 3 survivors (3072K)
 Metaspace       used 65760K, committed 66368K, reserved 1114112K
  class space    used 8683K, committed 8960K, reserved 1048576K
}
Event: 8.586 GC heap before
{Heap before GC invocations=26 (full 0):
 garbage-first heap   total 114688K, used 59601K [0x0000000080000000, 0x0000000100000000)
  region size 1024K, 5 young (5120K), 3 survivors (3072K)
 Metaspace       used 66033K, committed 66560K, reserved 1114112K
  class space    used 8720K, committed 8960K, reserved 1048576K
}
Event: 8.589 GC heap after
{Heap after GC invocations=27 (full 0):
 garbage-first heap   total 114688K, used 58591K [0x0000000080000000, 0x0000000100000000)
  region size 1024K, 1 young (1024K), 1 survivors (1024K)
 Metaspace       used 66033K, committed 66560K, reserved 1114112K
  class space    used 8720K, committed 8960K, reserved 1048576K
}
Event: 8.908 GC heap before
{Heap before GC invocations=27 (full 0):
 garbage-first heap   total 114688K, used 90335K [0x0000000080000000, 0x0000000100000000)
  region size 1024K, 32 young (32768K), 1 survivors (1024K)
 Metaspace       used 66919K, committed 67456K, reserved 1114112K
  class space    used 8845K, committed 9088K, reserved 1048576K
}
Event: 8.913 GC heap after
{Heap after GC invocations=28 (full 0):
 garbage-first heap   total 114688K, used 61446K [0x0000000080000000, 0x0000000100000000)
  region size 1024K, 4 young (4096K), 4 survivors (4096K)
 Metaspace       used 66919K, committed 67456K, reserved 1114112K
  class space    used 8845K, committed 9088K, reserved 1048576K
}
Event: 9.298 GC heap before
{Heap before GC invocations=29 (full 0):
 garbage-first heap   total 114688K, used 87046K [0x0000000080000000, 0x0000000100000000)
  region size 1024K, 33 young (33792K), 4 survivors (4096K)
 Metaspace       used 69068K, committed 69632K, reserved 1114112K
  class space    used 9134K, committed 9408K, reserved 1048576K
}
Event: 9.308 GC heap after
{Heap after GC invocations=30 (full 0):
 garbage-first heap   total 114688K, used 60444K [0x0000000080000000, 0x0000000100000000)
  region size 1024K, 4 young (4096K), 4 survivors (4096K)
 Metaspace       used 69068K, committed 69632K, reserved 1114112K
  class space    used 9134K, committed 9408K, reserved 1048576K
}
Event: 9.326 GC heap before
{Heap before GC invocations=30 (full 0):
 garbage-first heap   total 114688K, used 61468K [0x0000000080000000, 0x0000000100000000)
  region size 1024K, 5 young (5120K), 4 survivors (4096K)
 Metaspace       used 69213K, committed 69760K, reserved 1114112K
  class space    used 9152K, committed 9408K, reserved 1048576K
}
Event: 9.329 GC heap after
{Heap after GC invocations=31 (full 0):
 garbage-first heap   total 114688K, used 59982K [0x0000000080000000, 0x0000000100000000)
  region size 1024K, 1 young (1024K), 1 survivors (1024K)
 Metaspace       used 69213K, committed 69760K, reserved 1114112K
  class space    used 9152K, committed 9408K, reserved 1048576K
}
Event: 9.806 GC heap before
{Heap before GC invocations=31 (full 0):
 garbage-first heap   total 114688K, used 90702K [0x0000000080000000, 0x0000000100000000)
  region size 1024K, 31 young (31744K), 1 survivors (1024K)
 Metaspace       used 73059K, committed 73600K, reserved 1114112K
  class space    used 9871K, committed 10112K, reserved 1048576K
}

Dll operation events (2 events):
Event: 0.006 Loaded shared library C:\Program Files\Android\Android Studio\jbr\bin\java.dll
Event: 0.490 Loaded shared library C:\Program Files\Android\Android Studio\jbr\bin\verify.dll

Deoptimization events (20 events):
Event: 9.323 Thread 0x000001ec3ef60300 Uncommon trap: trap_request=0xffffff45 fr.pc=0x000001ec2e80a5dc relative=0x000000000000013c
Event: 9.323 Thread 0x000001ec3ef60300 Uncommon trap: reason=unstable_if action=reinterpret pc=0x000001ec2e80a5dc method=java.lang.AbstractStringBuilder.appendChars(Ljava/lang/String;II)V @ 11 c2
Event: 9.323 Thread 0x000001ec3ef60300 DEOPT PACKING pc=0x000001ec2e80a5dc sp=0x00000086adcf7700
Event: 9.323 Thread 0x000001ec3ef60300 DEOPT UNPACKING pc=0x000001ec2e1f69a3 sp=0x00000086adcf76b0 mode 2
Event: 9.324 Thread 0x000001ec3ef60300 Uncommon trap: trap_request=0xffffff45 fr.pc=0x000001ec2e79436c relative=0x00000000000004ac
Event: 9.324 Thread 0x000001ec3ef60300 Uncommon trap: reason=unstable_if action=reinterpret pc=0x000001ec2e79436c method=java.lang.AbstractStringBuilder.putStringAt(ILjava/lang/String;II)V @ 8 c2
Event: 9.324 Thread 0x000001ec3ef60300 DEOPT PACKING pc=0x000001ec2e79436c sp=0x00000086adcf77f0
Event: 9.324 Thread 0x000001ec3ef60300 DEOPT UNPACKING pc=0x000001ec2e1f69a3 sp=0x00000086adcf76c0 mode 2
Event: 9.324 Thread 0x000001ec3ef60300 Uncommon trap: trap_request=0xffffff45 fr.pc=0x000001ec2e77b0f0 relative=0x00000000000000f0
Event: 9.324 Thread 0x000001ec3ef60300 Uncommon trap: reason=unstable_if action=reinterpret pc=0x000001ec2e77b0f0 method=java.lang.String.getBytes([BIIBI)V @ 6 c2
Event: 9.324 Thread 0x000001ec3ef60300 DEOPT PACKING pc=0x000001ec2e77b0f0 sp=0x00000086adcf7660
Event: 9.324 Thread 0x000001ec3ef60300 DEOPT UNPACKING pc=0x000001ec2e1f69a3 sp=0x00000086adcf7628 mode 2
Event: 9.324 Thread 0x000001ec3ef60300 Uncommon trap: trap_request=0xffffff45 fr.pc=0x000001ec2e77ac3c relative=0x000000000000011c
Event: 9.324 Thread 0x000001ec3ef60300 Uncommon trap: reason=unstable_if action=reinterpret pc=0x000001ec2e77ac3c method=java.lang.AbstractStringBuilder.putStringAt(ILjava/lang/String;II)V @ 8 c2
Event: 9.324 Thread 0x000001ec3ef60300 DEOPT PACKING pc=0x000001ec2e77ac3c sp=0x00000086adcf7760
Event: 9.324 Thread 0x000001ec3ef60300 DEOPT UNPACKING pc=0x000001ec2e1f69a3 sp=0x00000086adcf76a8 mode 2
Event: 9.710 Thread 0x000001ec3ef60300 Uncommon trap: trap_request=0xffffff45 fr.pc=0x000001ec2ea20dac relative=0x000000000000026c
Event: 9.710 Thread 0x000001ec3ef60300 Uncommon trap: reason=unstable_if action=reinterpret pc=0x000001ec2ea20dac method=java.io.WinNTFileSystem.prefixLength(Ljava/lang/String;)I @ 11 c2
Event: 9.710 Thread 0x000001ec3ef60300 DEOPT PACKING pc=0x000001ec2ea20dac sp=0x00000086adcf8ee0
Event: 9.710 Thread 0x000001ec3ef60300 DEOPT UNPACKING pc=0x000001ec2e1f69a3 sp=0x00000086adcf8e60 mode 2

Classes unloaded (0 events):
No events

Classes redefined (0 events):
No events

Internal exceptions (20 events):
Event: 8.982 Thread 0x000001ec3ef60300 Exception <a 'java/lang/ClassNotFoundException'{0x000000008916ba90}: com/android/build/gradle/internal/dsl/BuildTypeCustomizer> (0x000000008916ba90) 
thrown [s\src\hotspot\share\classfile\systemDictionary.cpp, line 256]
Event: 8.988 Thread 0x000001ec3ef60300 Exception <a 'java/lang/ClassNotFoundException'{0x00000000891f5048}: com/android/build/gradle/internal/dsl/BuildType$AgpDecoratedCustomizer> (0x00000000891f5048) 
thrown [s\src\hotspot\share\classfile\systemDictionary.cpp, line 256]
Event: 8.991 Thread 0x000001ec3ef60300 Exception <a 'java/lang/ClassNotFoundException'{0x0000000089047c28}: com/android/build/gradle/internal/dsl/BuildType$AgpDecorated_DecoratedCustomizer> (0x0000000089047c28) 
thrown [s\src\hotspot\share\classfile\systemDictionary.cpp, line 256]
Event: 8.999 Thread 0x000001ec3ef60300 Exception <a 'java/lang/ClassNotFoundException'{0x0000000088f25440}: build_b1lodotahrmre28z846vrtwz5$_run_closure1$_closure4BeanInfo> (0x0000000088f25440) 
thrown [s\src\hotspot\share\classfile\systemDictionary.cpp, line 256]
Event: 8.999 Thread 0x000001ec3ef60300 Exception <a 'java/lang/ClassNotFoundException'{0x0000000088f2f9a0}: build_b1lodotahrmre28z846vrtwz5$_run_closure1$_closure4Customizer> (0x0000000088f2f9a0) 
thrown [s\src\hotspot\share\classfile\systemDictionary.cpp, line 256]
Event: 9.001 Thread 0x000001ec3ef60300 Exception <a 'java/lang/ClassNotFoundException'{0x0000000088f53570}: build_b1lodotahrmre28z846vrtwz5$_run_closure1BeanInfo> (0x0000000088f53570) 
thrown [s\src\hotspot\share\classfile\systemDictionary.cpp, line 256]
Event: 9.001 Thread 0x000001ec3ef60300 Exception <a 'java/lang/ClassNotFoundException'{0x0000000088f5e200}: build_b1lodotahrmre28z846vrtwz5$_run_closure1Customizer> (0x0000000088f5e200) 
thrown [s\src\hotspot\share\classfile\systemDictionary.cpp, line 256]
Event: 9.005 Thread 0x000001ec3ef60300 Exception <a 'java/lang/ClassNotFoundException'{0x0000000088f99770}: org/gradle/api/JavaVersionBeanInfo> (0x0000000088f99770) 
thrown [s\src\hotspot\share\classfile\systemDictionary.cpp, line 256]
Event: 9.006 Thread 0x000001ec3ef60300 Exception <a 'java/lang/ClassNotFoundException'{0x0000000088fae120}: org/gradle/api/JavaVersionCustomizer> (0x0000000088fae120) 
thrown [s\src\hotspot\share\classfile\systemDictionary.cpp, line 256]
Event: 9.009 Thread 0x000001ec3ef60300 Exception <a 'java/lang/ClassNotFoundException'{0x0000000088ff16f0}: com/android/build/gradle/internal/CompileOptions$AgpDecorated_DecoratedBeanInfo> (0x0000000088ff16f0) 
thrown [s\src\hotspot\share\classfile\systemDictionary.cpp, line 256]
Event: 9.010 Thread 0x000001ec3ef60300 Exception <a 'java/lang/ClassNotFoundException'{0x0000000088ffdd90}: com/android/build/gradle/internal/CompileOptions$AgpDecoratedBeanInfo> (0x0000000088ffdd90) 
thrown [s\src\hotspot\share\classfile\systemDictionary.cpp, line 256]
Event: 9.011 Thread 0x000001ec3ef60300 Exception <a 'java/lang/ClassNotFoundException'{0x000000008660a8b0}: com/android/build/gradle/internal/CompileOptionsBeanInfo> (0x000000008660a8b0) 
thrown [s\src\hotspot\share\classfile\systemDictionary.cpp, line 256]
Event: 9.011 Thread 0x000001ec3ef60300 Exception <a 'java/lang/ClassNotFoundException'{0x0000000086616df0}: com/android/build/gradle/internal/CompileOptionsCustomizer> (0x0000000086616df0) 
thrown [s\src\hotspot\share\classfile\systemDictionary.cpp, line 256]
Event: 9.012 Thread 0x000001ec3ef60300 Exception <a 'java/lang/ClassNotFoundException'{0x000000008662e710}: com/android/build/gradle/internal/CompileOptions$AgpDecoratedCustomizer> (0x000000008662e710) 
thrown [s\src\hotspot\share\classfile\systemDictionary.cpp, line 256]
Event: 9.012 Thread 0x000001ec3ef60300 Exception <a 'java/lang/ClassNotFoundException'{0x000000008663e4b0}: com/android/build/gradle/internal/CompileOptions$AgpDecorated_DecoratedCustomizer> (0x000000008663e4b0) 
thrown [s\src\hotspot\share\classfile\systemDictionary.cpp, line 256]
Event: 9.020 Thread 0x000001ec3ef60300 Exception <a 'java/lang/ClassNotFoundException'{0x00000000866b5488}: org/gradle/api/internal/artifacts/dsl/dependencies/DefaultDependencyHandler_DecoratedBeanInfo> (0x00000000866b5488) 
thrown [s\src\hotspot\share\classfile\systemDictionary.cpp, line 256]
Event: 9.021 Thread 0x000001ec3ef60300 Exception <a 'java/lang/ClassNotFoundException'{0x00000000866cc800}: org/gradle/api/internal/artifacts/dsl/dependencies/DefaultDependencyHandlerBeanInfo> (0x00000000866cc800) 
thrown [s\src\hotspot\share\classfile\systemDictionary.cpp, line 256]
Event: 9.022 Thread 0x000001ec3ef60300 Exception <a 'java/lang/ClassNotFoundException'{0x00000000866e3b38}: org/gradle/api/internal/artifacts/dsl/dependencies/DefaultDependencyHandlerCustomizer> (0x00000000866e3b38) 
thrown [s\src\hotspot\share\classfile\systemDictionary.cpp, line 256]
Event: 9.025 Thread 0x000001ec3ef60300 Exception <a 'java/lang/ClassNotFoundException'{0x00000000865225e0}: org/gradle/api/internal/artifacts/dsl/dependencies/DefaultDependencyHandler_DecoratedCustomizer> (0x00000000865225e0) 
thrown [s\src\hotspot\share\classfile\systemDictionary.cpp, line 256]
Event: 9.679 Thread 0x000001ec3ef60300 Exception <a 'java/lang/NoSuchMethodError'{0x0000000085996cd0}: 'int java.lang.invoke.DirectMethodHandle$Holder.invokeSpecialIFC(java.lang.Object, java.lang.Object, java.lang.Object, java.lang.Object, java.lang.Object)'> (0x0000000085996cd0) 
thrown [s\src\hotspot\share\interpreter\linkResolver.cpp, line 771]

VM Operations (20 events):
Event: 8.150 Executing VM operation: G1Concurrent done
Event: 8.559 Executing VM operation: G1CollectForAllocation
Event: 8.563 Executing VM operation: G1CollectForAllocation done
Event: 8.586 Executing VM operation: G1CollectForAllocation
Event: 8.589 Executing VM operation: G1CollectForAllocation done
Event: 8.901 Executing VM operation: ICBufferFull
Event: 8.901 Executing VM operation: ICBufferFull done
Event: 8.908 Executing VM operation: G1CollectForAllocation
Event: 8.913 Executing VM operation: G1CollectForAllocation done
Event: 8.974 Executing VM operation: G1Concurrent
Event: 8.978 Executing VM operation: G1Concurrent done
Event: 9.002 Executing VM operation: G1Concurrent
Event: 9.002 Executing VM operation: G1Concurrent done
Event: 9.054 Executing VM operation: HandshakeAllThreads
Event: 9.054 Executing VM operation: HandshakeAllThreads done
Event: 9.298 Executing VM operation: G1CollectForAllocation
Event: 9.308 Executing VM operation: G1CollectForAllocation done
Event: 9.325 Executing VM operation: G1CollectForAllocation
Event: 9.329 Executing VM operation: G1CollectForAllocation done
Event: 9.806 Executing VM operation: G1CollectForAllocation

Events (20 events):
Event: 8.453 loading class java/security/KeyStore$1
Event: 8.453 loading class java/security/KeyStore$1 done
Event: 8.582 loading class javax/xml/stream/XMLStreamException
Event: 8.582 loading class javax/xml/stream/XMLStreamException done
Event: 8.606 loading class sun/reflect/annotation/AnnotationInvocationHandler$1
Event: 8.606 loading class sun/reflect/annotation/AnnotationInvocationHandler$1 done
Event: 8.711 loading class org/xml/sax/Locator
Event: 8.711 loading class org/xml/sax/Locator done
Event: 8.712 loading class org/xml/sax/SAXParseException
Event: 8.712 loading class org/xml/sax/SAXParseException done
Event: 8.713 loading class org/xml/sax/Attributes
Event: 8.713 loading class org/xml/sax/Attributes done
Event: 8.869 loading class java/beans/IntrospectionException
Event: 8.869 loading class java/beans/IntrospectionException done
Event: 9.240 loading class sun/reflect/generics/repository/FieldRepository
Event: 9.241 loading class sun/reflect/generics/repository/FieldRepository done
Event: 9.249 loading class jdk/internal/vm/annotation/ForceInline
Event: 9.249 loading class jdk/internal/vm/annotation/ForceInline done
Event: 9.324 loading class java/util/regex/Pattern$Caret
Event: 9.325 loading class java/util/regex/Pattern$Caret done


Dynamic libraries:
0x00007ff72fed0000 - 0x00007ff72feda000 	C:\Program Files\Android\Android Studio\jbr\bin\java.exe
0x00007fffacb80000 - 0x00007fffacd6d000 	C:\Windows\SYSTEM32\ntdll.dll
0x00007fffac280000 - 0x00007fffac333000 	C:\Windows\System32\KERNEL32.DLL
0x00007fffa8cb0000 - 0x00007fffa8f43000 	C:\Windows\System32\KERNELBASE.dll
0x00007fffa9000000 - 0x00007fffa90fc000 	C:\Windows\System32\ucrtbase.dll
0x00007fff98b10000 - 0x00007fff98b27000 	C:\Program Files\Android\Android Studio\jbr\bin\jli.dll
0x00007fff9f220000 - 0x00007fff9f23b000 	C:\Program Files\Android\Android Studio\jbr\bin\VCRUNTIME140.dll
0x00007fffac0e0000 - 0x00007fffac277000 	C:\Windows\System32\USER32.dll
0x00007fff98ca0000 - 0x00007fff98f19000 	C:\Windows\WinSxS\amd64_microsoft.windows.common-controls_6595b64144ccf1df_6.0.17763.134_none_05b3373a07211a5c\COMCTL32.dll
0x00007fffa9b10000 - 0x00007fffa9b30000 	C:\Windows\System32\win32u.dll
0x00007fffac880000 - 0x00007fffac91e000 	C:\Windows\System32\msvcrt.dll
0x00007fffaa120000 - 0x00007fffaa149000 	C:\Windows\System32\GDI32.dll
0x00007fffa9db0000 - 0x00007fffaa0dd000 	C:\Windows\System32\combase.dll
0x00007fffa9970000 - 0x00007fffa9b0a000 	C:\Windows\System32\gdi32full.dll
0x00007fffac3a0000 - 0x00007fffac4c3000 	C:\Windows\System32\RPCRT4.dll
0x00007fffa9850000 - 0x00007fffa98f0000 	C:\Windows\System32\msvcp_win.dll
0x00007fffa9b30000 - 0x00007fffa9bae000 	C:\Windows\System32\bcryptPrimitives.dll
0x00007fffaa0e0000 - 0x00007fffaa10e000 	C:\Windows\System32\IMM32.DLL
0x00007fff9f510000 - 0x00007fff9f51c000 	C:\Program Files\Android\Android Studio\jbr\bin\vcruntime140_1.dll
0x00007fff85580000 - 0x00007fff8560d000 	C:\Program Files\Android\Android Studio\jbr\bin\msvcp140.dll
0x00007fff85bc0000 - 0x00007fff8682e000 	C:\Program Files\Android\Android Studio\jbr\bin\server\jvm.dll
0x00007fffac030000 - 0x00007fffac0d3000 	C:\Windows\System32\ADVAPI32.dll
0x00007fffacab0000 - 0x00007fffacb4e000 	C:\Windows\System32\sechost.dll
0x00007fffa6620000 - 0x00007fffa6644000 	C:\Windows\SYSTEM32\WINMM.dll
0x00007fff9a7c0000 - 0x00007fff9a7c9000 	C:\Windows\SYSTEM32\WSOCK32.dll
0x00007fffa2580000 - 0x00007fffa258a000 	C:\Windows\SYSTEM32\VERSION.dll
0x00007fffabe10000 - 0x00007fffabe7d000 	C:\Windows\System32\WS2_32.dll
0x00007fffa6030000 - 0x00007fffa605d000 	C:\Windows\SYSTEM32\winmmbase.dll
0x00007fffa98f0000 - 0x00007fffa993a000 	C:\Windows\System32\cfgmgr32.dll
0x00007fffa8c10000 - 0x00007fffa8c21000 	C:\Windows\System32\kernel.appcore.dll
0x00007fffa5530000 - 0x00007fffa553a000 	C:\Program Files\Android\Android Studio\jbr\bin\jimage.dll
0x00007fff99f50000 - 0x00007fff9a13d000 	C:\Windows\SYSTEM32\DBGHELP.DLL
0x00007fff8d1c0000 - 0x00007fff8d1ea000 	C:\Windows\SYSTEM32\dbgcore.DLL
0x00007fffa5500000 - 0x00007fffa5525000 	C:\Program Files\Android\Android Studio\jbr\bin\java.dll
0x00007fff9f0b0000 - 0x00007fff9f0c8000 	C:\Program Files\Android\Android Studio\jbr\bin\zip.dll
0x00007fffaa910000 - 0x00007fffabdff000 	C:\Windows\System32\SHELL32.dll
0x00007fffac4d0000 - 0x00007fffac578000 	C:\Windows\System32\shcore.dll
0x00007fffa9100000 - 0x00007fffa9848000 	C:\Windows\System32\windows.storage.dll
0x00007fffa8b80000 - 0x00007fffa8ba4000 	C:\Windows\System32\profapi.dll
0x00007fffa8bb0000 - 0x00007fffa8c0d000 	C:\Windows\System32\powrprof.dll
0x00007fffac5e0000 - 0x00007fffac632000 	C:\Windows\System32\shlwapi.dll
0x00007fffa9d90000 - 0x00007fffa9da7000 	C:\Windows\System32\cryptsp.dll
0x00007fff9d080000 - 0x00007fff9d099000 	C:\Program Files\Android\Android Studio\jbr\bin\net.dll
0x00007fffa2cb0000 - 0x00007fffa2da1000 	C:\Windows\SYSTEM32\WINHTTP.dll
0x00007fffa8410000 - 0x00007fffa8477000 	C:\Windows\system32\mswsock.dll
0x00007fff99ab0000 - 0x00007fff99ac6000 	C:\Program Files\Android\Android Studio\jbr\bin\nio.dll
0x00007fffa54f0000 - 0x00007fffa5500000 	C:\Program Files\Android\Android Studio\jbr\bin\verify.dll
0x00007fff85610000 - 0x00007fff85637000 	C:\Users\Alexx\.gradle\native\68d5fa5c4cc2d200863cafc0d521ce42e7d3e7ee720ec0a83991735586a16f82\windows-amd64\native-platform.dll
0x00007fff83b00000 - 0x00007fff83c44000 	C:\Users\Alexx\.gradle\native\e376f236ea51e6404a007f0833ffe2c6e607c4080706a723a18a27aeea778392\windows-amd64\native-platform-file-events.dll
0x00007fff9f5c0000 - 0x00007fff9f5c9000 	C:\Program Files\Android\Android Studio\jbr\bin\management.dll
0x00007fff9cd80000 - 0x00007fff9cd8b000 	C:\Program Files\Android\Android Studio\jbr\bin\management_ext.dll
0x00007fffac870000 - 0x00007fffac878000 	C:\Windows\System32\PSAPI.DLL
0x00007fffa7fd0000 - 0x00007fffa8003000 	C:\Windows\system32\rsaenh.dll
0x00007fffa9940000 - 0x00007fffa9966000 	C:\Windows\System32\bcrypt.dll
0x00007fffa8a80000 - 0x00007fffa8aa8000 	C:\Windows\SYSTEM32\USERENV.dll
0x00007fffa85e0000 - 0x00007fffa85ec000 	C:\Windows\SYSTEM32\CRYPTBASE.dll
0x00007fffa8170000 - 0x00007fffa81ad000 	C:\Windows\SYSTEM32\IPHLPAPI.DLL
0x00007fffabe00000 - 0x00007fffabe08000 	C:\Windows\System32\NSI.dll
0x00007fff9ff50000 - 0x00007fff9ff66000 	C:\Windows\SYSTEM32\dhcpcsvc6.DLL
0x00007fff9ff30000 - 0x00007fff9ff4c000 	C:\Windows\SYSTEM32\dhcpcsvc.DLL
0x00007fffa81b0000 - 0x00007fffa8276000 	C:\Windows\SYSTEM32\DNSAPI.dll
0x00007fff99620000 - 0x00007fff99627000 	C:\Windows\system32\wshunix.dll

dbghelp: loaded successfully - version: 4.0.5 - missing functions: none
symbol engine: initialized successfully - sym options: 0x614 - pdb path: .;C:\Program Files\Android\Android Studio\jbr\bin;C:\Windows\SYSTEM32;C:\Windows\WinSxS\amd64_microsoft.windows.common-controls_6595b64144ccf1df_6.0.17763.134_none_05b3373a07211a5c;C:\Program Files\Android\Android Studio\jbr\bin\server;C:\Users\Alexx\.gradle\native\68d5fa5c4cc2d200863cafc0d521ce42e7d3e7ee720ec0a83991735586a16f82\windows-amd64;C:\Users\Alexx\.gradle\native\e376f236ea51e6404a007f0833ffe2c6e607c4080706a723a18a27aeea778392\windows-amd64

VM Arguments:
jvm_args: --add-opens=java.base/java.util=ALL-UNNAMED --add-opens=java.base/java.lang=ALL-UNNAMED --add-opens=java.base/java.lang.invoke=ALL-UNNAMED --add-opens=java.prefs/java.util.prefs=ALL-UNNAMED --add-opens=java.base/java.nio.charset=ALL-UNNAMED --add-opens=java.base/java.net=ALL-UNNAMED --add-opens=java.base/java.util.concurrent.atomic=ALL-UNNAMED -Xmx2048m -Dfile.encoding=UTF-8 -Duser.country=RU -Duser.language=ru -Duser.variant 
java_command: org.gradle.launcher.daemon.bootstrap.GradleDaemon 8.0
java_class_path (initial): C:\Users\Alexx\.gradle\wrapper\dists\gradle-8.0-bin\ca5e32bp14vu59qr306oxotwh\gradle-8.0\lib\gradle-launcher-8.0.jar
Launcher Type: SUN_STANDARD

[Global flags]
     intx CICompilerCount                          = 4                                         {product} {ergonomic}
     uint ConcGCThreads                            = 2                                         {product} {ergonomic}
     uint G1ConcRefinementThreads                  = 8                                         {product} {ergonomic}
   size_t G1HeapRegionSize                         = 1048576                                   {product} {ergonomic}
    uintx GCDrainStackTargetSize                   = 64                                        {product} {ergonomic}
   size_t InitialHeapSize                          = 201326592                                 {product} {ergonomic}
   size_t MarkStackSize                            = 4194304                                   {product} {ergonomic}
   size_t MaxHeapSize                              = 2147483648                                {product} {command line}
   size_t MaxNewSize                               = 1287651328                                {product} {ergonomic}
   size_t MinHeapDeltaBytes                        = 1048576                                   {product} {ergonomic}
   size_t MinHeapSize                              = 8388608                                   {product} {ergonomic}
    uintx NonNMethodCodeHeapSize                   = 5839372                                {pd product} {ergonomic}
    uintx NonProfiledCodeHeapSize                  = 122909434                              {pd product} {ergonomic}
    uintx ProfiledCodeHeapSize                     = 122909434                              {pd product} {ergonomic}
    uintx ReservedCodeCacheSize                    = 251658240                              {pd product} {ergonomic}
     bool SegmentedCodeCache                       = true                                      {product} {ergonomic}
   size_t SoftMaxHeapSize                          = 2147483648                             {manageable} {ergonomic}
     bool UseCompressedClassPointers               = true                           {product lp64_product} {ergonomic}
     bool UseCompressedOops                        = true                           {product lp64_product} {ergonomic}
     bool UseG1GC                                  = true                                      {product} {ergonomic}
     bool UseLargePagesIndividualAllocation        = false                                  {pd product} {ergonomic}

Logging:
Log output configuration:
 #0: stdout all=warning uptime,level,tags
 #1: stderr all=off uptime,level,tags

Environment Variables:
PATH=C:\ProgramData\Oracle\Java\javapath;C:\Program Files (x86)\Python38-32\Scripts\;C:\Program Files (x86)\Python38-32\;C:\Windows\system32;C:\Windows;C:\Windows\System32\Wbem;C:\Windows\System32\WindowsPowerShell\v1.0\;C:\Program Files (x86)\Common Files\Acronis\SnapAPI\;C:\Program Files (x86)\dotnet\;C:\Program Files\PuTTY\;C:\Users\Alexx\AppData\Local\Microsoft\WindowsApps;C:\Program Files (x86)\Nmap
USERNAME=Alexx
OS=Windows_NT
PROCESSOR_IDENTIFIER=AMD64 Family 21 Model 2 Stepping 0, AuthenticAMD
TMP=C:\Temp
TEMP=C:\Temp


JNI global refs:
JNI global refs: 27, weak refs: 0

JNI global refs memory usage: 843, weak refs: 841


---------------  S Y S T E M  ---------------

OS:
 Windows 10 , 64 bit Build 17763 (10.0.17763.1)
OS uptime: 0 days 7:49 hours

CPU: total 8 (initial active 8) (8 cores per cpu, 1 threads per core) family 21 model 2 stepping 0 microcode 0x0, cx8, cmov, fxsr, mmx, 3dnowpref, sse, sse2, sse3, ssse3, sse4a, sse4.1, sse4.2, popcnt, lzcnt, tsc, tscinvbit, avx, aes, clmul, bmi1, fma, vzeroupper, clflush

Memory: 4k page, system-wide physical 12285M (3302M free)
TotalPageFile size 12541M (AvailPageFile size 34M)
current process WorkingSet (physical memory assigned to process): 332M, peak: 333M
current process commit charge ("private bytes"): 411M, peak: 451M

vm_info: OpenJDK 64-Bit Server VM (17.0.6+0-b2043.56-10027231) for windows-amd64 JRE (17.0.6+0-b2043.56-10027231), built on Apr 28 2023 00:43:19 by "androidbuild" with MS VC++ 16.10 / 16.11 (VS2019)

END.
