#
# There is insufficient memory for the Java Runtime Environment to continue.
# Native memory allocation (mmap) failed to map 169869312 bytes for G1 virtual space
# Possible reasons:
#   The system is out of physical RAM or swap space
#   The process is running with CompressedOops enabled, and the Java Heap may be blocking the growth of the native heap
# Possible solutions:
#   Reduce memory load on the system
#   Increase physical memory or swap space
#   Check if swap backing store is full
#   Decrease Java heap size (-Xmx/-Xms)
#   Decrease number of Java threads
#   Decrease Java thread stack sizes (-Xss)
#   Set larger code cache with -XX:ReservedCodeCacheSize=
#   JVM is running with Unscaled Compressed Oops mode in which the Java heap is
#     placed in the first 4GB address space. The Java Heap base address is the
#     maximum limit for the native heap growth. Please use -XX:HeapBaseMinAddress
#     to set the Java Heap base and to place the Java Heap above 4GB virtual address.
# This output file may be truncated or incomplete.
#
#  Out of Memory Error (os_windows.cpp:3769), pid=16212, tid=13156
#
# JRE version: OpenJDK Runtime Environment (17.0.6) (build 17.0.6+0-b2043.56-10027231)
# Java VM: OpenJDK 64-Bit Server VM (17.0.6+0-b2043.56-10027231, mixed mode, tiered, compressed oops, compressed class ptrs, g1 gc, windows-amd64)
# No core dump will be written. Minidumps are not enabled by default on client versions of Windows
#

---------------  S U M M A R Y ------------

Command Line: --add-opens=java.base/java.util=ALL-UNNAMED --add-opens=java.base/java.lang=ALL-UNNAMED --add-opens=java.base/java.lang.invoke=ALL-UNNAMED --add-opens=java.prefs/java.util.prefs=ALL-UNNAMED --add-opens=java.base/java.nio.charset=ALL-UNNAMED --add-opens=java.base/java.net=ALL-UNNAMED --add-opens=java.base/java.util.concurrent.atomic=ALL-UNNAMED -Xmx2048m -Dfile.encoding=UTF-8 -Duser.country=RU -Duser.language=ru -Duser.variant org.gradle.launcher.daemon.bootstrap.GradleDaemon 8.0

Host: AMD FX-8320E Eight-Core Processor              , 8 cores, 11G,  Windows 10 , 64 bit Build 17763 (10.0.17763.1)
Time: Wed Sep 13 15:49:23 2023 RTZ 2 (зима) elapsed time: 16.988711 seconds (0d 0h 0m 16s)

---------------  T H R E A D  ---------------

Current thread (0x000001d5b2125b40):  VMThread "VM Thread" [stack: 0x000000c92c000000,0x000000c92c100000] [id=13156]

Stack: [0x000000c92c000000,0x000000c92c100000]
Native frames: (J=compiled Java code, j=interpreted, Vv=VM code, C=native code)
V  [jvm.dll+0x683c9a]
V  [jvm.dll+0x8427a4]
V  [jvm.dll+0x843f9e]
V  [jvm.dll+0x844603]
V  [jvm.dll+0x249b75]
V  [jvm.dll+0x680b69]
V  [jvm.dll+0x67505a]
V  [jvm.dll+0x309acb]
V  [jvm.dll+0x310f86]
V  [jvm.dll+0x3608ee]
V  [jvm.dll+0x360b1f]
V  [jvm.dll+0x2dfbf8]
V  [jvm.dll+0x2ddec4]
V  [jvm.dll+0x2dd4cc]
V  [jvm.dll+0x321f3b]
V  [jvm.dll+0x848ccb]
V  [jvm.dll+0x849a04]
V  [jvm.dll+0x849f1d]
V  [jvm.dll+0x84a2f4]
V  [jvm.dll+0x84a3c0]
V  [jvm.dll+0x7f274a]
V  [jvm.dll+0x682ad5]
C  [ucrtbase.dll+0x203ba]
C  [KERNEL32.DLL+0x17e94]
C  [ntdll.dll+0x67ad1]

VM_Operation (0x000000c9348f9680): G1CollectForAllocation, mode: safepoint, requested by thread 0x000001d5b5bd2e10


---------------  P R O C E S S  ---------------

Threads class SMR info:
_java_thread_list=0x000001d5bc18cca0, length=136, elements={
0x000001d59622bfe0, 0x000001d5b2c3c010, 0x000001d5b2c3d1b0, 0x000001d5b2c52130,
0x000001d5b2c53e00, 0x000001d5b2c54ae0, 0x000001d5b2c557c0, 0x000001d5b2c73af0,
0x000001d5b2c74810, 0x000001d5b2c93440, 0x000001d5b2dfdb30, 0x000001d5b2dfe410,
0x000001d5b3a55600, 0x000001d5b3a54c60, 0x000001d5b3a56940, 0x000001d5b3a56e10,
0x000001d5b3a53450, 0x000001d5b3a53920, 0x000001d5b3a55130, 0x000001d5b3a53df0,
0x000001d5b3a54790, 0x000001d5b3a542c0, 0x000001d5b5aa5dc0, 0x000001d5b5aa6290,
0x000001d5b5aa6760, 0x000001d5b5aa3270, 0x000001d5b5aa2da0, 0x000001d5b5aa10c0,
0x000001d5b5aa4f50, 0x000001d5b5aa3740, 0x000001d5b5a9ef10, 0x000001d5b5a9fd80,
0x000001d5b5aa0250, 0x000001d5b5a9f8b0, 0x000001d5b5aa3c10, 0x000001d5b5aa28d0,
0x000001d5b5aa40e0, 0x000001d5b5aa4a80, 0x000001d5b5aa45b0, 0x000001d5b31cba20,
0x000001d5b31cea40, 0x000001d5b31ca6e0, 0x000001d5b31cb550, 0x000001d5b31ca210,
0x000001d5b31c93a0, 0x000001d5b31cc890, 0x000001d5b31cdbd0, 0x000001d5b31cbef0,
0x000001d5b31c9870, 0x000001d5b31c8530, 0x000001d5b31cf3e0, 0x000001d5b31cabb0,
0x000001d5b31ccd60, 0x000001d5b31cb080, 0x000001d5b31cef10, 0x000001d5b31cc3c0,
0x000001d5b31cd700, 0x000001d5b31cd230, 0x000001d5b31cf8b0, 0x000001d5b31ce0a0,
0x000001d5b31c8060, 0x000001d5b31c8a00, 0x000001d5b31ce570, 0x000001d5b31c8ed0,
0x000001d5b3afcd60, 0x000001d5b3afb550, 0x000001d5b3afd230, 0x000001d5b3afb080,
0x000001d5b3af8060, 0x000001d5b3af76c0, 0x000001d5b3af71f0, 0x000001d5b3af6d20,
0x000001d5b3af59e0, 0x000001d5b3af9d40, 0x000001d5b3afc890, 0x000001d5b3afc3c0,
0x000001d5b3afbef0, 0x000001d5b3af8a00, 0x000001d5b3af5eb0, 0x000001d5b3afba20,
0x000001d5b3af7b90, 0x000001d5b3af6380, 0x000001d5b3afa6e0, 0x000001d5b3af6850,
0x000001d5b3af8530, 0x000001d5b3afa210, 0x000001d5b3af8ed0, 0x000001d5b3af93a0,
0x000001d5b3af9870, 0x000001d5b3afabb0, 0x000001d5b5c7fc90, 0x000001d5b5c85800,
0x000001d5b5c7ee20, 0x000001d5b5c80b00, 0x000001d5b5c85cd0, 0x000001d5b5c85330,
0x000001d5b5c83650, 0x000001d5b5c861a0, 0x000001d5b5c80fd0, 0x000001d5b5c82310,
0x000001d5b5c80160, 0x000001d5b5c814a0, 0x000001d5b5c7e950, 0x000001d5b5c83b20,
0x000001d5b5c81970, 0x000001d5b5c81e40, 0x000001d5b5c7f2f0, 0x000001d5b5c827e0,
0x000001d5b5c80630, 0x000001d5b5c82cb0, 0x000001d5b5c83ff0, 0x000001d5b5c84990,
0x000001d5b5c83180, 0x000001d5b5c844c0, 0x000001d5b5c84e60, 0x000001d5b5c7f7c0,
0x000001d5b5bd4af0, 0x000001d5b5bcf450, 0x000001d5b5bd0c60, 0x000001d5b5bd5960,
0x000001d5b5bd3c80, 0x000001d5b5bcf920, 0x000001d5b5bcef80, 0x000001d5b5bcfdf0,
0x000001d5b5bd4150, 0x000001d5b5bd2e10, 0x000001d5b5bd5490, 0x000001d5b5bd4620,
0x000001d5b3a55ad0, 0x000001d5b3a55fa0, 0x000001d5bc007200, 0x000001d5bc004b80,
0x000001d5bc007ba0, 0x000001d5bc0076d0, 0x000001d5bc659f10, 0x000001d5bc65a930
}

Java Threads: ( => current thread )
  0x000001d59622bfe0 JavaThread "main" [_thread_blocked, id=18072, stack(0x000000c92ba00000,0x000000c92bb00000)]
  0x000001d5b2c3c010 JavaThread "Reference Handler" daemon [_thread_blocked, id=12092, stack(0x000000c92c100000,0x000000c92c200000)]
  0x000001d5b2c3d1b0 JavaThread "Finalizer" daemon [_thread_blocked, id=17608, stack(0x000000c92c200000,0x000000c92c300000)]
  0x000001d5b2c52130 JavaThread "Signal Dispatcher" daemon [_thread_blocked, id=12704, stack(0x000000c92c300000,0x000000c92c400000)]
  0x000001d5b2c53e00 JavaThread "Attach Listener" daemon [_thread_blocked, id=19048, stack(0x000000c92c400000,0x000000c92c500000)]
  0x000001d5b2c54ae0 JavaThread "Service Thread" daemon [_thread_blocked, id=9212, stack(0x000000c92c500000,0x000000c92c600000)]
  0x000001d5b2c557c0 JavaThread "Monitor Deflation Thread" daemon [_thread_blocked, id=12232, stack(0x000000c92c600000,0x000000c92c700000)]
  0x000001d5b2c73af0 JavaThread "C2 CompilerThread0" daemon [_thread_in_native, id=14160, stack(0x000000c92c700000,0x000000c92c800000)]
  0x000001d5b2c74810 JavaThread "C1 CompilerThread0" daemon [_thread_blocked, id=17268, stack(0x000000c92c800000,0x000000c92c900000)]
  0x000001d5b2c93440 JavaThread "Sweeper thread" daemon [_thread_blocked, id=8032, stack(0x000000c92c900000,0x000000c92ca00000)]
  0x000001d5b2dfdb30 JavaThread "Common-Cleaner" daemon [_thread_blocked, id=7816, stack(0x000000c92ca00000,0x000000c92cb00000)]
  0x000001d5b2dfe410 JavaThread "Notification Thread" daemon [_thread_blocked, id=11748, stack(0x000000c92cb00000,0x000000c92cc00000)]
  0x000001d5b3a55600 JavaThread "Daemon health stats" [_thread_blocked, id=15708, stack(0x000000c92d300000,0x000000c92d400000)]
  0x000001d5b3a54c60 JavaThread "Incoming local TCP Connector on port 52197" [_thread_in_native, id=10224, stack(0x000000c92ce00000,0x000000c92cf00000)]
  0x000001d5b3a56940 JavaThread "Daemon periodic checks" [_thread_blocked, id=13696, stack(0x000000c92d400000,0x000000c92d500000)]
  0x000001d5b3a56e10 JavaThread "Daemon" [_thread_blocked, id=19032, stack(0x000000c92d500000,0x000000c92d600000)]
  0x000001d5b3a53450 JavaThread "Handler for socket connection from /127.0.0.1:52197 to /127.0.0.1:52198" [_thread_in_native, id=8292, stack(0x000000c92d600000,0x000000c92d700000)]
  0x000001d5b3a53920 JavaThread "Cancel handler" [_thread_blocked, id=16060, stack(0x000000c92d700000,0x000000c92d800000)]
  0x000001d5b3a55130 JavaThread "Daemon worker" [_thread_blocked, id=9148, stack(0x000000c92d800000,0x000000c92d900000)]
  0x000001d5b3a53df0 JavaThread "Asynchronous log dispatcher for DefaultDaemonConnection: socket connection from /127.0.0.1:52197 to /127.0.0.1:52198" [_thread_blocked, id=10820, stack(0x000000c92d900000,0x000000c92da00000)]
  0x000001d5b3a54790 JavaThread "Stdin handler" [_thread_blocked, id=18032, stack(0x000000c92da00000,0x000000c92db00000)]
  0x000001d5b3a542c0 JavaThread "Daemon client event forwarder" [_thread_blocked, id=18408, stack(0x000000c92db00000,0x000000c92dc00000)]
  0x000001d5b5aa5dc0 JavaThread "Cache worker for journal cache (C:\Users\Alexx\.gradle\caches\journal-1)" [_thread_blocked, id=16160, stack(0x000000c92e000000,0x000000c92e100000)]
  0x000001d5b5aa6290 JavaThread "File lock request listener" [_thread_in_native, id=15380, stack(0x000000c92e100000,0x000000c92e200000)]
  0x000001d5b5aa6760 JavaThread "Cache worker for file hash cache (C:\Users\Alexx\.gradle\caches\8.0\fileHashes)" [_thread_blocked, id=6696, stack(0x000000c92e200000,0x000000c92e300000)]
  0x000001d5b5aa3270 JavaThread "File watcher server" daemon [_thread_blocked, id=4284, stack(0x000000c92e400000,0x000000c92e500000)]
  0x000001d5b5aa2da0 JavaThread "File watcher consumer" daemon [_thread_blocked, id=19132, stack(0x000000c92e500000,0x000000c92e600000)]
  0x000001d5b5aa10c0 JavaThread "Cache worker for checksums cache (E:\AndroidStudioProject\MyMovies\.gradle\8.0\checksums)" [_thread_blocked, id=18728, stack(0x000000c92e600000,0x000000c92e700000)]
  0x000001d5b5aa4f50 JavaThread "Cache worker for cache directory md-rule (C:\Users\Alexx\.gradle\caches\8.0\md-rule)" [_thread_blocked, id=12684, stack(0x000000c92e700000,0x000000c92e800000)]
  0x000001d5b5aa3740 JavaThread "Cache worker for file content cache (C:\Users\Alexx\.gradle\caches\8.0\fileContent)" [_thread_blocked, id=11296, stack(0x000000c92e800000,0x000000c92e900000)]
  0x000001d5b5a9ef10 JavaThread "Cache worker for file hash cache (E:\AndroidStudioProject\MyMovies\.gradle\8.0\fileHashes)" [_thread_blocked, id=11580, stack(0x000000c92e900000,0x000000c92ea00000)]
  0x000001d5b5a9fd80 JavaThread "Cache worker for cache directory md-supplier (C:\Users\Alexx\.gradle\caches\8.0\md-supplier)" [_thread_blocked, id=12564, stack(0x000000c92ea00000,0x000000c92eb00000)]
  0x000001d5b5aa0250 JavaThread "Cache worker for execution history cache (C:\Users\Alexx\.gradle\caches\8.0\executionHistory)" [_thread_blocked, id=12752, stack(0x000000c92eb00000,0x000000c92ec00000)]
  0x000001d5b5a9f8b0 JavaThread "jar transforms" [_thread_blocked, id=15672, stack(0x000000c92e300000,0x000000c92e400000)]
  0x000001d5b5aa3c10 JavaThread "jar transforms Thread 2" [_thread_blocked, id=18816, stack(0x000000c92ec00000,0x000000c92ed00000)]
  0x000001d5b5aa28d0 JavaThread "jar transforms Thread 3" [_thread_blocked, id=11456, stack(0x000000c92ee00000,0x000000c92ef00000)]
  0x000001d5b5aa40e0 JavaThread "jar transforms Thread 4" [_thread_blocked, id=18516, stack(0x000000c92ef00000,0x000000c92f000000)]
  0x000001d5b5aa4a80 JavaThread "Cache worker for dependencies-accessors (E:\AndroidStudioProject\MyMovies\.gradle\8.0\dependencies-accessors)" [_thread_blocked, id=19432, stack(0x000000c92f000000,0x000000c92f100000)]
  0x000001d5b5aa45b0 JavaThread "jar transforms Thread 5" [_thread_blocked, id=18828, stack(0x000000c92f100000,0x000000c92f200000)]
  0x000001d5b31cba20 JavaThread "Cache worker for Build Output Cleanup Cache (E:\AndroidStudioProject\MyMovies\.gradle\buildOutputCleanup)" [_thread_blocked, id=19312, stack(0x000000c92f200000,0x000000c92f300000)]
  0x000001d5b31cea40 JavaThread "Unconstrained build operations" [_thread_blocked, id=6540, stack(0x000000c92f300000,0x000000c92f400000)]
  0x000001d5b31ca6e0 JavaThread "Unconstrained build operations Thread 2" [_thread_blocked, id=12008, stack(0x000000c92f400000,0x000000c92f500000)]
  0x000001d5b31cb550 JavaThread "Unconstrained build operations Thread 3" [_thread_blocked, id=18084, stack(0x000000c92f500000,0x000000c92f600000)]
  0x000001d5b31ca210 JavaThread "Unconstrained build operations Thread 4" [_thread_blocked, id=9612, stack(0x000000c92f600000,0x000000c92f700000)]
  0x000001d5b31c93a0 JavaThread "Unconstrained build operations Thread 5" [_thread_blocked, id=12160, stack(0x000000c92f700000,0x000000c92f800000)]
  0x000001d5b31cc890 JavaThread "Unconstrained build operations Thread 6" [_thread_blocked, id=17916, stack(0x000000c92f800000,0x000000c92f900000)]
  0x000001d5b31cdbd0 JavaThread "Unconstrained build operations Thread 7" [_thread_blocked, id=18896, stack(0x000000c92f900000,0x000000c92fa00000)]
  0x000001d5b31cbef0 JavaThread "Unconstrained build operations Thread 8" [_thread_blocked, id=11120, stack(0x000000c92fa00000,0x000000c92fb00000)]
  0x000001d5b31c9870 JavaThread "Unconstrained build operations Thread 9" [_thread_blocked, id=12444, stack(0x000000c92fb00000,0x000000c92fc00000)]
  0x000001d5b31c8530 JavaThread "Unconstrained build operations Thread 10" [_thread_blocked, id=16588, stack(0x000000c92fc00000,0x000000c92fd00000)]
  0x000001d5b31cf3e0 JavaThread "Unconstrained build operations Thread 11" [_thread_blocked, id=15388, stack(0x000000c92fd00000,0x000000c92fe00000)]
  0x000001d5b31cabb0 JavaThread "Unconstrained build operations Thread 12" [_thread_blocked, id=16576, stack(0x000000c92fe00000,0x000000c92ff00000)]
  0x000001d5b31ccd60 JavaThread "Unconstrained build operations Thread 13" [_thread_blocked, id=18928, stack(0x000000c92ff00000,0x000000c930000000)]
  0x000001d5b31cb080 JavaThread "Unconstrained build operations Thread 14" [_thread_blocked, id=18920, stack(0x000000c930000000,0x000000c930100000)]
  0x000001d5b31cef10 JavaThread "Unconstrained build operations Thread 15" [_thread_blocked, id=18912, stack(0x000000c930100000,0x000000c930200000)]
  0x000001d5b31cc3c0 JavaThread "Unconstrained build operations Thread 16" [_thread_blocked, id=13608, stack(0x000000c930200000,0x000000c930300000)]
  0x000001d5b31cd700 JavaThread "Unconstrained build operations Thread 17" [_thread_blocked, id=18824, stack(0x000000c930300000,0x000000c930400000)]
  0x000001d5b31cd230 JavaThread "Unconstrained build operations Thread 18" [_thread_blocked, id=16460, stack(0x000000c930400000,0x000000c930500000)]
  0x000001d5b31cf8b0 JavaThread "Unconstrained build operations Thread 19" [_thread_blocked, id=18852, stack(0x000000c930500000,0x000000c930600000)]
  0x000001d5b31ce0a0 JavaThread "Unconstrained build operations Thread 20" [_thread_blocked, id=12056, stack(0x000000c930600000,0x000000c930700000)]
  0x000001d5b31c8060 JavaThread "Unconstrained build operations Thread 21" [_thread_blocked, id=16016, stack(0x000000c930700000,0x000000c930800000)]
  0x000001d5b31c8a00 JavaThread "Unconstrained build operations Thread 22" [_thread_blocked, id=17808, stack(0x000000c930800000,0x000000c930900000)]
  0x000001d5b31ce570 JavaThread "Unconstrained build operations Thread 23" [_thread_blocked, id=15792, stack(0x000000c930900000,0x000000c930a00000)]
  0x000001d5b31c8ed0 JavaThread "Unconstrained build operations Thread 24" [_thread_blocked, id=16732, stack(0x000000c930a00000,0x000000c930b00000)]
  0x000001d5b3afcd60 JavaThread "Unconstrained build operations Thread 25" [_thread_blocked, id=17912, stack(0x000000c930b00000,0x000000c930c00000)]
  0x000001d5b3afb550 JavaThread "Unconstrained build operations Thread 26" [_thread_blocked, id=5824, stack(0x000000c930c00000,0x000000c930d00000)]
  0x000001d5b3afd230 JavaThread "Unconstrained build operations Thread 27" [_thread_blocked, id=12768, stack(0x000000c930d00000,0x000000c930e00000)]
  0x000001d5b3afb080 JavaThread "Unconstrained build operations Thread 28" [_thread_blocked, id=1808, stack(0x000000c930e00000,0x000000c930f00000)]
  0x000001d5b3af8060 JavaThread "Unconstrained build operations Thread 29" [_thread_blocked, id=13108, stack(0x000000c930f00000,0x000000c931000000)]
  0x000001d5b3af76c0 JavaThread "Unconstrained build operations Thread 30" [_thread_blocked, id=18300, stack(0x000000c931000000,0x000000c931100000)]
  0x000001d5b3af71f0 JavaThread "Unconstrained build operations Thread 31" [_thread_blocked, id=8684, stack(0x000000c931100000,0x000000c931200000)]
  0x000001d5b3af6d20 JavaThread "Unconstrained build operations Thread 32" [_thread_blocked, id=14136, stack(0x000000c931200000,0x000000c931300000)]
  0x000001d5b3af59e0 JavaThread "Unconstrained build operations Thread 33" [_thread_blocked, id=17940, stack(0x000000c931300000,0x000000c931400000)]
  0x000001d5b3af9d40 JavaThread "Unconstrained build operations Thread 34" [_thread_blocked, id=7388, stack(0x000000c931400000,0x000000c931500000)]
  0x000001d5b3afc890 JavaThread "Unconstrained build operations Thread 35" [_thread_blocked, id=17988, stack(0x000000c931500000,0x000000c931600000)]
  0x000001d5b3afc3c0 JavaThread "Unconstrained build operations Thread 36" [_thread_blocked, id=17200, stack(0x000000c931600000,0x000000c931700000)]
  0x000001d5b3afbef0 JavaThread "Unconstrained build operations Thread 37" [_thread_blocked, id=11740, stack(0x000000c931700000,0x000000c931800000)]
  0x000001d5b3af8a00 JavaThread "Unconstrained build operations Thread 38" [_thread_blocked, id=12532, stack(0x000000c931800000,0x000000c931900000)]
  0x000001d5b3af5eb0 JavaThread "Unconstrained build operations Thread 39" [_thread_blocked, id=19072, stack(0x000000c931900000,0x000000c931a00000)]
  0x000001d5b3afba20 JavaThread "Unconstrained build operations Thread 40" [_thread_blocked, id=10292, stack(0x000000c931a00000,0x000000c931b00000)]
  0x000001d5b3af7b90 JavaThread "Unconstrained build operations Thread 41" [_thread_blocked, id=17936, stack(0x000000c931b00000,0x000000c931c00000)]
  0x000001d5b3af6380 JavaThread "Unconstrained build operations Thread 42" [_thread_blocked, id=11288, stack(0x000000c931c00000,0x000000c931d00000)]
  0x000001d5b3afa6e0 JavaThread "Unconstrained build operations Thread 43" [_thread_blocked, id=18120, stack(0x000000c931d00000,0x000000c931e00000)]
  0x000001d5b3af6850 JavaThread "Unconstrained build operations Thread 44" [_thread_blocked, id=15920, stack(0x000000c931e00000,0x000000c931f00000)]
  0x000001d5b3af8530 JavaThread "Unconstrained build operations Thread 45" [_thread_blocked, id=5140, stack(0x000000c931f00000,0x000000c932000000)]
  0x000001d5b3afa210 JavaThread "Unconstrained build operations Thread 46" [_thread_blocked, id=18284, stack(0x000000c932000000,0x000000c932100000)]
  0x000001d5b3af8ed0 JavaThread "Unconstrained build operations Thread 47" [_thread_blocked, id=8900, stack(0x000000c932100000,0x000000c932200000)]
  0x000001d5b3af93a0 JavaThread "Unconstrained build operations Thread 48" [_thread_blocked, id=6796, stack(0x000000c932200000,0x000000c932300000)]
  0x000001d5b3af9870 JavaThread "Unconstrained build operations Thread 49" [_thread_blocked, id=10888, stack(0x000000c932300000,0x000000c932400000)]
  0x000001d5b3afabb0 JavaThread "Unconstrained build operations Thread 50" [_thread_blocked, id=14128, stack(0x000000c932400000,0x000000c932500000)]
  0x000001d5b5c7fc90 JavaThread "Unconstrained build operations Thread 51" [_thread_blocked, id=11272, stack(0x000000c932500000,0x000000c932600000)]
  0x000001d5b5c85800 JavaThread "Unconstrained build operations Thread 52" [_thread_blocked, id=16912, stack(0x000000c932600000,0x000000c932700000)]
  0x000001d5b5c7ee20 JavaThread "Unconstrained build operations Thread 53" [_thread_blocked, id=7020, stack(0x000000c932700000,0x000000c932800000)]
  0x000001d5b5c80b00 JavaThread "Unconstrained build operations Thread 54" [_thread_blocked, id=19152, stack(0x000000c932800000,0x000000c932900000)]
  0x000001d5b5c85cd0 JavaThread "Unconstrained build operations Thread 55" [_thread_blocked, id=9108, stack(0x000000c932900000,0x000000c932a00000)]
  0x000001d5b5c85330 JavaThread "Unconstrained build operations Thread 56" [_thread_blocked, id=9220, stack(0x000000c932a00000,0x000000c932b00000)]
  0x000001d5b5c83650 JavaThread "Unconstrained build operations Thread 57" [_thread_blocked, id=18304, stack(0x000000c932b00000,0x000000c932c00000)]
  0x000001d5b5c861a0 JavaThread "Unconstrained build operations Thread 58" [_thread_blocked, id=13968, stack(0x000000c932c00000,0x000000c932d00000)]
  0x000001d5b5c80fd0 JavaThread "Unconstrained build operations Thread 59" [_thread_blocked, id=8336, stack(0x000000c932d00000,0x000000c932e00000)]
  0x000001d5b5c82310 JavaThread "Unconstrained build operations Thread 60" [_thread_blocked, id=18748, stack(0x000000c932e00000,0x000000c932f00000)]
  0x000001d5b5c80160 JavaThread "Unconstrained build operations Thread 61" [_thread_blocked, id=18164, stack(0x000000c932f00000,0x000000c933000000)]
  0x000001d5b5c814a0 JavaThread "Unconstrained build operations Thread 62" [_thread_blocked, id=7100, stack(0x000000c933000000,0x000000c933100000)]
  0x000001d5b5c7e950 JavaThread "Unconstrained build operations Thread 63" [_thread_blocked, id=13700, stack(0x000000c933100000,0x000000c933200000)]
  0x000001d5b5c83b20 JavaThread "Unconstrained build operations Thread 64" [_thread_blocked, id=6160, stack(0x000000c933200000,0x000000c933300000)]
  0x000001d5b5c81970 JavaThread "Unconstrained build operations Thread 65" [_thread_blocked, id=16768, stack(0x000000c933300000,0x000000c933400000)]
  0x000001d5b5c81e40 JavaThread "Unconstrained build operations Thread 66" [_thread_blocked, id=4660, stack(0x000000c933400000,0x000000c933500000)]
  0x000001d5b5c7f2f0 JavaThread "Unconstrained build operations Thread 67" [_thread_blocked, id=15040, stack(0x000000c933500000,0x000000c933600000)]
  0x000001d5b5c827e0 JavaThread "Unconstrained build operations Thread 68" [_thread_blocked, id=17064, stack(0x000000c933600000,0x000000c933700000)]
  0x000001d5b5c80630 JavaThread "Unconstrained build operations Thread 69" [_thread_blocked, id=19008, stack(0x000000c933700000,0x000000c933800000)]
  0x000001d5b5c82cb0 JavaThread "Unconstrained build operations Thread 70" [_thread_blocked, id=13508, stack(0x000000c933800000,0x000000c933900000)]
  0x000001d5b5c83ff0 JavaThread "Unconstrained build operations Thread 71" [_thread_blocked, id=18596, stack(0x000000c933900000,0x000000c933a00000)]
  0x000001d5b5c84990 JavaThread "Unconstrained build operations Thread 72" [_thread_blocked, id=12100, stack(0x000000c933a00000,0x000000c933b00000)]
  0x000001d5b5c83180 JavaThread "Unconstrained build operations Thread 73" [_thread_blocked, id=12568, stack(0x000000c933b00000,0x000000c933c00000)]
  0x000001d5b5c844c0 JavaThread "Unconstrained build operations Thread 74" [_thread_blocked, id=13572, stack(0x000000c933c00000,0x000000c933d00000)]
  0x000001d5b5c84e60 JavaThread "Unconstrained build operations Thread 75" [_thread_blocked, id=8476, stack(0x000000c933d00000,0x000000c933e00000)]
  0x000001d5b5c7f7c0 JavaThread "Unconstrained build operations Thread 76" [_thread_blocked, id=11064, stack(0x000000c933e00000,0x000000c933f00000)]
  0x000001d5b5bd4af0 JavaThread "Unconstrained build operations Thread 77" [_thread_blocked, id=16464, stack(0x000000c933f00000,0x000000c934000000)]
  0x000001d5b5bcf450 JavaThread "Unconstrained build operations Thread 78" [_thread_blocked, id=15596, stack(0x000000c934000000,0x000000c934100000)]
  0x000001d5b5bd0c60 JavaThread "Unconstrained build operations Thread 79" [_thread_blocked, id=14824, stack(0x000000c934100000,0x000000c934200000)]
  0x000001d5b5bd5960 JavaThread "Unconstrained build operations Thread 80" [_thread_blocked, id=18784, stack(0x000000c934200000,0x000000c934300000)]
  0x000001d5b5bd3c80 JavaThread "jar transforms Thread 6" [_thread_blocked, id=13956, stack(0x000000c934300000,0x000000c934400000)]
  0x000001d5b5bcf920 JavaThread "jar transforms Thread 7" [_thread_blocked, id=17740, stack(0x000000c934400000,0x000000c934500000)]
  0x000001d5b5bcef80 JavaThread "jar transforms Thread 8" [_thread_blocked, id=16428, stack(0x000000c934500000,0x000000c934600000)]
  0x000001d5b5bcfdf0 JavaThread "build event listener" [_thread_blocked, id=17256, stack(0x000000c934600000,0x000000c934700000)]
  0x000001d5b5bd4150 JavaThread "Memory manager" [_thread_blocked, id=19080, stack(0x000000c934700000,0x000000c934800000)]
  0x000001d5b5bd2e10 JavaThread "included builds" [_thread_blocked, id=18500, stack(0x000000c934800000,0x000000c934900000)]
  0x000001d5b5bd5490 JavaThread "Execution worker" [_thread_blocked, id=15820, stack(0x000000c934900000,0x000000c934a00000)]
  0x000001d5b5bd4620 JavaThread "Execution worker Thread 2" [_thread_blocked, id=17188, stack(0x000000c934a00000,0x000000c934b00000)]
  0x000001d5b3a55ad0 JavaThread "Execution worker Thread 3" [_thread_blocked, id=11996, stack(0x000000c934b00000,0x000000c934c00000)]
  0x000001d5b3a55fa0 JavaThread "Execution worker Thread 4" [_thread_blocked, id=12952, stack(0x000000c934c00000,0x000000c934d00000)]
  0x000001d5bc007200 JavaThread "Execution worker Thread 5" [_thread_blocked, id=15320, stack(0x000000c934d00000,0x000000c934e00000)]
  0x000001d5bc004b80 JavaThread "Execution worker Thread 6" [_thread_blocked, id=18372, stack(0x000000c934e00000,0x000000c934f00000)]
  0x000001d5bc007ba0 JavaThread "Execution worker Thread 7" [_thread_blocked, id=6600, stack(0x000000c934f00000,0x000000c935000000)]
  0x000001d5bc0076d0 JavaThread "Cache worker for execution history cache (E:\AndroidStudioProject\MyMovies\.gradle\8.0\executionHistory)" [_thread_blocked, id=18916, stack(0x000000c935000000,0x000000c935100000)]
  0x000001d5bc659f10 JavaThread "C2 CompilerThread1" daemon [_thread_blocked, id=17928, stack(0x000000c92cd00000,0x000000c92ce00000)]
  0x000001d5bc65a930 JavaThread "C2 CompilerThread2" daemon [_thread_blocked, id=14276, stack(0x000000c92ed00000,0x000000c92ee00000)]

Other Threads:
=>0x000001d5b2125b40 VMThread "VM Thread" [stack: 0x000000c92c000000,0x000000c92c100000] [id=13156]
  0x000001d5b2e008f0 WatcherThread [stack: 0x000000c92cc00000,0x000000c92cd00000] [id=5708]
  0x000001d59635b4f0 GCTaskThread "GC Thread#0" [stack: 0x000000c92bb00000,0x000000c92bc00000] [id=13944]
  0x000001d5b342fec0 GCTaskThread "GC Thread#1" [stack: 0x000000c92cf00000,0x000000c92d000000] [id=19268]
  0x000001d5b3430170 GCTaskThread "GC Thread#2" [stack: 0x000000c92d000000,0x000000c92d100000] [id=19004]
  0x000001d5b3430420 GCTaskThread "GC Thread#3" [stack: 0x000000c92d100000,0x000000c92d200000] [id=9096]
  0x000001d5b4344f80 GCTaskThread "GC Thread#4" [stack: 0x000000c92d200000,0x000000c92d300000] [id=13292]
  0x000001d5b4527ea0 GCTaskThread "GC Thread#5" [stack: 0x000000c92dc00000,0x000000c92dd00000] [id=18400]
  0x000001d5b54773d0 GCTaskThread "GC Thread#6" [stack: 0x000000c92dd00000,0x000000c92de00000] [id=16088]
  0x000001d5b39e8920 GCTaskThread "GC Thread#7" [stack: 0x000000c92de00000,0x000000c92df00000] [id=18676]
  0x000001d59636c340 ConcurrentGCThread "G1 Main Marker" [stack: 0x000000c92bc00000,0x000000c92bd00000] [id=14772]
  0x000001d59636d820 ConcurrentGCThread "G1 Conc#0" [stack: 0x000000c92bd00000,0x000000c92be00000] [id=1368]
  0x000001d5b40c7c80 ConcurrentGCThread "G1 Conc#1" [stack: 0x000000c92df00000,0x000000c92e000000] [id=18772]
  0x000001d5b1f90550 ConcurrentGCThread "G1 Refine#0" [stack: 0x000000c92be00000,0x000000c92bf00000] [id=14052]
  0x000001d5b8c84cc0 ConcurrentGCThread "G1 Refine#1" [stack: 0x000000c935100000,0x000000c935200000] [id=12724]
  0x000001d5b8c83000 ConcurrentGCThread "G1 Refine#2" [stack: 0x000000c935200000,0x000000c935300000] [id=19204]
  0x000001d5b8c83b80 ConcurrentGCThread "G1 Refine#3" [stack: 0x000000c935300000,0x000000c935400000] [id=17584]
  0x000001d5b8c81060 ConcurrentGCThread "G1 Refine#4" [stack: 0x000000c935400000,0x000000c935500000] [id=10192]
  0x000001d5b8c84140 ConcurrentGCThread "G1 Refine#5" [stack: 0x000000c935500000,0x000000c935600000] [id=18524]
  0x000001d5b1f90c20 ConcurrentGCThread "G1 Service" [stack: 0x000000c92bf00000,0x000000c92c000000] [id=19124]

Threads with active compile tasks:
C2 CompilerThread0    17060 10821       4       com.android.utils.XmlUtils::append (597 bytes)
C2 CompilerThread1    17060 10967 %     4       java.util.ComparableTimSort::binarySort @ 72 (223 bytes)
C2 CompilerThread2    17061 10973       4       org.apache.xerces.dom.ParentNode::setOwnerDocument (44 bytes)

VM state: at safepoint (normal execution)

VM Mutex/Monitor currently owned by a thread:  ([mutex/lock_event])
[0x000001d5963011d0] Threads_lock - owner thread: 0x000001d5b2125b40
[0x000001d596300d50] Heap_lock - owner thread: 0x000001d5b5bd2e10

Heap address: 0x0000000080000000, size: 2048 MB, Compressed Oops mode: 32-bit

CDS archive(s) not mapped
Compressed class space mapped at: 0x0000000100000000-0x0000000140000000, reserved size: 1073741824
Narrow klass base: 0x0000000000000000, Narrow klass shift: 3, Narrow klass range: 0x140000000

GC Precious Log:
 CPUs: 8 total, 8 available
 Memory: 12285M
 Large Page Support: Disabled
 NUMA Support: Disabled
 Compressed Oops: Enabled (32-bit)
 Heap Region Size: 1M
 Heap Min Capacity: 8M
 Heap Initial Capacity: 192M
 Heap Max Capacity: 2G
 Pre-touch: Disabled
 Parallel Workers: 8
 Concurrent Workers: 2
 Concurrent Refinement Workers: 8
 Periodic GC: Disabled

Heap:
 garbage-first heap   total 196608K, used 107436K [0x0000000080000000, 0x0000000100000000)
  region size 1024K, 1 young (1024K), 1 survivors (1024K)
 Metaspace       used 89030K, committed 89664K, reserved 1130496K
  class space    used 12100K, committed 12352K, reserved 1048576K

Heap Regions: E=young(eden), S=young(survivor), O=old, HS=humongous(starts), HC=humongous(continues), CS=collection set, F=free, OA=open archive, CA=closed archive, TAMS=top-at-mark-start (previous, next)
|   0|0x0000000080000000, 0x0000000080100000, 0x0000000080100000|100%|HS|  |TAMS 0x0000000080100000, 0x0000000080000000| Complete 
|   1|0x0000000080100000, 0x0000000080200000, 0x0000000080200000|100%|HC|  |TAMS 0x0000000080200000, 0x0000000080100000| Complete 
|   2|0x0000000080200000, 0x0000000080300000, 0x0000000080300000|100%|HC|  |TAMS 0x0000000080300000, 0x0000000080200000| Complete 
|   3|0x0000000080300000, 0x0000000080400000, 0x0000000080400000|100%|HC|  |TAMS 0x0000000080400000, 0x0000000080300000| Complete 
|   4|0x0000000080400000, 0x0000000080500000, 0x0000000080500000|100%| O|  |TAMS 0x0000000080500000, 0x0000000080400000| Untracked 
|   5|0x0000000080500000, 0x0000000080600000, 0x0000000080600000|100%| O|  |TAMS 0x0000000080600000, 0x0000000080500000| Untracked 
|   6|0x0000000080600000, 0x0000000080700000, 0x0000000080700000|100%| O|  |TAMS 0x0000000080700000, 0x0000000080600000| Untracked 
|   7|0x0000000080700000, 0x0000000080800000, 0x0000000080800000|100%| O|  |TAMS 0x0000000080800000, 0x0000000080700000| Untracked 
|   8|0x0000000080800000, 0x0000000080900000, 0x0000000080900000|100%| O|  |TAMS 0x0000000080900000, 0x0000000080800000| Untracked 
|   9|0x0000000080900000, 0x0000000080a00000, 0x0000000080a00000|100%| O|  |TAMS 0x0000000080a00000, 0x0000000080900000| Untracked 
|  10|0x0000000080a00000, 0x0000000080afe200, 0x0000000080b00000| 99%| O|  |TAMS 0x0000000080afe200, 0x0000000080a00000| Untracked 
|  11|0x0000000080b00000, 0x0000000080c00000, 0x0000000080c00000|100%| O|  |TAMS 0x0000000080c00000, 0x0000000080b00000| Untracked 
|  12|0x0000000080c00000, 0x0000000080d00000, 0x0000000080d00000|100%| O|  |TAMS 0x0000000080d00000, 0x0000000080c00000| Untracked 
|  13|0x0000000080d00000, 0x0000000080e00000, 0x0000000080e00000|100%| O|  |TAMS 0x0000000080e00000, 0x0000000080d00000| Untracked 
|  14|0x0000000080e00000, 0x0000000080f00000, 0x0000000080f00000|100%| O|  |TAMS 0x0000000080f00000, 0x0000000080e00000| Untracked 
|  15|0x0000000080f00000, 0x0000000081000000, 0x0000000081000000|100%| O|  |TAMS 0x0000000081000000, 0x0000000080f00000| Untracked 
|  16|0x0000000081000000, 0x0000000081100000, 0x0000000081100000|100%| O|  |TAMS 0x0000000081100000, 0x0000000081000000| Untracked 
|  17|0x0000000081100000, 0x0000000081200000, 0x0000000081200000|100%| O|  |TAMS 0x0000000081200000, 0x0000000081100000| Untracked 
|  18|0x0000000081200000, 0x0000000081300000, 0x0000000081300000|100%| O|  |TAMS 0x0000000081300000, 0x0000000081200000| Untracked 
|  19|0x0000000081300000, 0x0000000081400000, 0x0000000081400000|100%| O|  |TAMS 0x0000000081400000, 0x0000000081300000| Untracked 
|  20|0x0000000081400000, 0x0000000081500000, 0x0000000081500000|100%| O|  |TAMS 0x0000000081500000, 0x0000000081400000| Untracked 
|  21|0x0000000081500000, 0x0000000081600000, 0x0000000081600000|100%| O|  |TAMS 0x0000000081600000, 0x0000000081500000| Untracked 
|  22|0x0000000081600000, 0x0000000081700000, 0x0000000081700000|100%| O|  |TAMS 0x0000000081700000, 0x0000000081600000| Untracked 
|  23|0x0000000081700000, 0x0000000081800000, 0x0000000081800000|100%| O|  |TAMS 0x0000000081800000, 0x0000000081700000| Untracked 
|  24|0x0000000081800000, 0x0000000081900000, 0x0000000081900000|100%| O|  |TAMS 0x0000000081900000, 0x0000000081800000| Untracked 
|  25|0x0000000081900000, 0x0000000081a00000, 0x0000000081a00000|100%| O|  |TAMS 0x0000000081a00000, 0x0000000081900000| Untracked 
|  26|0x0000000081a00000, 0x0000000081b00000, 0x0000000081b00000|100%|HS|  |TAMS 0x0000000081b00000, 0x0000000081a00000| Complete 
|  27|0x0000000081b00000, 0x0000000081c00000, 0x0000000081c00000|100%| O|  |TAMS 0x0000000081c00000, 0x0000000081b00000| Untracked 
|  28|0x0000000081c00000, 0x0000000081d00000, 0x0000000081d00000|100%| O|  |TAMS 0x0000000081d00000, 0x0000000081c00000| Untracked 
|  29|0x0000000081d00000, 0x0000000081e00000, 0x0000000081e00000|100%|HS|  |TAMS 0x0000000081e00000, 0x0000000081d00000| Complete 
|  30|0x0000000081e00000, 0x0000000081f00000, 0x0000000081f00000|100%|HS|  |TAMS 0x0000000081f00000, 0x0000000081e00000| Complete 
|  31|0x0000000081f00000, 0x0000000082000000, 0x0000000082000000|100%| O|  |TAMS 0x0000000082000000, 0x0000000081f00000| Untracked 
|  32|0x0000000082000000, 0x0000000082100000, 0x0000000082100000|100%| O|  |TAMS 0x0000000082100000, 0x0000000082000000| Untracked 
|  33|0x0000000082100000, 0x0000000082200000, 0x0000000082200000|100%| O|  |TAMS 0x0000000082200000, 0x0000000082100000| Untracked 
|  34|0x0000000082200000, 0x0000000082300000, 0x0000000082300000|100%| O|  |TAMS 0x0000000082300000, 0x0000000082200000| Untracked 
|  35|0x0000000082300000, 0x0000000082400000, 0x0000000082400000|100%| O|  |TAMS 0x0000000082400000, 0x0000000082300000| Untracked 
|  36|0x0000000082400000, 0x0000000082500000, 0x0000000082500000|100%| O|  |TAMS 0x0000000082500000, 0x0000000082400000| Untracked 
|  37|0x0000000082500000, 0x0000000082600000, 0x0000000082600000|100%| O|  |TAMS 0x0000000082600000, 0x0000000082500000| Untracked 
|  38|0x0000000082600000, 0x0000000082700000, 0x0000000082700000|100%| O|  |TAMS 0x0000000082700000, 0x0000000082600000| Untracked 
|  39|0x0000000082700000, 0x0000000082800000, 0x0000000082800000|100%| O|  |TAMS 0x0000000082800000, 0x0000000082700000| Untracked 
|  40|0x0000000082800000, 0x0000000082900000, 0x0000000082900000|100%| O|  |TAMS 0x0000000082900000, 0x0000000082800000| Untracked 
|  41|0x0000000082900000, 0x0000000082a00000, 0x0000000082a00000|100%| O|  |TAMS 0x0000000082a00000, 0x0000000082900000| Untracked 
|  42|0x0000000082a00000, 0x0000000082b00000, 0x0000000082b00000|100%| O|  |TAMS 0x0000000082b00000, 0x0000000082a00000| Untracked 
|  43|0x0000000082b00000, 0x0000000082c00000, 0x0000000082c00000|100%| O|  |TAMS 0x0000000082c00000, 0x0000000082b00000| Untracked 
|  44|0x0000000082c00000, 0x0000000082d00000, 0x0000000082d00000|100%| O|  |TAMS 0x0000000082d00000, 0x0000000082c00000| Untracked 
|  45|0x0000000082d00000, 0x0000000082e00000, 0x0000000082e00000|100%| O|  |TAMS 0x0000000082e00000, 0x0000000082d00000| Untracked 
|  46|0x0000000082e00000, 0x0000000082f00000, 0x0000000082f00000|100%| O|  |TAMS 0x0000000082f00000, 0x0000000082e00000| Untracked 
|  47|0x0000000082f00000, 0x0000000083000000, 0x0000000083000000|100%| O|  |TAMS 0x0000000083000000, 0x0000000082f00000| Untracked 
|  48|0x0000000083000000, 0x0000000083100000, 0x0000000083100000|100%| O|  |TAMS 0x0000000083100000, 0x0000000083000000| Untracked 
|  49|0x0000000083100000, 0x0000000083200000, 0x0000000083200000|100%| O|  |TAMS 0x0000000083200000, 0x0000000083100000| Untracked 
|  50|0x0000000083200000, 0x0000000083300000, 0x0000000083300000|100%| O|  |TAMS 0x0000000083300000, 0x0000000083200000| Untracked 
|  51|0x0000000083300000, 0x0000000083400000, 0x0000000083400000|100%| O|  |TAMS 0x0000000083400000, 0x0000000083300000| Untracked 
|  52|0x0000000083400000, 0x0000000083500000, 0x0000000083500000|100%| O|  |TAMS 0x0000000083500000, 0x0000000083400000| Untracked 
|  53|0x0000000083500000, 0x0000000083600000, 0x0000000083600000|100%| O|  |TAMS 0x0000000083600000, 0x0000000083500000| Untracked 
|  54|0x0000000083600000, 0x0000000083700000, 0x0000000083700000|100%| O|  |TAMS 0x0000000083700000, 0x0000000083600000| Untracked 
|  55|0x0000000083700000, 0x0000000083800000, 0x0000000083800000|100%| O|  |TAMS 0x0000000083800000, 0x0000000083700000| Untracked 
|  56|0x0000000083800000, 0x0000000083900000, 0x0000000083900000|100%| O|  |TAMS 0x0000000083900000, 0x0000000083800000| Untracked 
|  57|0x0000000083900000, 0x0000000083a00000, 0x0000000083a00000|100%| O|  |TAMS 0x0000000083a00000, 0x0000000083900000| Untracked 
|  58|0x0000000083a00000, 0x0000000083b00000, 0x0000000083b00000|100%| O|  |TAMS 0x0000000083b00000, 0x0000000083a00000| Untracked 
|  59|0x0000000083b00000, 0x0000000083c00000, 0x0000000083c00000|100%| O|  |TAMS 0x0000000083c00000, 0x0000000083b00000| Untracked 
|  60|0x0000000083c00000, 0x0000000083d00000, 0x0000000083d00000|100%| O|  |TAMS 0x0000000083d00000, 0x0000000083c00000| Untracked 
|  61|0x0000000083d00000, 0x0000000083e00000, 0x0000000083e00000|100%| O|  |TAMS 0x0000000083e00000, 0x0000000083d00000| Untracked 
|  62|0x0000000083e00000, 0x0000000083f00000, 0x0000000083f00000|100%| O|  |TAMS 0x0000000083f00000, 0x0000000083e00000| Untracked 
|  63|0x0000000083f00000, 0x0000000084000000, 0x0000000084000000|100%| O|  |TAMS 0x0000000084000000, 0x0000000083f00000| Untracked 
|  64|0x0000000084000000, 0x0000000084100000, 0x0000000084100000|100%| O|  |TAMS 0x0000000084100000, 0x0000000084000000| Untracked 
|  65|0x0000000084100000, 0x0000000084200000, 0x0000000084200000|100%| O|  |TAMS 0x0000000084200000, 0x0000000084100000| Untracked 
|  66|0x0000000084200000, 0x0000000084300000, 0x0000000084300000|100%| O|  |TAMS 0x0000000084300000, 0x0000000084200000| Untracked 
|  67|0x0000000084300000, 0x0000000084400000, 0x0000000084400000|100%| O|  |TAMS 0x0000000084400000, 0x0000000084300000| Untracked 
|  68|0x0000000084400000, 0x0000000084500000, 0x0000000084500000|100%| O|  |TAMS 0x0000000084500000, 0x0000000084400000| Untracked 
|  69|0x0000000084500000, 0x0000000084600000, 0x0000000084600000|100%| O|  |TAMS 0x0000000084600000, 0x0000000084500000| Untracked 
|  70|0x0000000084600000, 0x0000000084700000, 0x0000000084700000|100%| O|  |TAMS 0x0000000084600000, 0x0000000084600000| Untracked 
|  71|0x0000000084700000, 0x0000000084800000, 0x0000000084800000|100%| O|  |TAMS 0x0000000084800000, 0x0000000084700000| Untracked 
|  72|0x0000000084800000, 0x0000000084900000, 0x0000000084900000|100%| O|  |TAMS 0x0000000084900000, 0x0000000084800000| Untracked 
|  73|0x0000000084900000, 0x0000000084a00000, 0x0000000084a00000|100%| O|  |TAMS 0x0000000084a00000, 0x0000000084900000| Untracked 
|  74|0x0000000084a00000, 0x0000000084b00000, 0x0000000084b00000|100%| O|  |TAMS 0x0000000084b00000, 0x0000000084a00000| Untracked 
|  75|0x0000000084b00000, 0x0000000084c00000, 0x0000000084c00000|100%| O|  |TAMS 0x0000000084c00000, 0x0000000084b00000| Untracked 
|  76|0x0000000084c00000, 0x0000000084d00000, 0x0000000084d00000|100%| O|  |TAMS 0x0000000084d00000, 0x0000000084c00000| Untracked 
|  77|0x0000000084d00000, 0x0000000084e00000, 0x0000000084e00000|100%| O|  |TAMS 0x0000000084e00000, 0x0000000084d00000| Untracked 
|  78|0x0000000084e00000, 0x0000000084f00000, 0x0000000084f00000|100%| O|  |TAMS 0x0000000084f00000, 0x0000000084e00000| Untracked 
|  79|0x0000000084f00000, 0x0000000085000000, 0x0000000085000000|100%| O|  |TAMS 0x0000000085000000, 0x0000000084f00000| Untracked 
|  80|0x0000000085000000, 0x0000000085100000, 0x0000000085100000|100%| O|  |TAMS 0x0000000085100000, 0x0000000085000000| Untracked 
|  81|0x0000000085100000, 0x0000000085200000, 0x0000000085200000|100%| O|  |TAMS 0x0000000085200000, 0x0000000085100000| Untracked 
|  82|0x0000000085200000, 0x0000000085300000, 0x0000000085300000|100%| O|  |TAMS 0x0000000085300000, 0x0000000085200000| Untracked 
|  83|0x0000000085300000, 0x0000000085300000, 0x0000000085400000|  0%| F|  |TAMS 0x0000000085300000, 0x0000000085300000| Untracked 
|  84|0x0000000085400000, 0x0000000085500000, 0x0000000085500000|100%| O|  |TAMS 0x0000000085400000, 0x0000000085400000| Untracked 
|  85|0x0000000085500000, 0x0000000085600000, 0x0000000085600000|100%|HS|  |TAMS 0x0000000085600000, 0x0000000085500000| Complete 
|  86|0x0000000085600000, 0x0000000085700000, 0x0000000085700000|100%|HC|  |TAMS 0x0000000085700000, 0x0000000085600000| Complete 
|  87|0x0000000085700000, 0x0000000085800000, 0x0000000085800000|100%| O|  |TAMS 0x0000000085800000, 0x0000000085700000| Untracked 
|  88|0x0000000085800000, 0x0000000085900000, 0x0000000085900000|100%| O|  |TAMS 0x0000000085900000, 0x0000000085800000| Untracked 
|  89|0x0000000085900000, 0x0000000085a00000, 0x0000000085a00000|100%| O|  |TAMS 0x0000000085a00000, 0x0000000085900000| Untracked 
|  90|0x0000000085a00000, 0x0000000085b00000, 0x0000000085b00000|100%| O|  |TAMS 0x0000000085b00000, 0x0000000085a00000| Untracked 
|  91|0x0000000085b00000, 0x0000000085c00000, 0x0000000085c00000|100%| O|  |TAMS 0x0000000085c00000, 0x0000000085b00000| Untracked 
|  92|0x0000000085c00000, 0x0000000085d00000, 0x0000000085d00000|100%| O|  |TAMS 0x0000000085d00000, 0x0000000085c00000| Untracked 
|  93|0x0000000085d00000, 0x0000000085e00000, 0x0000000085e00000|100%| O|  |TAMS 0x0000000085e00000, 0x0000000085d00000| Untracked 
|  94|0x0000000085e00000, 0x0000000085f00000, 0x0000000085f00000|100%| O|  |TAMS 0x0000000085f00000, 0x0000000085e00000| Untracked 
|  95|0x0000000085f00000, 0x0000000086000000, 0x0000000086000000|100%| O|  |TAMS 0x0000000086000000, 0x0000000085f00000| Untracked 
|  96|0x0000000086000000, 0x0000000086100000, 0x0000000086100000|100%| O|  |TAMS 0x0000000086000000, 0x0000000086000000| Untracked 
|  97|0x0000000086100000, 0x0000000086200000, 0x0000000086200000|100%| O|  |TAMS 0x0000000086100000, 0x0000000086100000| Untracked 
|  98|0x0000000086200000, 0x0000000086300000, 0x0000000086300000|100%| O|  |TAMS 0x0000000086200000, 0x0000000086200000| Untracked 
|  99|0x0000000086300000, 0x0000000086400000, 0x0000000086400000|100%| O|  |TAMS 0x0000000086300000, 0x0000000086300000| Untracked 
| 100|0x0000000086400000, 0x0000000086500000, 0x0000000086500000|100%| O|  |TAMS 0x0000000086400000, 0x0000000086400000| Untracked 
| 101|0x0000000086500000, 0x00000000865ece00, 0x0000000086600000| 92%| O|  |TAMS 0x0000000086500000, 0x0000000086500000| Untracked 
| 102|0x0000000086600000, 0x0000000086600000, 0x0000000086700000|  0%| F|  |TAMS 0x0000000086600000, 0x0000000086600000| Untracked 
| 103|0x0000000086700000, 0x0000000086700000, 0x0000000086800000|  0%| F|  |TAMS 0x0000000086700000, 0x0000000086700000| Untracked 
| 104|0x0000000086800000, 0x0000000086800000, 0x0000000086900000|  0%| F|  |TAMS 0x0000000086800000, 0x0000000086800000| Untracked 
| 105|0x0000000086900000, 0x0000000086900000, 0x0000000086a00000|  0%| F|  |TAMS 0x0000000086900000, 0x0000000086900000| Untracked 
| 106|0x0000000086a00000, 0x0000000086a00000, 0x0000000086b00000|  0%| F|  |TAMS 0x0000000086a00000, 0x0000000086a00000| Untracked 
| 107|0x0000000086b00000, 0x0000000086c00000, 0x0000000086c00000|100%| O|  |TAMS 0x0000000086b00000, 0x0000000086b00000| Untracked 
| 108|0x0000000086c00000, 0x0000000086d00000, 0x0000000086d00000|100%| O|  |TAMS 0x0000000086c00000, 0x0000000086c00000| Untracked 
| 109|0x0000000086d00000, 0x0000000086e00000, 0x0000000086e00000|100%| O|  |TAMS 0x0000000086d00000, 0x0000000086d00000| Untracked 
| 110|0x0000000086e00000, 0x0000000086e00000, 0x0000000086f00000|  0%| F|  |TAMS 0x0000000086e00000, 0x0000000086e00000| Untracked 
| 111|0x0000000086f00000, 0x0000000086f00000, 0x0000000087000000|  0%| F|  |TAMS 0x0000000086f00000, 0x0000000086f00000| Untracked 
| 112|0x0000000087000000, 0x0000000087000000, 0x0000000087100000|  0%| F|  |TAMS 0x0000000087000000, 0x0000000087000000| Untracked 
| 113|0x0000000087100000, 0x0000000087100000, 0x0000000087200000|  0%| F|  |TAMS 0x0000000087100000, 0x0000000087100000| Untracked 
| 114|0x0000000087200000, 0x0000000087200000, 0x0000000087300000|  0%| F|  |TAMS 0x0000000087200000, 0x0000000087200000| Untracked 
| 115|0x0000000087300000, 0x0000000087300000, 0x0000000087400000|  0%| F|  |TAMS 0x0000000087300000, 0x0000000087300000| Untracked 
| 116|0x0000000087400000, 0x0000000087400000, 0x0000000087500000|  0%| F|  |TAMS 0x0000000087400000, 0x0000000087400000| Untracked 
| 117|0x0000000087500000, 0x0000000087500000, 0x0000000087600000|  0%| F|  |TAMS 0x0000000087500000, 0x0000000087500000| Untracked 
| 118|0x0000000087600000, 0x0000000087600000, 0x0000000087700000|  0%| F|  |TAMS 0x0000000087600000, 0x0000000087600000| Untracked 
| 119|0x0000000087700000, 0x0000000087700000, 0x0000000087800000|  0%| F|  |TAMS 0x0000000087700000, 0x0000000087700000| Untracked 
| 120|0x0000000087800000, 0x0000000087800000, 0x0000000087900000|  0%| F|  |TAMS 0x0000000087800000, 0x0000000087800000| Untracked 
| 121|0x0000000087900000, 0x0000000087900000, 0x0000000087a00000|  0%| F|  |TAMS 0x0000000087900000, 0x0000000087900000| Untracked 
| 122|0x0000000087a00000, 0x0000000087a00000, 0x0000000087b00000|  0%| F|  |TAMS 0x0000000087a00000, 0x0000000087a00000| Untracked 
| 123|0x0000000087b00000, 0x0000000087b00000, 0x0000000087c00000|  0%| F|  |TAMS 0x0000000087b00000, 0x0000000087b00000| Untracked 
| 124|0x0000000087c00000, 0x0000000087c00000, 0x0000000087d00000|  0%| F|  |TAMS 0x0000000087c00000, 0x0000000087c00000| Untracked 
| 125|0x0000000087d00000, 0x0000000087d00000, 0x0000000087e00000|  0%| F|  |TAMS 0x0000000087d00000, 0x0000000087d00000| Untracked 
| 126|0x0000000087e00000, 0x0000000087e00000, 0x0000000087f00000|  0%| F|  |TAMS 0x0000000087e00000, 0x0000000087e00000| Untracked 
| 127|0x0000000087f00000, 0x0000000087f00000, 0x0000000088000000|  0%| F|  |TAMS 0x0000000087f00000, 0x0000000087f00000| Untracked 
| 128|0x0000000088000000, 0x0000000088000000, 0x0000000088100000|  0%| F|  |TAMS 0x0000000088000000, 0x0000000088000000| Untracked 
| 129|0x0000000088100000, 0x0000000088100000, 0x0000000088200000|  0%| F|  |TAMS 0x0000000088100000, 0x0000000088100000| Untracked 
| 130|0x0000000088200000, 0x0000000088200000, 0x0000000088300000|  0%| F|  |TAMS 0x0000000088200000, 0x0000000088200000| Untracked 
| 131|0x0000000088300000, 0x0000000088300000, 0x0000000088400000|  0%| F|  |TAMS 0x0000000088300000, 0x0000000088300000| Untracked 
| 132|0x0000000088400000, 0x0000000088400000, 0x0000000088500000|  0%| F|  |TAMS 0x0000000088400000, 0x0000000088400000| Untracked 
| 133|0x0000000088500000, 0x0000000088500000, 0x0000000088600000|  0%| F|  |TAMS 0x0000000088500000, 0x0000000088500000| Untracked 
| 134|0x0000000088600000, 0x0000000088600000, 0x0000000088700000|  0%| F|  |TAMS 0x0000000088600000, 0x0000000088600000| Untracked 
| 135|0x0000000088700000, 0x0000000088700000, 0x0000000088800000|  0%| F|  |TAMS 0x0000000088700000, 0x0000000088700000| Untracked 
| 136|0x0000000088800000, 0x0000000088800000, 0x0000000088900000|  0%| F|  |TAMS 0x0000000088800000, 0x0000000088800000| Untracked 
| 137|0x0000000088900000, 0x0000000088900000, 0x0000000088a00000|  0%| F|  |TAMS 0x0000000088900000, 0x0000000088900000| Untracked 
| 138|0x0000000088a00000, 0x0000000088a00000, 0x0000000088b00000|  0%| F|  |TAMS 0x0000000088a00000, 0x0000000088a00000| Untracked 
| 139|0x0000000088b00000, 0x0000000088b00000, 0x0000000088c00000|  0%| F|  |TAMS 0x0000000088b00000, 0x0000000088b00000| Untracked 
| 140|0x0000000088c00000, 0x0000000088c00000, 0x0000000088d00000|  0%| F|  |TAMS 0x0000000088c00000, 0x0000000088c00000| Untracked 
| 141|0x0000000088d00000, 0x0000000088d00000, 0x0000000088e00000|  0%| F|  |TAMS 0x0000000088d00000, 0x0000000088d00000| Untracked 
| 142|0x0000000088e00000, 0x0000000088e00000, 0x0000000088f00000|  0%| F|  |TAMS 0x0000000088e00000, 0x0000000088e00000| Untracked 
| 143|0x0000000088f00000, 0x0000000088f00000, 0x0000000089000000|  0%| F|  |TAMS 0x0000000088f00000, 0x0000000088f00000| Untracked 
| 144|0x0000000089000000, 0x0000000089000000, 0x0000000089100000|  0%| F|  |TAMS 0x0000000089000000, 0x0000000089000000| Untracked 
| 145|0x0000000089100000, 0x0000000089100000, 0x0000000089200000|  0%| F|  |TAMS 0x0000000089100000, 0x0000000089100000| Untracked 
| 146|0x0000000089200000, 0x0000000089200000, 0x0000000089300000|  0%| F|  |TAMS 0x0000000089200000, 0x0000000089200000| Untracked 
| 147|0x0000000089300000, 0x0000000089300000, 0x0000000089400000|  0%| F|  |TAMS 0x0000000089300000, 0x0000000089300000| Untracked 
| 148|0x0000000089400000, 0x0000000089400000, 0x0000000089500000|  0%| F|  |TAMS 0x0000000089400000, 0x0000000089400000| Untracked 
| 149|0x0000000089500000, 0x0000000089500000, 0x0000000089600000|  0%| F|  |TAMS 0x0000000089500000, 0x0000000089500000| Untracked 
| 150|0x0000000089600000, 0x0000000089600000, 0x0000000089700000|  0%| F|  |TAMS 0x0000000089600000, 0x0000000089600000| Untracked 
| 151|0x0000000089700000, 0x0000000089700000, 0x0000000089800000|  0%| F|  |TAMS 0x0000000089700000, 0x0000000089700000| Untracked 
| 152|0x0000000089800000, 0x0000000089800000, 0x0000000089900000|  0%| F|  |TAMS 0x0000000089800000, 0x0000000089800000| Untracked 
| 153|0x0000000089900000, 0x0000000089900000, 0x0000000089a00000|  0%| F|  |TAMS 0x0000000089900000, 0x0000000089900000| Untracked 
| 154|0x0000000089a00000, 0x0000000089a00000, 0x0000000089b00000|  0%| F|  |TAMS 0x0000000089a00000, 0x0000000089a00000| Untracked 
| 155|0x0000000089b00000, 0x0000000089b00000, 0x0000000089c00000|  0%| F|  |TAMS 0x0000000089b00000, 0x0000000089b00000| Untracked 
| 156|0x0000000089c00000, 0x0000000089c00000, 0x0000000089d00000|  0%| F|  |TAMS 0x0000000089c00000, 0x0000000089c00000| Untracked 
| 157|0x0000000089d00000, 0x0000000089d00000, 0x0000000089e00000|  0%| F|  |TAMS 0x0000000089d00000, 0x0000000089d00000| Untracked 
| 158|0x0000000089e00000, 0x0000000089e00000, 0x0000000089f00000|  0%| F|  |TAMS 0x0000000089e00000, 0x0000000089e00000| Untracked 
| 159|0x0000000089f00000, 0x0000000089f00000, 0x000000008a000000|  0%| F|  |TAMS 0x0000000089f00000, 0x0000000089f00000| Untracked 
| 160|0x000000008a000000, 0x000000008a000000, 0x000000008a100000|  0%| F|  |TAMS 0x000000008a000000, 0x000000008a000000| Untracked 
| 161|0x000000008a100000, 0x000000008a100000, 0x000000008a200000|  0%| F|  |TAMS 0x000000008a100000, 0x000000008a100000| Untracked 
| 162|0x000000008a200000, 0x000000008a200000, 0x000000008a300000|  0%| F|  |TAMS 0x000000008a200000, 0x000000008a200000| Untracked 
| 163|0x000000008a300000, 0x000000008a300000, 0x000000008a400000|  0%| F|  |TAMS 0x000000008a300000, 0x000000008a300000| Untracked 
| 164|0x000000008a400000, 0x000000008a400000, 0x000000008a500000|  0%| F|  |TAMS 0x000000008a400000, 0x000000008a400000| Untracked 
| 165|0x000000008a500000, 0x000000008a500000, 0x000000008a600000|  0%| F|  |TAMS 0x000000008a500000, 0x000000008a500000| Untracked 
| 166|0x000000008a600000, 0x000000008a600000, 0x000000008a700000|  0%| F|  |TAMS 0x000000008a600000, 0x000000008a600000| Untracked 
| 167|0x000000008a700000, 0x000000008a700000, 0x000000008a800000|  0%| F|  |TAMS 0x000000008a700000, 0x000000008a700000| Untracked 
| 168|0x000000008a800000, 0x000000008a800000, 0x000000008a900000|  0%| F|  |TAMS 0x000000008a800000, 0x000000008a800000| Untracked 
| 169|0x000000008a900000, 0x000000008a900000, 0x000000008aa00000|  0%| F|  |TAMS 0x000000008a900000, 0x000000008a900000| Untracked 
| 170|0x000000008aa00000, 0x000000008aa00000, 0x000000008ab00000|  0%| F|  |TAMS 0x000000008aa00000, 0x000000008aa00000| Untracked 
| 171|0x000000008ab00000, 0x000000008ac00000, 0x000000008ac00000|100%| S|CS|TAMS 0x000000008ab00000, 0x000000008ab00000| Complete 
| 172|0x000000008ac00000, 0x000000008ac00000, 0x000000008ad00000|  0%| F|  |TAMS 0x000000008ac00000, 0x000000008ac00000| Untracked 
| 173|0x000000008ad00000, 0x000000008ad00000, 0x000000008ae00000|  0%| F|  |TAMS 0x000000008ad00000, 0x000000008ad00000| Untracked 
| 174|0x000000008ae00000, 0x000000008ae00000, 0x000000008af00000|  0%| F|  |TAMS 0x000000008ae00000, 0x000000008ae00000| Untracked 
| 175|0x000000008af00000, 0x000000008af00000, 0x000000008b000000|  0%| F|  |TAMS 0x000000008af00000, 0x000000008af00000| Untracked 
| 176|0x000000008b000000, 0x000000008b000000, 0x000000008b100000|  0%| F|  |TAMS 0x000000008b000000, 0x000000008b000000| Untracked 
| 177|0x000000008b100000, 0x000000008b100000, 0x000000008b200000|  0%| F|  |TAMS 0x000000008b100000, 0x000000008b100000| Untracked 
| 178|0x000000008b200000, 0x000000008b200000, 0x000000008b300000|  0%| F|  |TAMS 0x000000008b200000, 0x000000008b200000| Untracked 
| 179|0x000000008b300000, 0x000000008b300000, 0x000000008b400000|  0%| F|  |TAMS 0x000000008b300000, 0x000000008b300000| Untracked 
| 180|0x000000008b400000, 0x000000008b400000, 0x000000008b500000|  0%| F|  |TAMS 0x000000008b400000, 0x000000008b400000| Untracked 
| 181|0x000000008b500000, 0x000000008b500000, 0x000000008b600000|  0%| F|  |TAMS 0x000000008b500000, 0x000000008b500000| Untracked 
| 182|0x000000008b600000, 0x000000008b600000, 0x000000008b700000|  0%| F|  |TAMS 0x000000008b600000, 0x000000008b600000| Untracked 
| 183|0x000000008b700000, 0x000000008b700000, 0x000000008b800000|  0%| F|  |TAMS 0x000000008b700000, 0x000000008b700000| Untracked 
| 184|0x000000008b800000, 0x000000008b800000, 0x000000008b900000|  0%| F|  |TAMS 0x000000008b800000, 0x000000008b800000| Untracked 
| 185|0x000000008b900000, 0x000000008b900000, 0x000000008ba00000|  0%| F|  |TAMS 0x000000008b900000, 0x000000008b900000| Untracked 
| 186|0x000000008ba00000, 0x000000008ba00000, 0x000000008bb00000|  0%| F|  |TAMS 0x000000008ba00000, 0x000000008ba00000| Untracked 
| 187|0x000000008bb00000, 0x000000008bb00000, 0x000000008bc00000|  0%| F|  |TAMS 0x000000008bb00000, 0x000000008bb00000| Untracked 
| 188|0x000000008bc00000, 0x000000008bc00000, 0x000000008bd00000|  0%| F|  |TAMS 0x000000008bc00000, 0x000000008bc00000| Untracked 
| 189|0x000000008bd00000, 0x000000008bd00000, 0x000000008be00000|  0%| F|  |TAMS 0x000000008bd00000, 0x000000008bd00000| Untracked 
| 190|0x000000008be00000, 0x000000008be00000, 0x000000008bf00000|  0%| F|  |TAMS 0x000000008be00000, 0x000000008be00000| Untracked 
| 191|0x000000008bf00000, 0x000000008bf00000, 0x000000008c000000|  0%| F|  |TAMS 0x000000008bf00000, 0x000000008bf00000| Untracked 

Card table byte_map: [0x000001d5aae20000,0x000001d5ab220000] _byte_map_base: 0x000001d5aaa20000

Marking Bits (Prev, Next): (CMBitMap*) 0x000001d59635ba50, (CMBitMap*) 0x000001d59635ba10
 Prev Bits: [0x000001d5ad620000, 0x000001d5af620000)
 Next Bits: [0x000001d5ab620000, 0x000001d5ad620000)

Polling page: 0x000001d5963c0000

Metaspace:

Usage:
  Non-class:     75.13 MB used.
      Class:     11.82 MB used.
       Both:     86.94 MB used.

Virtual space:
  Non-class space:       80.00 MB reserved,      75.50 MB ( 94%) committed,  10 nodes.
      Class space:        1.00 GB reserved,      12.06 MB (  1%) committed,  1 nodes.
             Both:        1.08 GB reserved,      87.56 MB (  8%) committed. 

Chunk freelists:
   Non-Class:  3.67 MB
       Class:  3.89 MB
        Both:  7.56 MB

MaxMetaspaceSize: unlimited
CompressedClassSpaceSize: 1.00 GB
Initial GC threshold: 21.00 MB
Current GC threshold: 145.63 MB
CDS: off
MetaspaceReclaimPolicy: balanced
 - commit_granule_bytes: 65536.
 - commit_granule_words: 8192.
 - virtual_space_node_default_size: 1048576.
 - enlarge_chunks_in_place: 1.
 - new_chunks_are_fully_committed: 0.
 - uncommit_free_chunks: 1.
 - use_allocation_guard: 0.
 - handle_deallocations: 1.


Internal statistics:

num_allocs_failed_limit: 14.
num_arena_births: 880.
num_arena_deaths: 14.
num_vsnodes_births: 11.
num_vsnodes_deaths: 0.
num_space_committed: 1400.
num_space_uncommitted: 0.
num_chunks_returned_to_freelist: 31.
num_chunks_taken_from_freelist: 4111.
num_chunk_merges: 15.
num_chunk_splits: 2698.
num_chunks_enlarged: 1789.
num_purges: 2.
num_inconsistent_stats: 0.

CodeHeap 'non-profiled nmethods': size=120000Kb used=5968Kb max_used=5968Kb free=114031Kb
 bounds [0x000001d5a2a90000, 0x000001d5a3070000, 0x000001d5a9fc0000]
CodeHeap 'profiled nmethods': size=120000Kb used=17667Kb max_used=18718Kb free=102332Kb
 bounds [0x000001d59afc0000, 0x000001d59c220000, 0x000001d5a24f0000]
CodeHeap 'non-nmethods': size=5760Kb used=2370Kb max_used=2425Kb free=3389Kb
 bounds [0x000001d5a24f0000, 0x000001d5a2760000, 0x000001d5a2a90000]
 total_blobs=10223 nmethods=9319 adapters=817
 compilation: enabled
              stopped_count=0, restarted_count=0
 full_count=0

Compilation events (20 events):
Event: 16.956 Thread 0x000001d5b2c74810 10968       3       org.apache.xerces.dom.ParentNode::internalRemoveChild (319 bytes)
Event: 16.958 Thread 0x000001d5b2c74810 nmethod 10968 0x000001d59ba7b290 code [0x000001d59ba7b5a0, 0x000001d59ba7cae8]
Event: 16.958 Thread 0x000001d5b2c74810 10969       3       java.util.Formatter$FormatSpecifier::<init> (77 bytes)
Event: 16.959 Thread 0x000001d5b2c74810 nmethod 10969 0x000001d59b539c10 code [0x000001d59b539e20, 0x000001d59b53a5d8]
Event: 16.959 Thread 0x000001d5bc659f10 nmethod 10951% 0x000001d5a2db3a10 code [0x000001d5a2db3ba0, 0x000001d5a2db40b8]
Event: 16.959 Thread 0x000001d5bc659f10 10967 %     4       java.util.ComparableTimSort::binarySort @ 72 (223 bytes)
Event: 16.961 Thread 0x000001d5b2c74810 10971       3       com.android.utils.XmlUtils::getSourceFilePosition (33 bytes)
Event: 16.962 Thread 0x000001d5b2c74810 nmethod 10971 0x000001d59b893490 code [0x000001d59b8936a0, 0x000001d59b893ed8]
Event: 16.963 Thread 0x000001d5b2c74810 10972       1       com.google.common.cache.LocalCache$1::isActive (2 bytes)
Event: 16.963 Thread 0x000001d5bc65a930 nmethod 10936 0x000001d5a2e77c90 code [0x000001d5a2e77f80, 0x000001d5a2e78f20]
Event: 16.963 Thread 0x000001d5b2c74810 nmethod 10972 0x000001d5a2caf990 code [0x000001d5a2cafb20, 0x000001d5a2cafbf8]
Event: 16.964 Thread 0x000001d5bc65a930 10948       4       java.util.Hashtable::entrySet (28 bytes)
Event: 16.964 Thread 0x000001d5b2c74810 10974       3       java.lang.Long::toString (139 bytes)
Event: 16.965 Thread 0x000001d5b2c74810 nmethod 10974 0x000001d59bc69990 code [0x000001d59bc69b80, 0x000001d59bc6a178]
Event: 16.965 Thread 0x000001d5b2c74810 10975       3       com.android.ide.common.blame.SourceFilePosition::equals (55 bytes)
Event: 16.966 Thread 0x000001d5b2c74810 nmethod 10975 0x000001d59b5a5b10 code [0x000001d59b5a5d00, 0x000001d59b5a6438]
Event: 16.967 Thread 0x000001d5bc65a930 nmethod 10948 0x000001d5a2db3510 code [0x000001d5a2db36a0, 0x000001d5a2db38d8]
Event: 16.967 Thread 0x000001d5bc65a930 10973       4       org.apache.xerces.dom.ParentNode::setOwnerDocument (44 bytes)
Event: 16.970 Thread 0x000001d5b2c74810 10977       3       org.apache.xerces.dom.ChildNode::getParentNode (16 bytes)
Event: 16.970 Thread 0x000001d5b2c74810 nmethod 10977 0x000001d59c0eb210 code [0x000001d59c0eb3c0, 0x000001d59c0eb618]

GC Heap History (20 events):
Event: 11.367 GC heap after
{Heap after GC invocations=27 (full 0):
 garbage-first heap   total 125952K, used 66143K [0x0000000080000000, 0x0000000100000000)
  region size 1024K, 6 young (6144K), 6 survivors (6144K)
 Metaspace       used 81584K, committed 82176K, reserved 1122304K
  class space    used 11104K, committed 11392K, reserved 1048576K
}
Event: 11.699 GC heap before
{Heap before GC invocations=28 (full 0):
 garbage-first heap   total 125952K, used 101983K [0x0000000080000000, 0x0000000100000000)
  region size 1024K, 41 young (41984K), 6 survivors (6144K)
 Metaspace       used 81894K, committed 82560K, reserved 1122304K
  class space    used 11135K, committed 11456K, reserved 1048576K
}
Event: 11.711 GC heap after
{Heap after GC invocations=29 (full 0):
 garbage-first heap   total 125952K, used 72245K [0x0000000080000000, 0x0000000100000000)
  region size 1024K, 6 young (6144K), 6 survivors (6144K)
 Metaspace       used 81894K, committed 82560K, reserved 1122304K
  class space    used 11135K, committed 11456K, reserved 1048576K
}
Event: 12.198 GC heap before
{Heap before GC invocations=29 (full 0):
 garbage-first heap   total 125952K, used 100917K [0x0000000080000000, 0x0000000100000000)
  region size 1024K, 35 young (35840K), 6 survivors (6144K)
 Metaspace       used 84260K, committed 84928K, reserved 1122304K
  class space    used 11642K, committed 11968K, reserved 1048576K
}
Event: 12.208 GC heap after
{Heap after GC invocations=30 (full 0):
 garbage-first heap   total 151552K, used 76203K [0x0000000080000000, 0x0000000100000000)
  region size 1024K, 4 young (4096K), 4 survivors (4096K)
 Metaspace       used 84260K, committed 84928K, reserved 1122304K
  class space    used 11642K, committed 11968K, reserved 1048576K
}
Event: 12.843 GC heap before
{Heap before GC invocations=31 (full 0):
 garbage-first heap   total 151552K, used 120235K [0x0000000080000000, 0x0000000100000000)
  region size 1024K, 48 young (49152K), 4 survivors (4096K)
 Metaspace       used 84613K, committed 85248K, reserved 1122304K
  class space    used 11655K, committed 11968K, reserved 1048576K
}
Event: 12.851 GC heap after
{Heap after GC invocations=32 (full 0):
 garbage-first heap   total 151552K, used 78831K [0x0000000080000000, 0x0000000100000000)
  region size 1024K, 6 young (6144K), 6 survivors (6144K)
 Metaspace       used 84613K, committed 85248K, reserved 1122304K
  class space    used 11655K, committed 11968K, reserved 1048576K
}
Event: 12.884 GC heap before
{Heap before GC invocations=32 (full 0):
 garbage-first heap   total 151552K, used 79855K [0x0000000080000000, 0x0000000100000000)
  region size 1024K, 7 young (7168K), 6 survivors (6144K)
 Metaspace       used 84775K, committed 85376K, reserved 1122304K
  class space    used 11685K, committed 11968K, reserved 1048576K
}
Event: 12.893 GC heap after
{Heap after GC invocations=33 (full 0):
 garbage-first heap   total 151552K, used 79363K [0x0000000080000000, 0x0000000100000000)
  region size 1024K, 1 young (1024K), 1 survivors (1024K)
 Metaspace       used 84775K, committed 85376K, reserved 1122304K
  class space    used 11685K, committed 11968K, reserved 1048576K
}
Event: 13.233 GC heap before
{Heap before GC invocations=33 (full 0):
 garbage-first heap   total 151552K, used 82435K [0x0000000080000000, 0x0000000100000000)
  region size 1024K, 6 young (6144K), 1 survivors (1024K)
 Metaspace       used 85085K, committed 85696K, reserved 1130496K
  class space    used 11742K, committed 12032K, reserved 1048576K
}
Event: 13.236 GC heap after
{Heap after GC invocations=34 (full 0):
 garbage-first heap   total 151552K, used 79211K [0x0000000080000000, 0x0000000100000000)
  region size 1024K, 1 young (1024K), 1 survivors (1024K)
 Metaspace       used 85085K, committed 85696K, reserved 1130496K
  class space    used 11742K, committed 12032K, reserved 1048576K
}
Event: 15.483 GC heap before
{Heap before GC invocations=35 (full 0):
 garbage-first heap   total 151552K, used 133483K [0x0000000080000000, 0x0000000100000000)
  region size 1024K, 45 young (46080K), 1 survivors (1024K)
 Metaspace       used 88306K, committed 88960K, reserved 1130496K
  class space    used 12036K, committed 12352K, reserved 1048576K
}
Event: 15.496 GC heap after
{Heap after GC invocations=36 (full 0):
 garbage-first heap   total 151552K, used 95950K [0x0000000080000000, 0x0000000100000000)
  region size 1024K, 6 young (6144K), 6 survivors (6144K)
 Metaspace       used 88306K, committed 88960K, reserved 1130496K
  class space    used 12036K, committed 12352K, reserved 1048576K
}
Event: 15.559 GC heap before
{Heap before GC invocations=36 (full 0):
 garbage-first heap   total 151552K, used 96974K [0x0000000080000000, 0x0000000100000000)
  region size 1024K, 7 young (7168K), 6 survivors (6144K)
 Metaspace       used 88308K, committed 88960K, reserved 1130496K
  class space    used 12036K, committed 12352K, reserved 1048576K
}
Event: 15.567 GC heap after
{Heap after GC invocations=37 (full 0):
 garbage-first heap   total 151552K, used 96951K [0x0000000080000000, 0x0000000100000000)
  region size 1024K, 1 young (1024K), 1 survivors (1024K)
 Metaspace       used 88308K, committed 88960K, reserved 1130496K
  class space    used 12036K, committed 12352K, reserved 1048576K
}
Event: 16.396 GC heap before
{Heap before GC invocations=37 (full 0):
 garbage-first heap   total 151552K, used 117431K [0x0000000080000000, 0x0000000100000000)
  region size 1024K, 22 young (22528K), 1 survivors (1024K)
 Metaspace       used 88727K, committed 89344K, reserved 1130496K
  class space    used 12077K, committed 12352K, reserved 1048576K
}
Event: 16.405 GC heap after
{Heap after GC invocations=38 (full 0):
 garbage-first heap   total 151552K, used 103573K [0x0000000080000000, 0x0000000100000000)
  region size 1024K, 3 young (3072K), 3 survivors (3072K)
 Metaspace       used 88727K, committed 89344K, reserved 1130496K
  class space    used 12077K, committed 12352K, reserved 1048576K
}
Event: 16.853 GC heap before
{Heap before GC invocations=39 (full 0):
 garbage-first heap   total 181248K, used 126101K [0x0000000080000000, 0x0000000100000000)
  region size 1024K, 17 young (17408K), 3 survivors (3072K)
 Metaspace       used 88990K, committed 89536K, reserved 1130496K
  class space    used 12100K, committed 12352K, reserved 1048576K
}
Event: 16.862 GC heap after
{Heap after GC invocations=40 (full 0):
 garbage-first heap   total 181248K, used 106897K [0x0000000080000000, 0x0000000100000000)
  region size 1024K, 3 young (3072K), 3 survivors (3072K)
 Metaspace       used 88990K, committed 89536K, reserved 1130496K
  class space    used 12100K, committed 12352K, reserved 1048576K
}
Event: 16.971 GC heap before
{Heap before GC invocations=40 (full 0):
 garbage-first heap   total 181248K, used 112017K [0x0000000080000000, 0x0000000100000000)
  region size 1024K, 8 young (8192K), 3 survivors (3072K)
 Metaspace       used 89030K, committed 89664K, reserved 1130496K
  class space    used 12100K, committed 12352K, reserved 1048576K
}

Dll operation events (2 events):
Event: 0.006 Loaded shared library C:\Program Files\Android\Android Studio\jbr\bin\java.dll
Event: 0.509 Loaded shared library C:\Program Files\Android\Android Studio\jbr\bin\verify.dll

Deoptimization events (20 events):
Event: 16.691 Thread 0x000001d5b5bd2e10 DEOPT PACKING pc=0x000001d5a2f01f34 sp=0x000000c9348f92f0
Event: 16.691 Thread 0x000001d5b5bd2e10 DEOPT UNPACKING pc=0x000001d5a25469a3 sp=0x000000c9348f9268 mode 2
Event: 16.691 Thread 0x000001d5b5bd2e10 Uncommon trap: trap_request=0xffffffbe fr.pc=0x000001d5a2f01f34 relative=0x0000000000000294
Event: 16.691 Thread 0x000001d5b5bd2e10 Uncommon trap: reason=profile_predicate action=maybe_recompile pc=0x000001d5a2f01f34 method=com.google.common.base.CharMatcher.countIn(Ljava/lang/CharSequence;)I @ 11 c2
Event: 16.691 Thread 0x000001d5b5bd2e10 DEOPT PACKING pc=0x000001d5a2f01f34 sp=0x000000c9348f92f0
Event: 16.691 Thread 0x000001d5b5bd2e10 DEOPT UNPACKING pc=0x000001d5a25469a3 sp=0x000000c9348f9268 mode 2
Event: 16.695 Thread 0x000001d5b5bd2e10 DEOPT PACKING pc=0x000001d59c1dfa96 sp=0x000000c9348f96c0
Event: 16.695 Thread 0x000001d5b5bd2e10 DEOPT UNPACKING pc=0x000001d5a2547143 sp=0x000000c9348f8b80 mode 0
Event: 16.721 Thread 0x000001d5b5bd2e10 DEOPT PACKING pc=0x000001d59bc79903 sp=0x000000c9348f9350
Event: 16.721 Thread 0x000001d5b5bd2e10 DEOPT UNPACKING pc=0x000001d5a2547143 sp=0x000000c9348f87c0 mode 0
Event: 16.729 Thread 0x000001d5b5bd2e10 DEOPT PACKING pc=0x000001d59bc79903 sp=0x000000c9348f9350
Event: 16.729 Thread 0x000001d5b5bd2e10 DEOPT UNPACKING pc=0x000001d5a2547143 sp=0x000000c9348f87c0 mode 0
Event: 16.779 Thread 0x000001d5b5bd2e10 DEOPT PACKING pc=0x000001d59b159bb0 sp=0x000000c9348f92e0
Event: 16.779 Thread 0x000001d5b5bd2e10 DEOPT UNPACKING pc=0x000001d5a2547143 sp=0x000000c9348f87f0 mode 0
Event: 16.786 Thread 0x000001d5b5bd2e10 DEOPT PACKING pc=0x000001d59b806256 sp=0x000000c9348f9000
Event: 16.786 Thread 0x000001d5b5bd2e10 DEOPT UNPACKING pc=0x000001d5a2547143 sp=0x000000c9348f84d8 mode 0
Event: 16.787 Thread 0x000001d5b5bd2e10 DEOPT PACKING pc=0x000001d59b159bb0 sp=0x000000c9348f92e0
Event: 16.787 Thread 0x000001d5b5bd2e10 DEOPT UNPACKING pc=0x000001d5a2547143 sp=0x000000c9348f87f0 mode 0
Event: 16.913 Thread 0x000001d5b5bd2e10 DEOPT PACKING pc=0x000001d59c102869 sp=0x000000c9348f92d0
Event: 16.913 Thread 0x000001d5b5bd2e10 DEOPT UNPACKING pc=0x000001d5a2547143 sp=0x000000c9348f8768 mode 0

Classes unloaded (7 events):
Event: 13.326 Thread 0x000001d5b2125b40 Unloading class 0x0000000100ba5c00 'java/lang/invoke/LambdaForm$DMH+0x0000000100ba5c00'
Event: 13.326 Thread 0x000001d5b2125b40 Unloading class 0x0000000100ba5800 'java/lang/invoke/LambdaForm$DMH+0x0000000100ba5800'
Event: 13.326 Thread 0x000001d5b2125b40 Unloading class 0x0000000100ba5400 'java/lang/invoke/LambdaForm$DMH+0x0000000100ba5400'
Event: 13.326 Thread 0x000001d5b2125b40 Unloading class 0x0000000100ba4800 'java/lang/invoke/LambdaForm$DMH+0x0000000100ba4800'
Event: 13.326 Thread 0x000001d5b2125b40 Unloading class 0x0000000100ba4c00 'java/lang/invoke/LambdaForm$DMH+0x0000000100ba4c00'
Event: 13.326 Thread 0x000001d5b2125b40 Unloading class 0x0000000100ba5000 'java/lang/invoke/LambdaForm$DMH+0x0000000100ba5000'
Event: 13.326 Thread 0x000001d5b2125b40 Unloading class 0x0000000100ba4400 'java/lang/invoke/LambdaForm$DMH+0x0000000100ba4400'

Classes redefined (0 events):
No events

Internal exceptions (20 events):
Event: 11.958 Thread 0x000001d5b5bcfdf0 Exception <a 'java/lang/NoSuchMethodError'{0x0000000086c73220}: static Lcom/android/buildanalyzer/common/AndroidGradlePluginAttributionData$JavaInfo;.<clinit>()V> (0x0000000086c73220) 
thrown [s\src\hotspot\share\prims\jni.cpp, line 1108]
Event: 11.962 Thread 0x000001d5b5bcfdf0 Exception <a 'java/lang/NoSuchMethodError'{0x0000000086cb4e38}: static [Ljava/lang/String;.<clinit>()V> (0x0000000086cb4e38) 
thrown [s\src\hotspot\share\prims\jni.cpp, line 1108]
Event: 11.964 Thread 0x000001d5b5bcfdf0 Exception <a 'java/lang/NoSuchMethodError'{0x0000000086cc4430}: static Lcom/android/buildanalyzer/common/AndroidGradlePluginAttributionData$TaskInfo;.<clinit>()V> (0x0000000086cc4430) 
thrown [s\src\hotspot\share\prims\jni.cpp, line 1108]
Event: 11.965 Thread 0x000001d5b5bcfdf0 Exception <a 'java/lang/NoSuchMethodError'{0x0000000086cd2a90}: static Lcom/android/buildanalyzer/common/AndroidGradlePluginAttributionData$TaskCategoryInfo;.<clinit>()V> (0x0000000086cd2a90) 
thrown [s\src\hotspot\share\prims\jni.cpp, line 1108]
Event: 11.978 Thread 0x000001d5b5bcfdf0 Exception <a 'java/lang/NoSuchMethodError'{0x0000000086b56d88}: 'void java.lang.invoke.DirectMethodHandle$Holder.invokeSpecial(java.lang.Object, java.lang.Object, java.lang.Object, int)'> (0x0000000086b56d88) 
thrown [s\src\hotspot\share\interpreter\linkResolver.cpp, line 771]
Event: 12.114 Thread 0x000001d5b5bd2e10 Exception <a 'java/lang/NoSuchMethodError'{0x00000000866f3168}: 'void java.lang.invoke.DirectMethodHandle$Holder.invokeStatic(java.lang.Object, java.lang.Object, java.lang.Object, java.lang.Object, int, java.lang.Object, java.lang.Object)'> (0x00000000866f3168) 
thrown [s\src\hotspot\share\interpreter\linkResolver.cpp, line 771]
Event: 12.145 Thread 0x000001d5b5c7f7c0 Exception <a 'java/lang/NoSuchMethodError'{0x000000008615e430}: 'java.lang.Object java.lang.invoke.DirectMethodHandle$Holder.invokeSpecialIFC(java.lang.Object, java.lang.Object, java.lang.Object)'> (0x000000008615e430) 
thrown [s\src\hotspot\share\interpreter\linkResolver.cpp, line 771]
Event: 12.145 Thread 0x000001d5b5bd0c60 Exception <a 'java/lang/NoSuchMethodError'{0x0000000086168058}: 'java.lang.Object java.lang.invoke.DirectMethodHandle$Holder.invokeSpecialIFC(java.lang.Object, java.lang.Object, java.lang.Object)'> (0x0000000086168058) 
thrown [s\src\hotspot\share\interpreter\linkResolver.cpp, line 771]
Event: 12.145 Thread 0x000001d5b31cf3e0 Exception <a 'java/lang/NoSuchMethodError'{0x0000000086194348}: 'java.lang.Object java.lang.invoke.DirectMethodHandle$Holder.invokeSpecialIFC(java.lang.Object, java.lang.Object, java.lang.Object)'> (0x0000000086194348) 
thrown [s\src\hotspot\share\interpreter\linkResolver.cpp, line 771]
Event: 12.145 Thread 0x000001d5b5bd4af0 Exception <a 'java/lang/NoSuchMethodError'{0x000000008616e620}: 'java.lang.Object java.lang.invoke.DirectMethodHandle$Holder.invokeSpecialIFC(java.lang.Object, java.lang.Object, java.lang.Object)'> (0x000000008616e620) 
thrown [s\src\hotspot\share\interpreter\linkResolver.cpp, line 771]
Event: 12.145 Thread 0x000001d5b31c9870 Exception <a 'java/lang/NoSuchMethodError'{0x0000000086183d98}: 'java.lang.Object java.lang.invoke.DirectMethodHandle$Holder.invokeSpecialIFC(java.lang.Object, java.lang.Object, java.lang.Object)'> (0x0000000086183d98) 
thrown [s\src\hotspot\share\interpreter\linkResolver.cpp, line 771]
Event: 12.145 Thread 0x000001d5b3afc3c0 Exception <a 'java/lang/NoSuchMethodError'{0x0000000086177c90}: 'java.lang.Object java.lang.invoke.DirectMethodHandle$Holder.invokeSpecialIFC(java.lang.Object, java.lang.Object, java.lang.Object)'> (0x0000000086177c90) 
thrown [s\src\hotspot\share\interpreter\linkResolver.cpp, line 771]
Event: 12.145 Thread 0x000001d5b5c844c0 Exception <a 'java/lang/NoSuchMethodError'{0x000000008618d990}: 'java.lang.Object java.lang.invoke.DirectMethodHandle$Holder.invokeSpecialIFC(java.lang.Object, java.lang.Object, java.lang.Object)'> (0x000000008618d990) 
thrown [s\src\hotspot\share\interpreter\linkResolver.cpp, line 771]
Event: 12.145 Thread 0x000001d5b5bd2e10 Exception <a 'java/lang/NoSuchMethodError'{0x0000000086116fb0}: 'java.lang.Object java.lang.invoke.DirectMethodHandle$Holder.invokeSpecialIFC(java.lang.Object, java.lang.Object, java.lang.Object)'> (0x0000000086116fb0) 
thrown [s\src\hotspot\share\interpreter\linkResolver.cpp, line 771]
Event: 12.726 Thread 0x000001d5b3af6850 Implicit null exception at 0x000001d5a2fc010f to 0x000001d5a2fc0a64
Event: 12.726 Thread 0x000001d5b3af6850 Implicit null exception at 0x000001d5a2fc010f to 0x000001d5a2fc0a64
Event: 12.726 Thread 0x000001d5b3afbef0 Implicit null exception at 0x000001d5a2fc010f to 0x000001d5a2fc0a64
Event: 12.726 Thread 0x000001d5b5c83650 Implicit null exception at 0x000001d5a2fc010f to 0x000001d5a2fc0a64
Event: 12.927 Thread 0x000001d5b5bd2e10 Exception <a 'java/lang/NoSuchMethodError'{0x00000000894653e8}: 'void java.lang.invoke.DirectMethodHandle$Holder.invokeVirtual(java.lang.Object, java.lang.Object)'> (0x00000000894653e8) 
thrown [s\src\hotspot\share\interpreter\linkResolver.cpp, line 771]
Event: 16.417 Thread 0x000001d5b5bd2e10 Implicit null exception at 0x000001d5a2d4cf36 to 0x000001d5a2d4ddf4

VM Operations (20 events):
Event: 14.833 Executing VM operation: HandshakeAllThreads done
Event: 15.483 Executing VM operation: G1CollectForAllocation
Event: 15.496 Executing VM operation: G1CollectForAllocation done
Event: 15.559 Executing VM operation: G1CollectForAllocation
Event: 15.567 Executing VM operation: G1CollectForAllocation done
Event: 16.350 Executing VM operation: HandshakeAllThreads
Event: 16.351 Executing VM operation: HandshakeAllThreads done
Event: 16.396 Executing VM operation: G1CollectForAllocation
Event: 16.405 Executing VM operation: G1CollectForAllocation done
Event: 16.421 Executing VM operation: HandshakeAllThreads
Event: 16.421 Executing VM operation: HandshakeAllThreads done
Event: 16.473 Executing VM operation: HandshakeAllThreads
Event: 16.473 Executing VM operation: HandshakeAllThreads done
Event: 16.545 Executing VM operation: G1Concurrent
Event: 16.551 Executing VM operation: G1Concurrent done
Event: 16.614 Executing VM operation: G1Concurrent
Event: 16.615 Executing VM operation: G1Concurrent done
Event: 16.853 Executing VM operation: G1CollectForAllocation
Event: 16.862 Executing VM operation: G1CollectForAllocation done
Event: 16.971 Executing VM operation: G1CollectForAllocation

Events (20 events):
Event: 16.284 loading class java/util/stream/Node$Builder$OfInt done
Event: 16.284 loading class java/util/stream/Nodes$IntArrayNode
Event: 16.284 loading class java/util/stream/Nodes$IntArrayNode done
Event: 16.284 loading class java/util/stream/Nodes$IntFixedNodeBuilder done
Event: 16.328 loading class java/util/concurrent/ConcurrentLinkedDeque
Event: 16.328 loading class java/util/concurrent/ConcurrentLinkedDeque done
Event: 16.329 loading class java/util/concurrent/ConcurrentLinkedDeque$Node
Event: 16.329 loading class java/util/concurrent/ConcurrentLinkedDeque$Node done
Event: 16.476 loading class org/w3c/dom/DOMImplementation
Event: 16.476 loading class org/w3c/dom/DOMImplementation done
Event: 16.477 loading class org/w3c/dom/ls/DOMImplementationLS
Event: 16.477 loading class org/w3c/dom/ls/DOMImplementationLS done
Event: 16.477 loading class org/w3c/dom/ls/LSOutput
Event: 16.477 loading class org/w3c/dom/ls/LSOutput done
Event: 16.477 loading class org/w3c/dom/ls/LSParser
Event: 16.477 loading class org/w3c/dom/ls/LSParser done
Event: 16.477 loading class org/w3c/dom/ls/LSInput
Event: 16.477 loading class org/w3c/dom/ls/LSInput done
Event: 16.478 loading class org/w3c/dom/ls/LSSerializer
Event: 16.478 loading class org/w3c/dom/ls/LSSerializer done


Dynamic libraries:
0x00007ff72fed0000 - 0x00007ff72feda000 	C:\Program Files\Android\Android Studio\jbr\bin\java.exe
0x00007fffacb80000 - 0x00007fffacd6d000 	C:\Windows\SYSTEM32\ntdll.dll
0x00007fffac280000 - 0x00007fffac333000 	C:\Windows\System32\KERNEL32.DLL
0x00007fffa8cb0000 - 0x00007fffa8f43000 	C:\Windows\System32\KERNELBASE.dll
0x00007fffa9000000 - 0x00007fffa90fc000 	C:\Windows\System32\ucrtbase.dll
0x00007fff98b10000 - 0x00007fff98b27000 	C:\Program Files\Android\Android Studio\jbr\bin\jli.dll
0x00007fffa1e20000 - 0x00007fffa1e3b000 	C:\Program Files\Android\Android Studio\jbr\bin\VCRUNTIME140.dll
0x00007fffac0e0000 - 0x00007fffac277000 	C:\Windows\System32\USER32.dll
0x00007fffa9b10000 - 0x00007fffa9b30000 	C:\Windows\System32\win32u.dll
0x00007fff98ca0000 - 0x00007fff98f19000 	C:\Windows\WinSxS\amd64_microsoft.windows.common-controls_6595b64144ccf1df_6.0.17763.134_none_05b3373a07211a5c\COMCTL32.dll
0x00007fffaa120000 - 0x00007fffaa149000 	C:\Windows\System32\GDI32.dll
0x00007fffac880000 - 0x00007fffac91e000 	C:\Windows\System32\msvcrt.dll
0x00007fffa9970000 - 0x00007fffa9b0a000 	C:\Windows\System32\gdi32full.dll
0x00007fffa9db0000 - 0x00007fffaa0dd000 	C:\Windows\System32\combase.dll
0x00007fffa9850000 - 0x00007fffa98f0000 	C:\Windows\System32\msvcp_win.dll
0x00007fffac3a0000 - 0x00007fffac4c3000 	C:\Windows\System32\RPCRT4.dll
0x00007fffa9b30000 - 0x00007fffa9bae000 	C:\Windows\System32\bcryptPrimitives.dll
0x00007fffaa0e0000 - 0x00007fffaa10e000 	C:\Windows\System32\IMM32.DLL
0x00007fff9f5b0000 - 0x00007fff9f5bc000 	C:\Program Files\Android\Android Studio\jbr\bin\vcruntime140_1.dll
0x00007fff9f520000 - 0x00007fff9f5ad000 	C:\Program Files\Android\Android Studio\jbr\bin\msvcp140.dll
0x00007fff85bc0000 - 0x00007fff8682e000 	C:\Program Files\Android\Android Studio\jbr\bin\server\jvm.dll
0x00007fffac030000 - 0x00007fffac0d3000 	C:\Windows\System32\ADVAPI32.dll
0x00007fffacab0000 - 0x00007fffacb4e000 	C:\Windows\System32\sechost.dll
0x00007fffa6620000 - 0x00007fffa6644000 	C:\Windows\SYSTEM32\WINMM.dll
0x00007fff9a7c0000 - 0x00007fff9a7c9000 	C:\Windows\SYSTEM32\WSOCK32.dll
0x00007fffa2580000 - 0x00007fffa258a000 	C:\Windows\SYSTEM32\VERSION.dll
0x00007fffabe10000 - 0x00007fffabe7d000 	C:\Windows\System32\WS2_32.dll
0x00007fffa6030000 - 0x00007fffa605d000 	C:\Windows\SYSTEM32\WINMMBASE.dll
0x00007fffa98f0000 - 0x00007fffa993a000 	C:\Windows\System32\cfgmgr32.dll
0x00007fffa8c10000 - 0x00007fffa8c21000 	C:\Windows\System32\kernel.appcore.dll
0x00007fffa5530000 - 0x00007fffa553a000 	C:\Program Files\Android\Android Studio\jbr\bin\jimage.dll
0x00007fff99f50000 - 0x00007fff9a13d000 	C:\Windows\SYSTEM32\DBGHELP.DLL
0x00007fff8d1c0000 - 0x00007fff8d1ea000 	C:\Windows\SYSTEM32\dbgcore.DLL
0x00007fffa5500000 - 0x00007fffa5525000 	C:\Program Files\Android\Android Studio\jbr\bin\java.dll
0x00007fff9f0b0000 - 0x00007fff9f0c8000 	C:\Program Files\Android\Android Studio\jbr\bin\zip.dll
0x00007fffaa910000 - 0x00007fffabdff000 	C:\Windows\System32\SHELL32.dll
0x00007fffac4d0000 - 0x00007fffac578000 	C:\Windows\System32\shcore.dll
0x00007fffa9100000 - 0x00007fffa9848000 	C:\Windows\System32\windows.storage.dll
0x00007fffa8b80000 - 0x00007fffa8ba4000 	C:\Windows\System32\profapi.dll
0x00007fffa8bb0000 - 0x00007fffa8c0d000 	C:\Windows\System32\powrprof.dll
0x00007fffac5e0000 - 0x00007fffac632000 	C:\Windows\System32\shlwapi.dll
0x00007fffa9d90000 - 0x00007fffa9da7000 	C:\Windows\System32\cryptsp.dll
0x00007fff9d080000 - 0x00007fff9d099000 	C:\Program Files\Android\Android Studio\jbr\bin\net.dll
0x00007fffa2cb0000 - 0x00007fffa2da1000 	C:\Windows\SYSTEM32\WINHTTP.dll
0x00007fffa8410000 - 0x00007fffa8477000 	C:\Windows\system32\mswsock.dll
0x00007fff99ab0000 - 0x00007fff99ac6000 	C:\Program Files\Android\Android Studio\jbr\bin\nio.dll
0x00007fffa54f0000 - 0x00007fffa5500000 	C:\Program Files\Android\Android Studio\jbr\bin\verify.dll
0x00007fff85610000 - 0x00007fff85637000 	C:\Users\Alexx\.gradle\native\68d5fa5c4cc2d200863cafc0d521ce42e7d3e7ee720ec0a83991735586a16f82\windows-amd64\native-platform.dll
0x00007fff886e0000 - 0x00007fff88824000 	C:\Users\Alexx\.gradle\native\e376f236ea51e6404a007f0833ffe2c6e607c4080706a723a18a27aeea778392\windows-amd64\native-platform-file-events.dll
0x00007fff9f5c0000 - 0x00007fff9f5c9000 	C:\Program Files\Android\Android Studio\jbr\bin\management.dll
0x00007fff9cd80000 - 0x00007fff9cd8b000 	C:\Program Files\Android\Android Studio\jbr\bin\management_ext.dll
0x00007fffac870000 - 0x00007fffac878000 	C:\Windows\System32\PSAPI.DLL
0x00007fffa7fd0000 - 0x00007fffa8003000 	C:\Windows\system32\rsaenh.dll
0x00007fffa9940000 - 0x00007fffa9966000 	C:\Windows\System32\bcrypt.dll
0x00007fffa8a80000 - 0x00007fffa8aa8000 	C:\Windows\SYSTEM32\USERENV.dll
0x00007fffa85e0000 - 0x00007fffa85ec000 	C:\Windows\SYSTEM32\CRYPTBASE.dll
0x00007fffa8170000 - 0x00007fffa81ad000 	C:\Windows\SYSTEM32\IPHLPAPI.DLL
0x00007fffabe00000 - 0x00007fffabe08000 	C:\Windows\System32\NSI.dll
0x00007fff9ff50000 - 0x00007fff9ff66000 	C:\Windows\SYSTEM32\dhcpcsvc6.DLL
0x00007fff9ff30000 - 0x00007fff9ff4c000 	C:\Windows\SYSTEM32\dhcpcsvc.DLL
0x00007fffa81b0000 - 0x00007fffa8276000 	C:\Windows\SYSTEM32\DNSAPI.dll
0x00007fff99620000 - 0x00007fff99627000 	C:\Windows\system32\wshunix.dll

dbghelp: loaded successfully - version: 4.0.5 - missing functions: none
symbol engine: initialized successfully - sym options: 0x614 - pdb path: .;C:\Program Files\Android\Android Studio\jbr\bin;C:\Windows\SYSTEM32;C:\Windows\WinSxS\amd64_microsoft.windows.common-controls_6595b64144ccf1df_6.0.17763.134_none_05b3373a07211a5c;C:\Program Files\Android\Android Studio\jbr\bin\server;C:\Users\Alexx\.gradle\native\68d5fa5c4cc2d200863cafc0d521ce42e7d3e7ee720ec0a83991735586a16f82\windows-amd64;C:\Users\Alexx\.gradle\native\e376f236ea51e6404a007f0833ffe2c6e607c4080706a723a18a27aeea778392\windows-amd64

VM Arguments:
jvm_args: --add-opens=java.base/java.util=ALL-UNNAMED --add-opens=java.base/java.lang=ALL-UNNAMED --add-opens=java.base/java.lang.invoke=ALL-UNNAMED --add-opens=java.prefs/java.util.prefs=ALL-UNNAMED --add-opens=java.base/java.nio.charset=ALL-UNNAMED --add-opens=java.base/java.net=ALL-UNNAMED --add-opens=java.base/java.util.concurrent.atomic=ALL-UNNAMED -Xmx2048m -Dfile.encoding=UTF-8 -Duser.country=RU -Duser.language=ru -Duser.variant 
java_command: org.gradle.launcher.daemon.bootstrap.GradleDaemon 8.0
java_class_path (initial): C:\Users\Alexx\.gradle\wrapper\dists\gradle-8.0-bin\ca5e32bp14vu59qr306oxotwh\gradle-8.0\lib\gradle-launcher-8.0.jar
Launcher Type: SUN_STANDARD

[Global flags]
     intx CICompilerCount                          = 4                                         {product} {ergonomic}
     uint ConcGCThreads                            = 2                                         {product} {ergonomic}
     uint G1ConcRefinementThreads                  = 8                                         {product} {ergonomic}
   size_t G1HeapRegionSize                         = 1048576                                   {product} {ergonomic}
    uintx GCDrainStackTargetSize                   = 64                                        {product} {ergonomic}
   size_t InitialHeapSize                          = 201326592                                 {product} {ergonomic}
   size_t MarkStackSize                            = 4194304                                   {product} {ergonomic}
   size_t MaxHeapSize                              = 2147483648                                {product} {command line}
   size_t MaxNewSize                               = 1287651328                                {product} {ergonomic}
   size_t MinHeapDeltaBytes                        = 1048576                                   {product} {ergonomic}
   size_t MinHeapSize                              = 8388608                                   {product} {ergonomic}
    uintx NonNMethodCodeHeapSize                   = 5839372                                {pd product} {ergonomic}
    uintx NonProfiledCodeHeapSize                  = 122909434                              {pd product} {ergonomic}
    uintx ProfiledCodeHeapSize                     = 122909434                              {pd product} {ergonomic}
    uintx ReservedCodeCacheSize                    = 251658240                              {pd product} {ergonomic}
     bool SegmentedCodeCache                       = true                                      {product} {ergonomic}
   size_t SoftMaxHeapSize                          = 2147483648                             {manageable} {ergonomic}
     bool UseCompressedClassPointers               = true                           {product lp64_product} {ergonomic}
     bool UseCompressedOops                        = true                           {product lp64_product} {ergonomic}
     bool UseG1GC                                  = true                                      {product} {ergonomic}
     bool UseLargePagesIndividualAllocation        = false                                  {pd product} {ergonomic}

Logging:
Log output configuration:
 #0: stdout all=warning uptime,level,tags
 #1: stderr all=off uptime,level,tags

Environment Variables:
PATH=C:\ProgramData\Oracle\Java\javapath;C:\Program Files (x86)\Python38-32\Scripts\;C:\Program Files (x86)\Python38-32\;C:\Windows\system32;C:\Windows;C:\Windows\System32\Wbem;C:\Windows\System32\WindowsPowerShell\v1.0\;C:\Program Files (x86)\Common Files\Acronis\SnapAPI\;C:\Program Files (x86)\dotnet\;C:\Program Files\PuTTY\;C:\Users\Alexx\AppData\Local\Microsoft\WindowsApps;C:\Program Files (x86)\Nmap
USERNAME=Alexx
OS=Windows_NT
PROCESSOR_IDENTIFIER=AMD64 Family 21 Model 2 Stepping 0, AuthenticAMD
TMP=C:\Temp
TEMP=C:\Temp


JNI global refs:
JNI global refs: 28, weak refs: 4

JNI global refs memory usage: 843, weak refs: 841


---------------  S Y S T E M  ---------------

OS:
 Windows 10 , 64 bit Build 17763 (10.0.17763.1)
OS uptime: 0 days 7:47 hours

CPU: total 8 (initial active 8) (8 cores per cpu, 1 threads per core) family 21 model 2 stepping 0 microcode 0x0, cx8, cmov, fxsr, mmx, 3dnowpref, sse, sse2, sse3, ssse3, sse4a, sse4.1, sse4.2, popcnt, lzcnt, tsc, tscinvbit, avx, aes, clmul, bmi1, fma, vzeroupper, clflush

Memory: 4k page, system-wide physical 12285M (3355M free)
TotalPageFile size 12541M (AvailPageFile size 25M)
current process WorkingSet (physical memory assigned to process): 417M, peak: 418M
current process commit charge ("private bytes"): 486M, peak: 645M

vm_info: OpenJDK 64-Bit Server VM (17.0.6+0-b2043.56-10027231) for windows-amd64 JRE (17.0.6+0-b2043.56-10027231), built on Apr 28 2023 00:43:19 by "androidbuild" with MS VC++ 16.10 / 16.11 (VS2019)

END.
