#
# There is insufficient memory for the Java Runtime Environment to continue.
# Native memory allocation (malloc) failed to allocate 2239616 bytes for Chunk::new
# Possible reasons:
#   The system is out of physical RAM or swap space
#   The process is running with CompressedOops enabled, and the Java Heap may be blocking the growth of the native heap
# Possible solutions:
#   Reduce memory load on the system
#   Increase physical memory or swap space
#   Check if swap backing store is full
#   Decrease Java heap size (-Xmx/-Xms)
#   Decrease number of Java threads
#   Decrease Java thread stack sizes (-Xss)
#   Set larger code cache with -XX:ReservedCodeCacheSize=
#   JVM is running with Unscaled Compressed Oops mode in which the Java heap is
#     placed in the first 4GB address space. The Java Heap base address is the
#     maximum limit for the native heap growth. Please use -XX:HeapBaseMinAddress
#     to set the Java Heap base and to place the Java Heap above 4GB virtual address.
# This output file may be truncated or incomplete.
#
#  Out of Memory Error (arena.cpp:189), pid=13840, tid=17388
#
# JRE version: OpenJDK Runtime Environment (17.0.6) (build 17.0.6+0-b2043.56-10027231)
# Java VM: OpenJDK 64-Bit Server VM (17.0.6+0-b2043.56-10027231, mixed mode, tiered, compressed oops, compressed class ptrs, g1 gc, windows-amd64)
# No core dump will be written. Minidumps are not enabled by default on client versions of Windows
#

---------------  S U M M A R Y ------------

Command Line: --add-opens=java.base/java.util=ALL-UNNAMED --add-opens=java.base/java.lang=ALL-UNNAMED --add-opens=java.base/java.lang.invoke=ALL-UNNAMED --add-opens=java.prefs/java.util.prefs=ALL-UNNAMED --add-opens=java.base/java.nio.charset=ALL-UNNAMED --add-opens=java.base/java.net=ALL-UNNAMED --add-opens=java.base/java.util.concurrent.atomic=ALL-UNNAMED -Xmx2048m -Dfile.encoding=UTF-8 -Duser.country=RU -Duser.language=ru -Duser.variant org.gradle.launcher.daemon.bootstrap.GradleDaemon 8.0

Host: AMD FX-8320E Eight-Core Processor              , 8 cores, 11G,  Windows 10 , 64 bit Build 17763 (10.0.17763.1)
Time: Wed Sep 13 15:46:28 2023 RTZ 2 (зима) elapsed time: 56.069880 seconds (0d 0h 0m 56s)

---------------  T H R E A D  ---------------

Current thread (0x0000021179330fa0):  JavaThread "C2 CompilerThread2" daemon [_thread_in_native, id=17388, stack(0x00000083b0100000,0x00000083b0200000)]


Current CompileTask:
C2:  56070 8969       4       com.sun.beans.TypeResolver::resolve (37 bytes)

Stack: [0x00000083b0100000,0x00000083b0200000]
Native frames: (J=compiled Java code, j=interpreted, Vv=VM code, C=native code)
V  [jvm.dll+0x683c9a]
V  [jvm.dll+0x8427a4]
V  [jvm.dll+0x843f9e]
V  [jvm.dll+0x844603]
V  [jvm.dll+0x249b75]
V  [jvm.dll+0xabcac]
V  [jvm.dll+0xac27c]
V  [jvm.dll+0x368857]
V  [jvm.dll+0x332f31]
V  [jvm.dll+0x3323da]
V  [jvm.dll+0x21c201]
V  [jvm.dll+0x21b621]
V  [jvm.dll+0x1a4fdd]
V  [jvm.dll+0x22b098]
V  [jvm.dll+0x229159]
V  [jvm.dll+0x7f81ec]
V  [jvm.dll+0x7f274a]
V  [jvm.dll+0x682ad5]
C  [ucrtbase.dll+0x203ba]
C  [KERNEL32.DLL+0x17e94]
C  [ntdll.dll+0x67ad1]


---------------  P R O C E S S  ---------------

Threads class SMR info:
_java_thread_list=0x0000021179acf510, length=136, elements={
0x000002115c0ce740, 0x000002117881d530, 0x000002117881df40, 0x000002117884e960,
0x000002117886c3e0, 0x000002117886c8b0, 0x0000021178871290, 0x0000021178871a90,
0x0000021178872050, 0x0000021178872560, 0x00000211789e56f0, 0x00000211789e83f0,
0x0000021179c83060, 0x000002117b1fb210, 0x000002117b222020, 0x000002117a1b1240,
0x000002117b711cd0, 0x000002117a320460, 0x000002117a139460, 0x0000021178b94070,
0x0000021178b92390, 0x0000021178b93200, 0x0000021178b92d30, 0x0000021178b936d0,
0x0000021178b90b80, 0x0000021178b919f0, 0x000002117b32ced0, 0x000002117b32e210,
0x000002117b32ebb0, 0x000002117b32dd40, 0x000002117b32e6e0, 0x000002117b32d3a0,
0x000002117b32f080, 0x000002117b32f550, 0x000002117b32fa20, 0x0000021178f05c60,
0x0000021178f01900, 0x0000021178f03f80, 0x0000021178efedb0, 0x0000021178eff280,
0x0000021178f00f60, 0x0000021178eff750, 0x0000021178f005c0, 0x0000021178f01430,
0x0000021178f03ab0, 0x0000021178f01dd0, 0x0000021178f05790, 0x0000021178f022a0,
0x0000021178f02770, 0x0000021178effc20, 0x0000021178f000f0, 0x0000021178f02c40,
0x0000021178f03110, 0x0000021178f035e0, 0x0000021178b91ec0, 0x0000021178b92860,
0x000002117d9148a0, 0x000002117d914d70, 0x000002117d9195a0, 0x000002117d916a50,
0x000002117d919a70, 0x000002117d913f00, 0x000002117d918c00, 0x000002117d91adb0,
0x000002117d913560, 0x000002117d9178c0, 0x000002117d915710, 0x000002117d9143d0,
0x000002117d9173f0, 0x000002117d919f40, 0x000002117d916f20, 0x000002117d91a8e0,
0x000002117d91a410, 0x000002117d917d90, 0x000002117d9160b0, 0x000002117d913a30,
0x000002117d915240, 0x000002117d915be0, 0x000002117d916580, 0x000002117d918260,
0x000002117d918730, 0x000002117d9190d0, 0x000002117dadd0a0, 0x000002117dadd570,
0x000002117dada080, 0x000002117dadda40, 0x000002117daddf10, 0x000002117dadaef0,
0x000002117dad83a0, 0x000002117dade3e0, 0x000002117dada550, 0x000002117dad7530,
0x000002117dad7060, 0x000002117dade8b0, 0x000002117dad96e0, 0x000002117dad7a00,
0x000002117dadaa20, 0x000002117dadb3c0, 0x000002117dadb890, 0x000002117dad7ed0,
0x000002117dad8d40, 0x000002117dad9bb0, 0x000002117dadbd60, 0x000002117dad8870,
0x000002117dad9210, 0x000002117dadc230, 0x000002117dadc700, 0x000002117dadcbd0,
0x000002117f29d0a0, 0x000002117f2983a0, 0x000002117f298870, 0x000002117f297530,
0x000002117f298d40, 0x000002117f297060, 0x000002117f29aa20, 0x000002117f299210,
0x000002117f29a080, 0x000002117f29da40, 0x000002117f29cbd0, 0x000002117f29d570,
0x000002117f2996e0, 0x000002117f29c230, 0x000002117f29df10, 0x000002117f297ed0,
0x000002117f29e8b0, 0x0000021179331ed0, 0x0000021179330fa0, 0x000002110093dce0,
0x000002110093f4f0, 0x0000021100942510, 0x000002110093e1b0, 0x00000211009411d0,
0x000002110093f9c0, 0x000002110093eb50, 0x00000211009446c0, 0x000002110093e680
}

Java Threads: ( => current thread )
  0x000002115c0ce740 JavaThread "main" [_thread_blocked, id=15680, stack(0x00000083a7100000,0x00000083a7200000)]
  0x000002117881d530 JavaThread "Reference Handler" daemon [_thread_blocked, id=8628, stack(0x00000083a7800000,0x00000083a7900000)]
  0x000002117881df40 JavaThread "Finalizer" daemon [_thread_blocked, id=8132, stack(0x00000083a7900000,0x00000083a7a00000)]
  0x000002117884e960 JavaThread "Signal Dispatcher" daemon [_thread_blocked, id=8044, stack(0x00000083a7a00000,0x00000083a7b00000)]
  0x000002117886c3e0 JavaThread "Attach Listener" daemon [_thread_blocked, id=13452, stack(0x00000083a7b00000,0x00000083a7c00000)]
  0x000002117886c8b0 JavaThread "Service Thread" daemon [_thread_blocked, id=12504, stack(0x00000083a7c00000,0x00000083a7d00000)]
  0x0000021178871290 JavaThread "Monitor Deflation Thread" daemon [_thread_blocked, id=13652, stack(0x00000083a7d00000,0x00000083a7e00000)]
  0x0000021178871a90 JavaThread "C2 CompilerThread0" daemon [_thread_in_native, id=11300, stack(0x00000083a7e00000,0x00000083a7f00000)]
  0x0000021178872050 JavaThread "C1 CompilerThread0" daemon [_thread_blocked, id=14348, stack(0x00000083a7f00000,0x00000083a8000000)]
  0x0000021178872560 JavaThread "Sweeper thread" daemon [_thread_blocked, id=12908, stack(0x00000083a8000000,0x00000083a8100000)]
  0x00000211789e56f0 JavaThread "Common-Cleaner" daemon [_thread_blocked, id=15876, stack(0x00000083a8100000,0x00000083a8200000)]
  0x00000211789e83f0 JavaThread "Notification Thread" daemon [_thread_blocked, id=16044, stack(0x00000083a8200000,0x00000083a8300000)]
  0x0000021179c83060 JavaThread "Daemon health stats" [_thread_blocked, id=5820, stack(0x00000083a8800000,0x00000083a8900000)]
  0x000002117b1fb210 JavaThread "Incoming local TCP Connector on port 52109" [_thread_in_native, id=15372, stack(0x00000083a8900000,0x00000083a8a00000)]
  0x000002117b222020 JavaThread "Daemon periodic checks" [_thread_blocked, id=16308, stack(0x00000083a8a00000,0x00000083a8b00000)]
  0x000002117a1b1240 JavaThread "Daemon" [_thread_blocked, id=15656, stack(0x00000083a8c00000,0x00000083a8d00000)]
  0x000002117b711cd0 JavaThread "Handler for socket connection from /127.0.0.1:52109 to /127.0.0.1:52110" [_thread_in_native, id=10896, stack(0x00000083a8d00000,0x00000083a8e00000)]
  0x000002117a320460 JavaThread "Cancel handler" [_thread_blocked, id=8912, stack(0x00000083a8e00000,0x00000083a8f00000)]
  0x000002117a139460 JavaThread "Daemon worker" [_thread_blocked, id=13716, stack(0x00000083a8f00000,0x00000083a9000000)]
  0x0000021178b94070 JavaThread "Asynchronous log dispatcher for DefaultDaemonConnection: socket connection from /127.0.0.1:52109 to /127.0.0.1:52110" [_thread_blocked, id=16872, stack(0x00000083a9000000,0x00000083a9100000)]
  0x0000021178b92390 JavaThread "Stdin handler" [_thread_blocked, id=15256, stack(0x00000083a9100000,0x00000083a9200000)]
  0x0000021178b93200 JavaThread "Daemon client event forwarder" [_thread_blocked, id=12960, stack(0x00000083a9200000,0x00000083a9300000)]
  0x0000021178b92d30 JavaThread "Cache worker for journal cache (C:\Users\Alexx\.gradle\caches\journal-1)" [_thread_blocked, id=14968, stack(0x00000083a9600000,0x00000083a9700000)]
  0x0000021178b936d0 JavaThread "File lock request listener" [_thread_in_native, id=15216, stack(0x00000083a9700000,0x00000083a9800000)]
  0x0000021178b90b80 JavaThread "Cache worker for file hash cache (C:\Users\Alexx\.gradle\caches\8.0\fileHashes)" [_thread_blocked, id=16284, stack(0x00000083a9800000,0x00000083a9900000)]
  0x0000021178b919f0 JavaThread "File watcher server" daemon [_thread_in_native, id=15308, stack(0x00000083a9900000,0x00000083a9a00000)]
  0x000002117b32ced0 JavaThread "File watcher consumer" daemon [_thread_blocked, id=12484, stack(0x00000083a9a00000,0x00000083a9b00000)]
  0x000002117b32e210 JavaThread "Cache worker for checksums cache (E:\AndroidStudioProject\MyMovies\.gradle\8.0\checksums)" [_thread_blocked, id=15972, stack(0x00000083a9b00000,0x00000083a9c00000)]
  0x000002117b32ebb0 JavaThread "Cache worker for cache directory md-rule (C:\Users\Alexx\.gradle\caches\8.0\md-rule)" [_thread_blocked, id=15328, stack(0x00000083a9c00000,0x00000083a9d00000)]
  0x000002117b32dd40 JavaThread "Cache worker for file content cache (C:\Users\Alexx\.gradle\caches\8.0\fileContent)" [_thread_blocked, id=2252, stack(0x00000083a9d00000,0x00000083a9e00000)]
  0x000002117b32e6e0 JavaThread "Cache worker for file hash cache (E:\AndroidStudioProject\MyMovies\.gradle\8.0\fileHashes)" [_thread_blocked, id=11800, stack(0x00000083a9e00000,0x00000083a9f00000)]
  0x000002117b32d3a0 JavaThread "Cache worker for cache directory md-supplier (C:\Users\Alexx\.gradle\caches\8.0\md-supplier)" [_thread_blocked, id=16092, stack(0x00000083a9f00000,0x00000083aa000000)]
  0x000002117b32f080 JavaThread "Cache worker for execution history cache (C:\Users\Alexx\.gradle\caches\8.0\executionHistory)" [_thread_blocked, id=16916, stack(0x00000083aa000000,0x00000083aa100000)]
  0x000002117b32f550 JavaThread "jar transforms" [_thread_blocked, id=14068, stack(0x00000083aa100000,0x00000083aa200000)]
  0x000002117b32fa20 JavaThread "jar transforms Thread 2" [_thread_blocked, id=14984, stack(0x00000083aa200000,0x00000083aa300000)]
  0x0000021178f05c60 JavaThread "jar transforms Thread 3" [_thread_blocked, id=14744, stack(0x00000083aa300000,0x00000083aa400000)]
  0x0000021178f01900 JavaThread "jar transforms Thread 4" [_thread_blocked, id=10452, stack(0x00000083aa600000,0x00000083aa700000)]
  0x0000021178f03f80 JavaThread "Cache worker for dependencies-accessors (E:\AndroidStudioProject\MyMovies\.gradle\8.0\dependencies-accessors)" [_thread_blocked, id=12168, stack(0x00000083aa700000,0x00000083aa800000)]
  0x0000021178efedb0 JavaThread "jar transforms Thread 5" [_thread_blocked, id=15716, stack(0x00000083aa400000,0x00000083aa500000)]
  0x0000021178eff280 JavaThread "Cache worker for Build Output Cleanup Cache (E:\AndroidStudioProject\MyMovies\.gradle\buildOutputCleanup)" [_thread_blocked, id=13192, stack(0x00000083aa500000,0x00000083aa600000)]
  0x0000021178f00f60 JavaThread "Unconstrained build operations" [_thread_blocked, id=15756, stack(0x00000083aa800000,0x00000083aa900000)]
  0x0000021178eff750 JavaThread "Unconstrained build operations Thread 2" [_thread_blocked, id=15752, stack(0x00000083aa900000,0x00000083aaa00000)]
  0x0000021178f005c0 JavaThread "Unconstrained build operations Thread 3" [_thread_blocked, id=15272, stack(0x00000083aab00000,0x00000083aac00000)]
  0x0000021178f01430 JavaThread "Unconstrained build operations Thread 4" [_thread_blocked, id=14248, stack(0x00000083aac00000,0x00000083aad00000)]
  0x0000021178f03ab0 JavaThread "Unconstrained build operations Thread 5" [_thread_blocked, id=16900, stack(0x00000083aad00000,0x00000083aae00000)]
  0x0000021178f01dd0 JavaThread "Unconstrained build operations Thread 6" [_thread_blocked, id=15960, stack(0x00000083aae00000,0x00000083aaf00000)]
  0x0000021178f05790 JavaThread "Unconstrained build operations Thread 7" [_thread_blocked, id=10980, stack(0x00000083aaf00000,0x00000083ab000000)]
  0x0000021178f022a0 JavaThread "Unconstrained build operations Thread 8" [_thread_blocked, id=12208, stack(0x00000083ab000000,0x00000083ab100000)]
  0x0000021178f02770 JavaThread "Unconstrained build operations Thread 9" [_thread_blocked, id=13444, stack(0x00000083ab100000,0x00000083ab200000)]
  0x0000021178effc20 JavaThread "Unconstrained build operations Thread 10" [_thread_blocked, id=9588, stack(0x00000083ab200000,0x00000083ab300000)]
  0x0000021178f000f0 JavaThread "Unconstrained build operations Thread 11" [_thread_blocked, id=13904, stack(0x00000083ab300000,0x00000083ab400000)]
  0x0000021178f02c40 JavaThread "Unconstrained build operations Thread 12" [_thread_blocked, id=17360, stack(0x00000083ab400000,0x00000083ab500000)]
  0x0000021178f03110 JavaThread "Unconstrained build operations Thread 13" [_thread_blocked, id=17336, stack(0x00000083ab500000,0x00000083ab600000)]
  0x0000021178f035e0 JavaThread "Unconstrained build operations Thread 14" [_thread_blocked, id=16956, stack(0x00000083ab600000,0x00000083ab700000)]
  0x0000021178b91ec0 JavaThread "Unconstrained build operations Thread 15" [_thread_blocked, id=16296, stack(0x00000083ab700000,0x00000083ab800000)]
  0x0000021178b92860 JavaThread "Unconstrained build operations Thread 16" [_thread_blocked, id=16932, stack(0x00000083ab800000,0x00000083ab900000)]
  0x000002117d9148a0 JavaThread "Unconstrained build operations Thread 17" [_thread_blocked, id=14684, stack(0x00000083ab900000,0x00000083aba00000)]
  0x000002117d914d70 JavaThread "Unconstrained build operations Thread 18" [_thread_blocked, id=12376, stack(0x00000083aba00000,0x00000083abb00000)]
  0x000002117d9195a0 JavaThread "Unconstrained build operations Thread 19" [_thread_blocked, id=15948, stack(0x00000083abb00000,0x00000083abc00000)]
  0x000002117d916a50 JavaThread "Unconstrained build operations Thread 20" [_thread_blocked, id=15108, stack(0x00000083abc00000,0x00000083abd00000)]
  0x000002117d919a70 JavaThread "Unconstrained build operations Thread 21" [_thread_blocked, id=15748, stack(0x00000083abd00000,0x00000083abe00000)]
  0x000002117d913f00 JavaThread "Unconstrained build operations Thread 22" [_thread_blocked, id=15540, stack(0x00000083abe00000,0x00000083abf00000)]
  0x000002117d918c00 JavaThread "Unconstrained build operations Thread 23" [_thread_blocked, id=17100, stack(0x00000083abf00000,0x00000083ac000000)]
  0x000002117d91adb0 JavaThread "Unconstrained build operations Thread 24" [_thread_blocked, id=14552, stack(0x00000083ac000000,0x00000083ac100000)]
  0x000002117d913560 JavaThread "Unconstrained build operations Thread 25" [_thread_blocked, id=14392, stack(0x00000083ac100000,0x00000083ac200000)]
  0x000002117d9178c0 JavaThread "Unconstrained build operations Thread 26" [_thread_blocked, id=9508, stack(0x00000083ac200000,0x00000083ac300000)]
  0x000002117d915710 JavaThread "Unconstrained build operations Thread 27" [_thread_blocked, id=9284, stack(0x00000083ac300000,0x00000083ac400000)]
  0x000002117d9143d0 JavaThread "Unconstrained build operations Thread 28" [_thread_blocked, id=17236, stack(0x00000083ac400000,0x00000083ac500000)]
  0x000002117d9173f0 JavaThread "Unconstrained build operations Thread 29" [_thread_blocked, id=14828, stack(0x00000083ac500000,0x00000083ac600000)]
  0x000002117d919f40 JavaThread "Unconstrained build operations Thread 30" [_thread_blocked, id=15376, stack(0x00000083ac600000,0x00000083ac700000)]
  0x000002117d916f20 JavaThread "Unconstrained build operations Thread 31" [_thread_blocked, id=9488, stack(0x00000083ac700000,0x00000083ac800000)]
  0x000002117d91a8e0 JavaThread "Unconstrained build operations Thread 32" [_thread_blocked, id=16904, stack(0x00000083ac800000,0x00000083ac900000)]
  0x000002117d91a410 JavaThread "Unconstrained build operations Thread 33" [_thread_blocked, id=17576, stack(0x00000083ac900000,0x00000083aca00000)]
  0x000002117d917d90 JavaThread "Unconstrained build operations Thread 34" [_thread_blocked, id=18180, stack(0x00000083aca00000,0x00000083acb00000)]
  0x000002117d9160b0 JavaThread "Unconstrained build operations Thread 35" [_thread_blocked, id=17544, stack(0x00000083acb00000,0x00000083acc00000)]
  0x000002117d913a30 JavaThread "Unconstrained build operations Thread 36" [_thread_blocked, id=18140, stack(0x00000083acc00000,0x00000083acd00000)]
  0x000002117d915240 JavaThread "Unconstrained build operations Thread 37" [_thread_blocked, id=18188, stack(0x00000083acd00000,0x00000083ace00000)]
  0x000002117d915be0 JavaThread "Unconstrained build operations Thread 38" [_thread_blocked, id=18172, stack(0x00000083ace00000,0x00000083acf00000)]
  0x000002117d916580 JavaThread "Unconstrained build operations Thread 39" [_thread_blocked, id=15788, stack(0x00000083acf00000,0x00000083ad000000)]
  0x000002117d918260 JavaThread "Unconstrained build operations Thread 40" [_thread_blocked, id=18124, stack(0x00000083ad000000,0x00000083ad100000)]
  0x000002117d918730 JavaThread "Unconstrained build operations Thread 41" [_thread_blocked, id=16448, stack(0x00000083ad100000,0x00000083ad200000)]
  0x000002117d9190d0 JavaThread "Unconstrained build operations Thread 42" [_thread_blocked, id=16132, stack(0x00000083ad200000,0x00000083ad300000)]
  0x000002117dadd0a0 JavaThread "Unconstrained build operations Thread 43" [_thread_blocked, id=8636, stack(0x00000083ad300000,0x00000083ad400000)]
  0x000002117dadd570 JavaThread "Unconstrained build operations Thread 44" [_thread_blocked, id=16860, stack(0x00000083ad400000,0x00000083ad500000)]
  0x000002117dada080 JavaThread "Unconstrained build operations Thread 45" [_thread_blocked, id=16252, stack(0x00000083ad500000,0x00000083ad600000)]
  0x000002117dadda40 JavaThread "Unconstrained build operations Thread 46" [_thread_blocked, id=13136, stack(0x00000083ad600000,0x00000083ad700000)]
  0x000002117daddf10 JavaThread "Unconstrained build operations Thread 47" [_thread_blocked, id=11776, stack(0x00000083ad700000,0x00000083ad800000)]
  0x000002117dadaef0 JavaThread "Unconstrained build operations Thread 48" [_thread_blocked, id=16936, stack(0x00000083ad800000,0x00000083ad900000)]
  0x000002117dad83a0 JavaThread "Unconstrained build operations Thread 49" [_thread_blocked, id=8376, stack(0x00000083ad900000,0x00000083ada00000)]
  0x000002117dade3e0 JavaThread "Unconstrained build operations Thread 50" [_thread_blocked, id=15044, stack(0x00000083ada00000,0x00000083adb00000)]
  0x000002117dada550 JavaThread "Unconstrained build operations Thread 51" [_thread_blocked, id=15568, stack(0x00000083adb00000,0x00000083adc00000)]
  0x000002117dad7530 JavaThread "Unconstrained build operations Thread 52" [_thread_blocked, id=13524, stack(0x00000083adc00000,0x00000083add00000)]
  0x000002117dad7060 JavaThread "Unconstrained build operations Thread 53" [_thread_blocked, id=15888, stack(0x00000083add00000,0x00000083ade00000)]
  0x000002117dade8b0 JavaThread "Unconstrained build operations Thread 54" [_thread_blocked, id=14024, stack(0x00000083ade00000,0x00000083adf00000)]
  0x000002117dad96e0 JavaThread "Unconstrained build operations Thread 55" [_thread_blocked, id=15336, stack(0x00000083adf00000,0x00000083ae000000)]
  0x000002117dad7a00 JavaThread "Unconstrained build operations Thread 56" [_thread_blocked, id=17068, stack(0x00000083ae000000,0x00000083ae100000)]
  0x000002117dadaa20 JavaThread "Unconstrained build operations Thread 57" [_thread_blocked, id=16968, stack(0x00000083ae100000,0x00000083ae200000)]
  0x000002117dadb3c0 JavaThread "Unconstrained build operations Thread 58" [_thread_blocked, id=15220, stack(0x00000083ae200000,0x00000083ae300000)]
  0x000002117dadb890 JavaThread "Unconstrained build operations Thread 59" [_thread_blocked, id=17172, stack(0x00000083ae300000,0x00000083ae400000)]
  0x000002117dad7ed0 JavaThread "Unconstrained build operations Thread 60" [_thread_blocked, id=4020, stack(0x00000083ae400000,0x00000083ae500000)]
  0x000002117dad8d40 JavaThread "Unconstrained build operations Thread 61" [_thread_blocked, id=13176, stack(0x00000083ae500000,0x00000083ae600000)]
  0x000002117dad9bb0 JavaThread "Unconstrained build operations Thread 62" [_thread_blocked, id=14856, stack(0x00000083ae600000,0x00000083ae700000)]
  0x000002117dadbd60 JavaThread "Unconstrained build operations Thread 63" [_thread_blocked, id=14288, stack(0x00000083ae700000,0x00000083ae800000)]
  0x000002117dad8870 JavaThread "Unconstrained build operations Thread 64" [_thread_blocked, id=14220, stack(0x00000083ae800000,0x00000083ae900000)]
  0x000002117dad9210 JavaThread "Unconstrained build operations Thread 65" [_thread_blocked, id=14228, stack(0x00000083ae900000,0x00000083aea00000)]
  0x000002117dadc230 JavaThread "Unconstrained build operations Thread 66" [_thread_blocked, id=12992, stack(0x00000083aea00000,0x00000083aeb00000)]
  0x000002117dadc700 JavaThread "Unconstrained build operations Thread 67" [_thread_blocked, id=9384, stack(0x00000083aeb00000,0x00000083aec00000)]
  0x000002117dadcbd0 JavaThread "Unconstrained build operations Thread 68" [_thread_blocked, id=15768, stack(0x00000083aec00000,0x00000083aed00000)]
  0x000002117f29d0a0 JavaThread "Unconstrained build operations Thread 69" [_thread_blocked, id=17276, stack(0x00000083aed00000,0x00000083aee00000)]
  0x000002117f2983a0 JavaThread "Unconstrained build operations Thread 70" [_thread_blocked, id=17328, stack(0x00000083aee00000,0x00000083aef00000)]
  0x000002117f298870 JavaThread "Unconstrained build operations Thread 71" [_thread_blocked, id=16152, stack(0x00000083aef00000,0x00000083af000000)]
  0x000002117f297530 JavaThread "Unconstrained build operations Thread 72" [_thread_blocked, id=16608, stack(0x00000083af000000,0x00000083af100000)]
  0x000002117f298d40 JavaThread "Unconstrained build operations Thread 73" [_thread_blocked, id=13736, stack(0x00000083af100000,0x00000083af200000)]
  0x000002117f297060 JavaThread "Unconstrained build operations Thread 74" [_thread_blocked, id=16928, stack(0x00000083af200000,0x00000083af300000)]
  0x000002117f29aa20 JavaThread "Unconstrained build operations Thread 75" [_thread_blocked, id=16404, stack(0x00000083af300000,0x00000083af400000)]
  0x000002117f299210 JavaThread "Unconstrained build operations Thread 76" [_thread_blocked, id=16788, stack(0x00000083af400000,0x00000083af500000)]
  0x000002117f29a080 JavaThread "Unconstrained build operations Thread 77" [_thread_blocked, id=15240, stack(0x00000083af500000,0x00000083af600000)]
  0x000002117f29da40 JavaThread "Unconstrained build operations Thread 78" [_thread_blocked, id=16176, stack(0x00000083af600000,0x00000083af700000)]
  0x000002117f29cbd0 JavaThread "Unconstrained build operations Thread 79" [_thread_blocked, id=17604, stack(0x00000083af700000,0x00000083af800000)]
  0x000002117f29d570 JavaThread "Unconstrained build operations Thread 80" [_thread_blocked, id=17632, stack(0x00000083af800000,0x00000083af900000)]
  0x000002117f2996e0 JavaThread "jar transforms Thread 6" [_thread_blocked, id=17644, stack(0x00000083af900000,0x00000083afa00000)]
  0x000002117f29c230 JavaThread "jar transforms Thread 7" [_thread_blocked, id=17696, stack(0x00000083afa00000,0x00000083afb00000)]
  0x000002117f29df10 JavaThread "jar transforms Thread 8" [_thread_blocked, id=16328, stack(0x00000083afb00000,0x00000083afc00000)]
  0x000002117f297ed0 JavaThread "build event listener" [_thread_blocked, id=16376, stack(0x00000083afe00000,0x00000083aff00000)]
  0x000002117f29e8b0 JavaThread "Memory manager" [_thread_blocked, id=16792, stack(0x00000083aff00000,0x00000083b0000000)]
  0x0000021179331ed0 JavaThread "C2 CompilerThread1" daemon [_thread_blocked, id=17008, stack(0x00000083b0000000,0x00000083b0100000)]
=>0x0000021179330fa0 JavaThread "C2 CompilerThread2" daemon [_thread_in_native, id=17388, stack(0x00000083b0100000,0x00000083b0200000)]
  0x000002110093dce0 JavaThread "included builds" [_thread_in_native, id=17620, stack(0x00000083b0600000,0x00000083b0700000)]
  0x000002110093f4f0 JavaThread "Execution worker" [_thread_blocked, id=16856, stack(0x00000083b0700000,0x00000083b0800000)]
  0x0000021100942510 JavaThread "Execution worker Thread 2" [_thread_blocked, id=17280, stack(0x00000083b0800000,0x00000083b0900000)]
  0x000002110093e1b0 JavaThread "Execution worker Thread 3" [_thread_blocked, id=18184, stack(0x00000083b0900000,0x00000083b0a00000)]
  0x00000211009411d0 JavaThread "Execution worker Thread 4" [_thread_blocked, id=16896, stack(0x00000083b0a00000,0x00000083b0b00000)]
  0x000002110093f9c0 JavaThread "Execution worker Thread 5" [_thread_blocked, id=18160, stack(0x00000083b0b00000,0x00000083b0c00000)]
  0x000002110093eb50 JavaThread "Execution worker Thread 6" [_thread_blocked, id=16216, stack(0x00000083b0c00000,0x00000083b0d00000)]
  0x00000211009446c0 JavaThread "Execution worker Thread 7" [_thread_blocked, id=14800, stack(0x00000083b0d00000,0x00000083b0e00000)]
  0x000002110093e680 JavaThread "Cache worker for execution history cache (E:\AndroidStudioProject\MyMovies\.gradle\8.0\executionHistory)" [_thread_blocked, id=16564, stack(0x00000083b0e00000,0x00000083b0f00000)]

Other Threads:
  0x0000021177f2dc60 VMThread "VM Thread" [stack: 0x00000083a7700000,0x00000083a7800000] [id=7328]
  0x000002115c146eb0 WatcherThread [stack: 0x00000083a8300000,0x00000083a8400000] [id=8524]
  0x000002115c12a6a0 GCTaskThread "GC Thread#0" [stack: 0x00000083a7200000,0x00000083a7300000] [id=10492]
  0x0000021178bfe6b0 GCTaskThread "GC Thread#1" [stack: 0x00000083a8500000,0x00000083a8600000] [id=15956]
  0x0000021178bfe960 GCTaskThread "GC Thread#2" [stack: 0x00000083a8600000,0x00000083a8700000] [id=16156]
  0x0000021178bfec10 GCTaskThread "GC Thread#3" [stack: 0x00000083a8700000,0x00000083a8800000] [id=14300]
  0x000002117a41d130 GCTaskThread "GC Thread#4" [stack: 0x00000083a8400000,0x00000083a8500000] [id=11680]
  0x000002117b05cf70 GCTaskThread "GC Thread#5" [stack: 0x00000083a8b00000,0x00000083a8c00000] [id=10288]
  0x000002117b05d220 GCTaskThread "GC Thread#6" [stack: 0x00000083a9300000,0x00000083a9400000] [id=14444]
  0x000002117b5d0060 GCTaskThread "GC Thread#7" [stack: 0x00000083a9400000,0x00000083a9500000] [id=7200]
  0x000002115c13b4f0 ConcurrentGCThread "G1 Main Marker" [stack: 0x00000083a7300000,0x00000083a7400000] [id=15332]
  0x000002115c13be10 ConcurrentGCThread "G1 Conc#0" [stack: 0x00000083a7400000,0x00000083a7500000] [id=10408]
  0x000002117b970ce0 ConcurrentGCThread "G1 Conc#1" [stack: 0x00000083a9500000,0x00000083a9600000] [id=572]
  0x0000021177d94170 ConcurrentGCThread "G1 Refine#0" [stack: 0x00000083a7500000,0x00000083a7600000] [id=13456]
  0x000002117bde9ce0 ConcurrentGCThread "G1 Refine#1" [stack: 0x00000083b0200000,0x00000083b0300000] [id=13852]
  0x000002117bde9440 ConcurrentGCThread "G1 Refine#2" [stack: 0x00000083b0300000,0x00000083b0400000] [id=16832]
  0x000002117d63f470 ConcurrentGCThread "G1 Refine#3" [stack: 0x00000083b0400000,0x00000083b0500000] [id=8660]
  0x000002117d6405b0 ConcurrentGCThread "G1 Refine#4" [stack: 0x00000083b0500000,0x00000083b0600000] [id=15008]
  0x000002115c18e810 ConcurrentGCThread "G1 Service" [stack: 0x00000083a7600000,0x00000083a7700000] [id=14716]

Threads with active compile tasks:
C2 CompilerThread0    56647 8956       4       groovy.lang.MetaClassImpl$1MOPIter::methodNameAction (325 bytes)
C2 CompilerThread2    56648 8969       4       com.sun.beans.TypeResolver::resolve (37 bytes)

VM state: not at safepoint (normal execution)

VM Mutex/Monitor currently owned by a thread: None

Heap address: 0x0000000080000000, size: 2048 MB, Compressed Oops mode: 32-bit

CDS archive(s) not mapped
Compressed class space mapped at: 0x0000000100000000-0x0000000140000000, reserved size: 1073741824
Narrow klass base: 0x0000000000000000, Narrow klass shift: 3, Narrow klass range: 0x140000000

GC Precious Log:
 CPUs: 8 total, 8 available
 Memory: 12285M
 Large Page Support: Disabled
 NUMA Support: Disabled
 Compressed Oops: Enabled (32-bit)
 Heap Region Size: 1M
 Heap Min Capacity: 8M
 Heap Initial Capacity: 192M
 Heap Max Capacity: 2G
 Pre-touch: Disabled
 Parallel Workers: 8
 Concurrent Workers: 2
 Concurrent Refinement Workers: 8
 Periodic GC: Disabled

Heap:
 garbage-first heap   total 229376K, used 97529K [0x0000000080000000, 0x0000000100000000)
  region size 1024K, 36 young (36864K), 14 survivors (14336K)
 Metaspace       used 88280K, committed 88832K, reserved 1130496K
  class space    used 12022K, committed 12288K, reserved 1048576K

Heap Regions: E=young(eden), S=young(survivor), O=old, HS=humongous(starts), HC=humongous(continues), CS=collection set, F=free, OA=open archive, CA=closed archive, TAMS=top-at-mark-start (previous, next)
|   0|0x0000000080000000, 0x0000000080100000, 0x0000000080100000|100%|HS|  |TAMS 0x0000000080100000, 0x0000000080000000| Complete 
|   1|0x0000000080100000, 0x0000000080200000, 0x0000000080200000|100%|HC|  |TAMS 0x0000000080200000, 0x0000000080100000| Complete 
|   2|0x0000000080200000, 0x0000000080300000, 0x0000000080300000|100%|HC|  |TAMS 0x0000000080300000, 0x0000000080200000| Complete 
|   3|0x0000000080300000, 0x0000000080400000, 0x0000000080400000|100%|HC|  |TAMS 0x0000000080400000, 0x0000000080300000| Complete 
|   4|0x0000000080400000, 0x0000000080500000, 0x0000000080500000|100%| O|  |TAMS 0x0000000080500000, 0x0000000080400000| Untracked 
|   5|0x0000000080500000, 0x0000000080600000, 0x0000000080600000|100%| O|  |TAMS 0x0000000080600000, 0x0000000080500000| Untracked 
|   6|0x0000000080600000, 0x0000000080700000, 0x0000000080700000|100%| O|  |TAMS 0x0000000080700000, 0x0000000080600000| Untracked 
|   7|0x0000000080700000, 0x0000000080800000, 0x0000000080800000|100%| O|  |TAMS 0x0000000080800000, 0x0000000080700000| Untracked 
|   8|0x0000000080800000, 0x0000000080900000, 0x0000000080900000|100%| O|  |TAMS 0x0000000080900000, 0x0000000080800000| Untracked 
|   9|0x0000000080900000, 0x0000000080a00000, 0x0000000080a00000|100%| O|  |TAMS 0x0000000080a00000, 0x0000000080900000| Untracked 
|  10|0x0000000080a00000, 0x0000000080b00000, 0x0000000080b00000|100%| O|  |TAMS 0x0000000080b00000, 0x0000000080a00000| Untracked 
|  11|0x0000000080b00000, 0x0000000080c00000, 0x0000000080c00000|100%| O|  |TAMS 0x0000000080c00000, 0x0000000080b00000| Untracked 
|  12|0x0000000080c00000, 0x0000000080d00000, 0x0000000080d00000|100%| O|  |TAMS 0x0000000080d00000, 0x0000000080c00000| Untracked 
|  13|0x0000000080d00000, 0x0000000080e00000, 0x0000000080e00000|100%| O|  |TAMS 0x0000000080e00000, 0x0000000080d00000| Untracked 
|  14|0x0000000080e00000, 0x0000000080f00000, 0x0000000080f00000|100%| O|  |TAMS 0x0000000080f00000, 0x0000000080e00000| Untracked 
|  15|0x0000000080f00000, 0x0000000081000000, 0x0000000081000000|100%| O|  |TAMS 0x0000000081000000, 0x0000000080f00000| Untracked 
|  16|0x0000000081000000, 0x0000000081100000, 0x0000000081100000|100%| O|  |TAMS 0x0000000081100000, 0x0000000081000000| Untracked 
|  17|0x0000000081100000, 0x0000000081200000, 0x0000000081200000|100%| O|  |TAMS 0x0000000081200000, 0x0000000081100000| Untracked 
|  18|0x0000000081200000, 0x0000000081300000, 0x0000000081300000|100%| O|  |TAMS 0x0000000081300000, 0x0000000081200000| Untracked 
|  19|0x0000000081300000, 0x0000000081400000, 0x0000000081400000|100%| O|  |TAMS 0x0000000081400000, 0x0000000081300000| Untracked 
|  20|0x0000000081400000, 0x0000000081500000, 0x0000000081500000|100%| O|  |TAMS 0x0000000081400000, 0x0000000081400000| Untracked 
|  21|0x0000000081500000, 0x0000000081600000, 0x0000000081600000|100%| O|  |TAMS 0x0000000081600000, 0x0000000081500000| Untracked 
|  22|0x0000000081600000, 0x0000000081700000, 0x0000000081700000|100%| O|  |TAMS 0x0000000081700000, 0x0000000081600000| Untracked 
|  23|0x0000000081700000, 0x0000000081800000, 0x0000000081800000|100%| O|  |TAMS 0x0000000081800000, 0x0000000081700000| Untracked 
|  24|0x0000000081800000, 0x0000000081900000, 0x0000000081900000|100%| O|  |TAMS 0x0000000081900000, 0x0000000081800000| Untracked 
|  25|0x0000000081900000, 0x0000000081a00000, 0x0000000081a00000|100%| O|  |TAMS 0x0000000081a00000, 0x0000000081900000| Untracked 
|  26|0x0000000081a00000, 0x0000000081b00000, 0x0000000081b00000|100%| O|  |TAMS 0x0000000081b00000, 0x0000000081a00000| Untracked 
|  27|0x0000000081b00000, 0x0000000081c00000, 0x0000000081c00000|100%| O|  |TAMS 0x0000000081c00000, 0x0000000081b00000| Untracked 
|  28|0x0000000081c00000, 0x0000000081d00000, 0x0000000081d00000|100%| O|  |TAMS 0x0000000081d00000, 0x0000000081c00000| Untracked 
|  29|0x0000000081d00000, 0x0000000081e00000, 0x0000000081e00000|100%| O|  |TAMS 0x0000000081e00000, 0x0000000081d00000| Untracked 
|  30|0x0000000081e00000, 0x0000000081f00000, 0x0000000081f00000|100%| O|  |TAMS 0x0000000081f00000, 0x0000000081e00000| Untracked 
|  31|0x0000000081f00000, 0x0000000082000000, 0x0000000082000000|100%| O|  |TAMS 0x0000000082000000, 0x0000000081f00000| Untracked 
|  32|0x0000000082000000, 0x0000000082100000, 0x0000000082100000|100%| O|  |TAMS 0x0000000082100000, 0x0000000082000000| Untracked 
|  33|0x0000000082100000, 0x0000000082200000, 0x0000000082200000|100%| O|  |TAMS 0x0000000082200000, 0x0000000082100000| Untracked 
|  34|0x0000000082200000, 0x0000000082300000, 0x0000000082300000|100%| O|  |TAMS 0x0000000082300000, 0x0000000082200000| Untracked 
|  35|0x0000000082300000, 0x0000000082400000, 0x0000000082400000|100%| O|  |TAMS 0x0000000082400000, 0x0000000082300000| Untracked 
|  36|0x0000000082400000, 0x0000000082500000, 0x0000000082500000|100%| O|  |TAMS 0x0000000082400000, 0x0000000082400000| Untracked 
|  37|0x0000000082500000, 0x0000000082600000, 0x0000000082600000|100%| O|  |TAMS 0x0000000082600000, 0x0000000082500000| Untracked 
|  38|0x0000000082600000, 0x0000000082700000, 0x0000000082700000|100%| O|  |TAMS 0x0000000082700000, 0x0000000082600000| Untracked 
|  39|0x0000000082700000, 0x0000000082800000, 0x0000000082800000|100%|HS|  |TAMS 0x0000000082800000, 0x0000000082700000| Complete 
|  40|0x0000000082800000, 0x0000000082900000, 0x0000000082900000|100%| O|  |TAMS 0x0000000082900000, 0x0000000082800000| Untracked 
|  41|0x0000000082900000, 0x0000000082a00000, 0x0000000082a00000|100%| O|  |TAMS 0x0000000082a00000, 0x0000000082900000| Untracked 
|  42|0x0000000082a00000, 0x0000000082b00000, 0x0000000082b00000|100%|HS|  |TAMS 0x0000000082b00000, 0x0000000082a00000| Complete 
|  43|0x0000000082b00000, 0x0000000082c00000, 0x0000000082c00000|100%|HS|  |TAMS 0x0000000082c00000, 0x0000000082b00000| Complete 
|  44|0x0000000082c00000, 0x0000000082d00000, 0x0000000082d00000|100%| O|  |TAMS 0x0000000082c00000, 0x0000000082c00000| Untracked 
|  45|0x0000000082d00000, 0x0000000082e00000, 0x0000000082e00000|100%| O|  |TAMS 0x0000000082e00000, 0x0000000082d00000| Untracked 
|  46|0x0000000082e00000, 0x0000000082f00000, 0x0000000082f00000|100%| O|  |TAMS 0x0000000082f00000, 0x0000000082e00000| Untracked 
|  47|0x0000000082f00000, 0x0000000083000000, 0x0000000083000000|100%| O|  |TAMS 0x0000000083000000, 0x0000000082f00000| Untracked 
|  48|0x0000000083000000, 0x0000000083100000, 0x0000000083100000|100%| O|  |TAMS 0x0000000083100000, 0x0000000083000000| Untracked 
|  49|0x0000000083100000, 0x0000000083200000, 0x0000000083200000|100%| O|  |TAMS 0x0000000083200000, 0x0000000083100000| Untracked 
|  50|0x0000000083200000, 0x0000000083300000, 0x0000000083300000|100%| O|  |TAMS 0x0000000083300000, 0x0000000083200000| Untracked 
|  51|0x0000000083300000, 0x0000000083400000, 0x0000000083400000|100%| O|  |TAMS 0x0000000083400000, 0x0000000083300000| Untracked 
|  52|0x0000000083400000, 0x0000000083500000, 0x0000000083500000|100%| O|  |TAMS 0x0000000083400000, 0x0000000083400000| Untracked 
|  53|0x0000000083500000, 0x0000000083600000, 0x0000000083600000|100%| O|  |TAMS 0x0000000083500000, 0x0000000083500000| Untracked 
|  54|0x0000000083600000, 0x0000000083700000, 0x0000000083700000|100%| O|  |TAMS 0x0000000083700000, 0x0000000083600000| Untracked 
|  55|0x0000000083700000, 0x0000000083800000, 0x0000000083800000|100%| O|  |TAMS 0x0000000083800000, 0x0000000083700000| Untracked 
|  56|0x0000000083800000, 0x0000000083900000, 0x0000000083900000|100%| O|  |TAMS 0x0000000083900000, 0x0000000083800000| Untracked 
|  57|0x0000000083900000, 0x0000000083a00000, 0x0000000083a00000|100%| O|  |TAMS 0x0000000083a00000, 0x0000000083900000| Untracked 
|  58|0x0000000083a00000, 0x0000000083b00000, 0x0000000083b00000|100%| O|  |TAMS 0x0000000083a6a600, 0x0000000083a00000| Untracked 
|  59|0x0000000083b00000, 0x0000000083c00000, 0x0000000083c00000|100%| O|  |TAMS 0x0000000083b00000, 0x0000000083b00000| Untracked 
|  60|0x0000000083c00000, 0x0000000083c3e600, 0x0000000083d00000| 24%| O|  |TAMS 0x0000000083c00000, 0x0000000083c00000| Untracked 
|  61|0x0000000083d00000, 0x0000000083d00000, 0x0000000083e00000|  0%| F|  |TAMS 0x0000000083d00000, 0x0000000083d00000| Untracked 
|  62|0x0000000083e00000, 0x0000000083e00000, 0x0000000083f00000|  0%| F|  |TAMS 0x0000000083e00000, 0x0000000083e00000| Untracked 
|  63|0x0000000083f00000, 0x0000000083f00000, 0x0000000084000000|  0%| F|  |TAMS 0x0000000083f00000, 0x0000000083f00000| Untracked 
|  64|0x0000000084000000, 0x0000000084000000, 0x0000000084100000|  0%| F|  |TAMS 0x0000000084000000, 0x0000000084000000| Untracked 
|  65|0x0000000084100000, 0x0000000084100000, 0x0000000084200000|  0%| F|  |TAMS 0x0000000084100000, 0x0000000084100000| Untracked 
|  66|0x0000000084200000, 0x0000000084200000, 0x0000000084300000|  0%| F|  |TAMS 0x0000000084200000, 0x0000000084200000| Untracked 
|  67|0x0000000084300000, 0x0000000084300000, 0x0000000084400000|  0%| F|  |TAMS 0x0000000084300000, 0x0000000084300000| Untracked 
|  68|0x0000000084400000, 0x0000000084400000, 0x0000000084500000|  0%| F|  |TAMS 0x0000000084400000, 0x0000000084400000| Untracked 
|  69|0x0000000084500000, 0x0000000084500000, 0x0000000084600000|  0%| F|  |TAMS 0x0000000084500000, 0x0000000084500000| Untracked 
|  70|0x0000000084600000, 0x0000000084600000, 0x0000000084700000|  0%| F|  |TAMS 0x0000000084600000, 0x0000000084600000| Untracked 
|  71|0x0000000084700000, 0x0000000084700000, 0x0000000084800000|  0%| F|  |TAMS 0x0000000084700000, 0x0000000084700000| Untracked 
|  72|0x0000000084800000, 0x0000000084800000, 0x0000000084900000|  0%| F|  |TAMS 0x0000000084800000, 0x0000000084800000| Untracked 
|  73|0x0000000084900000, 0x0000000084900000, 0x0000000084a00000|  0%| F|  |TAMS 0x0000000084900000, 0x0000000084900000| Untracked 
|  74|0x0000000084a00000, 0x0000000084a00000, 0x0000000084b00000|  0%| F|  |TAMS 0x0000000084a00000, 0x0000000084a00000| Untracked 
|  75|0x0000000084b00000, 0x0000000084b00000, 0x0000000084c00000|  0%| F|  |TAMS 0x0000000084b00000, 0x0000000084b00000| Untracked 
|  76|0x0000000084c00000, 0x0000000084c00000, 0x0000000084d00000|  0%| F|  |TAMS 0x0000000084c00000, 0x0000000084c00000| Untracked 
|  77|0x0000000084d00000, 0x0000000084d00000, 0x0000000084e00000|  0%| F|  |TAMS 0x0000000084d00000, 0x0000000084d00000| Untracked 
|  78|0x0000000084e00000, 0x0000000084e00000, 0x0000000084f00000|  0%| F|  |TAMS 0x0000000084e00000, 0x0000000084e00000| Untracked 
|  79|0x0000000084f00000, 0x0000000084f00000, 0x0000000085000000|  0%| F|  |TAMS 0x0000000084f00000, 0x0000000084f00000| Untracked 
|  80|0x0000000085000000, 0x0000000085000000, 0x0000000085100000|  0%| F|  |TAMS 0x0000000085000000, 0x0000000085000000| Untracked 
|  81|0x0000000085100000, 0x0000000085100000, 0x0000000085200000|  0%| F|  |TAMS 0x0000000085100000, 0x0000000085100000| Untracked 
|  82|0x0000000085200000, 0x0000000085200000, 0x0000000085300000|  0%| F|  |TAMS 0x0000000085200000, 0x0000000085200000| Untracked 
|  83|0x0000000085300000, 0x0000000085300000, 0x0000000085400000|  0%| F|  |TAMS 0x0000000085300000, 0x0000000085300000| Untracked 
|  84|0x0000000085400000, 0x0000000085400000, 0x0000000085500000|  0%| F|  |TAMS 0x0000000085400000, 0x0000000085400000| Untracked 
|  85|0x0000000085500000, 0x0000000085500000, 0x0000000085600000|  0%| F|  |TAMS 0x0000000085500000, 0x0000000085500000| Untracked 
|  86|0x0000000085600000, 0x0000000085600000, 0x0000000085700000|  0%| F|  |TAMS 0x0000000085600000, 0x0000000085600000| Untracked 
|  87|0x0000000085700000, 0x0000000085700000, 0x0000000085800000|  0%| F|  |TAMS 0x0000000085700000, 0x0000000085700000| Untracked 
|  88|0x0000000085800000, 0x0000000085800000, 0x0000000085900000|  0%| F|  |TAMS 0x0000000085800000, 0x0000000085800000| Untracked 
|  89|0x0000000085900000, 0x0000000085900000, 0x0000000085a00000|  0%| F|  |TAMS 0x0000000085900000, 0x0000000085900000| Untracked 
|  90|0x0000000085a00000, 0x0000000085a00000, 0x0000000085b00000|  0%| F|  |TAMS 0x0000000085a00000, 0x0000000085a00000| Untracked 
|  91|0x0000000085b00000, 0x0000000085b00000, 0x0000000085c00000|  0%| F|  |TAMS 0x0000000085b00000, 0x0000000085b00000| Untracked 
|  92|0x0000000085c00000, 0x0000000085c00000, 0x0000000085d00000|  0%| F|  |TAMS 0x0000000085c00000, 0x0000000085c00000| Untracked 
|  93|0x0000000085d00000, 0x0000000085d00000, 0x0000000085e00000|  0%| F|  |TAMS 0x0000000085d00000, 0x0000000085d00000| Untracked 
|  94|0x0000000085e00000, 0x0000000085e00000, 0x0000000085f00000|  0%| F|  |TAMS 0x0000000085e00000, 0x0000000085e00000| Untracked 
|  95|0x0000000085f00000, 0x0000000085f00000, 0x0000000086000000|  0%| F|  |TAMS 0x0000000085f00000, 0x0000000085f00000| Untracked 
|  96|0x0000000086000000, 0x0000000086000000, 0x0000000086100000|  0%| F|  |TAMS 0x0000000086000000, 0x0000000086000000| Untracked 
|  97|0x0000000086100000, 0x0000000086100000, 0x0000000086200000|  0%| F|  |TAMS 0x0000000086100000, 0x0000000086100000| Untracked 
|  98|0x0000000086200000, 0x0000000086200000, 0x0000000086300000|  0%| F|  |TAMS 0x0000000086200000, 0x0000000086200000| Untracked 
|  99|0x0000000086300000, 0x0000000086300000, 0x0000000086400000|  0%| F|  |TAMS 0x0000000086300000, 0x0000000086300000| Untracked 
| 100|0x0000000086400000, 0x0000000086400000, 0x0000000086500000|  0%| F|  |TAMS 0x0000000086400000, 0x0000000086400000| Untracked 
| 101|0x0000000086500000, 0x0000000086500000, 0x0000000086600000|  0%| F|  |TAMS 0x0000000086500000, 0x0000000086500000| Untracked 
| 102|0x0000000086600000, 0x0000000086600000, 0x0000000086700000|  0%| F|  |TAMS 0x0000000086600000, 0x0000000086600000| Untracked 
| 103|0x0000000086700000, 0x0000000086700000, 0x0000000086800000|  0%| F|  |TAMS 0x0000000086700000, 0x0000000086700000| Untracked 
| 104|0x0000000086800000, 0x0000000086900000, 0x0000000086900000|100%| S|CS|TAMS 0x0000000086800000, 0x0000000086800000| Complete 
| 105|0x0000000086900000, 0x0000000086a00000, 0x0000000086a00000|100%| S|CS|TAMS 0x0000000086900000, 0x0000000086900000| Complete 
| 106|0x0000000086a00000, 0x0000000086b00000, 0x0000000086b00000|100%| S|CS|TAMS 0x0000000086a00000, 0x0000000086a00000| Complete 
| 107|0x0000000086b00000, 0x0000000086c00000, 0x0000000086c00000|100%| S|CS|TAMS 0x0000000086b00000, 0x0000000086b00000| Complete 
| 108|0x0000000086c00000, 0x0000000086d00000, 0x0000000086d00000|100%| S|CS|TAMS 0x0000000086c00000, 0x0000000086c00000| Complete 
| 109|0x0000000086d00000, 0x0000000086e00000, 0x0000000086e00000|100%| S|CS|TAMS 0x0000000086d00000, 0x0000000086d00000| Complete 
| 110|0x0000000086e00000, 0x0000000086f00000, 0x0000000086f00000|100%| S|CS|TAMS 0x0000000086e00000, 0x0000000086e00000| Complete 
| 111|0x0000000086f00000, 0x0000000087000000, 0x0000000087000000|100%| S|CS|TAMS 0x0000000086f00000, 0x0000000086f00000| Complete 
| 112|0x0000000087000000, 0x0000000087100000, 0x0000000087100000|100%| S|CS|TAMS 0x0000000087000000, 0x0000000087000000| Complete 
| 113|0x0000000087100000, 0x0000000087200000, 0x0000000087200000|100%| S|CS|TAMS 0x0000000087100000, 0x0000000087100000| Complete 
| 114|0x0000000087200000, 0x0000000087300000, 0x0000000087300000|100%| S|CS|TAMS 0x0000000087200000, 0x0000000087200000| Complete 
| 115|0x0000000087300000, 0x0000000087400000, 0x0000000087400000|100%| S|CS|TAMS 0x0000000087300000, 0x0000000087300000| Complete 
| 116|0x0000000087400000, 0x0000000087500000, 0x0000000087500000|100%| S|CS|TAMS 0x0000000087400000, 0x0000000087400000| Complete 
| 117|0x0000000087500000, 0x0000000087600000, 0x0000000087600000|100%| S|CS|TAMS 0x0000000087500000, 0x0000000087500000| Complete 
| 118|0x0000000087600000, 0x0000000087600000, 0x0000000087700000|  0%| F|  |TAMS 0x0000000087600000, 0x0000000087600000| Untracked 
| 119|0x0000000087700000, 0x0000000087700000, 0x0000000087800000|  0%| F|  |TAMS 0x0000000087700000, 0x0000000087700000| Untracked 
| 120|0x0000000087800000, 0x0000000087800000, 0x0000000087900000|  0%| F|  |TAMS 0x0000000087800000, 0x0000000087800000| Untracked 
| 121|0x0000000087900000, 0x0000000087900000, 0x0000000087a00000|  0%| F|  |TAMS 0x0000000087900000, 0x0000000087900000| Untracked 
| 122|0x0000000087a00000, 0x0000000087a00000, 0x0000000087b00000|  0%| F|  |TAMS 0x0000000087a00000, 0x0000000087a00000| Untracked 
| 123|0x0000000087b00000, 0x0000000087b00000, 0x0000000087c00000|  0%| F|  |TAMS 0x0000000087b00000, 0x0000000087b00000| Untracked 
| 124|0x0000000087c00000, 0x0000000087c00000, 0x0000000087d00000|  0%| F|  |TAMS 0x0000000087c00000, 0x0000000087c00000| Untracked 
| 125|0x0000000087d00000, 0x0000000087d00000, 0x0000000087e00000|  0%| F|  |TAMS 0x0000000087d00000, 0x0000000087d00000| Untracked 
| 126|0x0000000087e00000, 0x0000000087e00000, 0x0000000087f00000|  0%| F|  |TAMS 0x0000000087e00000, 0x0000000087e00000| Untracked 
| 127|0x0000000087f00000, 0x0000000087f00000, 0x0000000088000000|  0%| F|  |TAMS 0x0000000087f00000, 0x0000000087f00000| Untracked 
| 128|0x0000000088000000, 0x0000000088000000, 0x0000000088100000|  0%| F|  |TAMS 0x0000000088000000, 0x0000000088000000| Untracked 
| 129|0x0000000088100000, 0x0000000088100000, 0x0000000088200000|  0%| F|  |TAMS 0x0000000088100000, 0x0000000088100000| Untracked 
| 130|0x0000000088200000, 0x0000000088200000, 0x0000000088300000|  0%| F|  |TAMS 0x0000000088200000, 0x0000000088200000| Untracked 
| 131|0x0000000088300000, 0x0000000088300000, 0x0000000088400000|  0%| F|  |TAMS 0x0000000088300000, 0x0000000088300000| Untracked 
| 132|0x0000000088400000, 0x0000000088400000, 0x0000000088500000|  0%| F|  |TAMS 0x0000000088400000, 0x0000000088400000| Untracked 
| 133|0x0000000088500000, 0x0000000088500000, 0x0000000088600000|  0%| F|  |TAMS 0x0000000088500000, 0x0000000088500000| Untracked 
| 134|0x0000000088600000, 0x0000000088600000, 0x0000000088700000|  0%| F|  |TAMS 0x0000000088600000, 0x0000000088600000| Untracked 
| 135|0x0000000088700000, 0x0000000088700000, 0x0000000088800000|  0%| F|  |TAMS 0x0000000088700000, 0x0000000088700000| Untracked 
| 136|0x0000000088800000, 0x0000000088800000, 0x0000000088900000|  0%| F|  |TAMS 0x0000000088800000, 0x0000000088800000| Untracked 
| 137|0x0000000088900000, 0x0000000088900000, 0x0000000088a00000|  0%| F|  |TAMS 0x0000000088900000, 0x0000000088900000| Untracked 
| 138|0x0000000088a00000, 0x0000000088a00000, 0x0000000088b00000|  0%| F|  |TAMS 0x0000000088a00000, 0x0000000088a00000| Untracked 
| 139|0x0000000088b00000, 0x0000000088b00000, 0x0000000088c00000|  0%| F|  |TAMS 0x0000000088b00000, 0x0000000088b00000| Untracked 
| 140|0x0000000088c00000, 0x0000000088c00000, 0x0000000088d00000|  0%| F|  |TAMS 0x0000000088c00000, 0x0000000088c00000| Untracked 
| 141|0x0000000088d00000, 0x0000000088d00000, 0x0000000088e00000|  0%| F|  |TAMS 0x0000000088d00000, 0x0000000088d00000| Untracked 
| 142|0x0000000088e00000, 0x0000000088e00000, 0x0000000088f00000|  0%| F|  |TAMS 0x0000000088e00000, 0x0000000088e00000| Untracked 
| 143|0x0000000088f00000, 0x0000000088f00000, 0x0000000089000000|  0%| F|  |TAMS 0x0000000088f00000, 0x0000000088f00000| Untracked 
| 144|0x0000000089000000, 0x0000000089000000, 0x0000000089100000|  0%| F|  |TAMS 0x0000000089000000, 0x0000000089000000| Untracked 
| 145|0x0000000089100000, 0x0000000089100000, 0x0000000089200000|  0%| F|  |TAMS 0x0000000089100000, 0x0000000089100000| Untracked 
| 146|0x0000000089200000, 0x0000000089200000, 0x0000000089300000|  0%| F|  |TAMS 0x0000000089200000, 0x0000000089200000| Untracked 
| 147|0x0000000089300000, 0x0000000089300000, 0x0000000089400000|  0%| F|  |TAMS 0x0000000089300000, 0x0000000089300000| Untracked 
| 148|0x0000000089400000, 0x0000000089400000, 0x0000000089500000|  0%| F|  |TAMS 0x0000000089400000, 0x0000000089400000| Untracked 
| 149|0x0000000089500000, 0x0000000089500000, 0x0000000089600000|  0%| F|  |TAMS 0x0000000089500000, 0x0000000089500000| Untracked 
| 150|0x0000000089600000, 0x0000000089600000, 0x0000000089700000|  0%| F|  |TAMS 0x0000000089600000, 0x0000000089600000| Untracked 
| 151|0x0000000089700000, 0x0000000089700000, 0x0000000089800000|  0%| F|  |TAMS 0x0000000089700000, 0x0000000089700000| Untracked 
| 152|0x0000000089800000, 0x0000000089800000, 0x0000000089900000|  0%| F|  |TAMS 0x0000000089800000, 0x0000000089800000| Untracked 
| 153|0x0000000089900000, 0x0000000089900000, 0x0000000089a00000|  0%| F|  |TAMS 0x0000000089900000, 0x0000000089900000| Untracked 
| 154|0x0000000089a00000, 0x0000000089a00000, 0x0000000089b00000|  0%| F|  |TAMS 0x0000000089a00000, 0x0000000089a00000| Untracked 
| 155|0x0000000089b00000, 0x0000000089b00000, 0x0000000089c00000|  0%| F|  |TAMS 0x0000000089b00000, 0x0000000089b00000| Untracked 
| 156|0x0000000089c00000, 0x0000000089c00000, 0x0000000089d00000|  0%| F|  |TAMS 0x0000000089c00000, 0x0000000089c00000| Untracked 
| 157|0x0000000089d00000, 0x0000000089d00000, 0x0000000089e00000|  0%| F|  |TAMS 0x0000000089d00000, 0x0000000089d00000| Untracked 
| 158|0x0000000089e00000, 0x0000000089e00000, 0x0000000089f00000|  0%| F|  |TAMS 0x0000000089e00000, 0x0000000089e00000| Untracked 
| 159|0x0000000089f00000, 0x0000000089f00000, 0x000000008a000000|  0%| F|  |TAMS 0x0000000089f00000, 0x0000000089f00000| Untracked 
| 160|0x000000008a000000, 0x000000008a000000, 0x000000008a100000|  0%| F|  |TAMS 0x000000008a000000, 0x000000008a000000| Untracked 
| 161|0x000000008a100000, 0x000000008a100000, 0x000000008a200000|  0%| F|  |TAMS 0x000000008a100000, 0x000000008a100000| Untracked 
| 162|0x000000008a200000, 0x000000008a200000, 0x000000008a300000|  0%| F|  |TAMS 0x000000008a200000, 0x000000008a200000| Untracked 
| 163|0x000000008a300000, 0x000000008a300000, 0x000000008a400000|  0%| F|  |TAMS 0x000000008a300000, 0x000000008a300000| Untracked 
| 164|0x000000008a400000, 0x000000008a400000, 0x000000008a500000|  0%| F|  |TAMS 0x000000008a400000, 0x000000008a400000| Untracked 
| 165|0x000000008a500000, 0x000000008a500000, 0x000000008a600000|  0%| F|  |TAMS 0x000000008a500000, 0x000000008a500000| Untracked 
| 166|0x000000008a600000, 0x000000008a600000, 0x000000008a700000|  0%| F|  |TAMS 0x000000008a600000, 0x000000008a600000| Untracked 
| 167|0x000000008a700000, 0x000000008a700000, 0x000000008a800000|  0%| F|  |TAMS 0x000000008a700000, 0x000000008a700000| Untracked 
| 168|0x000000008a800000, 0x000000008a800000, 0x000000008a900000|  0%| F|  |TAMS 0x000000008a800000, 0x000000008a800000| Untracked 
| 169|0x000000008a900000, 0x000000008a900000, 0x000000008aa00000|  0%| F|  |TAMS 0x000000008a900000, 0x000000008a900000| Untracked 
| 170|0x000000008aa00000, 0x000000008aa00000, 0x000000008ab00000|  0%| F|  |TAMS 0x000000008aa00000, 0x000000008aa00000| Untracked 
| 171|0x000000008ab00000, 0x000000008ab00000, 0x000000008ac00000|  0%| F|  |TAMS 0x000000008ab00000, 0x000000008ab00000| Untracked 
| 172|0x000000008ac00000, 0x000000008ac00000, 0x000000008ad00000|  0%| F|  |TAMS 0x000000008ac00000, 0x000000008ac00000| Untracked 
| 173|0x000000008ad00000, 0x000000008ad00000, 0x000000008ae00000|  0%| F|  |TAMS 0x000000008ad00000, 0x000000008ad00000| Untracked 
| 174|0x000000008ae00000, 0x000000008ae00000, 0x000000008af00000|  0%| F|  |TAMS 0x000000008ae00000, 0x000000008ae00000| Untracked 
| 175|0x000000008af00000, 0x000000008af00000, 0x000000008b000000|  0%| F|  |TAMS 0x000000008af00000, 0x000000008af00000| Untracked 
| 176|0x000000008b000000, 0x000000008b000000, 0x000000008b100000|  0%| F|  |TAMS 0x000000008b000000, 0x000000008b000000| Untracked 
| 177|0x000000008b100000, 0x000000008b100000, 0x000000008b200000|  0%| F|  |TAMS 0x000000008b100000, 0x000000008b100000| Untracked 
| 178|0x000000008b200000, 0x000000008b200000, 0x000000008b300000|  0%| F|  |TAMS 0x000000008b200000, 0x000000008b200000| Untracked 
| 179|0x000000008b300000, 0x000000008b300000, 0x000000008b400000|  0%| F|  |TAMS 0x000000008b300000, 0x000000008b300000| Untracked 
| 180|0x000000008b400000, 0x000000008b400000, 0x000000008b500000|  0%| F|  |TAMS 0x000000008b400000, 0x000000008b400000| Untracked 
| 181|0x000000008b500000, 0x000000008b500000, 0x000000008b600000|  0%| F|  |TAMS 0x000000008b500000, 0x000000008b500000| Untracked 
| 182|0x000000008b600000, 0x000000008b600000, 0x000000008b700000|  0%| F|  |TAMS 0x000000008b600000, 0x000000008b600000| Untracked 
| 183|0x000000008b700000, 0x000000008b700000, 0x000000008b800000|  0%| F|  |TAMS 0x000000008b700000, 0x000000008b700000| Untracked 
| 184|0x000000008b800000, 0x000000008b800000, 0x000000008b900000|  0%| F|  |TAMS 0x000000008b800000, 0x000000008b800000| Untracked 
| 185|0x000000008b900000, 0x000000008b900000, 0x000000008ba00000|  0%| F|  |TAMS 0x000000008b900000, 0x000000008b900000| Untracked 
| 186|0x000000008ba00000, 0x000000008ba00000, 0x000000008bb00000|  0%| F|  |TAMS 0x000000008ba00000, 0x000000008ba00000| Untracked 
| 187|0x000000008bb00000, 0x000000008bb00000, 0x000000008bc00000|  0%| F|  |TAMS 0x000000008bb00000, 0x000000008bb00000| Untracked 
| 188|0x000000008bc00000, 0x000000008bc00000, 0x000000008bd00000|  0%| F|  |TAMS 0x000000008bc00000, 0x000000008bc00000| Untracked 
| 189|0x000000008bd00000, 0x000000008bd00000, 0x000000008be00000|  0%| F|  |TAMS 0x000000008bd00000, 0x000000008bd00000| Untracked 
| 190|0x000000008be00000, 0x000000008be00000, 0x000000008bf00000|  0%| F|  |TAMS 0x000000008be00000, 0x000000008be00000| Untracked 
| 191|0x000000008bf00000, 0x000000008bf00000, 0x000000008c000000|  0%| F|  |TAMS 0x000000008bf00000, 0x000000008bf00000| Untracked 
| 192|0x000000008c000000, 0x000000008c000000, 0x000000008c100000|  0%| F|  |TAMS 0x000000008c000000, 0x000000008c000000| Untracked 
| 193|0x000000008c100000, 0x000000008c100000, 0x000000008c200000|  0%| F|  |TAMS 0x000000008c100000, 0x000000008c100000| Untracked 
| 194|0x000000008c200000, 0x000000008c200000, 0x000000008c300000|  0%| F|  |TAMS 0x000000008c200000, 0x000000008c200000| Untracked 
| 195|0x000000008c300000, 0x000000008c300000, 0x000000008c400000|  0%| F|  |TAMS 0x000000008c300000, 0x000000008c300000| Untracked 
| 196|0x000000008c400000, 0x000000008c400000, 0x000000008c500000|  0%| F|  |TAMS 0x000000008c400000, 0x000000008c400000| Untracked 
| 197|0x000000008c500000, 0x000000008c500000, 0x000000008c600000|  0%| F|  |TAMS 0x000000008c500000, 0x000000008c500000| Untracked 
| 198|0x000000008c600000, 0x000000008c600000, 0x000000008c700000|  0%| F|  |TAMS 0x000000008c600000, 0x000000008c600000| Untracked 
| 199|0x000000008c700000, 0x000000008c700000, 0x000000008c800000|  0%| F|  |TAMS 0x000000008c700000, 0x000000008c700000| Untracked 
| 200|0x000000008c800000, 0x000000008c800000, 0x000000008c900000|  0%| F|  |TAMS 0x000000008c800000, 0x000000008c800000| Untracked 
| 201|0x000000008c900000, 0x000000008c900000, 0x000000008ca00000|  0%| F|  |TAMS 0x000000008c900000, 0x000000008c900000| Untracked 
| 202|0x000000008ca00000, 0x000000008ca958c8, 0x000000008cb00000| 58%| E|  |TAMS 0x000000008ca00000, 0x000000008ca00000| Complete 
| 203|0x000000008cb00000, 0x000000008cc00000, 0x000000008cc00000|100%| E|CS|TAMS 0x000000008cb00000, 0x000000008cb00000| Complete 
| 204|0x000000008cc00000, 0x000000008cd00000, 0x000000008cd00000|100%| E|CS|TAMS 0x000000008cc00000, 0x000000008cc00000| Complete 
| 205|0x000000008cd00000, 0x000000008ce00000, 0x000000008ce00000|100%| E|CS|TAMS 0x000000008cd00000, 0x000000008cd00000| Complete 
| 206|0x000000008ce00000, 0x000000008cf00000, 0x000000008cf00000|100%| E|CS|TAMS 0x000000008ce00000, 0x000000008ce00000| Complete 
| 207|0x000000008cf00000, 0x000000008d000000, 0x000000008d000000|100%| E|CS|TAMS 0x000000008cf00000, 0x000000008cf00000| Complete 
| 208|0x000000008d000000, 0x000000008d100000, 0x000000008d100000|100%| E|CS|TAMS 0x000000008d000000, 0x000000008d000000| Complete 
| 209|0x000000008d100000, 0x000000008d200000, 0x000000008d200000|100%| E|CS|TAMS 0x000000008d100000, 0x000000008d100000| Complete 
| 210|0x000000008d200000, 0x000000008d300000, 0x000000008d300000|100%| E|CS|TAMS 0x000000008d200000, 0x000000008d200000| Complete 
| 211|0x000000008d300000, 0x000000008d400000, 0x000000008d400000|100%| E|CS|TAMS 0x000000008d300000, 0x000000008d300000| Complete 
| 212|0x000000008d400000, 0x000000008d500000, 0x000000008d500000|100%| E|CS|TAMS 0x000000008d400000, 0x000000008d400000| Complete 
| 213|0x000000008d500000, 0x000000008d600000, 0x000000008d600000|100%| E|CS|TAMS 0x000000008d500000, 0x000000008d500000| Complete 
| 214|0x000000008d600000, 0x000000008d700000, 0x000000008d700000|100%| E|CS|TAMS 0x000000008d600000, 0x000000008d600000| Complete 
| 215|0x000000008d700000, 0x000000008d800000, 0x000000008d800000|100%| E|CS|TAMS 0x000000008d700000, 0x000000008d700000| Complete 
| 216|0x000000008d800000, 0x000000008d900000, 0x000000008d900000|100%| E|CS|TAMS 0x000000008d800000, 0x000000008d800000| Complete 
| 217|0x000000008d900000, 0x000000008da00000, 0x000000008da00000|100%| E|CS|TAMS 0x000000008d900000, 0x000000008d900000| Complete 
| 218|0x000000008da00000, 0x000000008db00000, 0x000000008db00000|100%| E|CS|TAMS 0x000000008da00000, 0x000000008da00000| Complete 
| 219|0x000000008db00000, 0x000000008dc00000, 0x000000008dc00000|100%| E|CS|TAMS 0x000000008db00000, 0x000000008db00000| Complete 
| 220|0x000000008dc00000, 0x000000008dd00000, 0x000000008dd00000|100%| E|CS|TAMS 0x000000008dc00000, 0x000000008dc00000| Complete 
| 221|0x000000008dd00000, 0x000000008de00000, 0x000000008de00000|100%| E|CS|TAMS 0x000000008dd00000, 0x000000008dd00000| Complete 
| 222|0x000000008de00000, 0x000000008df00000, 0x000000008df00000|100%| E|CS|TAMS 0x000000008de00000, 0x000000008de00000| Complete 
| 223|0x000000008df00000, 0x000000008e000000, 0x000000008e000000|100%| E|CS|TAMS 0x000000008df00000, 0x000000008df00000| Complete 

Card table byte_map: [0x0000021170c20000,0x0000021171020000] _byte_map_base: 0x0000021170820000

Marking Bits (Prev, Next): (CMBitMap*) 0x000002115c12abc0, (CMBitMap*) 0x000002115c12ac00
 Prev Bits: [0x0000021171420000, 0x0000021173420000)
 Next Bits: [0x0000021173420000, 0x0000021175420000)

Polling page: 0x000002115beb0000

Metaspace:

Usage:
  Non-class:     74.47 MB used.
      Class:     11.74 MB used.
       Both:     86.21 MB used.

Virtual space:
  Non-class space:       80.00 MB reserved,      74.75 MB ( 93%) committed,  10 nodes.
      Class space:        1.00 GB reserved,      12.00 MB (  1%) committed,  1 nodes.
             Both:        1.08 GB reserved,      86.75 MB (  8%) committed. 

Chunk freelists:
   Non-Class:  720.00 KB
       Class:  3.91 MB
        Both:  4.61 MB

MaxMetaspaceSize: unlimited
CompressedClassSpaceSize: 1.00 GB
Initial GC threshold: 21.00 MB
Current GC threshold: 114.06 MB
CDS: off
MetaspaceReclaimPolicy: balanced
 - commit_granule_bytes: 65536.
 - commit_granule_words: 8192.
 - virtual_space_node_default_size: 1048576.
 - enlarge_chunks_in_place: 1.
 - new_chunks_are_fully_committed: 0.
 - uncommit_free_chunks: 1.
 - use_allocation_guard: 0.
 - handle_deallocations: 1.


Internal statistics:

num_allocs_failed_limit: 6.
num_arena_births: 792.
num_arena_deaths: 0.
num_vsnodes_births: 11.
num_vsnodes_deaths: 0.
num_space_committed: 1388.
num_space_uncommitted: 0.
num_chunks_returned_to_freelist: 6.
num_chunks_taken_from_freelist: 3840.
num_chunk_merges: 6.
num_chunk_splits: 2517.
num_chunks_enlarged: 1679.
num_purges: 0.
num_inconsistent_stats: 0.

CodeHeap 'non-profiled nmethods': size=120000Kb used=5271Kb max_used=5271Kb free=114728Kb
 bounds [0x0000021168880000, 0x0000021168db0000, 0x000002116fdb0000]
CodeHeap 'profiled nmethods': size=120000Kb used=16369Kb max_used=16369Kb free=103630Kb
 bounds [0x0000021160db0000, 0x0000021161db0000, 0x00000211682e0000]
CodeHeap 'non-nmethods': size=5760Kb used=2401Kb max_used=2445Kb free=3358Kb
 bounds [0x00000211682e0000, 0x0000021168550000, 0x0000021168880000]
 total_blobs=9182 nmethods=8249 adapters=846
 compilation: enabled
              stopped_count=0, restarted_count=0
 full_count=0

Compilation events (20 events):
Event: 55.535 Thread 0x0000021178872050 9016       3       com.sun.beans.util.Cache$Kind$Soft::<init> (12 bytes)
Event: 55.535 Thread 0x0000021178872050 nmethod 9016 0x0000021161d7f010 code [0x0000021161d7f1c0, 0x0000021161d7f578]
Event: 55.535 Thread 0x0000021178872050 9021       1       org.codehaus.groovy.runtime.metaclass.NewStaticMetaMethod::isStatic (2 bytes)
Event: 55.535 Thread 0x0000021178872050 nmethod 9021 0x0000021168d90190 code [0x0000021168d90320, 0x0000021168d903f8]
Event: 55.535 Thread 0x0000021178872050 9018       1       java.beans.Introspector::getTargetDefaultEventIndex (5 bytes)
Event: 55.535 Thread 0x0000021178872050 nmethod 9018 0x0000021168d90490 code [0x0000021168d90620, 0x0000021168d906f8]
Event: 55.535 Thread 0x0000021178872050 9019       1       java.beans.Introspector::getTargetDefaultPropertyIndex (5 bytes)
Event: 55.535 Thread 0x0000021178872050 nmethod 9019 0x0000021168d90790 code [0x0000021168d90920, 0x0000021168d909f8]
Event: 55.535 Thread 0x0000021178872050 9020       1       org.gradle.internal.metaobject.BeanDynamicObject::access$500 (5 bytes)
Event: 55.536 Thread 0x0000021178872050 nmethod 9020 0x0000021168d90a90 code [0x0000021168d90c20, 0x0000021168d90cd8]
Event: 55.539 Thread 0x0000021178872050 9022       1       java.beans.GenericBeanInfo::getMethodDescriptors (5 bytes)
Event: 55.539 Thread 0x0000021178872050 nmethod 9022 0x0000021168d90d90 code [0x0000021168d90f20, 0x0000021168d90ff8]
Event: 55.539 Thread 0x0000021178872050 9023       1       java.beans.GenericBeanInfo::getDefaultEventIndex (5 bytes)
Event: 55.539 Thread 0x0000021178872050 nmethod 9023 0x0000021168d91090 code [0x0000021168d91220, 0x0000021168d912f8]
Event: 55.539 Thread 0x0000021178872050 9024       1       java.beans.GenericBeanInfo::getDefaultPropertyIndex (5 bytes)
Event: 55.539 Thread 0x0000021178872050 nmethod 9024 0x0000021168d91390 code [0x0000021168d91520, 0x0000021168d915f8]
Event: 55.541 Thread 0x0000021178872050 9026       3       jdk.proxy1.$Proxy63::<init> (6 bytes)
Event: 55.541 Thread 0x0000021178872050 nmethod 9026 0x0000021161d7f690 code [0x0000021161d7f860, 0x0000021161d7fbe8]
Event: 55.558 Thread 0x0000021178872050 9028       3       java.util.HashMap::keysToArray (81 bytes)
Event: 55.558 Thread 0x0000021178872050 nmethod 9028 0x0000021161d7fd90 code [0x0000021161d7ff60, 0x0000021161d80418]

GC Heap History (20 events):
Event: 40.759 GC heap before
{Heap before GC invocations=33 (full 0):
 garbage-first heap   total 91136K, used 63378K [0x0000000080000000, 0x0000000100000000)
  region size 1024K, 14 young (14336K), 1 survivors (1024K)
 Metaspace       used 63337K, committed 63808K, reserved 1105920K
  class space    used 8313K, committed 8512K, reserved 1048576K
}
Event: 40.765 GC heap after
{Heap after GC invocations=34 (full 0):
 garbage-first heap   total 91136K, used 51561K [0x0000000080000000, 0x0000000100000000)
  region size 1024K, 1 young (1024K), 1 survivors (1024K)
 Metaspace       used 63337K, committed 63808K, reserved 1105920K
  class space    used 8313K, committed 8512K, reserved 1048576K
}
Event: 40.953 GC heap before
{Heap before GC invocations=34 (full 0):
 garbage-first heap   total 91136K, used 54633K [0x0000000080000000, 0x0000000100000000)
  region size 1024K, 4 young (4096K), 1 survivors (1024K)
 Metaspace       used 63805K, committed 64256K, reserved 1105920K
  class space    used 8384K, committed 8576K, reserved 1048576K
}
Event: 40.956 GC heap after
{Heap after GC invocations=35 (full 0):
 garbage-first heap   total 91136K, used 51189K [0x0000000080000000, 0x0000000100000000)
  region size 1024K, 1 young (1024K), 1 survivors (1024K)
 Metaspace       used 63805K, committed 64256K, reserved 1105920K
  class space    used 8384K, committed 8576K, reserved 1048576K
}
Event: 42.536 GC heap before
{Heap before GC invocations=35 (full 0):
 garbage-first heap   total 91136K, used 68597K [0x0000000080000000, 0x0000000100000000)
  region size 1024K, 18 young (18432K), 1 survivors (1024K)
 Metaspace       used 67027K, committed 67584K, reserved 1114112K
  class space    used 8819K, committed 9088K, reserved 1048576K
}
Event: 42.539 GC heap after
{Heap after GC invocations=36 (full 0):
 garbage-first heap   total 91136K, used 52074K [0x0000000080000000, 0x0000000100000000)
  region size 1024K, 1 young (1024K), 1 survivors (1024K)
 Metaspace       used 67027K, committed 67584K, reserved 1114112K
  class space    used 8819K, committed 9088K, reserved 1048576K
}
Event: 43.477 GC heap before
{Heap before GC invocations=37 (full 0):
 garbage-first heap   total 91136K, used 74602K [0x0000000080000000, 0x0000000100000000)
  region size 1024K, 19 young (19456K), 1 survivors (1024K)
 Metaspace       used 68319K, committed 68928K, reserved 1114112K
  class space    used 9006K, committed 9280K, reserved 1048576K
}
Event: 43.482 GC heap after
{Heap after GC invocations=38 (full 0):
 garbage-first heap   total 91136K, used 59225K [0x0000000080000000, 0x0000000100000000)
  region size 1024K, 3 young (3072K), 3 survivors (3072K)
 Metaspace       used 68319K, committed 68928K, reserved 1114112K
  class space    used 9006K, committed 9280K, reserved 1048576K
}
Event: 43.485 GC heap before
{Heap before GC invocations=38 (full 0):
 garbage-first heap   total 91136K, used 60249K [0x0000000080000000, 0x0000000100000000)
  region size 1024K, 4 young (4096K), 3 survivors (3072K)
 Metaspace       used 68319K, committed 68928K, reserved 1114112K
  class space    used 9006K, committed 9280K, reserved 1048576K
}
Event: 43.490 GC heap after
{Heap after GC invocations=39 (full 0):
 garbage-first heap   total 91136K, used 59631K [0x0000000080000000, 0x0000000100000000)
  region size 1024K, 1 young (1024K), 1 survivors (1024K)
 Metaspace       used 68319K, committed 68928K, reserved 1114112K
  class space    used 9006K, committed 9280K, reserved 1048576K
}
Event: 44.068 GC heap before
{Heap before GC invocations=39 (full 0):
 garbage-first heap   total 91136K, used 73967K [0x0000000080000000, 0x0000000100000000)
  region size 1024K, 13 young (13312K), 1 survivors (1024K)
 Metaspace       used 69349K, committed 69888K, reserved 1114112K
  class space    used 9144K, committed 9408K, reserved 1048576K
}
Event: 44.072 GC heap after
{Heap after GC invocations=40 (full 0):
 garbage-first heap   total 91136K, used 62378K [0x0000000080000000, 0x0000000100000000)
  region size 1024K, 2 young (2048K), 2 survivors (2048K)
 Metaspace       used 69349K, committed 69888K, reserved 1114112K
  class space    used 9144K, committed 9408K, reserved 1048576K
}
Event: 44.374 GC heap before
{Heap before GC invocations=41 (full 0):
 garbage-first heap   total 102400K, used 70570K [0x0000000080000000, 0x0000000100000000)
  region size 1024K, 13 young (13312K), 2 survivors (2048K)
 Metaspace       used 70358K, committed 70912K, reserved 1114112K
  class space    used 9277K, committed 9536K, reserved 1048576K
}
Event: 44.377 GC heap after
{Heap after GC invocations=42 (full 0):
 garbage-first heap   total 102400K, used 58506K [0x0000000080000000, 0x0000000100000000)
  region size 1024K, 1 young (1024K), 1 survivors (1024K)
 Metaspace       used 70358K, committed 70912K, reserved 1114112K
  class space    used 9277K, committed 9536K, reserved 1048576K
}
Event: 44.459 GC heap before
{Heap before GC invocations=42 (full 0):
 garbage-first heap   total 102400K, used 62602K [0x0000000080000000, 0x0000000100000000)
  region size 1024K, 5 young (5120K), 1 survivors (1024K)
 Metaspace       used 70674K, committed 71168K, reserved 1114112K
  class space    used 9315K, committed 9536K, reserved 1048576K
}
Event: 44.461 GC heap after
{Heap after GC invocations=43 (full 0):
 garbage-first heap   total 102400K, used 58322K [0x0000000080000000, 0x0000000100000000)
  region size 1024K, 1 young (1024K), 1 survivors (1024K)
 Metaspace       used 70674K, committed 71168K, reserved 1114112K
  class space    used 9315K, committed 9536K, reserved 1048576K
}
Event: 45.614 GC heap before
{Heap before GC invocations=43 (full 0):
 garbage-first heap   total 102400K, used 77778K [0x0000000080000000, 0x0000000100000000)
  region size 1024K, 20 young (20480K), 1 survivors (1024K)
 Metaspace       used 72288K, committed 72832K, reserved 1114112K
  class space    used 9529K, committed 9792K, reserved 1048576K
}
Event: 45.619 GC heap after
{Heap after GC invocations=44 (full 0):
 garbage-first heap   total 229376K, used 59887K [0x0000000080000000, 0x0000000100000000)
  region size 1024K, 2 young (2048K), 2 survivors (2048K)
 Metaspace       used 72288K, committed 72832K, reserved 1114112K
  class space    used 9529K, committed 9792K, reserved 1048576K
}
Event: 50.534 GC heap before
{Heap before GC invocations=44 (full 0):
 garbage-first heap   total 229376K, used 151023K [0x0000000080000000, 0x0000000100000000)
  region size 1024K, 91 young (93184K), 2 survivors (2048K)
 Metaspace       used 79279K, committed 79808K, reserved 1122304K
  class space    used 10691K, committed 10944K, reserved 1048576K
}
Event: 50.545 GC heap after
{Heap after GC invocations=45 (full 0):
 garbage-first heap   total 229376K, used 65912K [0x0000000080000000, 0x0000000100000000)
  region size 1024K, 8 young (8192K), 8 survivors (8192K)
 Metaspace       used 79279K, committed 79808K, reserved 1122304K
  class space    used 10691K, committed 10944K, reserved 1048576K
}

Dll operation events (2 events):
Event: 0.138 Loaded shared library C:\Program Files\Android\Android Studio\jbr\bin\java.dll
Event: 1.059 Loaded shared library C:\Program Files\Android\Android Studio\jbr\bin\verify.dll

Deoptimization events (20 events):
Event: 54.591 Thread 0x000002117a139460 Uncommon trap: trap_request=0xffffffc6 fr.pc=0x0000021168d65c30 relative=0x0000000000000530
Event: 54.591 Thread 0x000002117a139460 Uncommon trap: reason=bimorphic_or_optimized_type_check action=maybe_recompile pc=0x0000021168d65c30 method=com.google.common.collect.AbstractMapBasedMultimap.createCollection(Ljava/lang/Object;)Ljava/util/Collection; @ 1 c2
Event: 54.591 Thread 0x000002117a139460 DEOPT PACKING pc=0x0000021168d65c30 sp=0x00000083a8ffb1e0
Event: 54.591 Thread 0x000002117a139460 DEOPT UNPACKING pc=0x00000211683369a3 sp=0x00000083a8ffb1b0 mode 2
Event: 54.592 Thread 0x000002117a139460 Uncommon trap: trap_request=0xffffffc6 fr.pc=0x0000021168d65c30 relative=0x0000000000000530
Event: 54.592 Thread 0x000002117a139460 Uncommon trap: reason=bimorphic_or_optimized_type_check action=maybe_recompile pc=0x0000021168d65c30 method=com.google.common.collect.AbstractMapBasedMultimap.createCollection(Ljava/lang/Object;)Ljava/util/Collection; @ 1 c2
Event: 54.592 Thread 0x000002117a139460 DEOPT PACKING pc=0x0000021168d65c30 sp=0x00000083a8ffb1e0
Event: 54.592 Thread 0x000002117a139460 DEOPT UNPACKING pc=0x00000211683369a3 sp=0x00000083a8ffb1b0 mode 2
Event: 54.592 Thread 0x000002117a139460 Uncommon trap: trap_request=0xffffffc6 fr.pc=0x0000021168d65c30 relative=0x0000000000000530
Event: 54.592 Thread 0x000002117a139460 Uncommon trap: reason=bimorphic_or_optimized_type_check action=maybe_recompile pc=0x0000021168d65c30 method=com.google.common.collect.AbstractMapBasedMultimap.createCollection(Ljava/lang/Object;)Ljava/util/Collection; @ 1 c2
Event: 54.592 Thread 0x000002117a139460 DEOPT PACKING pc=0x0000021168d65c30 sp=0x00000083a8ffb1e0
Event: 54.592 Thread 0x000002117a139460 DEOPT UNPACKING pc=0x00000211683369a3 sp=0x00000083a8ffb1b0 mode 2
Event: 54.592 Thread 0x000002117a139460 Uncommon trap: trap_request=0xffffffc6 fr.pc=0x0000021168d65c30 relative=0x0000000000000530
Event: 54.592 Thread 0x000002117a139460 Uncommon trap: reason=bimorphic_or_optimized_type_check action=maybe_recompile pc=0x0000021168d65c30 method=com.google.common.collect.AbstractMapBasedMultimap.createCollection(Ljava/lang/Object;)Ljava/util/Collection; @ 1 c2
Event: 54.592 Thread 0x000002117a139460 DEOPT PACKING pc=0x0000021168d65c30 sp=0x00000083a8ffb1e0
Event: 54.592 Thread 0x000002117a139460 DEOPT UNPACKING pc=0x00000211683369a3 sp=0x00000083a8ffb1b0 mode 2
Event: 55.411 Thread 0x000002117a139460 Uncommon trap: trap_request=0xffffff45 fr.pc=0x0000021168b9b3b4 relative=0x0000000000000a34
Event: 55.411 Thread 0x000002117a139460 Uncommon trap: reason=unstable_if action=reinterpret pc=0x0000021168b9b3b4 method=java.lang.ClassLoader.loadClass(Ljava/lang/String;Z)Ljava/lang/Class; @ 29 c2
Event: 55.411 Thread 0x000002117a139460 DEOPT PACKING pc=0x0000021168b9b3b4 sp=0x00000083a8ff3370
Event: 55.411 Thread 0x000002117a139460 DEOPT UNPACKING pc=0x00000211683369a3 sp=0x00000083a8ff3338 mode 2

Classes unloaded (0 events):
No events

Classes redefined (0 events):
No events

Internal exceptions (20 events):
Event: 55.521 Thread 0x000002117a139460 Exception <a 'java/lang/ClassNotFoundException'{0x0000000087d8fbd0}: com/android/build/gradle/tasks/ProcessMultiApkApplicationManifestCustomizer> (0x0000000087d8fbd0) 
thrown [s\src\hotspot\share\classfile\systemDictionary.cpp, line 256]
Event: 55.523 Thread 0x000002117a139460 Exception <a 'java/lang/ClassNotFoundException'{0x0000000087db3880}: com/android/build/gradle/tasks/ProcessMultiApkApplicationManifest_DecoratedCustomizer> (0x0000000087db3880) 
thrown [s\src\hotspot\share\classfile\systemDictionary.cpp, line 256]
Event: 55.529 Thread 0x000002117a139460 Exception <a 'java/lang/ClassNotFoundException'{0x0000000087c57f80}: com/android/build/gradle/tasks/ProcessPackagedManifestTask_DecoratedBeanInfo> (0x0000000087c57f80) 
thrown [s\src\hotspot\share\classfile\systemDictionary.cpp, line 256]
Event: 55.529 Thread 0x000002117a139460 Exception <a 'java/lang/ClassNotFoundException'{0x0000000087c63a58}: com/android/build/gradle/tasks/ProcessPackagedManifestTaskBeanInfo> (0x0000000087c63a58) 
thrown [s\src\hotspot\share\classfile\systemDictionary.cpp, line 256]
Event: 55.530 Thread 0x000002117a139460 Exception <a 'java/lang/ClassNotFoundException'{0x0000000087c6f270}: com/android/build/gradle/tasks/ProcessPackagedManifestTaskCustomizer> (0x0000000087c6f270) 
thrown [s\src\hotspot\share\classfile\systemDictionary.cpp, line 256]
Event: 55.531 Thread 0x000002117a139460 Exception <a 'java/lang/ClassNotFoundException'{0x0000000087c91f90}: com/android/build/gradle/tasks/ProcessPackagedManifestTask_DecoratedCustomizer> (0x0000000087c91f90) 
thrown [s\src\hotspot\share\classfile\systemDictionary.cpp, line 256]
Event: 55.537 Thread 0x000002117a139460 Exception <a 'java/lang/ClassNotFoundException'{0x0000000087b89798}: com/android/build/gradle/internal/res/LinkApplicationAndroidResourcesTask_DecoratedBeanInfo> (0x0000000087b89798) 
thrown [s\src\hotspot\share\classfile\systemDictionary.cpp, line 256]
Event: 55.538 Thread 0x000002117a139460 Exception <a 'java/lang/ClassNotFoundException'{0x0000000087b95560}: com/android/build/gradle/internal/res/LinkApplicationAndroidResourcesTaskBeanInfo> (0x0000000087b95560) 
thrown [s\src\hotspot\share\classfile\systemDictionary.cpp, line 256]
Event: 55.538 Thread 0x000002117a139460 Exception <a 'java/lang/ClassNotFoundException'{0x0000000087ba1cd0}: com/android/build/gradle/tasks/ProcessAndroidResourcesBeanInfo> (0x0000000087ba1cd0) 
thrown [s\src\hotspot\share\classfile\systemDictionary.cpp, line 256]
Event: 55.539 Thread 0x000002117a139460 Exception <a 'java/lang/ClassNotFoundException'{0x0000000087bad718}: com/android/build/gradle/tasks/ProcessAndroidResourcesCustomizer> (0x0000000087bad718) 
thrown [s\src\hotspot\share\classfile\systemDictionary.cpp, line 256]
Event: 55.540 Thread 0x000002117a139460 Exception <a 'java/lang/ClassNotFoundException'{0x0000000087bca040}: com/android/build/gradle/internal/res/LinkApplicationAndroidResourcesTaskCustomizer> (0x0000000087bca040) 
thrown [s\src\hotspot\share\classfile\systemDictionary.cpp, line 256]
Event: 55.542 Thread 0x000002117a139460 Exception <a 'java/lang/ClassNotFoundException'{0x0000000087a2d068}: com/android/build/gradle/internal/res/LinkApplicationAndroidResourcesTask_DecoratedCustomizer> (0x0000000087a2d068) 
thrown [s\src\hotspot\share\classfile\systemDictionary.cpp, line 256]
Event: 55.551 Thread 0x000002117a139460 Exception <a 'java/lang/ClassNotFoundException'{0x0000000087958e98}: org/gradle/api/tasks/compile/JavaCompile_DecoratedBeanInfo> (0x0000000087958e98) 
thrown [s\src\hotspot\share\classfile\systemDictionary.cpp, line 256]
Event: 55.551 Thread 0x000002117a139460 Exception <a 'java/lang/ClassNotFoundException'{0x0000000087965600}: org/gradle/api/tasks/compile/JavaCompileBeanInfo> (0x0000000087965600) 
thrown [s\src\hotspot\share\classfile\systemDictionary.cpp, line 256]
Event: 55.552 Thread 0x000002117a139460 Exception <a 'java/lang/ClassNotFoundException'{0x0000000087973078}: org/gradle/api/tasks/compile/AbstractCompileBeanInfo> (0x0000000087973078) 
thrown [s\src\hotspot\share\classfile\systemDictionary.cpp, line 256]
Event: 55.552 Thread 0x000002117a139460 Exception <a 'java/lang/ClassNotFoundException'{0x000000008797e3f8}: org/gradle/api/tasks/SourceTaskBeanInfo> (0x000000008797e3f8) 
thrown [s\src\hotspot\share\classfile\systemDictionary.cpp, line 256]
Event: 55.553 Thread 0x000002117a139460 Exception <a 'java/lang/ClassNotFoundException'{0x0000000087989cd0}: org/gradle/api/tasks/SourceTaskCustomizer> (0x0000000087989cd0) 
thrown [s\src\hotspot\share\classfile\systemDictionary.cpp, line 256]
Event: 55.554 Thread 0x000002117a139460 Exception <a 'java/lang/ClassNotFoundException'{0x00000000879ba360}: org/gradle/api/tasks/compile/AbstractCompileCustomizer> (0x00000000879ba360) 
thrown [s\src\hotspot\share\classfile\systemDictionary.cpp, line 256]
Event: 55.555 Thread 0x000002117a139460 Exception <a 'java/lang/ClassNotFoundException'{0x00000000879df1b0}: org/gradle/api/tasks/compile/JavaCompileCustomizer> (0x00000000879df1b0) 
thrown [s\src\hotspot\share\classfile\systemDictionary.cpp, line 256]
Event: 55.556 Thread 0x000002117a139460 Exception <a 'java/lang/ClassNotFoundException'{0x0000000087804f98}: org/gradle/api/tasks/compile/JavaCompile_DecoratedCustomizer> (0x0000000087804f98) 
thrown [s\src\hotspot\share\classfile\systemDictionary.cpp, line 256]

VM Operations (20 events):
Event: 51.772 Executing VM operation: ICBufferFull
Event: 51.772 Executing VM operation: ICBufferFull done
Event: 52.506 Executing VM operation: HandshakeAllThreads
Event: 52.506 Executing VM operation: HandshakeAllThreads done
Event: 53.084 Executing VM operation: HandshakeAllThreads
Event: 53.084 Executing VM operation: HandshakeAllThreads done
Event: 53.084 Executing VM operation: Cleanup
Event: 53.084 Executing VM operation: Cleanup done
Event: 53.349 Executing VM operation: HandshakeAllThreads
Event: 53.350 Executing VM operation: HandshakeAllThreads done
Event: 53.666 Executing VM operation: HandshakeAllThreads
Event: 53.666 Executing VM operation: HandshakeAllThreads done
Event: 54.010 Executing VM operation: HandshakeAllThreads
Event: 54.010 Executing VM operation: HandshakeAllThreads done
Event: 54.129 Executing VM operation: ICBufferFull
Event: 54.130 Executing VM operation: ICBufferFull done
Event: 54.781 Executing VM operation: HandshakeAllThreads
Event: 54.781 Executing VM operation: HandshakeAllThreads done
Event: 55.347 Executing VM operation: ICBufferFull
Event: 55.347 Executing VM operation: ICBufferFull done

Events (20 events):
Event: 53.660 loading class jdk/internal/reflect/UnsafeBooleanFieldAccessorImpl
Event: 53.660 loading class jdk/internal/reflect/UnsafeBooleanFieldAccessorImpl done
Event: 53.662 Thread 0x00000211793323e0 Thread added: 0x00000211793323e0
Event: 53.662 Thread 0x0000021179333820 Thread added: 0x0000021179333820
Event: 54.602 loading class java/util/IdentityHashMap$KeyIterator
Event: 54.602 loading class java/util/IdentityHashMap$IdentityHashMapIterator
Event: 54.602 loading class java/util/IdentityHashMap$IdentityHashMapIterator done
Event: 54.602 loading class java/util/IdentityHashMap$KeyIterator done
Event: 54.684 Thread 0x0000021179333820 Thread exited: 0x0000021179333820
Event: 54.803 Thread 0x00000211793323e0 Thread exited: 0x00000211793323e0
Event: 55.207 Thread 0x0000021179331ed0 Thread added: 0x0000021179331ed0
Event: 55.207 Thread 0x0000021179330fa0 Thread added: 0x0000021179330fa0
Event: 55.344 loading class java/lang/ClassBeanInfo
Event: 55.344 loading class java/lang/ClassBeanInfo done
Event: 55.344 loading class java/lang/ClassBeanInfo
Event: 55.344 loading class java/lang/ClassBeanInfo done
Event: 55.344 loading class java/lang/ClassCustomizer
Event: 55.344 loading class java/lang/ClassCustomizer done
Event: 55.345 loading class java/lang/ClassCustomizer
Event: 55.345 loading class java/lang/ClassCustomizer done


Dynamic libraries:
0x00007ff72fed0000 - 0x00007ff72feda000 	C:\Program Files\Android\Android Studio\jbr\bin\java.exe
0x00007fffacb80000 - 0x00007fffacd6d000 	C:\Windows\SYSTEM32\ntdll.dll
0x00007fffac280000 - 0x00007fffac333000 	C:\Windows\System32\KERNEL32.DLL
0x00007fffa8cb0000 - 0x00007fffa8f43000 	C:\Windows\System32\KERNELBASE.dll
0x00007fff98b10000 - 0x00007fff98b27000 	C:\Program Files\Android\Android Studio\jbr\bin\jli.dll
0x00007fffa9000000 - 0x00007fffa90fc000 	C:\Windows\System32\ucrtbase.dll
0x00007fff855f0000 - 0x00007fff8560b000 	C:\Program Files\Android\Android Studio\jbr\bin\VCRUNTIME140.dll
0x00007fffac0e0000 - 0x00007fffac277000 	C:\Windows\System32\USER32.dll
0x00007fffa9b10000 - 0x00007fffa9b30000 	C:\Windows\System32\win32u.dll
0x00007fff98ca0000 - 0x00007fff98f19000 	C:\Windows\WinSxS\amd64_microsoft.windows.common-controls_6595b64144ccf1df_6.0.17763.134_none_05b3373a07211a5c\COMCTL32.dll
0x00007fffac880000 - 0x00007fffac91e000 	C:\Windows\System32\msvcrt.dll
0x00007fffaa120000 - 0x00007fffaa149000 	C:\Windows\System32\GDI32.dll
0x00007fffa9970000 - 0x00007fffa9b0a000 	C:\Windows\System32\gdi32full.dll
0x00007fffa9db0000 - 0x00007fffaa0dd000 	C:\Windows\System32\combase.dll
0x00007fffa9850000 - 0x00007fffa98f0000 	C:\Windows\System32\msvcp_win.dll
0x00007fffac3a0000 - 0x00007fffac4c3000 	C:\Windows\System32\RPCRT4.dll
0x00007fffa9b30000 - 0x00007fffa9bae000 	C:\Windows\System32\bcryptPrimitives.dll
0x00007fffaa0e0000 - 0x00007fffaa10e000 	C:\Windows\System32\IMM32.DLL
0x00007fff92e80000 - 0x00007fff92e8c000 	C:\Program Files\Android\Android Studio\jbr\bin\vcruntime140_1.dll
0x00007fff85560000 - 0x00007fff855ed000 	C:\Program Files\Android\Android Studio\jbr\bin\msvcp140.dll
0x00007fff85bc0000 - 0x00007fff8682e000 	C:\Program Files\Android\Android Studio\jbr\bin\server\jvm.dll
0x00007fffac030000 - 0x00007fffac0d3000 	C:\Windows\System32\ADVAPI32.dll
0x00007fffacab0000 - 0x00007fffacb4e000 	C:\Windows\System32\sechost.dll
0x00007fffa2580000 - 0x00007fffa258a000 	C:\Windows\SYSTEM32\VERSION.dll
0x00007fffa6620000 - 0x00007fffa6644000 	C:\Windows\SYSTEM32\WINMM.dll
0x00007fffa6030000 - 0x00007fffa605d000 	C:\Windows\SYSTEM32\winmmbase.dll
0x00007fffa98f0000 - 0x00007fffa993a000 	C:\Windows\System32\cfgmgr32.dll
0x00007fff9a7c0000 - 0x00007fff9a7c9000 	C:\Windows\SYSTEM32\WSOCK32.dll
0x00007fffabe10000 - 0x00007fffabe7d000 	C:\Windows\System32\WS2_32.dll
0x00007fffa8c10000 - 0x00007fffa8c21000 	C:\Windows\System32\kernel.appcore.dll
0x00007fffa5530000 - 0x00007fffa553a000 	C:\Program Files\Android\Android Studio\jbr\bin\jimage.dll
0x00007fff99f50000 - 0x00007fff9a13d000 	C:\Windows\SYSTEM32\DBGHELP.DLL
0x00007fff8d1c0000 - 0x00007fff8d1ea000 	C:\Windows\SYSTEM32\dbgcore.DLL
0x00007fffa5500000 - 0x00007fffa5525000 	C:\Program Files\Android\Android Studio\jbr\bin\java.dll
0x00007fff9f0b0000 - 0x00007fff9f0c8000 	C:\Program Files\Android\Android Studio\jbr\bin\zip.dll
0x00007fffaa910000 - 0x00007fffabdff000 	C:\Windows\System32\SHELL32.dll
0x00007fffac4d0000 - 0x00007fffac578000 	C:\Windows\System32\shcore.dll
0x00007fffa9100000 - 0x00007fffa9848000 	C:\Windows\System32\windows.storage.dll
0x00007fffa8b80000 - 0x00007fffa8ba4000 	C:\Windows\System32\profapi.dll
0x00007fffa8bb0000 - 0x00007fffa8c0d000 	C:\Windows\System32\powrprof.dll
0x00007fffac5e0000 - 0x00007fffac632000 	C:\Windows\System32\shlwapi.dll
0x00007fffa9d90000 - 0x00007fffa9da7000 	C:\Windows\System32\cryptsp.dll
0x00007fff9d080000 - 0x00007fff9d099000 	C:\Program Files\Android\Android Studio\jbr\bin\net.dll
0x00007fffa2cb0000 - 0x00007fffa2da1000 	C:\Windows\SYSTEM32\WINHTTP.dll
0x00007fffa8410000 - 0x00007fffa8477000 	C:\Windows\system32\mswsock.dll
0x00007fff99ab0000 - 0x00007fff99ac6000 	C:\Program Files\Android\Android Studio\jbr\bin\nio.dll
0x00007fffa54f0000 - 0x00007fffa5500000 	C:\Program Files\Android\Android Studio\jbr\bin\verify.dll
0x00007fff85610000 - 0x00007fff85637000 	C:\Users\Alexx\.gradle\native\68d5fa5c4cc2d200863cafc0d521ce42e7d3e7ee720ec0a83991735586a16f82\windows-amd64\native-platform.dll
0x00007fff7cbc0000 - 0x00007fff7cd04000 	C:\Users\Alexx\.gradle\native\e376f236ea51e6404a007f0833ffe2c6e607c4080706a723a18a27aeea778392\windows-amd64\native-platform-file-events.dll
0x00007fff9f5c0000 - 0x00007fff9f5c9000 	C:\Program Files\Android\Android Studio\jbr\bin\management.dll
0x00007fff9cd80000 - 0x00007fff9cd8b000 	C:\Program Files\Android\Android Studio\jbr\bin\management_ext.dll
0x00007fffac870000 - 0x00007fffac878000 	C:\Windows\System32\PSAPI.DLL
0x00007fffa7fd0000 - 0x00007fffa8003000 	C:\Windows\system32\rsaenh.dll
0x00007fffa9940000 - 0x00007fffa9966000 	C:\Windows\System32\bcrypt.dll
0x00007fffa8a80000 - 0x00007fffa8aa8000 	C:\Windows\SYSTEM32\USERENV.dll
0x00007fffa85e0000 - 0x00007fffa85ec000 	C:\Windows\SYSTEM32\CRYPTBASE.dll
0x00007fffa8170000 - 0x00007fffa81ad000 	C:\Windows\SYSTEM32\IPHLPAPI.DLL
0x00007fffabe00000 - 0x00007fffabe08000 	C:\Windows\System32\NSI.dll
0x00007fff9ff50000 - 0x00007fff9ff66000 	C:\Windows\SYSTEM32\dhcpcsvc6.DLL
0x00007fff9ff30000 - 0x00007fff9ff4c000 	C:\Windows\SYSTEM32\dhcpcsvc.DLL
0x00007fffa81b0000 - 0x00007fffa8276000 	C:\Windows\SYSTEM32\DNSAPI.dll
0x00007fff99620000 - 0x00007fff99627000 	C:\Windows\system32\wshunix.dll
0x00007fff9fb00000 - 0x00007fff9fb0a000 	C:\Windows\System32\rasadhlp.dll
0x00007fff9fb30000 - 0x00007fff9fba9000 	C:\Windows\System32\fwpuclnt.dll

dbghelp: loaded successfully - version: 4.0.5 - missing functions: none
symbol engine: initialized successfully - sym options: 0x614 - pdb path: .;C:\Program Files\Android\Android Studio\jbr\bin;C:\Windows\SYSTEM32;C:\Windows\WinSxS\amd64_microsoft.windows.common-controls_6595b64144ccf1df_6.0.17763.134_none_05b3373a07211a5c;C:\Program Files\Android\Android Studio\jbr\bin\server;C:\Users\Alexx\.gradle\native\68d5fa5c4cc2d200863cafc0d521ce42e7d3e7ee720ec0a83991735586a16f82\windows-amd64;C:\Users\Alexx\.gradle\native\e376f236ea51e6404a007f0833ffe2c6e607c4080706a723a18a27aeea778392\windows-amd64

VM Arguments:
jvm_args: --add-opens=java.base/java.util=ALL-UNNAMED --add-opens=java.base/java.lang=ALL-UNNAMED --add-opens=java.base/java.lang.invoke=ALL-UNNAMED --add-opens=java.prefs/java.util.prefs=ALL-UNNAMED --add-opens=java.base/java.nio.charset=ALL-UNNAMED --add-opens=java.base/java.net=ALL-UNNAMED --add-opens=java.base/java.util.concurrent.atomic=ALL-UNNAMED -Xmx2048m -Dfile.encoding=UTF-8 -Duser.country=RU -Duser.language=ru -Duser.variant 
java_command: org.gradle.launcher.daemon.bootstrap.GradleDaemon 8.0
java_class_path (initial): C:\Users\Alexx\.gradle\wrapper\dists\gradle-8.0-bin\ca5e32bp14vu59qr306oxotwh\gradle-8.0\lib\gradle-launcher-8.0.jar
Launcher Type: SUN_STANDARD

[Global flags]
     intx CICompilerCount                          = 4                                         {product} {ergonomic}
     uint ConcGCThreads                            = 2                                         {product} {ergonomic}
     uint G1ConcRefinementThreads                  = 8                                         {product} {ergonomic}
   size_t G1HeapRegionSize                         = 1048576                                   {product} {ergonomic}
    uintx GCDrainStackTargetSize                   = 64                                        {product} {ergonomic}
   size_t InitialHeapSize                          = 201326592                                 {product} {ergonomic}
   size_t MarkStackSize                            = 4194304                                   {product} {ergonomic}
   size_t MaxHeapSize                              = 2147483648                                {product} {command line}
   size_t MaxNewSize                               = 1287651328                                {product} {ergonomic}
   size_t MinHeapDeltaBytes                        = 1048576                                   {product} {ergonomic}
   size_t MinHeapSize                              = 8388608                                   {product} {ergonomic}
    uintx NonNMethodCodeHeapSize                   = 5839372                                {pd product} {ergonomic}
    uintx NonProfiledCodeHeapSize                  = 122909434                              {pd product} {ergonomic}
    uintx ProfiledCodeHeapSize                     = 122909434                              {pd product} {ergonomic}
    uintx ReservedCodeCacheSize                    = 251658240                              {pd product} {ergonomic}
     bool SegmentedCodeCache                       = true                                      {product} {ergonomic}
   size_t SoftMaxHeapSize                          = 2147483648                             {manageable} {ergonomic}
     bool UseCompressedClassPointers               = true                           {product lp64_product} {ergonomic}
     bool UseCompressedOops                        = true                           {product lp64_product} {ergonomic}
     bool UseG1GC                                  = true                                      {product} {ergonomic}
     bool UseLargePagesIndividualAllocation        = false                                  {pd product} {ergonomic}

Logging:
Log output configuration:
 #0: stdout all=warning uptime,level,tags
 #1: stderr all=off uptime,level,tags

Environment Variables:
PATH=C:\ProgramData\Oracle\Java\javapath;C:\Program Files (x86)\Python38-32\Scripts\;C:\Program Files (x86)\Python38-32\;C:\Windows\system32;C:\Windows;C:\Windows\System32\Wbem;C:\Windows\System32\WindowsPowerShell\v1.0\;C:\Program Files (x86)\Common Files\Acronis\SnapAPI\;C:\Program Files (x86)\dotnet\;C:\Program Files\PuTTY\;C:\Users\Alexx\AppData\Local\Microsoft\WindowsApps;C:\Program Files (x86)\Nmap
USERNAME=Alexx
OS=Windows_NT
PROCESSOR_IDENTIFIER=AMD64 Family 21 Model 2 Stepping 0, AuthenticAMD
TMP=C:\Temp
TEMP=C:\Temp


JNI global refs:
JNI global refs: 28, weak refs: 0

JNI global refs memory usage: 843, weak refs: 841


---------------  S Y S T E M  ---------------

OS:
 Windows 10 , 64 bit Build 17763 (10.0.17763.1)
OS uptime: 0 days 7:44 hours

CPU: total 8 (initial active 8) (8 cores per cpu, 1 threads per core) family 21 model 2 stepping 0 microcode 0x0, cx8, cmov, fxsr, mmx, 3dnowpref, sse, sse2, sse3, ssse3, sse4a, sse4.1, sse4.2, popcnt, lzcnt, tsc, tscinvbit, avx, aes, clmul, bmi1, fma, vzeroupper, clflush

Memory: 4k page, system-wide physical 12285M (3279M free)
TotalPageFile size 12541M (AvailPageFile size 5M)
current process WorkingSet (physical memory assigned to process): 451M, peak: 454M
current process commit charge ("private bytes"): 516M, peak: 521M

vm_info: OpenJDK 64-Bit Server VM (17.0.6+0-b2043.56-10027231) for windows-amd64 JRE (17.0.6+0-b2043.56-10027231), built on Apr 28 2023 00:43:19 by "androidbuild" with MS VC++ 16.10 / 16.11 (VS2019)

END.
