#
# There is insufficient memory for the Java Runtime Environment to continue.
# Native memory allocation (malloc) failed to allocate 2133664 bytes for Chunk::new
# Possible reasons:
#   The system is out of physical RAM or swap space
#   The process is running with CompressedOops enabled, and the Java Heap may be blocking the growth of the native heap
# Possible solutions:
#   Reduce memory load on the system
#   Increase physical memory or swap space
#   Check if swap backing store is full
#   Decrease Java heap size (-Xmx/-Xms)
#   Decrease number of Java threads
#   Decrease Java thread stack sizes (-Xss)
#   Set larger code cache with -XX:ReservedCodeCacheSize=
#   JVM is running with Unscaled Compressed Oops mode in which the Java heap is
#     placed in the first 4GB address space. The Java Heap base address is the
#     maximum limit for the native heap growth. Please use -XX:HeapBaseMinAddress
#     to set the Java Heap base and to place the Java Heap above 4GB virtual address.
# This output file may be truncated or incomplete.
#
#  Out of Memory Error (arena.cpp:189), pid=14288, tid=17008
#
# JRE version: OpenJDK Runtime Environment (17.0.6) (build 17.0.6+0-b2043.56-10027231)
# Java VM: OpenJDK 64-Bit Server VM (17.0.6+0-b2043.56-10027231, mixed mode, tiered, compressed oops, compressed class ptrs, g1 gc, windows-amd64)
# No core dump will be written. Minidumps are not enabled by default on client versions of Windows
#

---------------  S U M M A R Y ------------

Command Line: --add-opens=java.base/java.util=ALL-UNNAMED --add-opens=java.base/java.lang=ALL-UNNAMED --add-opens=java.base/java.lang.invoke=ALL-UNNAMED --add-opens=java.prefs/java.util.prefs=ALL-UNNAMED --add-opens=java.base/java.nio.charset=ALL-UNNAMED --add-opens=java.base/java.net=ALL-UNNAMED --add-opens=java.base/java.util.concurrent.atomic=ALL-UNNAMED -Xmx2048m -Dfile.encoding=UTF-8 -Duser.country=RU -Duser.language=ru -Duser.variant org.gradle.launcher.daemon.bootstrap.GradleDaemon 8.0

Host: AMD FX-8320E Eight-Core Processor              , 8 cores, 11G,  Windows 10 , 64 bit Build 17763 (10.0.17763.1)
Time: Wed Sep 13 15:56:02 2023 RTZ 2 (зима) elapsed time: 48.364998 seconds (0d 0h 0m 48s)

---------------  T H R E A D  ---------------

Current thread (0x000001f43f09eb40):  JavaThread "C2 CompilerThread0" daemon [_thread_in_native, id=17008, stack(0x000000c8fe900000,0x000000c8fea00000)]


Current CompileTask:
C2:  48365 12928   !   4       org.gradle.api.internal.attributes.DefaultImmutableAttributesFactory::doConcatIsolatable (128 bytes)

Stack: [0x000000c8fe900000,0x000000c8fea00000]
Native frames: (J=compiled Java code, j=interpreted, Vv=VM code, C=native code)
V  [jvm.dll+0x683c9a]
V  [jvm.dll+0x8427a4]
V  [jvm.dll+0x843f9e]
V  [jvm.dll+0x844603]
V  [jvm.dll+0x249b75]
V  [jvm.dll+0xabcac]
V  [jvm.dll+0xac27c]
V  [jvm.dll+0x368857]
V  [jvm.dll+0x332f31]
V  [jvm.dll+0x3323da]
V  [jvm.dll+0x21c201]
V  [jvm.dll+0x21b621]
V  [jvm.dll+0x1a4fdd]
V  [jvm.dll+0x22b098]
V  [jvm.dll+0x229159]
V  [jvm.dll+0x7f81ec]
V  [jvm.dll+0x7f274a]
V  [jvm.dll+0x682ad5]
C  [ucrtbase.dll+0x203ba]
C  [KERNEL32.DLL+0x17e94]
C  [ntdll.dll+0x67ad1]


---------------  P R O C E S S  ---------------

Threads class SMR info:
_java_thread_list=0x000001f4444fc550, length=129, elements={
0x000001f4227bd2b0, 0x000001f43f063260, 0x000001f43f067680, 0x000001f43f098910,
0x000001f43f09c2f0, 0x000001f43f09cbb0, 0x000001f43f09d680, 0x000001f43f09eb40,
0x000001f43f0b0e00, 0x000001f43f0b5b20, 0x000001f43f244020, 0x000001f43f245d20,
0x000001f440047540, 0x000001f440048880, 0x000001f440049bc0, 0x000001f440047a10,
0x000001f440046200, 0x000001f441a79150, 0x000001f441a76130, 0x000001f441a77940,
0x000001f441a79af0, 0x000001f441a752c0, 0x000001f441a73110, 0x000001f441a77e10,
0x000001f441a735e0, 0x000001f441a74920, 0x000001f441a76fa0, 0x000001f4420c8c60,
0x000001f4420c52a0, 0x000001f4420c4430, 0x000001f441f7f7d0, 0x000001f441f827f0,
0x000001f441f81e50, 0x000001f441f83190, 0x000001f441f7dfc0, 0x000001f4420c9fa0,
0x000001f4420cb7b0, 0x000001f4420ca940, 0x000001f4420cae10, 0x000001f4420cb2e0,
0x000001f4465b9860, 0x000001f4465b9350, 0x000001f4420c3f60, 0x000001f4420c7df0,
0x000001f4420c4900, 0x000001f4420c6110, 0x000001f4420c5770, 0x000001f4420c5c40,
0x000001f4420c6ab0, 0x000001f4420c6f80, 0x000001f4420c7450, 0x000001f4420c7920,
0x000001f442f486f0, 0x000001f442f46070, 0x000001f442f47880, 0x000001f442f48bc0,
0x000001f442f473b0, 0x000001f442f46ee0, 0x000001f442f45ba0, 0x000001f442f46540,
0x000001f442f45200, 0x000001f441f849a0, 0x000001f441f83660, 0x000001f441f7e960,
0x000001f441f7e490, 0x000001f441f80640, 0x000001f441f80b10, 0x000001f441f7ee30,
0x000001f441f83b30, 0x000001f440047ee0, 0x000001f440049220, 0x000001f440047070,
0x000001f4400496f0, 0x000001f440046ba0, 0x000001f4400466d0, 0x000001f4400483b0,
0x000001f441a79fc0, 0x000001f441a77470, 0x000001f441a7a490, 0x000001f441a74450,
0x000001f4416f4060, 0x000001f4416f83c0, 0x000001f4416f9230, 0x000001f4416f4a00,
0x000001f4416f4530, 0x000001f4416f66e0, 0x000001f4416f7a20, 0x000001f4416fb8b0,
0x000001f4416f8890, 0x000001f4416f9bd0, 0x000001f4416f6210, 0x000001f4416fa0a0,
0x000001f4416fb3e0, 0x000001f4416fa570, 0x000001f4416f4ed0, 0x000001f4416f53a0,
0x000001f4416f5870, 0x000001f4416faf10, 0x000001f4416f5d40, 0x000001f4416f6bb0,
0x000001f4416f7080, 0x000001f4416f8d60, 0x000001f4416faa40, 0x000001f4416f7550,
0x000001f4416f9700, 0x000001f4416f7ef0, 0x000001f4462a63b0, 0x000001f4462a2ec0,
0x000001f4462a8a30, 0x000001f4462a7220, 0x000001f4462a76f0, 0x000001f4462a3d30,
0x000001f4462a8090, 0x000001f4462a46d0, 0x000001f4462a7bc0, 0x000001f4462a6d50,
0x000001f4462a8560, 0x000001f4462a4ba0, 0x000001f4462a3390, 0x000001f4462a4200,
0x000001f4462a8f00, 0x000001f4462a3860, 0x000001f4462a93d0, 0x000001f4462a98a0,
0x000001f4462a9d70, 0x000001f4462a6880, 0x000001f4462a5a10, 0x000001f4462a5070,
0x000001f4462a5540
}

Java Threads: ( => current thread )
  0x000001f4227bd2b0 JavaThread "main" [_thread_blocked, id=17632, stack(0x000000c8fdc00000,0x000000c8fdd00000)]
  0x000001f43f063260 JavaThread "Reference Handler" daemon [_thread_blocked, id=16792, stack(0x000000c8fe300000,0x000000c8fe400000)]
  0x000001f43f067680 JavaThread "Finalizer" daemon [_thread_blocked, id=17280, stack(0x000000c8fe400000,0x000000c8fe500000)]
  0x000001f43f098910 JavaThread "Signal Dispatcher" daemon [_thread_blocked, id=13852, stack(0x000000c8fe500000,0x000000c8fe600000)]
  0x000001f43f09c2f0 JavaThread "Attach Listener" daemon [_thread_blocked, id=16832, stack(0x000000c8fe600000,0x000000c8fe700000)]
  0x000001f43f09cbb0 JavaThread "Service Thread" daemon [_thread_blocked, id=16856, stack(0x000000c8fe700000,0x000000c8fe800000)]
  0x000001f43f09d680 JavaThread "Monitor Deflation Thread" daemon [_thread_blocked, id=18184, stack(0x000000c8fe800000,0x000000c8fe900000)]
=>0x000001f43f09eb40 JavaThread "C2 CompilerThread0" daemon [_thread_in_native, id=17008, stack(0x000000c8fe900000,0x000000c8fea00000)]
  0x000001f43f0b0e00 JavaThread "C1 CompilerThread0" daemon [_thread_blocked, id=8660, stack(0x000000c8fea00000,0x000000c8feb00000)]
  0x000001f43f0b5b20 JavaThread "Sweeper thread" daemon [_thread_blocked, id=15008, stack(0x000000c8feb00000,0x000000c8fec00000)]
  0x000001f43f244020 JavaThread "Common-Cleaner" daemon [_thread_blocked, id=17620, stack(0x000000c8fec00000,0x000000c8fed00000)]
  0x000001f43f245d20 JavaThread "Notification Thread" daemon [_thread_blocked, id=16896, stack(0x000000c8fed00000,0x000000c8fee00000)]
  0x000001f440047540 JavaThread "Daemon health stats" [_thread_blocked, id=7608, stack(0x000000c8ff500000,0x000000c8ff600000)]
  0x000001f440048880 JavaThread "Incoming local TCP Connector on port 52409" [_thread_in_native, id=7600, stack(0x000000c8ff400000,0x000000c8ff500000)]
  0x000001f440049bc0 JavaThread "Daemon periodic checks" [_thread_blocked, id=17656, stack(0x000000c8ff600000,0x000000c8ff700000)]
  0x000001f440047a10 JavaThread "Daemon" [_thread_blocked, id=13864, stack(0x000000c8ff700000,0x000000c8ff800000)]
  0x000001f440046200 JavaThread "Daemon worker" [_thread_in_vm, id=17112, stack(0x000000c8ffa00000,0x000000c8ffb00000)]
  0x000001f441a79150 JavaThread "Cache worker for journal cache (C:\Users\Alexx\.gradle\caches\journal-1)" [_thread_blocked, id=16552, stack(0x000000c880200000,0x000000c880300000)]
  0x000001f441a76130 JavaThread "File lock request listener" [_thread_in_native, id=14376, stack(0x000000c880300000,0x000000c880400000)]
  0x000001f441a77940 JavaThread "Cache worker for file hash cache (C:\Users\Alexx\.gradle\caches\8.0\fileHashes)" [_thread_blocked, id=12776, stack(0x000000c880400000,0x000000c880500000)]
  0x000001f441a79af0 JavaThread "File watcher server" daemon [_thread_in_native, id=8648, stack(0x000000c880600000,0x000000c880700000)]
  0x000001f441a752c0 JavaThread "File watcher consumer" daemon [_thread_blocked, id=13248, stack(0x000000c880700000,0x000000c880800000)]
  0x000001f441a73110 JavaThread "Cache worker for file content cache (C:\Users\Alexx\.gradle\caches\8.0\fileContent)" [_thread_blocked, id=17140, stack(0x000000c880a00000,0x000000c880b00000)]
  0x000001f441a77e10 JavaThread "Cache worker for execution history cache (C:\Users\Alexx\.gradle\caches\8.0\executionHistory)" [_thread_blocked, id=15836, stack(0x000000c880500000,0x000000c880600000)]
  0x000001f441a735e0 JavaThread "jar transforms" [_thread_blocked, id=17120, stack(0x000000c880d00000,0x000000c880e00000)]
  0x000001f441a74920 JavaThread "jar transforms Thread 2" [_thread_blocked, id=17072, stack(0x000000c881000000,0x000000c881100000)]
  0x000001f441a76fa0 JavaThread "Cache worker for kotlin-dsl (C:\Users\Alexx\.gradle\caches\8.0\kotlin-dsl)" [_thread_blocked, id=15812, stack(0x000000c881100000,0x000000c881200000)]
  0x000001f4420c8c60 JavaThread "jar transforms Thread 3" [_thread_blocked, id=11336, stack(0x000000c881200000,0x000000c881300000)]
  0x000001f4420c52a0 JavaThread "jar transforms Thread 4" [_thread_blocked, id=6900, stack(0x000000c881300000,0x000000c881400000)]
  0x000001f4420c4430 JavaThread "jar transforms Thread 5" [_thread_blocked, id=1196, stack(0x000000c881600000,0x000000c881700000)]
  0x000001f441f7f7d0 JavaThread "jar transforms Thread 6" [_thread_blocked, id=16684, stack(0x000000c886700000,0x000000c886800000)]
  0x000001f441f827f0 JavaThread "jar transforms Thread 7" [_thread_blocked, id=15868, stack(0x000000c886800000,0x000000c886900000)]
  0x000001f441f81e50 JavaThread "jar transforms Thread 8" [_thread_blocked, id=12988, stack(0x000000c886900000,0x000000c886a00000)]
  0x000001f441f83190 JavaThread "Memory manager" [_thread_blocked, id=17052, stack(0x000000c886c00000,0x000000c886d00000)]
  0x000001f441f7dfc0 JavaThread "included builds" [_thread_blocked, id=16568, stack(0x000000c886d00000,0x000000c886e00000)]
  0x000001f4420c9fa0 JavaThread "Handler for socket connection from /127.0.0.1:52409 to /127.0.0.1:52423" [_thread_in_native, id=11048, stack(0x000000c880b00000,0x000000c880c00000)]
  0x000001f4420cb7b0 JavaThread "Cancel handler" [_thread_blocked, id=17816, stack(0x000000c880c00000,0x000000c880d00000)]
  0x000001f4420ca940 JavaThread "Asynchronous log dispatcher for DefaultDaemonConnection: socket connection from /127.0.0.1:52409 to /127.0.0.1:52423" [_thread_blocked, id=18592, stack(0x000000c880e00000,0x000000c880f00000)]
  0x000001f4420cae10 JavaThread "Stdin handler" [_thread_blocked, id=4552, stack(0x000000c880f00000,0x000000c881000000)]
  0x000001f4420cb2e0 JavaThread "Daemon client event forwarder" [_thread_blocked, id=13468, stack(0x000000c881400000,0x000000c881500000)]
  0x000001f4465b9860 JavaThread "C2 CompilerThread1" daemon [_thread_in_native, id=16196, stack(0x000000c881500000,0x000000c881600000)]
  0x000001f4465b9350 JavaThread "C2 CompilerThread2" daemon [_thread_in_native, id=16920, stack(0x000000c881700000,0x000000c881800000)]
  0x000001f4420c3f60 JavaThread "Cache worker for checksums cache (E:\AndroidStudioProject\MyMovies\.gradle\8.0\checksums)" [_thread_blocked, id=14848, stack(0x000000c881800000,0x000000c881900000)]
  0x000001f4420c7df0 JavaThread "Cache worker for cache directory md-rule (C:\Users\Alexx\.gradle\caches\8.0\md-rule)" [_thread_blocked, id=18548, stack(0x000000c881900000,0x000000c881a00000)]
  0x000001f4420c4900 JavaThread "Cache worker for file hash cache (E:\AndroidStudioProject\MyMovies\.gradle\8.0\fileHashes)" [_thread_blocked, id=9200, stack(0x000000c881a00000,0x000000c881b00000)]
  0x000001f4420c6110 JavaThread "Cache worker for cache directory md-supplier (C:\Users\Alexx\.gradle\caches\8.0\md-supplier)" [_thread_blocked, id=17364, stack(0x000000c881b00000,0x000000c881c00000)]
  0x000001f4420c5770 JavaThread "Cache worker for dependencies-accessors (E:\AndroidStudioProject\MyMovies\.gradle\8.0\dependencies-accessors)" [_thread_blocked, id=15112, stack(0x000000c881c00000,0x000000c881d00000)]
  0x000001f4420c5c40 JavaThread "Cache worker for Build Output Cleanup Cache (E:\AndroidStudioProject\MyMovies\.gradle\buildOutputCleanup)" [_thread_blocked, id=15364, stack(0x000000c881d00000,0x000000c881e00000)]
  0x000001f4420c6ab0 JavaThread "Unconstrained build operations" [_thread_blocked, id=16636, stack(0x000000c881e00000,0x000000c881f00000)]
  0x000001f4420c6f80 JavaThread "Unconstrained build operations Thread 2" [_thread_blocked, id=9068, stack(0x000000c881f00000,0x000000c882000000)]
  0x000001f4420c7450 JavaThread "Unconstrained build operations Thread 3" [_thread_blocked, id=13432, stack(0x000000c882000000,0x000000c882100000)]
  0x000001f4420c7920 JavaThread "Unconstrained build operations Thread 4" [_thread_blocked, id=18156, stack(0x000000c882100000,0x000000c882200000)]
  0x000001f442f486f0 JavaThread "Unconstrained build operations Thread 5" [_thread_blocked, id=13032, stack(0x000000c882200000,0x000000c882300000)]
  0x000001f442f46070 JavaThread "Unconstrained build operations Thread 6" [_thread_blocked, id=13172, stack(0x000000c882300000,0x000000c882400000)]
  0x000001f442f47880 JavaThread "Unconstrained build operations Thread 7" [_thread_blocked, id=12668, stack(0x000000c882400000,0x000000c882500000)]
  0x000001f442f48bc0 JavaThread "Unconstrained build operations Thread 8" [_thread_blocked, id=14816, stack(0x000000c882500000,0x000000c882600000)]
  0x000001f442f473b0 JavaThread "Unconstrained build operations Thread 9" [_thread_blocked, id=17300, stack(0x000000c882600000,0x000000c882700000)]
  0x000001f442f46ee0 JavaThread "Unconstrained build operations Thread 10" [_thread_blocked, id=17852, stack(0x000000c882700000,0x000000c882800000)]
  0x000001f442f45ba0 JavaThread "Unconstrained build operations Thread 11" [_thread_blocked, id=15180, stack(0x000000c882800000,0x000000c882900000)]
  0x000001f442f46540 JavaThread "Unconstrained build operations Thread 12" [_thread_blocked, id=11752, stack(0x000000c882900000,0x000000c882a00000)]
  0x000001f442f45200 JavaThread "Unconstrained build operations Thread 13" [_thread_blocked, id=14308, stack(0x000000c882a00000,0x000000c882b00000)]
  0x000001f441f849a0 JavaThread "Unconstrained build operations Thread 14" [_thread_blocked, id=8384, stack(0x000000c882b00000,0x000000c882c00000)]
  0x000001f441f83660 JavaThread "Unconstrained build operations Thread 15" [_thread_blocked, id=17588, stack(0x000000c882c00000,0x000000c882d00000)]
  0x000001f441f7e960 JavaThread "Unconstrained build operations Thread 16" [_thread_blocked, id=14572, stack(0x000000c882d00000,0x000000c882e00000)]
  0x000001f441f7e490 JavaThread "Unconstrained build operations Thread 17" [_thread_blocked, id=12580, stack(0x000000c882e00000,0x000000c882f00000)]
  0x000001f441f80640 JavaThread "Unconstrained build operations Thread 18" [_thread_blocked, id=12588, stack(0x000000c882f00000,0x000000c883000000)]
  0x000001f441f80b10 JavaThread "Unconstrained build operations Thread 19" [_thread_blocked, id=17812, stack(0x000000c883000000,0x000000c883100000)]
  0x000001f441f7ee30 JavaThread "Unconstrained build operations Thread 20" [_thread_blocked, id=10524, stack(0x000000c883100000,0x000000c883200000)]
  0x000001f441f83b30 JavaThread "Unconstrained build operations Thread 21" [_thread_blocked, id=18264, stack(0x000000c883200000,0x000000c883300000)]
  0x000001f440047ee0 JavaThread "Unconstrained build operations Thread 22" [_thread_blocked, id=16096, stack(0x000000c883300000,0x000000c883400000)]
  0x000001f440049220 JavaThread "Unconstrained build operations Thread 23" [_thread_blocked, id=12188, stack(0x000000c883400000,0x000000c883500000)]
  0x000001f440047070 JavaThread "Unconstrained build operations Thread 24" [_thread_blocked, id=19220, stack(0x000000c883500000,0x000000c883600000)]
  0x000001f4400496f0 JavaThread "Unconstrained build operations Thread 25" [_thread_blocked, id=14356, stack(0x000000c883600000,0x000000c883700000)]
  0x000001f440046ba0 JavaThread "Unconstrained build operations Thread 26" [_thread_blocked, id=17244, stack(0x000000c883700000,0x000000c883800000)]
  0x000001f4400466d0 JavaThread "Unconstrained build operations Thread 27" [_thread_blocked, id=14844, stack(0x000000c883800000,0x000000c883900000)]
  0x000001f4400483b0 JavaThread "Unconstrained build operations Thread 28" [_thread_blocked, id=13160, stack(0x000000c883900000,0x000000c883a00000)]
  0x000001f441a79fc0 JavaThread "Unconstrained build operations Thread 29" [_thread_blocked, id=17668, stack(0x000000c883a00000,0x000000c883b00000)]
  0x000001f441a77470 JavaThread "Unconstrained build operations Thread 30" [_thread_blocked, id=18200, stack(0x000000c883b00000,0x000000c883c00000)]
  0x000001f441a7a490 JavaThread "Unconstrained build operations Thread 31" [_thread_blocked, id=17432, stack(0x000000c883c00000,0x000000c883d00000)]
  0x000001f441a74450 JavaThread "Unconstrained build operations Thread 32" [_thread_blocked, id=17192, stack(0x000000c883d00000,0x000000c883e00000)]
  0x000001f4416f4060 JavaThread "Unconstrained build operations Thread 33" [_thread_blocked, id=15208, stack(0x000000c883e00000,0x000000c883f00000)]
  0x000001f4416f83c0 JavaThread "Unconstrained build operations Thread 34" [_thread_blocked, id=18360, stack(0x000000c883f00000,0x000000c884000000)]
  0x000001f4416f9230 JavaThread "Unconstrained build operations Thread 35" [_thread_blocked, id=7848, stack(0x000000c884000000,0x000000c884100000)]
  0x000001f4416f4a00 JavaThread "Unconstrained build operations Thread 36" [_thread_blocked, id=10060, stack(0x000000c884100000,0x000000c884200000)]
  0x000001f4416f4530 JavaThread "Unconstrained build operations Thread 37" [_thread_blocked, id=12628, stack(0x000000c884200000,0x000000c884300000)]
  0x000001f4416f66e0 JavaThread "Unconstrained build operations Thread 38" [_thread_blocked, id=12572, stack(0x000000c884300000,0x000000c884400000)]
  0x000001f4416f7a20 JavaThread "Unconstrained build operations Thread 39" [_thread_blocked, id=14200, stack(0x000000c884400000,0x000000c884500000)]
  0x000001f4416fb8b0 JavaThread "Unconstrained build operations Thread 40" [_thread_blocked, id=17296, stack(0x000000c884500000,0x000000c884600000)]
  0x000001f4416f8890 JavaThread "Unconstrained build operations Thread 41" [_thread_blocked, id=12364, stack(0x000000c884600000,0x000000c884700000)]
  0x000001f4416f9bd0 JavaThread "Unconstrained build operations Thread 42" [_thread_blocked, id=13000, stack(0x000000c884700000,0x000000c884800000)]
  0x000001f4416f6210 JavaThread "Unconstrained build operations Thread 43" [_thread_blocked, id=16640, stack(0x000000c884800000,0x000000c884900000)]
  0x000001f4416fa0a0 JavaThread "Unconstrained build operations Thread 44" [_thread_blocked, id=6720, stack(0x000000c884900000,0x000000c884a00000)]
  0x000001f4416fb3e0 JavaThread "Unconstrained build operations Thread 45" [_thread_blocked, id=10180, stack(0x000000c884a00000,0x000000c884b00000)]
  0x000001f4416fa570 JavaThread "Unconstrained build operations Thread 46" [_thread_blocked, id=14544, stack(0x000000c884b00000,0x000000c884c00000)]
  0x000001f4416f4ed0 JavaThread "Unconstrained build operations Thread 47" [_thread_blocked, id=18888, stack(0x000000c884c00000,0x000000c884d00000)]
  0x000001f4416f53a0 JavaThread "Unconstrained build operations Thread 48" [_thread_blocked, id=18520, stack(0x000000c884d00000,0x000000c884e00000)]
  0x000001f4416f5870 JavaThread "Unconstrained build operations Thread 49" [_thread_blocked, id=10392, stack(0x000000c884e00000,0x000000c884f00000)]
  0x000001f4416faf10 JavaThread "Unconstrained build operations Thread 50" [_thread_blocked, id=10628, stack(0x000000c884f00000,0x000000c885000000)]
  0x000001f4416f5d40 JavaThread "Unconstrained build operations Thread 51" [_thread_blocked, id=11380, stack(0x000000c885000000,0x000000c885100000)]
  0x000001f4416f6bb0 JavaThread "Unconstrained build operations Thread 52" [_thread_blocked, id=11432, stack(0x000000c885100000,0x000000c885200000)]
  0x000001f4416f7080 JavaThread "Unconstrained build operations Thread 53" [_thread_blocked, id=15244, stack(0x000000c885200000,0x000000c885300000)]
  0x000001f4416f8d60 JavaThread "Unconstrained build operations Thread 54" [_thread_blocked, id=18884, stack(0x000000c885300000,0x000000c885400000)]
  0x000001f4416faa40 JavaThread "Unconstrained build operations Thread 55" [_thread_blocked, id=15232, stack(0x000000c885400000,0x000000c885500000)]
  0x000001f4416f7550 JavaThread "Unconstrained build operations Thread 56" [_thread_blocked, id=10404, stack(0x000000c885500000,0x000000c885600000)]
  0x000001f4416f9700 JavaThread "Unconstrained build operations Thread 57" [_thread_blocked, id=14840, stack(0x000000c885600000,0x000000c885700000)]
  0x000001f4416f7ef0 JavaThread "Unconstrained build operations Thread 58" [_thread_blocked, id=4084, stack(0x000000c885700000,0x000000c885800000)]
  0x000001f4462a63b0 JavaThread "Unconstrained build operations Thread 59" [_thread_blocked, id=12404, stack(0x000000c885800000,0x000000c885900000)]
  0x000001f4462a2ec0 JavaThread "Unconstrained build operations Thread 60" [_thread_blocked, id=15300, stack(0x000000c885900000,0x000000c885a00000)]
  0x000001f4462a8a30 JavaThread "Unconstrained build operations Thread 61" [_thread_blocked, id=5088, stack(0x000000c885a00000,0x000000c885b00000)]
  0x000001f4462a7220 JavaThread "Unconstrained build operations Thread 62" [_thread_blocked, id=12708, stack(0x000000c885b00000,0x000000c885c00000)]
  0x000001f4462a76f0 JavaThread "Unconstrained build operations Thread 63" [_thread_blocked, id=19060, stack(0x000000c885c00000,0x000000c885d00000)]
  0x000001f4462a3d30 JavaThread "Unconstrained build operations Thread 64" [_thread_blocked, id=4656, stack(0x000000c885d00000,0x000000c885e00000)]
  0x000001f4462a8090 JavaThread "Unconstrained build operations Thread 65" [_thread_blocked, id=7256, stack(0x000000c885e00000,0x000000c885f00000)]
  0x000001f4462a46d0 JavaThread "Unconstrained build operations Thread 66" [_thread_blocked, id=10328, stack(0x000000c885f00000,0x000000c886000000)]
  0x000001f4462a7bc0 JavaThread "Unconstrained build operations Thread 67" [_thread_blocked, id=16816, stack(0x000000c886000000,0x000000c886100000)]
  0x000001f4462a6d50 JavaThread "Unconstrained build operations Thread 68" [_thread_blocked, id=8720, stack(0x000000c886100000,0x000000c886200000)]
  0x000001f4462a8560 JavaThread "Unconstrained build operations Thread 69" [_thread_blocked, id=11332, stack(0x000000c886200000,0x000000c886300000)]
  0x000001f4462a4ba0 JavaThread "Unconstrained build operations Thread 70" [_thread_blocked, id=17468, stack(0x000000c886300000,0x000000c886400000)]
  0x000001f4462a3390 JavaThread "Unconstrained build operations Thread 71" [_thread_blocked, id=15096, stack(0x000000c886400000,0x000000c886500000)]
  0x000001f4462a4200 JavaThread "Unconstrained build operations Thread 72" [_thread_blocked, id=17436, stack(0x000000c886500000,0x000000c886600000)]
  0x000001f4462a8f00 JavaThread "Unconstrained build operations Thread 73" [_thread_blocked, id=16812, stack(0x000000c886600000,0x000000c886700000)]
  0x000001f4462a3860 JavaThread "Unconstrained build operations Thread 74" [_thread_blocked, id=12324, stack(0x000000c886b00000,0x000000c886c00000)]
  0x000001f4462a93d0 JavaThread "Unconstrained build operations Thread 75" [_thread_blocked, id=14640, stack(0x000000c886e00000,0x000000c886f00000)]
  0x000001f4462a98a0 JavaThread "Unconstrained build operations Thread 76" [_thread_blocked, id=18024, stack(0x000000c886f00000,0x000000c887000000)]
  0x000001f4462a9d70 JavaThread "Unconstrained build operations Thread 77" [_thread_blocked, id=12312, stack(0x000000c887000000,0x000000c887100000)]
  0x000001f4462a6880 JavaThread "Unconstrained build operations Thread 78" [_thread_blocked, id=12348, stack(0x000000c887100000,0x000000c887200000)]
  0x000001f4462a5a10 JavaThread "Unconstrained build operations Thread 79" [_thread_blocked, id=12352, stack(0x000000c887200000,0x000000c887300000)]
  0x000001f4462a5070 JavaThread "Unconstrained build operations Thread 80" [_thread_blocked, id=12336, stack(0x000000c887300000,0x000000c887400000)]
  0x000001f4462a5540 JavaThread "build event listener" [_thread_blocked, id=15996, stack(0x000000c887400000,0x000000c887500000)]

Other Threads:
  0x000001f43f0406f0 VMThread "VM Thread" [stack: 0x000000c8fe200000,0x000000c8fe300000] [id=16376]
  0x000001f43f248a10 WatcherThread [stack: 0x000000c8fee00000,0x000000c8fef00000] [id=18160]
  0x000001f422819470 GCTaskThread "GC Thread#0" [stack: 0x000000c8fdd00000,0x000000c8fde00000] [id=17644]
  0x000001f43fee2990 GCTaskThread "GC Thread#1" [stack: 0x000000c8ff100000,0x000000c8ff200000] [id=7480]
  0x000001f43fee3450 GCTaskThread "GC Thread#2" [stack: 0x000000c8ff200000,0x000000c8ff300000] [id=7536]
  0x000001f43fee2ef0 GCTaskThread "GC Thread#3" [stack: 0x000000c8ff300000,0x000000c8ff400000] [id=7544]
  0x000001f43fee31a0 GCTaskThread "GC Thread#4" [stack: 0x000000c8ff000000,0x000000c8ff100000] [id=7604]
  0x000001f43fee26e0 GCTaskThread "GC Thread#5" [stack: 0x000000c8ffe00000,0x000000c8fff00000] [id=17184]
  0x000001f43fee2c40 GCTaskThread "GC Thread#6" [stack: 0x000000c8fff00000,0x000000c900000000] [id=7612]
  0x000001f440a46e70 GCTaskThread "GC Thread#7" [stack: 0x000000c880000000,0x000000c880100000] [id=16144]
  0x000001f42282a2c0 ConcurrentGCThread "G1 Main Marker" [stack: 0x000000c8fde00000,0x000000c8fdf00000] [id=17696]
  0x000001f42282b7a0 ConcurrentGCThread "G1 Conc#0" [stack: 0x000000c8fdf00000,0x000000c8fe000000] [id=16328]
  0x000001f440a45390 ConcurrentGCThread "G1 Conc#1" [stack: 0x000000c880100000,0x000000c880200000] [id=13400]
  0x000001f43e03dc50 ConcurrentGCThread "G1 Refine#0" [stack: 0x000000c8fe000000,0x000000c8fe100000] [id=8132]
  0x000001f44325fa20 ConcurrentGCThread "G1 Refine#1" [stack: 0x000000c886a00000,0x000000c886b00000] [id=14488]
  0x000001f42287e310 ConcurrentGCThread "G1 Service" [stack: 0x000000c8fe100000,0x000000c8fe200000] [id=16332]

Threads with active compile tasks:
C2 CompilerThread0    48404 12928   !   4       org.gradle.api.internal.attributes.DefaultImmutableAttributesFactory::doConcatIsolatable (128 bytes)
C2 CompilerThread1    48404 13028       4       org.gradle.internal.instantiation.generator.AbstractClassGenerator::inspectType (560 bytes)
C2 CompilerThread2    48404 13025       4       org.gradle.internal.instantiation.generator.AbstractClassGenerator$ClassMetadata::resolveTypeVariables (19 bytes)

VM state: not at safepoint (normal execution)

VM Mutex/Monitor currently owned by a thread: None

Heap address: 0x0000000080000000, size: 2048 MB, Compressed Oops mode: 32-bit

CDS archive(s) not mapped
Compressed class space mapped at: 0x0000000100000000-0x0000000140000000, reserved size: 1073741824
Narrow klass base: 0x0000000000000000, Narrow klass shift: 3, Narrow klass range: 0x140000000

GC Precious Log:
 CPUs: 8 total, 8 available
 Memory: 12285M
 Large Page Support: Disabled
 NUMA Support: Disabled
 Compressed Oops: Enabled (32-bit)
 Heap Region Size: 1M
 Heap Min Capacity: 8M
 Heap Initial Capacity: 192M
 Heap Max Capacity: 2G
 Pre-touch: Disabled
 Parallel Workers: 8
 Concurrent Workers: 2
 Concurrent Refinement Workers: 8
 Periodic GC: Disabled

Heap:
 garbage-first heap   total 181248K, used 102035K [0x0000000080000000, 0x0000000100000000)
  region size 1024K, 4 young (4096K), 1 survivors (1024K)
 Metaspace       used 108907K, committed 109568K, reserved 1146880K
  class space    used 15004K, committed 15296K, reserved 1048576K

Heap Regions: E=young(eden), S=young(survivor), O=old, HS=humongous(starts), HC=humongous(continues), CS=collection set, F=free, OA=open archive, CA=closed archive, TAMS=top-at-mark-start (previous, next)
|   0|0x0000000080000000, 0x0000000080100000, 0x0000000080100000|100%|HS|  |TAMS 0x0000000080100000, 0x0000000080000000| Complete 
|   1|0x0000000080100000, 0x0000000080200000, 0x0000000080200000|100%|HC|  |TAMS 0x0000000080200000, 0x0000000080100000| Complete 
|   2|0x0000000080200000, 0x0000000080300000, 0x0000000080300000|100%|HC|  |TAMS 0x0000000080300000, 0x0000000080200000| Complete 
|   3|0x0000000080300000, 0x0000000080400000, 0x0000000080400000|100%|HC|  |TAMS 0x0000000080400000, 0x0000000080300000| Complete 
|   4|0x0000000080400000, 0x0000000080500000, 0x0000000080500000|100%| O|  |TAMS 0x0000000080500000, 0x0000000080400000| Untracked 
|   5|0x0000000080500000, 0x0000000080600000, 0x0000000080600000|100%| O|  |TAMS 0x0000000080600000, 0x0000000080500000| Untracked 
|   6|0x0000000080600000, 0x0000000080700000, 0x0000000080700000|100%| O|  |TAMS 0x0000000080700000, 0x0000000080600000| Untracked 
|   7|0x0000000080700000, 0x0000000080800000, 0x0000000080800000|100%| O|  |TAMS 0x0000000080800000, 0x0000000080700000| Untracked 
|   8|0x0000000080800000, 0x0000000080900000, 0x0000000080900000|100%| O|  |TAMS 0x0000000080900000, 0x0000000080800000| Untracked 
|   9|0x0000000080900000, 0x0000000080a00000, 0x0000000080a00000|100%| O|  |TAMS 0x0000000080a00000, 0x0000000080900000| Untracked 
|  10|0x0000000080a00000, 0x0000000080b00000, 0x0000000080b00000|100%| O|  |TAMS 0x0000000080b00000, 0x0000000080a00000| Untracked 
|  11|0x0000000080b00000, 0x0000000080c00000, 0x0000000080c00000|100%| O|  |TAMS 0x0000000080c00000, 0x0000000080b00000| Untracked 
|  12|0x0000000080c00000, 0x0000000080d00000, 0x0000000080d00000|100%| O|  |TAMS 0x0000000080d00000, 0x0000000080c00000| Untracked 
|  13|0x0000000080d00000, 0x0000000080e00000, 0x0000000080e00000|100%| O|  |TAMS 0x0000000080e00000, 0x0000000080d00000| Untracked 
|  14|0x0000000080e00000, 0x0000000080f00000, 0x0000000080f00000|100%| O|  |TAMS 0x0000000080f00000, 0x0000000080e00000| Untracked 
|  15|0x0000000080f00000, 0x0000000081000000, 0x0000000081000000|100%| O|  |TAMS 0x0000000081000000, 0x0000000080f00000| Untracked 
|  16|0x0000000081000000, 0x0000000081100000, 0x0000000081100000|100%| O|  |TAMS 0x0000000081100000, 0x0000000081000000| Untracked 
|  17|0x0000000081100000, 0x0000000081200000, 0x0000000081200000|100%| O|  |TAMS 0x0000000081200000, 0x0000000081100000| Untracked 
|  18|0x0000000081200000, 0x0000000081300000, 0x0000000081300000|100%| O|  |TAMS 0x0000000081300000, 0x0000000081200000| Untracked 
|  19|0x0000000081300000, 0x0000000081400000, 0x0000000081400000|100%| O|  |TAMS 0x0000000081400000, 0x0000000081300000| Untracked 
|  20|0x0000000081400000, 0x0000000081500000, 0x0000000081500000|100%| O|  |TAMS 0x0000000081500000, 0x0000000081400000| Untracked 
|  21|0x0000000081500000, 0x0000000081600000, 0x0000000081600000|100%| O|  |TAMS 0x0000000081600000, 0x0000000081500000| Untracked 
|  22|0x0000000081600000, 0x0000000081600000, 0x0000000081700000|  0%| F|  |TAMS 0x0000000081600000, 0x0000000081600000| Untracked 
|  23|0x0000000081700000, 0x0000000081800000, 0x0000000081800000|100%| O|  |TAMS 0x0000000081800000, 0x0000000081700000| Untracked 
|  24|0x0000000081800000, 0x0000000081900000, 0x0000000081900000|100%| O|  |TAMS 0x0000000081900000, 0x0000000081800000| Untracked 
|  25|0x0000000081900000, 0x0000000081a00000, 0x0000000081a00000|100%|HS|  |TAMS 0x0000000081a00000, 0x0000000081900000| Complete 
|  26|0x0000000081a00000, 0x0000000081b00000, 0x0000000081b00000|100%| O|  |TAMS 0x0000000081b00000, 0x0000000081a00000| Untracked 
|  27|0x0000000081b00000, 0x0000000081c00000, 0x0000000081c00000|100%| O|  |TAMS 0x0000000081c00000, 0x0000000081b00000| Untracked 
|  28|0x0000000081c00000, 0x0000000081d00000, 0x0000000081d00000|100%| O|  |TAMS 0x0000000081d00000, 0x0000000081c00000| Untracked 
|  29|0x0000000081d00000, 0x0000000081e00000, 0x0000000081e00000|100%| O|  |TAMS 0x0000000081e00000, 0x0000000081d00000| Untracked 
|  30|0x0000000081e00000, 0x0000000081f00000, 0x0000000081f00000|100%|HS|  |TAMS 0x0000000081f00000, 0x0000000081e00000| Complete 
|  31|0x0000000081f00000, 0x0000000082000000, 0x0000000082000000|100%|HS|  |TAMS 0x0000000082000000, 0x0000000081f00000| Complete 
|  32|0x0000000082000000, 0x0000000082100000, 0x0000000082100000|100%| O|  |TAMS 0x0000000082100000, 0x0000000082000000| Untracked 
|  33|0x0000000082100000, 0x0000000082200000, 0x0000000082200000|100%| O|  |TAMS 0x0000000082200000, 0x0000000082100000| Untracked 
|  34|0x0000000082200000, 0x0000000082300000, 0x0000000082300000|100%| O|  |TAMS 0x0000000082300000, 0x0000000082200000| Untracked 
|  35|0x0000000082300000, 0x0000000082400000, 0x0000000082400000|100%| O|  |TAMS 0x0000000082400000, 0x0000000082300000| Untracked 
|  36|0x0000000082400000, 0x0000000082500000, 0x0000000082500000|100%| O|  |TAMS 0x0000000082500000, 0x0000000082400000| Untracked 
|  37|0x0000000082500000, 0x0000000082500000, 0x0000000082600000|  0%| F|  |TAMS 0x0000000082500000, 0x0000000082500000| Untracked 
|  38|0x0000000082600000, 0x0000000082700000, 0x0000000082700000|100%| O|  |TAMS 0x0000000082700000, 0x0000000082600000| Untracked 
|  39|0x0000000082700000, 0x0000000082800000, 0x0000000082800000|100%| O|  |TAMS 0x0000000082800000, 0x0000000082700000| Untracked 
|  40|0x0000000082800000, 0x0000000082900000, 0x0000000082900000|100%| O|  |TAMS 0x0000000082900000, 0x0000000082800000| Untracked 
|  41|0x0000000082900000, 0x0000000082a00000, 0x0000000082a00000|100%| O|  |TAMS 0x0000000082a00000, 0x0000000082900000| Untracked 
|  42|0x0000000082a00000, 0x0000000082b00000, 0x0000000082b00000|100%| O|  |TAMS 0x0000000082b00000, 0x0000000082a00000| Untracked 
|  43|0x0000000082b00000, 0x0000000082c00000, 0x0000000082c00000|100%| O|  |TAMS 0x0000000082c00000, 0x0000000082b00000| Untracked 
|  44|0x0000000082c00000, 0x0000000082d00000, 0x0000000082d00000|100%| O|  |TAMS 0x0000000082d00000, 0x0000000082c00000| Untracked 
|  45|0x0000000082d00000, 0x0000000082e00000, 0x0000000082e00000|100%| O|  |TAMS 0x0000000082e00000, 0x0000000082d00000| Untracked 
|  46|0x0000000082e00000, 0x0000000082f00000, 0x0000000082f00000|100%| O|  |TAMS 0x0000000082f00000, 0x0000000082e00000| Untracked 
|  47|0x0000000082f00000, 0x0000000083000000, 0x0000000083000000|100%| O|  |TAMS 0x0000000083000000, 0x0000000082f00000| Untracked 
|  48|0x0000000083000000, 0x0000000083100000, 0x0000000083100000|100%| O|  |TAMS 0x0000000083100000, 0x0000000083000000| Untracked 
|  49|0x0000000083100000, 0x0000000083200000, 0x0000000083200000|100%| O|  |TAMS 0x0000000083200000, 0x0000000083100000| Untracked 
|  50|0x0000000083200000, 0x0000000083300000, 0x0000000083300000|100%| O|  |TAMS 0x0000000083300000, 0x0000000083200000| Untracked 
|  51|0x0000000083300000, 0x0000000083400000, 0x0000000083400000|100%| O|  |TAMS 0x0000000083400000, 0x0000000083300000| Untracked 
|  52|0x0000000083400000, 0x0000000083500000, 0x0000000083500000|100%| O|  |TAMS 0x0000000083500000, 0x0000000083400000| Untracked 
|  53|0x0000000083500000, 0x0000000083600000, 0x0000000083600000|100%| O|  |TAMS 0x0000000083600000, 0x0000000083500000| Untracked 
|  54|0x0000000083600000, 0x0000000083700000, 0x0000000083700000|100%| O|  |TAMS 0x0000000083700000, 0x0000000083600000| Untracked 
|  55|0x0000000083700000, 0x0000000083800000, 0x0000000083800000|100%| O|  |TAMS 0x0000000083800000, 0x0000000083700000| Untracked 
|  56|0x0000000083800000, 0x0000000083800000, 0x0000000083900000|  0%| F|  |TAMS 0x0000000083800000, 0x0000000083800000| Untracked 
|  57|0x0000000083900000, 0x0000000083900000, 0x0000000083a00000|  0%| F|  |TAMS 0x0000000083900000, 0x0000000083900000| Untracked 
|  58|0x0000000083a00000, 0x0000000083b00000, 0x0000000083b00000|100%| O|  |TAMS 0x0000000083b00000, 0x0000000083a00000| Untracked 
|  59|0x0000000083b00000, 0x0000000083c00000, 0x0000000083c00000|100%| O|  |TAMS 0x0000000083c00000, 0x0000000083b00000| Untracked 
|  60|0x0000000083c00000, 0x0000000083d00000, 0x0000000083d00000|100%| O|  |TAMS 0x0000000083d00000, 0x0000000083c00000| Untracked 
|  61|0x0000000083d00000, 0x0000000083e00000, 0x0000000083e00000|100%| O|  |TAMS 0x0000000083e00000, 0x0000000083d00000| Untracked 
|  62|0x0000000083e00000, 0x0000000083f00000, 0x0000000083f00000|100%| O|  |TAMS 0x0000000083f00000, 0x0000000083e00000| Untracked 
|  63|0x0000000083f00000, 0x0000000084000000, 0x0000000084000000|100%| O|  |TAMS 0x0000000084000000, 0x0000000083f00000| Untracked 
|  64|0x0000000084000000, 0x0000000084100000, 0x0000000084100000|100%| O|  |TAMS 0x0000000084100000, 0x0000000084000000| Untracked 
|  65|0x0000000084100000, 0x0000000084200000, 0x0000000084200000|100%| O|  |TAMS 0x0000000084200000, 0x0000000084100000| Untracked 
|  66|0x0000000084200000, 0x0000000084300000, 0x0000000084300000|100%| O|  |TAMS 0x0000000084300000, 0x0000000084200000| Untracked 
|  67|0x0000000084300000, 0x0000000084400000, 0x0000000084400000|100%| O|  |TAMS 0x0000000084400000, 0x0000000084300000| Untracked 
|  68|0x0000000084400000, 0x0000000084500000, 0x0000000084500000|100%| O|  |TAMS 0x0000000084500000, 0x0000000084400000| Untracked 
|  69|0x0000000084500000, 0x0000000084600000, 0x0000000084600000|100%| O|  |TAMS 0x0000000084500000, 0x0000000084500000| Untracked 
|  70|0x0000000084600000, 0x0000000084700000, 0x0000000084700000|100%| O|  |TAMS 0x0000000084700000, 0x0000000084600000| Untracked 
|  71|0x0000000084700000, 0x0000000084800000, 0x0000000084800000|100%| O|  |TAMS 0x0000000084800000, 0x0000000084700000| Untracked 
|  72|0x0000000084800000, 0x0000000084800000, 0x0000000084900000|  0%| F|  |TAMS 0x0000000084800000, 0x0000000084800000| Untracked 
|  73|0x0000000084900000, 0x0000000084a00000, 0x0000000084a00000|100%| O|  |TAMS 0x0000000084a00000, 0x0000000084900000| Untracked 
|  74|0x0000000084a00000, 0x0000000084b00000, 0x0000000084b00000|100%| O|  |TAMS 0x0000000084b00000, 0x0000000084a00000| Untracked 
|  75|0x0000000084b00000, 0x0000000084c00000, 0x0000000084c00000|100%| O|  |TAMS 0x0000000084c00000, 0x0000000084b00000| Untracked 
|  76|0x0000000084c00000, 0x0000000084d00000, 0x0000000084d00000|100%| O|  |TAMS 0x0000000084d00000, 0x0000000084c00000| Untracked 
|  77|0x0000000084d00000, 0x0000000084e00000, 0x0000000084e00000|100%| O|  |TAMS 0x0000000084e00000, 0x0000000084d00000| Untracked 
|  78|0x0000000084e00000, 0x0000000084f00000, 0x0000000084f00000|100%| O|  |TAMS 0x0000000084f00000, 0x0000000084e00000| Untracked 
|  79|0x0000000084f00000, 0x0000000085000000, 0x0000000085000000|100%| O|  |TAMS 0x0000000085000000, 0x0000000084f00000| Untracked 
|  80|0x0000000085000000, 0x0000000085100000, 0x0000000085100000|100%| O|  |TAMS 0x0000000085100000, 0x0000000085000000| Untracked 
|  81|0x0000000085100000, 0x0000000085200000, 0x0000000085200000|100%| O|  |TAMS 0x0000000085200000, 0x0000000085100000| Untracked 
|  82|0x0000000085200000, 0x0000000085300000, 0x0000000085300000|100%| O|  |TAMS 0x0000000085300000, 0x0000000085200000| Untracked 
|  83|0x0000000085300000, 0x0000000085400000, 0x0000000085400000|100%| O|  |TAMS 0x0000000085400000, 0x0000000085300000| Untracked 
|  84|0x0000000085400000, 0x0000000085500000, 0x0000000085500000|100%| O|  |TAMS 0x0000000085500000, 0x0000000085400000| Untracked 
|  85|0x0000000085500000, 0x0000000085600000, 0x0000000085600000|100%| O|  |TAMS 0x0000000085600000, 0x0000000085500000| Untracked 
|  86|0x0000000085600000, 0x0000000085700000, 0x0000000085700000|100%| O|  |TAMS 0x0000000085700000, 0x0000000085600000| Untracked 
|  87|0x0000000085700000, 0x0000000085800000, 0x0000000085800000|100%| O|  |TAMS 0x0000000085800000, 0x0000000085700000| Untracked 
|  88|0x0000000085800000, 0x0000000085900000, 0x0000000085900000|100%| O|  |TAMS 0x0000000085900000, 0x0000000085800000| Untracked 
|  89|0x0000000085900000, 0x0000000085a00000, 0x0000000085a00000|100%| O|  |TAMS 0x0000000085968e00, 0x0000000085900000| Untracked 
|  90|0x0000000085a00000, 0x0000000085b00000, 0x0000000085b00000|100%| O|  |TAMS 0x0000000085a00000, 0x0000000085a00000| Untracked 
|  91|0x0000000085b00000, 0x0000000085c00000, 0x0000000085c00000|100%| O|  |TAMS 0x0000000085c00000, 0x0000000085b00000| Untracked 
|  92|0x0000000085c00000, 0x0000000085d00000, 0x0000000085d00000|100%| O|  |TAMS 0x0000000085d00000, 0x0000000085c00000| Untracked 
|  93|0x0000000085d00000, 0x0000000085e00000, 0x0000000085e00000|100%| O|  |TAMS 0x0000000085e00000, 0x0000000085d00000| Untracked 
|  94|0x0000000085e00000, 0x0000000085f00000, 0x0000000085f00000|100%| O|  |TAMS 0x0000000085f00000, 0x0000000085e00000| Untracked 
|  95|0x0000000085f00000, 0x0000000086000000, 0x0000000086000000|100%| O|  |TAMS 0x0000000085f00000, 0x0000000085f00000| Untracked 
|  96|0x0000000086000000, 0x0000000086100000, 0x0000000086100000|100%| O|  |TAMS 0x0000000086000000, 0x0000000086000000| Untracked 
|  97|0x0000000086100000, 0x0000000086200000, 0x0000000086200000|100%| O|  |TAMS 0x0000000086100000, 0x0000000086100000| Untracked 
|  98|0x0000000086200000, 0x0000000086300000, 0x0000000086300000|100%| O|  |TAMS 0x0000000086200000, 0x0000000086200000| Untracked 
|  99|0x0000000086300000, 0x0000000086400000, 0x0000000086400000|100%| O|  |TAMS 0x0000000086300000, 0x0000000086300000| Untracked 
| 100|0x0000000086400000, 0x0000000086500000, 0x0000000086500000|100%| O|  |TAMS 0x0000000086400000, 0x0000000086400000| Untracked 
| 101|0x0000000086500000, 0x00000000865e8200, 0x0000000086600000| 90%| O|  |TAMS 0x0000000086500000, 0x0000000086500000| Untracked 
| 102|0x0000000086600000, 0x0000000086600000, 0x0000000086700000|  0%| F|  |TAMS 0x0000000086600000, 0x0000000086600000| Untracked 
| 103|0x0000000086700000, 0x0000000086700000, 0x0000000086800000|  0%| F|  |TAMS 0x0000000086700000, 0x0000000086700000| Untracked 
| 104|0x0000000086800000, 0x0000000086800000, 0x0000000086900000|  0%| F|  |TAMS 0x0000000086800000, 0x0000000086800000| Untracked 
| 105|0x0000000086900000, 0x0000000086900000, 0x0000000086a00000|  0%| F|  |TAMS 0x0000000086900000, 0x0000000086900000| Untracked 
| 106|0x0000000086a00000, 0x0000000086a00000, 0x0000000086b00000|  0%| F|  |TAMS 0x0000000086a00000, 0x0000000086a00000| Untracked 
| 107|0x0000000086b00000, 0x0000000086b00000, 0x0000000086c00000|  0%| F|  |TAMS 0x0000000086b00000, 0x0000000086b00000| Untracked 
| 108|0x0000000086c00000, 0x0000000086c00000, 0x0000000086d00000|  0%| F|  |TAMS 0x0000000086c00000, 0x0000000086c00000| Untracked 
| 109|0x0000000086d00000, 0x0000000086d00000, 0x0000000086e00000|  0%| F|  |TAMS 0x0000000086d00000, 0x0000000086d00000| Untracked 
| 110|0x0000000086e00000, 0x0000000086e00000, 0x0000000086f00000|  0%| F|  |TAMS 0x0000000086e00000, 0x0000000086e00000| Untracked 
| 111|0x0000000086f00000, 0x0000000086f00000, 0x0000000087000000|  0%| F|  |TAMS 0x0000000086f00000, 0x0000000086f00000| Untracked 
| 112|0x0000000087000000, 0x0000000087000000, 0x0000000087100000|  0%| F|  |TAMS 0x0000000087000000, 0x0000000087000000| Untracked 
| 113|0x0000000087100000, 0x0000000087100000, 0x0000000087200000|  0%| F|  |TAMS 0x0000000087100000, 0x0000000087100000| Untracked 
| 114|0x0000000087200000, 0x0000000087200000, 0x0000000087300000|  0%| F|  |TAMS 0x0000000087200000, 0x0000000087200000| Untracked 
| 115|0x0000000087300000, 0x0000000087300000, 0x0000000087400000|  0%| F|  |TAMS 0x0000000087300000, 0x0000000087300000| Untracked 
| 116|0x0000000087400000, 0x0000000087400000, 0x0000000087500000|  0%| F|  |TAMS 0x0000000087400000, 0x0000000087400000| Untracked 
| 117|0x0000000087500000, 0x0000000087500000, 0x0000000087600000|  0%| F|  |TAMS 0x0000000087500000, 0x0000000087500000| Untracked 
| 118|0x0000000087600000, 0x0000000087600000, 0x0000000087700000|  0%| F|  |TAMS 0x0000000087600000, 0x0000000087600000| Untracked 
| 119|0x0000000087700000, 0x0000000087700000, 0x0000000087800000|  0%| F|  |TAMS 0x0000000087700000, 0x0000000087700000| Untracked 
| 120|0x0000000087800000, 0x0000000087800000, 0x0000000087900000|  0%| F|  |TAMS 0x0000000087800000, 0x0000000087800000| Untracked 
| 121|0x0000000087900000, 0x0000000087900000, 0x0000000087a00000|  0%| F|  |TAMS 0x0000000087900000, 0x0000000087900000| Untracked 
| 122|0x0000000087a00000, 0x0000000087a00000, 0x0000000087b00000|  0%| F|  |TAMS 0x0000000087a00000, 0x0000000087a00000| Untracked 
| 123|0x0000000087b00000, 0x0000000087b00000, 0x0000000087c00000|  0%| F|  |TAMS 0x0000000087b00000, 0x0000000087b00000| Untracked 
| 124|0x0000000087c00000, 0x0000000087c00000, 0x0000000087d00000|  0%| F|  |TAMS 0x0000000087c00000, 0x0000000087c00000| Untracked 
| 125|0x0000000087d00000, 0x0000000087d00000, 0x0000000087e00000|  0%| F|  |TAMS 0x0000000087d00000, 0x0000000087d00000| Untracked 
| 126|0x0000000087e00000, 0x0000000087e00000, 0x0000000087f00000|  0%| F|  |TAMS 0x0000000087e00000, 0x0000000087e00000| Untracked 
| 127|0x0000000087f00000, 0x0000000087f00000, 0x0000000088000000|  0%| F|  |TAMS 0x0000000087f00000, 0x0000000087f00000| Untracked 
| 128|0x0000000088000000, 0x0000000088000000, 0x0000000088100000|  0%| F|  |TAMS 0x0000000088000000, 0x0000000088000000| Untracked 
| 129|0x0000000088100000, 0x0000000088100000, 0x0000000088200000|  0%| F|  |TAMS 0x0000000088100000, 0x0000000088100000| Untracked 
| 130|0x0000000088200000, 0x0000000088200000, 0x0000000088300000|  0%| F|  |TAMS 0x0000000088200000, 0x0000000088200000| Untracked 
| 131|0x0000000088300000, 0x0000000088300000, 0x0000000088400000|  0%| F|  |TAMS 0x0000000088300000, 0x0000000088300000| Untracked 
| 132|0x0000000088400000, 0x0000000088400000, 0x0000000088500000|  0%| F|  |TAMS 0x0000000088400000, 0x0000000088400000| Untracked 
| 133|0x0000000088500000, 0x0000000088500000, 0x0000000088600000|  0%| F|  |TAMS 0x0000000088500000, 0x0000000088500000| Untracked 
| 134|0x0000000088600000, 0x0000000088600000, 0x0000000088700000|  0%| F|  |TAMS 0x0000000088600000, 0x0000000088600000| Untracked 
| 135|0x0000000088700000, 0x0000000088700000, 0x0000000088800000|  0%| F|  |TAMS 0x0000000088700000, 0x0000000088700000| Untracked 
| 136|0x0000000088800000, 0x0000000088800000, 0x0000000088900000|  0%| F|  |TAMS 0x0000000088800000, 0x0000000088800000| Untracked 
| 137|0x0000000088900000, 0x0000000088900000, 0x0000000088a00000|  0%| F|  |TAMS 0x0000000088900000, 0x0000000088900000| Untracked 
| 138|0x0000000088a00000, 0x0000000088a00000, 0x0000000088b00000|  0%| F|  |TAMS 0x0000000088a00000, 0x0000000088a00000| Untracked 
| 139|0x0000000088b00000, 0x0000000088b00000, 0x0000000088c00000|  0%| F|  |TAMS 0x0000000088b00000, 0x0000000088b00000| Untracked 
| 140|0x0000000088c00000, 0x0000000088c00000, 0x0000000088d00000|  0%| F|  |TAMS 0x0000000088c00000, 0x0000000088c00000| Untracked 
| 141|0x0000000088d00000, 0x0000000088d00000, 0x0000000088e00000|  0%| F|  |TAMS 0x0000000088d00000, 0x0000000088d00000| Untracked 
| 142|0x0000000088e00000, 0x0000000088e00000, 0x0000000088f00000|  0%| F|  |TAMS 0x0000000088e00000, 0x0000000088e00000| Untracked 
| 143|0x0000000088f00000, 0x0000000088f00000, 0x0000000089000000|  0%| F|  |TAMS 0x0000000088f00000, 0x0000000088f00000| Untracked 
| 144|0x0000000089000000, 0x0000000089000000, 0x0000000089100000|  0%| F|  |TAMS 0x0000000089000000, 0x0000000089000000| Untracked 
| 145|0x0000000089100000, 0x0000000089100000, 0x0000000089200000|  0%| F|  |TAMS 0x0000000089100000, 0x0000000089100000| Untracked 
| 146|0x0000000089200000, 0x0000000089200000, 0x0000000089300000|  0%| F|  |TAMS 0x0000000089200000, 0x0000000089200000| Untracked 
| 147|0x0000000089300000, 0x0000000089300000, 0x0000000089400000|  0%| F|  |TAMS 0x0000000089300000, 0x0000000089300000| Untracked 
| 148|0x0000000089400000, 0x0000000089400000, 0x0000000089500000|  0%| F|  |TAMS 0x0000000089400000, 0x0000000089400000| Untracked 
| 149|0x0000000089500000, 0x0000000089500000, 0x0000000089600000|  0%| F|  |TAMS 0x0000000089500000, 0x0000000089500000| Untracked 
| 150|0x0000000089600000, 0x0000000089600000, 0x0000000089700000|  0%| F|  |TAMS 0x0000000089600000, 0x0000000089600000| Untracked 
| 151|0x0000000089700000, 0x0000000089700000, 0x0000000089800000|  0%| F|  |TAMS 0x0000000089700000, 0x0000000089700000| Untracked 
| 152|0x0000000089800000, 0x0000000089800000, 0x0000000089900000|  0%| F|  |TAMS 0x0000000089800000, 0x0000000089800000| Untracked 
| 153|0x0000000089900000, 0x0000000089900000, 0x0000000089a00000|  0%| F|  |TAMS 0x0000000089900000, 0x0000000089900000| Untracked 
| 154|0x0000000089a00000, 0x0000000089a00000, 0x0000000089b00000|  0%| F|  |TAMS 0x0000000089a00000, 0x0000000089a00000| Untracked 
| 155|0x0000000089b00000, 0x0000000089b00000, 0x0000000089c00000|  0%| F|  |TAMS 0x0000000089b00000, 0x0000000089b00000| Untracked 
| 156|0x0000000089c00000, 0x0000000089c00000, 0x0000000089d00000|  0%| F|  |TAMS 0x0000000089c00000, 0x0000000089c00000| Untracked 
| 157|0x0000000089d00000, 0x0000000089d00000, 0x0000000089e00000|  0%| F|  |TAMS 0x0000000089d00000, 0x0000000089d00000| Untracked 
| 158|0x0000000089e00000, 0x0000000089e00000, 0x0000000089f00000|  0%| F|  |TAMS 0x0000000089e00000, 0x0000000089e00000| Untracked 
| 159|0x0000000089f00000, 0x0000000089f00000, 0x000000008a000000|  0%| F|  |TAMS 0x0000000089f00000, 0x0000000089f00000| Untracked 
| 160|0x000000008a000000, 0x000000008a000000, 0x000000008a100000|  0%| F|  |TAMS 0x000000008a000000, 0x000000008a000000| Untracked 
| 161|0x000000008a100000, 0x000000008a100000, 0x000000008a200000|  0%| F|  |TAMS 0x000000008a100000, 0x000000008a100000| Untracked 
| 162|0x000000008a200000, 0x000000008a200000, 0x000000008a300000|  0%| F|  |TAMS 0x000000008a200000, 0x000000008a200000| Untracked 
| 163|0x000000008a300000, 0x000000008a300000, 0x000000008a400000|  0%| F|  |TAMS 0x000000008a300000, 0x000000008a300000| Untracked 
| 164|0x000000008a400000, 0x000000008a400000, 0x000000008a500000|  0%| F|  |TAMS 0x000000008a400000, 0x000000008a400000| Untracked 
| 165|0x000000008a500000, 0x000000008a500000, 0x000000008a600000|  0%| F|  |TAMS 0x000000008a500000, 0x000000008a500000| Untracked 
| 166|0x000000008a600000, 0x000000008a600000, 0x000000008a700000|  0%| F|  |TAMS 0x000000008a600000, 0x000000008a600000| Untracked 
| 167|0x000000008a700000, 0x000000008a700000, 0x000000008a800000|  0%| F|  |TAMS 0x000000008a700000, 0x000000008a700000| Untracked 
| 168|0x000000008a800000, 0x000000008a800000, 0x000000008a900000|  0%| F|  |TAMS 0x000000008a800000, 0x000000008a800000| Untracked 
| 169|0x000000008a900000, 0x000000008a900000, 0x000000008aa00000|  0%| F|  |TAMS 0x000000008a900000, 0x000000008a900000| Untracked 
| 170|0x000000008aa00000, 0x000000008aa00000, 0x000000008ab00000|  0%| F|  |TAMS 0x000000008aa00000, 0x000000008aa00000| Untracked 
| 171|0x000000008ab00000, 0x000000008ab00000, 0x000000008ac00000|  0%| F|  |TAMS 0x000000008ab00000, 0x000000008ab00000| Untracked 
| 172|0x000000008ac00000, 0x000000008acbcb28, 0x000000008ad00000| 73%| S|CS|TAMS 0x000000008ac00000, 0x000000008ac00000| Complete 
| 173|0x000000008ad00000, 0x000000008ad82740, 0x000000008ae00000| 50%| E|  |TAMS 0x000000008ad00000, 0x000000008ad00000| Complete 
| 174|0x000000008ae00000, 0x000000008af00000, 0x000000008af00000|100%| E|CS|TAMS 0x000000008ae00000, 0x000000008ae00000| Complete 
| 175|0x000000008af00000, 0x000000008b000000, 0x000000008b000000|100%| E|CS|TAMS 0x000000008af00000, 0x000000008af00000| Complete 
| 191|0x000000008bf00000, 0x000000008c000000, 0x000000008c000000|100%| E|CS|TAMS 0x000000008bf00000, 0x000000008bf00000| Complete 

Card table byte_map: [0x000001f4372e0000,0x000001f4376e0000] _byte_map_base: 0x000001f436ee0000

Marking Bits (Prev, Next): (CMBitMap*) 0x000001f422819990, (CMBitMap*) 0x000001f4228199d0
 Prev Bits: [0x000001f437ae0000, 0x000001f439ae0000)
 Next Bits: [0x000001f439ae0000, 0x000001f43bae0000)

Polling page: 0x000001f422880000

Metaspace:

Usage:
  Non-class:     91.76 MB used.
      Class:     14.66 MB used.
       Both:    106.43 MB used.

Virtual space:
  Non-class space:       96.00 MB reserved,      92.13 MB ( 96%) committed,  12 nodes.
      Class space:        1.00 GB reserved,      15.00 MB (  1%) committed,  1 nodes.
             Both:        1.09 GB reserved,     107.13 MB ( 10%) committed. 

Chunk freelists:
   Non-Class:  3.20 MB
       Class:  880.00 KB
        Both:  4.06 MB

MaxMetaspaceSize: unlimited
CompressedClassSpaceSize: 1.00 GB
Initial GC threshold: 21.00 MB
Current GC threshold: 170.88 MB
CDS: off
MetaspaceReclaimPolicy: balanced
 - commit_granule_bytes: 65536.
 - commit_granule_words: 8192.
 - virtual_space_node_default_size: 1048576.
 - enlarge_chunks_in_place: 1.
 - new_chunks_are_fully_committed: 0.
 - uncommit_free_chunks: 1.
 - use_allocation_guard: 0.
 - handle_deallocations: 1.


Internal statistics:

num_allocs_failed_limit: 9.
num_arena_births: 1082.
num_arena_deaths: 14.
num_vsnodes_births: 13.
num_vsnodes_deaths: 0.
num_space_committed: 1714.
num_space_uncommitted: 0.
num_chunks_returned_to_freelist: 28.
num_chunks_taken_from_freelist: 5125.
num_chunk_merges: 18.
num_chunk_splits: 3479.
num_chunks_enlarged: 2430.
num_purges: 2.
num_inconsistent_stats: 0.

CodeHeap 'non-profiled nmethods': size=120000Kb used=7584Kb max_used=7584Kb free=112415Kb
 bounds [0x000001f42ef40000, 0x000001f42f6b0000, 0x000001f436470000]
CodeHeap 'profiled nmethods': size=120000Kb used=22351Kb max_used=22351Kb free=97648Kb
 bounds [0x000001f427470000, 0x000001f428a50000, 0x000001f42e9a0000]
CodeHeap 'non-nmethods': size=5760Kb used=2414Kb max_used=2473Kb free=3345Kb
 bounds [0x000001f42e9a0000, 0x000001f42ec20000, 0x000001f42ef40000]
 total_blobs=12341 nmethods=11422 adapters=829
 compilation: enabled
              stopped_count=0, restarted_count=0
 full_count=0

Compilation events (20 events):
Event: 48.339 Thread 0x000001f43f0b0e00 13042       3       org.gradle.util.internal.NameValidator::validate (172 bytes)
Event: 48.342 Thread 0x000001f43f0b0e00 nmethod 13042 0x000001f428a38910 code [0x000001f428a38e80, 0x000001f428a3b268]
Event: 48.344 Thread 0x000001f4465b9860 nmethod 12960 0x000001f42f6a4290 code [0x000001f42f6a45c0, 0x000001f42f6a6bc8]
Event: 48.346 Thread 0x000001f4465b9860 13028       4       org.gradle.internal.instantiation.generator.AbstractClassGenerator::inspectType (560 bytes)
Event: 48.349 Thread 0x000001f43f0b0e00 13044       3       com.android.build.api.component.impl.ComponentImpl::getName (10 bytes)
Event: 48.349 Thread 0x000001f43f0b0e00 nmethod 13044 0x000001f428a3bf90 code [0x000001f428a3c140, 0x000001f428a3c308]
Event: 48.350 Thread 0x000001f43f0b0e00 13045       1       com.android.build.gradle.internal.services.ProjectServices::getProviderFactory (5 bytes)
Event: 48.350 Thread 0x000001f43f0b0e00 nmethod 13045 0x000001f42f6a8010 code [0x000001f42f6a81a0, 0x000001f42f6a8278]
Event: 48.352 Thread 0x000001f43f0b0e00 13046   !   3       org.gradle.api.internal.DefaultMutationGuard$1::execute (67 bytes)
Event: 48.353 Thread 0x000001f43f0b0e00 nmethod 13046 0x000001f428a3c410 code [0x000001f428a3c6a0, 0x000001f428a3d368]
Event: 48.353 Thread 0x000001f43f0b0e00 13047       3       org.gradle.api.internal.DefaultMutationGuard::access$200 (6 bytes)
Event: 48.354 Thread 0x000001f43f0b0e00 nmethod 13047 0x000001f428a3d810 code [0x000001f428a3d9e0, 0x000001f428a3de18]
Event: 48.354 Thread 0x000001f43f0b0e00 13048       3       org.gradle.api.internal.DefaultMutationGuard::setMutationGuardState (24 bytes)
Event: 48.354 Thread 0x000001f43f0b0e00 nmethod 13048 0x000001f428a3df90 code [0x000001f428a3e160, 0x000001f428a3e558]
Event: 48.355 Thread 0x000001f43f0b0e00 13049       3       jdk.proxy1.$Proxy66::<init> (6 bytes)
Event: 48.356 Thread 0x000001f43f0b0e00 nmethod 13049 0x000001f428a3e690 code [0x000001f428a3e860, 0x000001f428a3ebe8]
Event: 48.361 Thread 0x000001f43f0b0e00 13050       3       org.gradle.api.internal.provider.AbstractCollectionProperty$CollectingSupplier::<init> (15 bytes)
Event: 48.362 Thread 0x000001f43f0b0e00 nmethod 13050 0x000001f428a3ed90 code [0x000001f428a3ef40, 0x000001f428a3f158]
Event: 48.362 Thread 0x000001f43f0b0e00 13051       3       org.gradle.api.services.internal.RegisteredBuildServiceProvider::getType (8 bytes)
Event: 48.362 Thread 0x000001f43f0b0e00 nmethod 13051 0x000001f428a3f210 code [0x000001f428a3f3a0, 0x000001f428a3f4d8]

GC Heap History (20 events):
Event: 15.853 GC heap before
{Heap before GC invocations=33 (full 0):
 garbage-first heap   total 138240K, used 81541K [0x0000000080000000, 0x0000000100000000)
  region size 1024K, 6 young (6144K), 4 survivors (4096K)
 Metaspace       used 90702K, committed 91328K, reserved 1130496K
  class space    used 12445K, committed 12736K, reserved 1048576K
}
Event: 15.862 GC heap after
{Heap after GC invocations=34 (full 0):
 garbage-first heap   total 165888K, used 79510K [0x0000000080000000, 0x0000000100000000)
  region size 1024K, 1 young (1024K), 1 survivors (1024K)
 Metaspace       used 90702K, committed 91328K, reserved 1130496K
  class space    used 12445K, committed 12736K, reserved 1048576K
}
Event: 17.691 GC heap before
{Heap before GC invocations=34 (full 0):
 garbage-first heap   total 165888K, used 133782K [0x0000000080000000, 0x0000000100000000)
  region size 1024K, 55 young (56320K), 1 survivors (1024K)
 Metaspace       used 91362K, committed 91968K, reserved 1130496K
  class space    used 12496K, committed 12800K, reserved 1048576K
}
Event: 17.698 GC heap after
{Heap after GC invocations=35 (full 0):
 garbage-first heap   total 165888K, used 83058K [0x0000000080000000, 0x0000000100000000)
  region size 1024K, 5 young (5120K), 5 survivors (5120K)
 Metaspace       used 91362K, committed 91968K, reserved 1130496K
  class space    used 12496K, committed 12800K, reserved 1048576K
}
Event: 19.903 GC heap before
{Heap before GC invocations=36 (full 0):
 garbage-first heap   total 165888K, used 133234K [0x0000000080000000, 0x0000000100000000)
  region size 1024K, 55 young (56320K), 5 survivors (5120K)
 Metaspace       used 92206K, committed 92800K, reserved 1130496K
  class space    used 12601K, committed 12864K, reserved 1048576K
}
Event: 19.911 GC heap after
{Heap after GC invocations=37 (full 0):
 garbage-first heap   total 165888K, used 85862K [0x0000000080000000, 0x0000000100000000)
  region size 1024K, 3 young (3072K), 3 survivors (3072K)
 Metaspace       used 92206K, committed 92800K, reserved 1130496K
  class space    used 12601K, committed 12864K, reserved 1048576K
}
Event: 45.162 GC heap before
{Heap before GC invocations=37 (full 0):
 garbage-first heap   total 165888K, used 90982K [0x0000000080000000, 0x0000000100000000)
  region size 1024K, 8 young (8192K), 3 survivors (3072K)
 Metaspace       used 92502K, committed 93120K, reserved 1130496K
  class space    used 12651K, committed 12928K, reserved 1048576K
}
Event: 45.169 GC heap after
{Heap after GC invocations=38 (full 0):
 garbage-first heap   total 165888K, used 86149K [0x0000000080000000, 0x0000000100000000)
  region size 1024K, 1 young (1024K), 1 survivors (1024K)
 Metaspace       used 92502K, committed 93120K, reserved 1130496K
  class space    used 12651K, committed 12928K, reserved 1048576K
}
Event: 46.187 GC heap before
{Heap before GC invocations=38 (full 0):
 garbage-first heap   total 165888K, used 136325K [0x0000000080000000, 0x0000000100000000)
  region size 1024K, 50 young (51200K), 1 survivors (1024K)
 Metaspace       used 96940K, committed 97600K, reserved 1138688K
  class space    used 13180K, committed 13504K, reserved 1048576K
}
Event: 46.192 GC heap after
{Heap after GC invocations=39 (full 0):
 garbage-first heap   total 165888K, used 89850K [0x0000000080000000, 0x0000000100000000)
  region size 1024K, 5 young (5120K), 5 survivors (5120K)
 Metaspace       used 96940K, committed 97600K, reserved 1138688K
  class space    used 13180K, committed 13504K, reserved 1048576K
}
Event: 46.906 GC heap before
{Heap before GC invocations=40 (full 0):
 garbage-first heap   total 165888K, used 144122K [0x0000000080000000, 0x0000000100000000)
  region size 1024K, 51 young (52224K), 5 survivors (5120K)
 Metaspace       used 100696K, committed 101440K, reserved 1138688K
  class space    used 13670K, committed 14016K, reserved 1048576K
}
Event: 46.913 GC heap after
{Heap after GC invocations=41 (full 0):
 garbage-first heap   total 165888K, used 94921K [0x0000000080000000, 0x0000000100000000)
  region size 1024K, 6 young (6144K), 6 survivors (6144K)
 Metaspace       used 100696K, committed 101440K, reserved 1138688K
  class space    used 13670K, committed 14016K, reserved 1048576K
}
Event: 46.955 GC heap before
{Heap before GC invocations=41 (full 0):
 garbage-first heap   total 165888K, used 95945K [0x0000000080000000, 0x0000000100000000)
  region size 1024K, 8 young (8192K), 6 survivors (6144K)
 Metaspace       used 101062K, committed 101760K, reserved 1138688K
  class space    used 13718K, committed 14016K, reserved 1048576K
}
Event: 46.960 GC heap after
{Heap after GC invocations=42 (full 0):
 garbage-first heap   total 165888K, used 95381K [0x0000000080000000, 0x0000000100000000)
  region size 1024K, 1 young (1024K), 1 survivors (1024K)
 Metaspace       used 101062K, committed 101760K, reserved 1138688K
  class space    used 13718K, committed 14016K, reserved 1048576K
}
Event: 47.513 GC heap before
{Heap before GC invocations=42 (full 0):
 garbage-first heap   total 165888K, used 136341K [0x0000000080000000, 0x0000000100000000)
  region size 1024K, 41 young (41984K), 1 survivors (1024K)
 Metaspace       used 101952K, committed 102656K, reserved 1138688K
  class space    used 13844K, committed 14144K, reserved 1048576K
}
Event: 47.518 GC heap after
{Heap after GC invocations=43 (full 0):
 garbage-first heap   total 165888K, used 98752K [0x0000000080000000, 0x0000000100000000)
  region size 1024K, 5 young (5120K), 5 survivors (5120K)
 Metaspace       used 101952K, committed 102656K, reserved 1138688K
  class space    used 13844K, committed 14144K, reserved 1048576K
}
Event: 47.690 GC heap before
{Heap before GC invocations=43 (full 0):
 garbage-first heap   total 165888K, used 108992K [0x0000000080000000, 0x0000000100000000)
  region size 1024K, 16 young (16384K), 5 survivors (5120K)
 Metaspace       used 103520K, committed 104256K, reserved 1146880K
  class space    used 14073K, committed 14400K, reserved 1048576K
}
Event: 47.694 GC heap after
{Heap after GC invocations=44 (full 0):
 garbage-first heap   total 165888K, used 100045K [0x0000000080000000, 0x0000000100000000)
  region size 1024K, 2 young (2048K), 2 survivors (2048K)
 Metaspace       used 103520K, committed 104256K, reserved 1146880K
  class space    used 14073K, committed 14400K, reserved 1048576K
}
Event: 48.317 GC heap before
{Heap before GC invocations=45 (full 0):
 garbage-first heap   total 181248K, used 138957K [0x0000000080000000, 0x0000000100000000)
  region size 1024K, 39 young (39936K), 2 survivors (2048K)
 Metaspace       used 108533K, committed 109248K, reserved 1146880K
  class space    used 14959K, committed 15296K, reserved 1048576K
}
Event: 48.322 GC heap after
{Heap after GC invocations=46 (full 0):
 garbage-first heap   total 181248K, used 102108K [0x0000000080000000, 0x0000000100000000)
  region size 1024K, 4 young (4096K), 4 survivors (4096K)
 Metaspace       used 108533K, committed 109248K, reserved 1146880K
  class space    used 14959K, committed 15296K, reserved 1048576K
}

Dll operation events (2 events):
Event: 0.009 Loaded shared library C:\Program Files\Android\Android Studio\jbr\bin\java.dll
Event: 0.593 Loaded shared library C:\Program Files\Android\Android Studio\jbr\bin\verify.dll

Deoptimization events (20 events):
Event: 47.759 Thread 0x000001f440046200 DEOPT PACKING pc=0x000001f42f4d9318 sp=0x000000c8ffaf7c30
Event: 47.759 Thread 0x000001f440046200 DEOPT UNPACKING pc=0x000001f42e9f69a3 sp=0x000000c8ffaf7bc0 mode 2
Event: 47.775 Thread 0x000001f440046200 DEOPT PACKING pc=0x000001f427686fb5 sp=0x000000c8ffaf78c0
Event: 47.775 Thread 0x000001f440046200 DEOPT UNPACKING pc=0x000001f42e9f7143 sp=0x000000c8ffaf6da0 mode 0
Event: 47.778 Thread 0x000001f440046200 DEOPT PACKING pc=0x000001f427686fb5 sp=0x000000c8ffaf7be0
Event: 47.778 Thread 0x000001f440046200 DEOPT UNPACKING pc=0x000001f42e9f7143 sp=0x000000c8ffaf70c0 mode 0
Event: 47.992 Thread 0x000001f440046200 Uncommon trap: trap_request=0xffffff45 fr.pc=0x000001f42f204924 relative=0x00000000000001e4
Event: 47.992 Thread 0x000001f440046200 Uncommon trap: reason=unstable_if action=reinterpret pc=0x000001f42f204924 method=java.lang.ThreadLocal$ThreadLocalMap.getEntryAfterMiss(Ljava/lang/ThreadLocal;ILjava/lang/ThreadLocal$ThreadLocalMap$Entry;)Ljava/lang/ThreadLocal$ThreadLocalMap$Entry; @ 30
Event: 47.992 Thread 0x000001f440046200 DEOPT PACKING pc=0x000001f42f204924 sp=0x000000c8ffaf90e0
Event: 47.992 Thread 0x000001f440046200 DEOPT UNPACKING pc=0x000001f42e9f69a3 sp=0x000000c8ffaf8f68 mode 2
Event: 48.150 Thread 0x000001f440046200 DEOPT PACKING pc=0x000001f427a835ce sp=0x000000c8ffaf8800
Event: 48.150 Thread 0x000001f440046200 DEOPT UNPACKING pc=0x000001f42e9f7143 sp=0x000000c8ffaf7cc8 mode 0
Event: 48.201 Thread 0x000001f440046200 Uncommon trap: trap_request=0xffffff45 fr.pc=0x000001f42f205be8 relative=0x0000000000000148
Event: 48.201 Thread 0x000001f440046200 Uncommon trap: reason=unstable_if action=reinterpret pc=0x000001f42f205be8 method=java.lang.ThreadLocal$ThreadLocalMap.getEntryAfterMiss(Ljava/lang/ThreadLocal;ILjava/lang/ThreadLocal$ThreadLocalMap$Entry;)Ljava/lang/ThreadLocal$ThreadLocalMap$Entry; @ 30
Event: 48.201 Thread 0x000001f440046200 DEOPT PACKING pc=0x000001f42f205be8 sp=0x000000c8ffaf92a0
Event: 48.201 Thread 0x000001f440046200 DEOPT UNPACKING pc=0x000001f42e9f69a3 sp=0x000000c8ffaf91a8 mode 2
Event: 48.281 Thread 0x000001f440046200 Uncommon trap: trap_request=0xfffffff4 fr.pc=0x000001f42f63c558 relative=0x0000000000009c58
Event: 48.281 Thread 0x000001f440046200 Uncommon trap: reason=null_check action=make_not_entrant pc=0x000001f42f63c558 method=org.gradle.internal.instantiation.generator.AbstractClassGenerator$PropertyMetadata.addGetter(Lorg/gradle/internal/instantiation/generator/AbstractClassGenerator$MethodM
Event: 48.281 Thread 0x000001f440046200 DEOPT PACKING pc=0x000001f42f63c558 sp=0x000000c8ffaf8cf0
Event: 48.281 Thread 0x000001f440046200 DEOPT UNPACKING pc=0x000001f42e9f69a3 sp=0x000000c8ffaf8c10 mode 2

Classes unloaded (7 events):
Event: 17.804 Thread 0x000001f43f0406f0 Unloading class 0x0000000100c85c00 'java/lang/invoke/LambdaForm$DMH+0x0000000100c85c00'
Event: 17.804 Thread 0x000001f43f0406f0 Unloading class 0x0000000100c85800 'java/lang/invoke/LambdaForm$DMH+0x0000000100c85800'
Event: 17.804 Thread 0x000001f43f0406f0 Unloading class 0x0000000100c85400 'java/lang/invoke/LambdaForm$DMH+0x0000000100c85400'
Event: 17.804 Thread 0x000001f43f0406f0 Unloading class 0x0000000100c85000 'java/lang/invoke/LambdaForm$DMH+0x0000000100c85000'
Event: 17.804 Thread 0x000001f43f0406f0 Unloading class 0x0000000100c84c00 'java/lang/invoke/LambdaForm$DMH+0x0000000100c84c00'
Event: 17.804 Thread 0x000001f43f0406f0 Unloading class 0x0000000100c84400 'java/lang/invoke/LambdaForm$DMH+0x0000000100c84400'
Event: 17.804 Thread 0x000001f43f0406f0 Unloading class 0x0000000100c84800 'java/lang/invoke/LambdaForm$DMH+0x0000000100c84800'

Classes redefined (0 events):
No events

Internal exceptions (20 events):
Event: 47.473 Thread 0x000001f440046200 Exception <a 'java/lang/ClassNotFoundException'{0x0000000087bdadf0}: org/gradle/api/JavaVersionBeanInfo> (0x0000000087bdadf0) 
thrown [s\src\hotspot\share\classfile\systemDictionary.cpp, line 256]
Event: 47.475 Thread 0x000001f440046200 Exception <a 'java/lang/ClassNotFoundException'{0x0000000087bef7a0}: org/gradle/api/JavaVersionCustomizer> (0x0000000087bef7a0) 
thrown [s\src\hotspot\share\classfile\systemDictionary.cpp, line 256]
Event: 47.480 Thread 0x000001f440046200 Exception <a 'java/lang/ClassNotFoundException'{0x0000000087a33008}: com/android/build/gradle/internal/CompileOptions$AgpDecorated_DecoratedBeanInfo> (0x0000000087a33008) 
thrown [s\src\hotspot\share\classfile\systemDictionary.cpp, line 256]
Event: 47.481 Thread 0x000001f440046200 Exception <a 'java/lang/ClassNotFoundException'{0x0000000087a3f6a8}: com/android/build/gradle/internal/CompileOptions$AgpDecoratedBeanInfo> (0x0000000087a3f6a8) 
thrown [s\src\hotspot\share\classfile\systemDictionary.cpp, line 256]
Event: 47.482 Thread 0x000001f440046200 Exception <a 'java/lang/ClassNotFoundException'{0x0000000087a4bbe0}: com/android/build/gradle/internal/CompileOptionsBeanInfo> (0x0000000087a4bbe0) 
thrown [s\src\hotspot\share\classfile\systemDictionary.cpp, line 256]
Event: 47.483 Thread 0x000001f440046200 Exception <a 'java/lang/ClassNotFoundException'{0x0000000087a58120}: com/android/build/gradle/internal/CompileOptionsCustomizer> (0x0000000087a58120) 
thrown [s\src\hotspot\share\classfile\systemDictionary.cpp, line 256]
Event: 47.483 Thread 0x000001f440046200 Exception <a 'java/lang/ClassNotFoundException'{0x0000000087a6fa40}: com/android/build/gradle/internal/CompileOptions$AgpDecoratedCustomizer> (0x0000000087a6fa40) 
thrown [s\src\hotspot\share\classfile\systemDictionary.cpp, line 256]
Event: 47.484 Thread 0x000001f440046200 Exception <a 'java/lang/ClassNotFoundException'{0x0000000087a7f7e0}: com/android/build/gradle/internal/CompileOptions$AgpDecorated_DecoratedCustomizer> (0x0000000087a7f7e0) 
thrown [s\src\hotspot\share\classfile\systemDictionary.cpp, line 256]
Event: 47.489 Thread 0x000001f440046200 Exception <a 'java/lang/ClassNotFoundException'{0x0000000087af6288}: org/gradle/api/internal/artifacts/dsl/dependencies/DefaultDependencyHandler_DecoratedBeanInfo> (0x0000000087af6288) 
thrown [s\src\hotspot\share\classfile\systemDictionary.cpp, line 256]
Event: 47.491 Thread 0x000001f440046200 Exception <a 'java/lang/ClassNotFoundException'{0x000000008790f400}: org/gradle/api/internal/artifacts/dsl/dependencies/DefaultDependencyHandlerBeanInfo> (0x000000008790f400) 
thrown [s\src\hotspot\share\classfile\systemDictionary.cpp, line 256]
Event: 47.492 Thread 0x000001f440046200 Exception <a 'java/lang/ClassNotFoundException'{0x0000000087926738}: org/gradle/api/internal/artifacts/dsl/dependencies/DefaultDependencyHandlerCustomizer> (0x0000000087926738) 
thrown [s\src\hotspot\share\classfile\systemDictionary.cpp, line 256]
Event: 47.495 Thread 0x000001f440046200 Exception <a 'java/lang/ClassNotFoundException'{0x0000000087964b60}: org/gradle/api/internal/artifacts/dsl/dependencies/DefaultDependencyHandler_DecoratedCustomizer> (0x0000000087964b60) 
thrown [s\src\hotspot\share\classfile\systemDictionary.cpp, line 256]
Event: 48.193 Thread 0x000001f440046200 Exception <a 'java/lang/ClassNotFoundException'{0x0000000089272620}: com/android/build/gradle/internal/api/ApkVariantOutputImpl_DecoratedBeanInfo> (0x0000000089272620) 
thrown [s\src\hotspot\share\classfile\systemDictionary.cpp, line 256]
Event: 48.194 Thread 0x000001f440046200 Exception <a 'java/lang/ClassNotFoundException'{0x000000008927c458}: com/android/build/gradle/internal/api/ApkVariantOutputImplBeanInfo> (0x000000008927c458) 
thrown [s\src\hotspot\share\classfile\systemDictionary.cpp, line 256]
Event: 48.194 Thread 0x000001f440046200 Exception <a 'java/lang/ClassNotFoundException'{0x0000000089286500}: com/android/build/gradle/internal/api/BaseVariantOutputImplBeanInfo> (0x0000000089286500) 
thrown [s\src\hotspot\share\classfile\systemDictionary.cpp, line 256]
Event: 48.194 Thread 0x000001f440046200 Exception <a 'java/lang/ClassNotFoundException'{0x00000000892905c0}: com/android/build/gradle/internal/api/BaseVariantOutputImplCustomizer> (0x00000000892905c0) 
thrown [s\src\hotspot\share\classfile\systemDictionary.cpp, line 256]
Event: 48.195 Thread 0x000001f440046200 Exception <a 'java/lang/ClassNotFoundException'{0x00000000892aca68}: com/android/build/gradle/internal/api/ApkVariantOutputImplCustomizer> (0x00000000892aca68) 
thrown [s\src\hotspot\share\classfile\systemDictionary.cpp, line 256]
Event: 48.196 Thread 0x000001f440046200 Exception <a 'java/lang/ClassNotFoundException'{0x00000000892c39e0}: com/android/build/gradle/internal/api/ApkVariantOutputImpl_DecoratedCustomizer> (0x00000000892c39e0) 
thrown [s\src\hotspot\share\classfile\systemDictionary.cpp, line 256]
Event: 48.203 Thread 0x000001f440046200 Exception <a 'java/lang/NoClassDefFoundError'{0x000000008919ccf0}: org/jetbrains/kotlin/gradle/plugin/KotlinBasePluginWrapper> (0x000000008919ccf0) 
thrown [s\src\hotspot\share\classfile\systemDictionary.cpp, line 245]
Event: 48.281 Thread 0x000001f440046200 Implicit null exception at 0x000001f42f63457c to 0x000001f42f63c4d4

VM Operations (20 events):
Event: 46.186 Executing VM operation: G1CollectForAllocation
Event: 46.192 Executing VM operation: G1CollectForAllocation done
Event: 46.321 Executing VM operation: G1Concurrent
Event: 46.329 Executing VM operation: G1Concurrent done
Event: 46.382 Executing VM operation: G1Concurrent
Event: 46.382 Executing VM operation: G1Concurrent done
Event: 46.906 Executing VM operation: G1CollectForAllocation
Event: 46.915 Executing VM operation: G1CollectForAllocation done
Event: 46.955 Executing VM operation: G1CollectForAllocation
Event: 46.960 Executing VM operation: G1CollectForAllocation done
Event: 47.512 Executing VM operation: G1CollectForAllocation
Event: 47.518 Executing VM operation: G1CollectForAllocation done
Event: 47.689 Executing VM operation: G1TryInitiateConcMark
Event: 47.694 Executing VM operation: G1TryInitiateConcMark done
Event: 47.810 Executing VM operation: G1Concurrent
Event: 47.818 Executing VM operation: G1Concurrent done
Event: 47.871 Executing VM operation: G1Concurrent
Event: 47.872 Executing VM operation: G1Concurrent done
Event: 48.317 Executing VM operation: G1CollectForAllocation
Event: 48.322 Executing VM operation: G1CollectForAllocation done

Events (20 events):
Event: 45.674 Thread 0x000001f4462a3d30 Thread added: 0x000001f4462a3d30
Event: 45.674 Thread 0x000001f4462a8090 Thread added: 0x000001f4462a8090
Event: 45.674 Thread 0x000001f4462a46d0 Thread added: 0x000001f4462a46d0
Event: 45.674 Thread 0x000001f4462a7bc0 Thread added: 0x000001f4462a7bc0
Event: 45.674 Thread 0x000001f4462a6d50 Thread added: 0x000001f4462a6d50
Event: 45.674 Thread 0x000001f4462a8560 Thread added: 0x000001f4462a8560
Event: 45.675 Thread 0x000001f4462a4ba0 Thread added: 0x000001f4462a4ba0
Event: 45.675 Thread 0x000001f4462a3390 Thread added: 0x000001f4462a3390
Event: 45.675 Thread 0x000001f4462a4200 Thread added: 0x000001f4462a4200
Event: 45.675 Thread 0x000001f4462a8f00 Thread added: 0x000001f4462a8f00
Event: 45.675 Thread 0x000001f4462a3860 Thread added: 0x000001f4462a3860
Event: 45.675 Thread 0x000001f4462a93d0 Thread added: 0x000001f4462a93d0
Event: 45.676 Thread 0x000001f4462a98a0 Thread added: 0x000001f4462a98a0
Event: 45.676 Thread 0x000001f4462a9d70 Thread added: 0x000001f4462a9d70
Event: 45.676 Thread 0x000001f4462a6880 Thread added: 0x000001f4462a6880
Event: 45.676 Thread 0x000001f4462a5a10 Thread added: 0x000001f4462a5a10
Event: 45.676 Thread 0x000001f4462a5070 Thread added: 0x000001f4462a5070
Event: 46.113 Thread 0x000001f4462a5540 Thread added: 0x000001f4462a5540
Event: 47.293 loading class java/beans/IntrospectionException
Event: 47.293 loading class java/beans/IntrospectionException done


Dynamic libraries:
0x00007ff72fed0000 - 0x00007ff72feda000 	C:\Program Files\Android\Android Studio\jbr\bin\java.exe
0x00007fffacb80000 - 0x00007fffacd6d000 	C:\Windows\SYSTEM32\ntdll.dll
0x00007fffac280000 - 0x00007fffac333000 	C:\Windows\System32\KERNEL32.DLL
0x00007fffa8cb0000 - 0x00007fffa8f43000 	C:\Windows\System32\KERNELBASE.dll
0x00007fffa9000000 - 0x00007fffa90fc000 	C:\Windows\System32\ucrtbase.dll
0x00007fff89af0000 - 0x00007fff89b0b000 	C:\Program Files\Android\Android Studio\jbr\bin\VCRUNTIME140.dll
0x00007fff98b10000 - 0x00007fff98b27000 	C:\Program Files\Android\Android Studio\jbr\bin\jli.dll
0x00007fffac0e0000 - 0x00007fffac277000 	C:\Windows\System32\USER32.dll
0x00007fffa9b10000 - 0x00007fffa9b30000 	C:\Windows\System32\win32u.dll
0x00007fff98ca0000 - 0x00007fff98f19000 	C:\Windows\WinSxS\amd64_microsoft.windows.common-controls_6595b64144ccf1df_6.0.17763.134_none_05b3373a07211a5c\COMCTL32.dll
0x00007fffaa120000 - 0x00007fffaa149000 	C:\Windows\System32\GDI32.dll
0x00007fffac880000 - 0x00007fffac91e000 	C:\Windows\System32\msvcrt.dll
0x00007fffa9970000 - 0x00007fffa9b0a000 	C:\Windows\System32\gdi32full.dll
0x00007fffa9db0000 - 0x00007fffaa0dd000 	C:\Windows\System32\combase.dll
0x00007fffac3a0000 - 0x00007fffac4c3000 	C:\Windows\System32\RPCRT4.dll
0x00007fffa9850000 - 0x00007fffa98f0000 	C:\Windows\System32\msvcp_win.dll
0x00007fffa9b30000 - 0x00007fffa9bae000 	C:\Windows\System32\bcryptPrimitives.dll
0x00007fffaa0e0000 - 0x00007fffaa10e000 	C:\Windows\System32\IMM32.DLL
0x00007fff93920000 - 0x00007fff9392c000 	C:\Program Files\Android\Android Studio\jbr\bin\vcruntime140_1.dll
0x00007fff7d3b0000 - 0x00007fff7d43d000 	C:\Program Files\Android\Android Studio\jbr\bin\msvcp140.dll
0x00007fff85bc0000 - 0x00007fff8682e000 	C:\Program Files\Android\Android Studio\jbr\bin\server\jvm.dll
0x00007fffac030000 - 0x00007fffac0d3000 	C:\Windows\System32\ADVAPI32.dll
0x00007fffacab0000 - 0x00007fffacb4e000 	C:\Windows\System32\sechost.dll
0x00007fffa6620000 - 0x00007fffa6644000 	C:\Windows\SYSTEM32\WINMM.dll
0x00007fffa2580000 - 0x00007fffa258a000 	C:\Windows\SYSTEM32\VERSION.dll
0x00007fff9a7c0000 - 0x00007fff9a7c9000 	C:\Windows\SYSTEM32\WSOCK32.dll
0x00007fffabe10000 - 0x00007fffabe7d000 	C:\Windows\System32\WS2_32.dll
0x00007fffa6030000 - 0x00007fffa605d000 	C:\Windows\SYSTEM32\winmmbase.dll
0x00007fffa98f0000 - 0x00007fffa993a000 	C:\Windows\System32\cfgmgr32.dll
0x00007fffa8c10000 - 0x00007fffa8c21000 	C:\Windows\System32\kernel.appcore.dll
0x00007fffa5530000 - 0x00007fffa553a000 	C:\Program Files\Android\Android Studio\jbr\bin\jimage.dll
0x00007fff99f50000 - 0x00007fff9a13d000 	C:\Windows\SYSTEM32\DBGHELP.DLL
0x00007fff8d1c0000 - 0x00007fff8d1ea000 	C:\Windows\SYSTEM32\dbgcore.DLL
0x00007fffa5500000 - 0x00007fffa5525000 	C:\Program Files\Android\Android Studio\jbr\bin\java.dll
0x00007fff9f0b0000 - 0x00007fff9f0c8000 	C:\Program Files\Android\Android Studio\jbr\bin\zip.dll
0x00007fffaa910000 - 0x00007fffabdff000 	C:\Windows\System32\SHELL32.dll
0x00007fffac4d0000 - 0x00007fffac578000 	C:\Windows\System32\shcore.dll
0x00007fffa9100000 - 0x00007fffa9848000 	C:\Windows\System32\windows.storage.dll
0x00007fffa8b80000 - 0x00007fffa8ba4000 	C:\Windows\System32\profapi.dll
0x00007fffa8bb0000 - 0x00007fffa8c0d000 	C:\Windows\System32\powrprof.dll
0x00007fffac5e0000 - 0x00007fffac632000 	C:\Windows\System32\shlwapi.dll
0x00007fffa9d90000 - 0x00007fffa9da7000 	C:\Windows\System32\cryptsp.dll
0x00007fff9d080000 - 0x00007fff9d099000 	C:\Program Files\Android\Android Studio\jbr\bin\net.dll
0x00007fffa2cb0000 - 0x00007fffa2da1000 	C:\Windows\SYSTEM32\WINHTTP.dll
0x00007fffa8410000 - 0x00007fffa8477000 	C:\Windows\system32\mswsock.dll
0x00007fff99ab0000 - 0x00007fff99ac6000 	C:\Program Files\Android\Android Studio\jbr\bin\nio.dll
0x00007fffa54f0000 - 0x00007fffa5500000 	C:\Program Files\Android\Android Studio\jbr\bin\verify.dll
0x00007fff85610000 - 0x00007fff85637000 	C:\Users\Alexx\.gradle\native\68d5fa5c4cc2d200863cafc0d521ce42e7d3e7ee720ec0a83991735586a16f82\windows-amd64\native-platform.dll
0x00007fff7d260000 - 0x00007fff7d3a4000 	C:\Users\Alexx\.gradle\native\e376f236ea51e6404a007f0833ffe2c6e607c4080706a723a18a27aeea778392\windows-amd64\native-platform-file-events.dll
0x00007fff9f5c0000 - 0x00007fff9f5c9000 	C:\Program Files\Android\Android Studio\jbr\bin\management.dll
0x00007fff9cd80000 - 0x00007fff9cd8b000 	C:\Program Files\Android\Android Studio\jbr\bin\management_ext.dll
0x00007fffac870000 - 0x00007fffac878000 	C:\Windows\System32\PSAPI.DLL
0x00007fffa7fd0000 - 0x00007fffa8003000 	C:\Windows\system32\rsaenh.dll
0x00007fffa9940000 - 0x00007fffa9966000 	C:\Windows\System32\bcrypt.dll
0x00007fffa8a80000 - 0x00007fffa8aa8000 	C:\Windows\SYSTEM32\USERENV.dll
0x00007fffa85e0000 - 0x00007fffa85ec000 	C:\Windows\SYSTEM32\CRYPTBASE.dll
0x00007fffa8170000 - 0x00007fffa81ad000 	C:\Windows\SYSTEM32\IPHLPAPI.DLL
0x00007fffabe00000 - 0x00007fffabe08000 	C:\Windows\System32\NSI.dll
0x00007fff9ff50000 - 0x00007fff9ff66000 	C:\Windows\SYSTEM32\dhcpcsvc6.DLL
0x00007fff9ff30000 - 0x00007fff9ff4c000 	C:\Windows\SYSTEM32\dhcpcsvc.DLL
0x00007fffa81b0000 - 0x00007fffa8276000 	C:\Windows\SYSTEM32\DNSAPI.dll
0x00007fff99620000 - 0x00007fff99627000 	C:\Windows\system32\wshunix.dll

dbghelp: loaded successfully - version: 4.0.5 - missing functions: none
symbol engine: initialized successfully - sym options: 0x614 - pdb path: .;C:\Program Files\Android\Android Studio\jbr\bin;C:\Windows\SYSTEM32;C:\Windows\WinSxS\amd64_microsoft.windows.common-controls_6595b64144ccf1df_6.0.17763.134_none_05b3373a07211a5c;C:\Program Files\Android\Android Studio\jbr\bin\server;C:\Users\Alexx\.gradle\native\68d5fa5c4cc2d200863cafc0d521ce42e7d3e7ee720ec0a83991735586a16f82\windows-amd64;C:\Users\Alexx\.gradle\native\e376f236ea51e6404a007f0833ffe2c6e607c4080706a723a18a27aeea778392\windows-amd64

VM Arguments:
jvm_args: --add-opens=java.base/java.util=ALL-UNNAMED --add-opens=java.base/java.lang=ALL-UNNAMED --add-opens=java.base/java.lang.invoke=ALL-UNNAMED --add-opens=java.prefs/java.util.prefs=ALL-UNNAMED --add-opens=java.base/java.nio.charset=ALL-UNNAMED --add-opens=java.base/java.net=ALL-UNNAMED --add-opens=java.base/java.util.concurrent.atomic=ALL-UNNAMED -Xmx2048m -Dfile.encoding=UTF-8 -Duser.country=RU -Duser.language=ru -Duser.variant 
java_command: org.gradle.launcher.daemon.bootstrap.GradleDaemon 8.0
java_class_path (initial): C:\Users\Alexx\.gradle\wrapper\dists\gradle-8.0-bin\ca5e32bp14vu59qr306oxotwh\gradle-8.0\lib\gradle-launcher-8.0.jar
Launcher Type: SUN_STANDARD

[Global flags]
     intx CICompilerCount                          = 4                                         {product} {ergonomic}
     uint ConcGCThreads                            = 2                                         {product} {ergonomic}
     uint G1ConcRefinementThreads                  = 8                                         {product} {ergonomic}
   size_t G1HeapRegionSize                         = 1048576                                   {product} {ergonomic}
    uintx GCDrainStackTargetSize                   = 64                                        {product} {ergonomic}
   size_t InitialHeapSize                          = 201326592                                 {product} {ergonomic}
   size_t MarkStackSize                            = 4194304                                   {product} {ergonomic}
   size_t MaxHeapSize                              = 2147483648                                {product} {command line}
   size_t MaxNewSize                               = 1287651328                                {product} {ergonomic}
   size_t MinHeapDeltaBytes                        = 1048576                                   {product} {ergonomic}
   size_t MinHeapSize                              = 8388608                                   {product} {ergonomic}
    uintx NonNMethodCodeHeapSize                   = 5839372                                {pd product} {ergonomic}
    uintx NonProfiledCodeHeapSize                  = 122909434                              {pd product} {ergonomic}
    uintx ProfiledCodeHeapSize                     = 122909434                              {pd product} {ergonomic}
    uintx ReservedCodeCacheSize                    = 251658240                              {pd product} {ergonomic}
     bool SegmentedCodeCache                       = true                                      {product} {ergonomic}
   size_t SoftMaxHeapSize                          = 2147483648                             {manageable} {ergonomic}
     bool UseCompressedClassPointers               = true                           {product lp64_product} {ergonomic}
     bool UseCompressedOops                        = true                           {product lp64_product} {ergonomic}
     bool UseG1GC                                  = true                                      {product} {ergonomic}
     bool UseLargePagesIndividualAllocation        = false                                  {pd product} {ergonomic}

Logging:
Log output configuration:
 #0: stdout all=warning uptime,level,tags
 #1: stderr all=off uptime,level,tags

Environment Variables:
PATH=C:\ProgramData\Oracle\Java\javapath;C:\Program Files (x86)\Python38-32\Scripts\;C:\Program Files (x86)\Python38-32\;C:\Windows\system32;C:\Windows;C:\Windows\System32\Wbem;C:\Windows\System32\WindowsPowerShell\v1.0\;C:\Program Files (x86)\Common Files\Acronis\SnapAPI\;C:\Program Files (x86)\dotnet\;C:\Program Files\PuTTY\;C:\Users\Alexx\AppData\Local\Microsoft\WindowsApps;C:\Program Files (x86)\Nmap
USERNAME=Alexx
OS=Windows_NT
PROCESSOR_IDENTIFIER=AMD64 Family 21 Model 2 Stepping 0, AuthenticAMD
TMP=C:\Temp
TEMP=C:\Temp


JNI global refs:
JNI global refs: 29, weak refs: 6

JNI global refs memory usage: 843, weak refs: 841


---------------  S Y S T E M  ---------------

OS:
 Windows 10 , 64 bit Build 17763 (10.0.17763.1)
OS uptime: 0 days 7:54 hours

CPU: total 8 (initial active 8) (8 cores per cpu, 1 threads per core) family 21 model 2 stepping 0 microcode 0x0, cx8, cmov, fxsr, mmx, 3dnowpref, sse, sse2, sse3, ssse3, sse4a, sse4.1, sse4.2, popcnt, lzcnt, tsc, tscinvbit, avx, aes, clmul, bmi1, fma, vzeroupper, clflush

Memory: 4k page, system-wide physical 12285M (3477M free)
TotalPageFile size 12541M (AvailPageFile size 6M)
current process WorkingSet (physical memory assigned to process): 463M, peak: 463M
current process commit charge ("private bytes"): 501M, peak: 502M

vm_info: OpenJDK 64-Bit Server VM (17.0.6+0-b2043.56-10027231) for windows-amd64 JRE (17.0.6+0-b2043.56-10027231), built on Apr 28 2023 00:43:19 by "androidbuild" with MS VC++ 16.10 / 16.11 (VS2019)

END.
