#
# There is insufficient memory for the Java Runtime Environment to continue.
# Native memory allocation (mmap) failed to map 213909504 bytes for G1 virtual space
# Possible reasons:
#   The system is out of physical RAM or swap space
#   The process is running with CompressedOops enabled, and the Java Heap may be blocking the growth of the native heap
# Possible solutions:
#   Reduce memory load on the system
#   Increase physical memory or swap space
#   Check if swap backing store is full
#   Decrease Java heap size (-Xmx/-Xms)
#   Decrease number of Java threads
#   Decrease Java thread stack sizes (-Xss)
#   Set larger code cache with -XX:ReservedCodeCacheSize=
#   JVM is running with Unscaled Compressed Oops mode in which the Java heap is
#     placed in the first 4GB address space. The Java Heap base address is the
#     maximum limit for the native heap growth. Please use -XX:HeapBaseMinAddress
#     to set the Java Heap base and to place the Java Heap above 4GB virtual address.
# This output file may be truncated or incomplete.
#
#  Out of Memory Error (os_windows.cpp:3769), pid=14696, tid=14828
#
# JRE version: OpenJDK Runtime Environment (17.0.6) (build 17.0.6+0-b2043.56-10027231)
# Java VM: OpenJDK 64-Bit Server VM (17.0.6+0-b2043.56-10027231, mixed mode, tiered, compressed oops, compressed class ptrs, g1 gc, windows-amd64)
# No core dump will be written. Minidumps are not enabled by default on client versions of Windows
#

---------------  S U M M A R Y ------------

Command Line: --add-opens=java.base/java.util=ALL-UNNAMED --add-opens=java.base/java.lang=ALL-UNNAMED --add-opens=java.base/java.lang.invoke=ALL-UNNAMED --add-opens=java.prefs/java.util.prefs=ALL-UNNAMED --add-opens=java.base/java.nio.charset=ALL-UNNAMED --add-opens=java.base/java.net=ALL-UNNAMED --add-opens=java.base/java.util.concurrent.atomic=ALL-UNNAMED -Xmx2048m -Dfile.encoding=UTF-8 -Duser.country=RU -Duser.language=ru -Duser.variant org.gradle.launcher.daemon.bootstrap.GradleDaemon 8.0

Host: AMD FX-8320E Eight-Core Processor              , 8 cores, 11G,  Windows 10 , 64 bit Build 17763 (10.0.17763.1)
Time: Wed Sep 20 14:13:13 2023 RTZ 2 (зима) elapsed time: 54.960767 seconds (0d 0h 0m 54s)

---------------  T H R E A D  ---------------

Current thread (0x00000233b6420740):  VMThread "VM Thread" [stack: 0x0000009f64700000,0x0000009f64800000] [id=14828]

Stack: [0x0000009f64700000,0x0000009f64800000]
Native frames: (J=compiled Java code, j=interpreted, Vv=VM code, C=native code)
V  [jvm.dll+0x683c9a]
V  [jvm.dll+0x8427a4]
V  [jvm.dll+0x843f9e]
V  [jvm.dll+0x844603]
V  [jvm.dll+0x249b75]
V  [jvm.dll+0x680b69]
V  [jvm.dll+0x67505a]
V  [jvm.dll+0x309acb]
V  [jvm.dll+0x310f86]
V  [jvm.dll+0x3608ee]
V  [jvm.dll+0x360b1f]
V  [jvm.dll+0x2dfbf8]
V  [jvm.dll+0x2ddec4]
V  [jvm.dll+0x2dd4cc]
V  [jvm.dll+0x321f3b]
V  [jvm.dll+0x848ccb]
V  [jvm.dll+0x849a04]
V  [jvm.dll+0x849f1d]
V  [jvm.dll+0x84a2f4]
V  [jvm.dll+0x84a3c0]
V  [jvm.dll+0x7f274a]
V  [jvm.dll+0x682ad5]
C  [ucrtbase.dll+0x203ba]
C  [KERNEL32.DLL+0x17e94]
C  [ntdll.dll+0x67ad1]

VM_Operation (0x0000009f6f1fc6f0): G1CollectForAllocation, mode: safepoint, requested by thread 0x00000233c125ba10


---------------  P R O C E S S  ---------------

Threads class SMR info:
_java_thread_list=0x00000233c26b9c20, length=156, elements={
0x000002339bbdd680, 0x00000233b5a57200, 0x00000233b6421eb0, 0x00000233b645aa80,
0x00000233b5a596d0, 0x00000233b5a59f90, 0x00000233b5a5a850, 0x00000233b5a5e610,
0x00000233b648f010, 0x00000233b649c100, 0x00000233b65fff70, 0x00000233b66247f0,
0x00000233b78c9060, 0x00000233b890af70, 0x00000233b8bca970, 0x00000233b8c1c730,
0x00000233b7822f90, 0x00000233b7589600, 0x00000233b7589ad0, 0x00000233b7586ab0,
0x00000233b7589fa0, 0x00000233b758a470, 0x00000233b75882c0, 0x00000233b7586f80,
0x00000233b7588790, 0x00000233b7587450, 0x00000233b7588c60, 0x00000233b720cda0,
0x00000233b720fdc0, 0x00000233b7212de0, 0x00000233b720e0e0, 0x00000233b7210c30,
0x00000233b720d270, 0x00000233b720ef50, 0x00000233b7212910, 0x00000233b7211100,
0x00000233b720ba60, 0x00000233b720c400, 0x00000233b720dc10, 0x00000233b720bf30,
0x00000233b720e5b0, 0x00000233b72115d0, 0x00000233b7211aa0, 0x00000233b720ea80,
0x00000233b7210290, 0x00000233b7210760, 0x00000233b7587920, 0x00000233b7587df0,
0x00000233b9000270, 0x00000233b9000740, 0x00000233b8ffcd80, 0x00000233b8ffdbf0,
0x00000233b9000c10, 0x00000233b8ff9d60, 0x00000233b8fff8d0, 0x00000233b8ffd720,
0x00000233b8ff9890, 0x00000233b8ffc3e0, 0x00000233b8ffd250, 0x00000233b8ffa700,
0x00000233b8ffe590, 0x00000233b8ffa230, 0x00000233b8ff93c0, 0x00000233b8ffe0c0,
0x00000233b8ffabd0, 0x00000233b8ffea60, 0x00000233b8fffda0, 0x00000233b8ffc8b0,
0x00000233b8ffb0a0, 0x00000233b8ffef30, 0x00000233b8ffba40, 0x00000233b8ffb570,
0x00000233b8fff400, 0x00000233b8ffbf10, 0x00000233b951cd00, 0x00000233b9519ce0,
0x00000233b951d1d0, 0x00000233b951ab50, 0x00000233b9519810, 0x00000233b951c360,
0x00000233b951a680, 0x00000233b951eeb0, 0x00000233b95201f0, 0x00000233b95206c0,
0x00000233b951f850, 0x00000233b951e510, 0x00000233b951f380, 0x00000233b951db70,
0x00000233b951a1b0, 0x00000233b9520b90, 0x00000233b9521060, 0x00000233b951b020,
0x00000233b951e040, 0x00000233b951b4f0, 0x00000233b951b9c0, 0x00000233b951d6a0,
0x00000233b951fd20, 0x00000233b951be90, 0x00000233b951c830, 0x00000233b951e9e0,
0x00000233bae0d620, 0x00000233bae09790, 0x00000233bae0daf0, 0x00000233bae0aad0,
0x00000233bae0dfc0, 0x00000233bae0b940, 0x00000233bae0e490, 0x00000233bae0be10,
0x00000233bae07ab0, 0x00000233bae0f300, 0x00000233bae07f80, 0x00000233bae0e960,
0x00000233bae0a130, 0x00000233bae0ee30, 0x00000233bae08450, 0x00000233bae0a600,
0x00000233bae08920, 0x00000233bae08df0, 0x00000233bae092c0, 0x00000233bae0b470,
0x00000233bae09c60, 0x00000233bae0afa0, 0x00000233bae0c2e0, 0x00000233bae0c7b0,
0x00000233bae0d150, 0x00000233bdca9350, 0x00000233bdcaa690, 0x00000233bdca9820,
0x00000233bdcaa1c0, 0x00000233bdcae520, 0x00000233bdcadb80, 0x00000233bdcac370,
0x00000233bdcaab60, 0x00000233bdcae9f0, 0x00000233bdca9cf0, 0x00000233bdca7670,
0x00000233bdcab500, 0x00000233bdcac840, 0x00000233bdcaeec0, 0x00000233c0c34fc0,
0x00000233c0c33c80, 0x00000233c0c32940, 0x00000233c0c34620, 0x00000233c0c31ad0,
0x00000233c0c32470, 0x00000233c0c34150, 0x00000233c0c32e10, 0x00000233c0c332e0,
0x00000233c125b540, 0x00000233c1259860, 0x00000233c125c3b0, 0x00000233c1258520,
0x00000233bdfca570, 0x00000233bdfc7cf0, 0x00000233c125ea30, 0x00000233c125ba10
}

Java Threads: ( => current thread )
  0x000002339bbdd680 JavaThread "main" [_thread_blocked, id=14184, stack(0x0000009f64100000,0x0000009f64200000)]
  0x00000233b5a57200 JavaThread "Reference Handler" daemon [_thread_blocked, id=13784, stack(0x0000009f64800000,0x0000009f64900000)]
  0x00000233b6421eb0 JavaThread "Finalizer" daemon [_thread_blocked, id=12860, stack(0x0000009f64900000,0x0000009f64a00000)]
  0x00000233b645aa80 JavaThread "Signal Dispatcher" daemon [_thread_blocked, id=13708, stack(0x0000009f64a00000,0x0000009f64b00000)]
  0x00000233b5a596d0 JavaThread "Attach Listener" daemon [_thread_blocked, id=12880, stack(0x0000009f64b00000,0x0000009f64c00000)]
  0x00000233b5a59f90 JavaThread "Service Thread" daemon [_thread_blocked, id=14832, stack(0x0000009f64c00000,0x0000009f64d00000)]
  0x00000233b5a5a850 JavaThread "Monitor Deflation Thread" daemon [_thread_blocked, id=14836, stack(0x0000009f64d00000,0x0000009f64e00000)]
  0x00000233b5a5e610 JavaThread "C2 CompilerThread0" daemon [_thread_blocked, id=14840, stack(0x0000009f64e00000,0x0000009f64f00000)]
  0x00000233b648f010 JavaThread "C1 CompilerThread0" daemon [_thread_blocked, id=14288, stack(0x0000009f64f00000,0x0000009f65000000)]
  0x00000233b649c100 JavaThread "Sweeper thread" daemon [_thread_blocked, id=12972, stack(0x0000009f65000000,0x0000009f65100000)]
  0x00000233b65fff70 JavaThread "Common-Cleaner" daemon [_thread_blocked, id=13264, stack(0x0000009f65100000,0x0000009f65200000)]
  0x00000233b66247f0 JavaThread "Notification Thread" daemon [_thread_blocked, id=8584, stack(0x0000009f65200000,0x0000009f65300000)]
  0x00000233b78c9060 JavaThread "Daemon health stats" [_thread_blocked, id=13880, stack(0x0000009f65900000,0x0000009f65a00000)]
  0x00000233b890af70 JavaThread "Incoming local TCP Connector on port 51819" [_thread_in_native, id=15368, stack(0x0000009f65400000,0x0000009f65500000)]
  0x00000233b8bca970 JavaThread "Daemon periodic checks" [_thread_blocked, id=15372, stack(0x0000009f65a00000,0x0000009f65b00000)]
  0x00000233b8c1c730 JavaThread "Daemon" [_thread_blocked, id=15508, stack(0x0000009f65c00000,0x0000009f65d00000)]
  0x00000233b7822f90 JavaThread "Handler for socket connection from /127.0.0.1:51819 to /127.0.0.1:51820" [_thread_in_native, id=15376, stack(0x0000009f65d00000,0x0000009f65e00000)]
  0x00000233b7589600 JavaThread "Cancel handler" [_thread_blocked, id=15380, stack(0x0000009f65e00000,0x0000009f65f00000)]
  0x00000233b7589ad0 JavaThread "Daemon worker" [_thread_blocked, id=15384, stack(0x0000009f65f00000,0x0000009f66000000)]
  0x00000233b7586ab0 JavaThread "Asynchronous log dispatcher for DefaultDaemonConnection: socket connection from /127.0.0.1:51819 to /127.0.0.1:51820" [_thread_blocked, id=14368, stack(0x0000009f66000000,0x0000009f66100000)]
  0x00000233b7589fa0 JavaThread "Stdin handler" [_thread_blocked, id=15416, stack(0x0000009f66100000,0x0000009f66200000)]
  0x00000233b758a470 JavaThread "Daemon client event forwarder" [_thread_blocked, id=15424, stack(0x0000009f66200000,0x0000009f66300000)]
  0x00000233b75882c0 JavaThread "Cache worker for journal cache (C:\Users\Alexx\.gradle\caches\journal-1)" [_thread_blocked, id=15112, stack(0x0000009f66600000,0x0000009f66700000)]
  0x00000233b7586f80 JavaThread "File lock request listener" [_thread_in_native, id=14824, stack(0x0000009f66700000,0x0000009f66800000)]
  0x00000233b7588790 JavaThread "Cache worker for file hash cache (C:\Users\Alexx\.gradle\caches\8.0\fileHashes)" [_thread_blocked, id=12496, stack(0x0000009f66900000,0x0000009f66a00000)]
  0x00000233b7587450 JavaThread "File watcher server" daemon [_thread_blocked, id=15192, stack(0x0000009f66a00000,0x0000009f66b00000)]
  0x00000233b7588c60 JavaThread "File watcher consumer" daemon [_thread_blocked, id=14080, stack(0x0000009f66b00000,0x0000009f66c00000)]
  0x00000233b720cda0 JavaThread "Cache worker for checksums cache (E:\AndroidStudioProject\MyMovies\.gradle\8.0\checksums)" [_thread_blocked, id=14964, stack(0x0000009f66c00000,0x0000009f66d00000)]
  0x00000233b720fdc0 JavaThread "Cache worker for cache directory md-rule (C:\Users\Alexx\.gradle\caches\8.0\md-rule)" [_thread_blocked, id=11332, stack(0x0000009f66d00000,0x0000009f66e00000)]
  0x00000233b7212de0 JavaThread "Cache worker for file content cache (C:\Users\Alexx\.gradle\caches\8.0\fileContent)" [_thread_blocked, id=15468, stack(0x0000009f66e00000,0x0000009f66f00000)]
  0x00000233b720e0e0 JavaThread "Cache worker for file hash cache (E:\AndroidStudioProject\MyMovies\.gradle\8.0\fileHashes)" [_thread_blocked, id=15456, stack(0x0000009f66f00000,0x0000009f67000000)]
  0x00000233b7210c30 JavaThread "Cache worker for cache directory md-supplier (C:\Users\Alexx\.gradle\caches\8.0\md-supplier)" [_thread_blocked, id=15452, stack(0x0000009f67000000,0x0000009f67100000)]
  0x00000233b720d270 JavaThread "Cache worker for execution history cache (C:\Users\Alexx\.gradle\caches\8.0\executionHistory)" [_thread_blocked, id=13116, stack(0x0000009f66800000,0x0000009f66900000)]
  0x00000233b720ef50 JavaThread "jar transforms" [_thread_blocked, id=14268, stack(0x0000009f67100000,0x0000009f67200000)]
  0x00000233b7212910 JavaThread "jar transforms Thread 2" [_thread_blocked, id=14116, stack(0x0000009f67200000,0x0000009f67300000)]
  0x00000233b7211100 JavaThread "jar transforms Thread 3" [_thread_blocked, id=11500, stack(0x0000009f67500000,0x0000009f67600000)]
  0x00000233b720ba60 JavaThread "jar transforms Thread 4" [_thread_blocked, id=15196, stack(0x0000009f67600000,0x0000009f67700000)]
  0x00000233b720c400 JavaThread "Cache worker for dependencies-accessors (E:\AndroidStudioProject\MyMovies\.gradle\8.0\dependencies-accessors)" [_thread_blocked, id=15200, stack(0x0000009f67400000,0x0000009f67500000)]
  0x00000233b720dc10 JavaThread "jar transforms Thread 5" [_thread_blocked, id=14776, stack(0x0000009f67300000,0x0000009f67400000)]
  0x00000233b720bf30 JavaThread "Cache worker for Build Output Cleanup Cache (E:\AndroidStudioProject\MyMovies\.gradle\buildOutputCleanup)" [_thread_blocked, id=14004, stack(0x0000009f67700000,0x0000009f67800000)]
  0x00000233b720e5b0 JavaThread "Unconstrained build operations" [_thread_blocked, id=18632, stack(0x0000009f67800000,0x0000009f67900000)]
  0x00000233b72115d0 JavaThread "Unconstrained build operations Thread 2" [_thread_blocked, id=14948, stack(0x0000009f67900000,0x0000009f67a00000)]
  0x00000233b7211aa0 JavaThread "Unconstrained build operations Thread 3" [_thread_blocked, id=14292, stack(0x0000009f67b00000,0x0000009f67c00000)]
  0x00000233b720ea80 JavaThread "Unconstrained build operations Thread 4" [_thread_blocked, id=14992, stack(0x0000009f67c00000,0x0000009f67d00000)]
  0x00000233b7210290 JavaThread "Unconstrained build operations Thread 5" [_thread_blocked, id=14952, stack(0x0000009f67d00000,0x0000009f67e00000)]
  0x00000233b7210760 JavaThread "Unconstrained build operations Thread 6" [_thread_blocked, id=14996, stack(0x0000009f67e00000,0x0000009f67f00000)]
  0x00000233b7587920 JavaThread "Unconstrained build operations Thread 7" [_thread_blocked, id=14296, stack(0x0000009f67f00000,0x0000009f68000000)]
  0x00000233b7587df0 JavaThread "Unconstrained build operations Thread 8" [_thread_blocked, id=15020, stack(0x0000009f68000000,0x0000009f68100000)]
  0x00000233b9000270 JavaThread "Unconstrained build operations Thread 9" [_thread_blocked, id=15036, stack(0x0000009f68100000,0x0000009f68200000)]
  0x00000233b9000740 JavaThread "Unconstrained build operations Thread 10" [_thread_blocked, id=15008, stack(0x0000009f68200000,0x0000009f68300000)]
  0x00000233b8ffcd80 JavaThread "Unconstrained build operations Thread 11" [_thread_blocked, id=15040, stack(0x0000009f68300000,0x0000009f68400000)]
  0x00000233b8ffdbf0 JavaThread "Unconstrained build operations Thread 12" [_thread_blocked, id=15044, stack(0x0000009f68400000,0x0000009f68500000)]
  0x00000233b9000c10 JavaThread "Unconstrained build operations Thread 13" [_thread_blocked, id=13628, stack(0x0000009f68500000,0x0000009f68600000)]
  0x00000233b8ff9d60 JavaThread "Unconstrained build operations Thread 14" [_thread_blocked, id=15072, stack(0x0000009f68600000,0x0000009f68700000)]
  0x00000233b8fff8d0 JavaThread "Unconstrained build operations Thread 15" [_thread_blocked, id=15052, stack(0x0000009f68700000,0x0000009f68800000)]
  0x00000233b8ffd720 JavaThread "Unconstrained build operations Thread 16" [_thread_blocked, id=15076, stack(0x0000009f68800000,0x0000009f68900000)]
  0x00000233b8ff9890 JavaThread "Unconstrained build operations Thread 17" [_thread_blocked, id=15084, stack(0x0000009f68900000,0x0000009f68a00000)]
  0x00000233b8ffc3e0 JavaThread "Unconstrained build operations Thread 18" [_thread_blocked, id=15092, stack(0x0000009f68a00000,0x0000009f68b00000)]
  0x00000233b8ffd250 JavaThread "Unconstrained build operations Thread 19" [_thread_blocked, id=14460, stack(0x0000009f68b00000,0x0000009f68c00000)]
  0x00000233b8ffa700 JavaThread "Unconstrained build operations Thread 20" [_thread_blocked, id=14456, stack(0x0000009f68c00000,0x0000009f68d00000)]
  0x00000233b8ffe590 JavaThread "Unconstrained build operations Thread 21" [_thread_blocked, id=13672, stack(0x0000009f68d00000,0x0000009f68e00000)]
  0x00000233b8ffa230 JavaThread "Unconstrained build operations Thread 22" [_thread_blocked, id=15624, stack(0x0000009f68e00000,0x0000009f68f00000)]
  0x00000233b8ff93c0 JavaThread "Unconstrained build operations Thread 23" [_thread_blocked, id=15016, stack(0x0000009f68f00000,0x0000009f69000000)]
  0x00000233b8ffe0c0 JavaThread "Unconstrained build operations Thread 24" [_thread_blocked, id=15516, stack(0x0000009f69000000,0x0000009f69100000)]
  0x00000233b8ffabd0 JavaThread "Unconstrained build operations Thread 25" [_thread_blocked, id=14740, stack(0x0000009f69100000,0x0000009f69200000)]
  0x00000233b8ffea60 JavaThread "Unconstrained build operations Thread 26" [_thread_blocked, id=14156, stack(0x0000009f69200000,0x0000009f69300000)]
  0x00000233b8fffda0 JavaThread "Unconstrained build operations Thread 27" [_thread_blocked, id=14240, stack(0x0000009f69300000,0x0000009f69400000)]
  0x00000233b8ffc8b0 JavaThread "Unconstrained build operations Thread 28" [_thread_blocked, id=14000, stack(0x0000009f69400000,0x0000009f69500000)]
  0x00000233b8ffb0a0 JavaThread "Unconstrained build operations Thread 29" [_thread_blocked, id=13568, stack(0x0000009f69500000,0x0000009f69600000)]
  0x00000233b8ffef30 JavaThread "Unconstrained build operations Thread 30" [_thread_blocked, id=14604, stack(0x0000009f69600000,0x0000009f69700000)]
  0x00000233b8ffba40 JavaThread "Unconstrained build operations Thread 31" [_thread_blocked, id=13936, stack(0x0000009f69700000,0x0000009f69800000)]
  0x00000233b8ffb570 JavaThread "Unconstrained build operations Thread 32" [_thread_blocked, id=10232, stack(0x0000009f69800000,0x0000009f69900000)]
  0x00000233b8fff400 JavaThread "Unconstrained build operations Thread 33" [_thread_blocked, id=4440, stack(0x0000009f69900000,0x0000009f69a00000)]
  0x00000233b8ffbf10 JavaThread "Unconstrained build operations Thread 34" [_thread_blocked, id=7304, stack(0x0000009f69a00000,0x0000009f69b00000)]
  0x00000233b951cd00 JavaThread "Unconstrained build operations Thread 35" [_thread_blocked, id=15448, stack(0x0000009f69b00000,0x0000009f69c00000)]
  0x00000233b9519ce0 JavaThread "Unconstrained build operations Thread 36" [_thread_blocked, id=15612, stack(0x0000009f69c00000,0x0000009f69d00000)]
  0x00000233b951d1d0 JavaThread "Unconstrained build operations Thread 37" [_thread_blocked, id=15616, stack(0x0000009f69d00000,0x0000009f69e00000)]
  0x00000233b951ab50 JavaThread "Unconstrained build operations Thread 38" [_thread_blocked, id=14508, stack(0x0000009f69e00000,0x0000009f69f00000)]
  0x00000233b9519810 JavaThread "Unconstrained build operations Thread 39" [_thread_blocked, id=14464, stack(0x0000009f69f00000,0x0000009f6a000000)]
  0x00000233b951c360 JavaThread "Unconstrained build operations Thread 40" [_thread_blocked, id=15784, stack(0x0000009f6a000000,0x0000009f6a100000)]
  0x00000233b951a680 JavaThread "Unconstrained build operations Thread 41" [_thread_blocked, id=15804, stack(0x0000009f6a100000,0x0000009f6a200000)]
  0x00000233b951eeb0 JavaThread "Unconstrained build operations Thread 42" [_thread_blocked, id=15816, stack(0x0000009f6a200000,0x0000009f6a300000)]
  0x00000233b95201f0 JavaThread "Unconstrained build operations Thread 43" [_thread_blocked, id=15796, stack(0x0000009f6a300000,0x0000009f6a400000)]
  0x00000233b95206c0 JavaThread "Unconstrained build operations Thread 44" [_thread_blocked, id=15820, stack(0x0000009f6a400000,0x0000009f6a500000)]
  0x00000233b951f850 JavaThread "Unconstrained build operations Thread 45" [_thread_blocked, id=15828, stack(0x0000009f6a500000,0x0000009f6a600000)]
  0x00000233b951e510 JavaThread "Unconstrained build operations Thread 46" [_thread_blocked, id=15840, stack(0x0000009f6a600000,0x0000009f6a700000)]
  0x00000233b951f380 JavaThread "Unconstrained build operations Thread 47" [_thread_blocked, id=15844, stack(0x0000009f6a700000,0x0000009f6a800000)]
  0x00000233b951db70 JavaThread "Unconstrained build operations Thread 48" [_thread_blocked, id=15856, stack(0x0000009f6a800000,0x0000009f6a900000)]
  0x00000233b951a1b0 JavaThread "Unconstrained build operations Thread 49" [_thread_blocked, id=15868, stack(0x0000009f6a900000,0x0000009f6aa00000)]
  0x00000233b9520b90 JavaThread "Unconstrained build operations Thread 50" [_thread_blocked, id=15836, stack(0x0000009f6aa00000,0x0000009f6ab00000)]
  0x00000233b9521060 JavaThread "Unconstrained build operations Thread 51" [_thread_blocked, id=15908, stack(0x0000009f6ab00000,0x0000009f6ac00000)]
  0x00000233b951b020 JavaThread "Unconstrained build operations Thread 52" [_thread_blocked, id=15872, stack(0x0000009f6ac00000,0x0000009f6ad00000)]
  0x00000233b951e040 JavaThread "Unconstrained build operations Thread 53" [_thread_blocked, id=15876, stack(0x0000009f6ad00000,0x0000009f6ae00000)]
  0x00000233b951b4f0 JavaThread "Unconstrained build operations Thread 54" [_thread_blocked, id=15888, stack(0x0000009f6ae00000,0x0000009f6af00000)]
  0x00000233b951b9c0 JavaThread "Unconstrained build operations Thread 55" [_thread_blocked, id=14764, stack(0x0000009f6af00000,0x0000009f6b000000)]
  0x00000233b951d6a0 JavaThread "Unconstrained build operations Thread 56" [_thread_blocked, id=15464, stack(0x0000009f6b000000,0x0000009f6b100000)]
  0x00000233b951fd20 JavaThread "Unconstrained build operations Thread 57" [_thread_blocked, id=11280, stack(0x0000009f6b100000,0x0000009f6b200000)]
  0x00000233b951be90 JavaThread "Unconstrained build operations Thread 58" [_thread_blocked, id=15632, stack(0x0000009f6b200000,0x0000009f6b300000)]
  0x00000233b951c830 JavaThread "Unconstrained build operations Thread 59" [_thread_blocked, id=15636, stack(0x0000009f6b300000,0x0000009f6b400000)]
  0x00000233b951e9e0 JavaThread "Unconstrained build operations Thread 60" [_thread_blocked, id=4892, stack(0x0000009f6b400000,0x0000009f6b500000)]
  0x00000233bae0d620 JavaThread "Unconstrained build operations Thread 61" [_thread_blocked, id=15068, stack(0x0000009f6b500000,0x0000009f6b600000)]
  0x00000233bae09790 JavaThread "Unconstrained build operations Thread 62" [_thread_blocked, id=13304, stack(0x0000009f6b600000,0x0000009f6b700000)]
  0x00000233bae0daf0 JavaThread "Unconstrained build operations Thread 63" [_thread_blocked, id=15480, stack(0x0000009f6b700000,0x0000009f6b800000)]
  0x00000233bae0aad0 JavaThread "Unconstrained build operations Thread 64" [_thread_blocked, id=15476, stack(0x0000009f6b800000,0x0000009f6b900000)]
  0x00000233bae0dfc0 JavaThread "Unconstrained build operations Thread 65" [_thread_blocked, id=14020, stack(0x0000009f6b900000,0x0000009f6ba00000)]
  0x00000233bae0b940 JavaThread "Unconstrained build operations Thread 66" [_thread_blocked, id=9632, stack(0x0000009f6ba00000,0x0000009f6bb00000)]
  0x00000233bae0e490 JavaThread "Unconstrained build operations Thread 67" [_thread_blocked, id=12868, stack(0x0000009f6bb00000,0x0000009f6bc00000)]
  0x00000233bae0be10 JavaThread "Unconstrained build operations Thread 68" [_thread_blocked, id=15496, stack(0x0000009f6bc00000,0x0000009f6bd00000)]
  0x00000233bae07ab0 JavaThread "Unconstrained build operations Thread 69" [_thread_blocked, id=13976, stack(0x0000009f6bd00000,0x0000009f6be00000)]
  0x00000233bae0f300 JavaThread "Unconstrained build operations Thread 70" [_thread_blocked, id=14304, stack(0x0000009f6be00000,0x0000009f6bf00000)]
  0x00000233bae07f80 JavaThread "Unconstrained build operations Thread 71" [_thread_blocked, id=15560, stack(0x0000009f6bf00000,0x0000009f6c000000)]
  0x00000233bae0e960 JavaThread "Unconstrained build operations Thread 72" [_thread_blocked, id=15552, stack(0x0000009f6c000000,0x0000009f6c100000)]
  0x00000233bae0a130 JavaThread "Unconstrained build operations Thread 73" [_thread_blocked, id=15556, stack(0x0000009f6c100000,0x0000009f6c200000)]
  0x00000233bae0ee30 JavaThread "Unconstrained build operations Thread 74" [_thread_blocked, id=13008, stack(0x0000009f6c200000,0x0000009f6c300000)]
  0x00000233bae08450 JavaThread "Unconstrained build operations Thread 75" [_thread_blocked, id=13752, stack(0x0000009f6c300000,0x0000009f6c400000)]
  0x00000233bae0a600 JavaThread "Unconstrained build operations Thread 76" [_thread_blocked, id=15736, stack(0x0000009f6c400000,0x0000009f6c500000)]
  0x00000233bae08920 JavaThread "Unconstrained build operations Thread 77" [_thread_blocked, id=15860, stack(0x0000009f6c500000,0x0000009f6c600000)]
  0x00000233bae08df0 JavaThread "Unconstrained build operations Thread 78" [_thread_blocked, id=13764, stack(0x0000009f6c600000,0x0000009f6c700000)]
  0x00000233bae092c0 JavaThread "Unconstrained build operations Thread 79" [_thread_blocked, id=15212, stack(0x0000009f6c700000,0x0000009f6c800000)]
  0x00000233bae0b470 JavaThread "Unconstrained build operations Thread 80" [_thread_blocked, id=15808, stack(0x0000009f6c800000,0x0000009f6c900000)]
  0x00000233bae09c60 JavaThread "jar transforms Thread 6" [_thread_blocked, id=16088, stack(0x0000009f6c900000,0x0000009f6ca00000)]
  0x00000233bae0afa0 JavaThread "jar transforms Thread 7" [_thread_blocked, id=15608, stack(0x0000009f6ca00000,0x0000009f6cb00000)]
  0x00000233bae0c2e0 JavaThread "jar transforms Thread 8" [_thread_blocked, id=16044, stack(0x0000009f6cb00000,0x0000009f6cc00000)]
  0x00000233bae0c7b0 JavaThread "build event listener" [_thread_blocked, id=16128, stack(0x0000009f6cd00000,0x0000009f6ce00000)]
  0x00000233bae0d150 JavaThread "Memory manager" [_thread_blocked, id=16132, stack(0x0000009f6cf00000,0x0000009f6d000000)]
  0x00000233bdca9350 JavaThread "included builds" [_thread_blocked, id=14896, stack(0x0000009f6d000000,0x0000009f6d100000)]
  0x00000233bdcaa690 JavaThread "Execution worker" [_thread_blocked, id=14944, stack(0x0000009f6d100000,0x0000009f6d200000)]
  0x00000233bdca9820 JavaThread "Execution worker Thread 2" [_thread_blocked, id=15488, stack(0x0000009f6d200000,0x0000009f6d300000)]
  0x00000233bdcaa1c0 JavaThread "Execution worker Thread 3" [_thread_blocked, id=15484, stack(0x0000009f6d300000,0x0000009f6d400000)]
  0x00000233bdcae520 JavaThread "Execution worker Thread 4" [_thread_blocked, id=13216, stack(0x0000009f6d400000,0x0000009f6d500000)]
  0x00000233bdcadb80 JavaThread "Execution worker Thread 5" [_thread_blocked, id=15080, stack(0x0000009f6d500000,0x0000009f6d600000)]
  0x00000233bdcac370 JavaThread "Execution worker Thread 6" [_thread_blocked, id=14316, stack(0x0000009f6d600000,0x0000009f6d700000)]
  0x00000233bdcaab60 JavaThread "Execution worker Thread 7" [_thread_blocked, id=15772, stack(0x0000009f6d700000,0x0000009f6d800000)]
  0x00000233bdcae9f0 JavaThread "Cache worker for execution history cache (E:\AndroidStudioProject\MyMovies\.gradle\8.0\executionHistory)" [_thread_blocked, id=16172, stack(0x0000009f6d800000,0x0000009f6d900000)]
  0x00000233bdca9cf0 JavaThread "WorkerExecutor Queue" [_thread_blocked, id=16280, stack(0x0000009f6de00000,0x0000009f6df00000)]
  0x00000233bdca7670 JavaThread "WorkerExecutor Queue Thread 2" [_thread_blocked, id=16004, stack(0x0000009f6df00000,0x0000009f6e000000)]
  0x00000233bdcab500 JavaThread "WorkerExecutor Queue Thread 3" [_thread_blocked, id=15600, stack(0x0000009f6e000000,0x0000009f6e100000)]
  0x00000233bdcac840 JavaThread "WorkerExecutor Queue Thread 4" [_thread_blocked, id=15592, stack(0x0000009f6e100000,0x0000009f6e200000)]
  0x00000233bdcaeec0 JavaThread "WorkerExecutor Queue Thread 5" [_thread_blocked, id=15444, stack(0x0000009f6e200000,0x0000009f6e300000)]
  0x00000233c0c34fc0 JavaThread "WorkerExecutor Queue Thread 6" [_thread_blocked, id=16000, stack(0x0000009f6e300000,0x0000009f6e400000)]
  0x00000233c0c33c80 JavaThread "pool-3-thread-1" [_thread_blocked, id=16264, stack(0x0000009f6e400000,0x0000009f6e500000)]
  0x00000233c0c32940 JavaThread "stderr" [_thread_in_native, id=15748, stack(0x0000009f6da00000,0x0000009f6db00000)]
  0x00000233c0c34620 JavaThread "stdout" [_thread_in_native, id=16284, stack(0x0000009f6e500000,0x0000009f6e600000)]
  0x00000233c0c31ad0 JavaThread "Cache worker for Java compile cache (C:\Users\Alexx\.gradle\caches\8.0\javaCompile)" [_thread_blocked, id=15948, stack(0x0000009f6e700000,0x0000009f6e800000)]
  0x00000233c0c32470 JavaThread "Build operations" [_thread_blocked, id=15676, stack(0x0000009f6e600000,0x0000009f6e700000)]
  0x00000233c0c34150 JavaThread "Build operations Thread 2" [_thread_blocked, id=16252, stack(0x0000009f6e800000,0x0000009f6e900000)]
  0x00000233c0c32e10 JavaThread "Build operations Thread 3" [_thread_blocked, id=16240, stack(0x0000009f6e900000,0x0000009f6ea00000)]
  0x00000233c0c332e0 JavaThread "Build operations Thread 4" [_thread_blocked, id=15724, stack(0x0000009f6ea00000,0x0000009f6eb00000)]
  0x00000233c125b540 JavaThread "Build operations Thread 5" [_thread_blocked, id=15108, stack(0x0000009f6eb00000,0x0000009f6ec00000)]
  0x00000233c1259860 JavaThread "Build operations Thread 6" [_thread_blocked, id=14756, stack(0x0000009f6ec00000,0x0000009f6ed00000)]
  0x00000233c125c3b0 JavaThread "Build operations Thread 7" [_thread_blocked, id=12936, stack(0x0000009f6ed00000,0x0000009f6ee00000)]
  0x00000233c1258520 JavaThread "Build operations Thread 8" [_thread_blocked, id=15180, stack(0x0000009f6ee00000,0x0000009f6ef00000)]
  0x00000233bdfca570 JavaThread "C2 CompilerThread1" daemon [_thread_blocked, id=10568, stack(0x0000009f6d900000,0x0000009f6da00000)]
  0x00000233bdfc7cf0 JavaThread "C2 CompilerThread2" daemon [_thread_blocked, id=10312, stack(0x0000009f6ef00000,0x0000009f6f000000)]
  0x00000233c125ea30 JavaThread "WorkerExecutor Queue Thread 7" [_thread_blocked, id=14132, stack(0x0000009f6f000000,0x0000009f6f100000)]
  0x00000233c125ba10 JavaThread "WorkerExecutor Queue Thread 8" [_thread_blocked, id=15460, stack(0x0000009f6f100000,0x0000009f6f200000)]

Other Threads:
=>0x00000233b6420740 VMThread "VM Thread" [stack: 0x0000009f64700000,0x0000009f64800000] [id=14828]
  0x000002339bc53820 WatcherThread [stack: 0x0000009f65300000,0x0000009f65400000] [id=4640]
  0x000002339bc38460 GCTaskThread "GC Thread#0" [stack: 0x0000009f64200000,0x0000009f64300000] [id=9156]
  0x00000233b6d53d40 GCTaskThread "GC Thread#1" [stack: 0x0000009f65600000,0x0000009f65700000] [id=3824]
  0x00000233b6d53ff0 GCTaskThread "GC Thread#2" [stack: 0x0000009f65700000,0x0000009f65800000] [id=12800]
  0x00000233b6d54550 GCTaskThread "GC Thread#3" [stack: 0x0000009f65800000,0x0000009f65900000] [id=11184]
  0x00000233b6d55010 GCTaskThread "GC Thread#4" [stack: 0x0000009f65500000,0x0000009f65600000] [id=11168]
  0x00000233b6d53a90 GCTaskThread "GC Thread#5" [stack: 0x0000009f65b00000,0x0000009f65c00000] [id=14492]
  0x00000233b6d54800 GCTaskThread "GC Thread#6" [stack: 0x0000009f66300000,0x0000009f66400000] [id=15432]
  0x00000233b6d54ab0 GCTaskThread "GC Thread#7" [stack: 0x0000009f66400000,0x0000009f66500000] [id=14780]
  0x000002339bc496d0 ConcurrentGCThread "G1 Main Marker" [stack: 0x0000009f64300000,0x0000009f64400000] [id=13484]
  0x000002339bc4a790 ConcurrentGCThread "G1 Conc#0" [stack: 0x0000009f64400000,0x0000009f64500000] [id=14172]
  0x00000233b949dfb0 ConcurrentGCThread "G1 Conc#1" [stack: 0x0000009f66500000,0x0000009f66600000] [id=15116]
  0x000002339bc9db00 ConcurrentGCThread "G1 Refine#0" [stack: 0x0000009f64500000,0x0000009f64600000] [id=13688]
  0x00000233b921bdc0 ConcurrentGCThread "G1 Refine#1" [stack: 0x0000009f6db00000,0x0000009f6dc00000] [id=16268]
  0x00000233bbf728b0 ConcurrentGCThread "G1 Refine#2" [stack: 0x0000009f6dc00000,0x0000009f6dd00000] [id=16196]
  0x00000233bbf73150 ConcurrentGCThread "G1 Refine#3" [stack: 0x0000009f6dd00000,0x0000009f6de00000] [id=16232]
  0x000002339bc9e430 ConcurrentGCThread "G1 Service" [stack: 0x0000009f64600000,0x0000009f64700000] [id=11252]

Threads with active compile tasks:
C2 CompilerThread0    55147 19137 %     4       com.android.tools.r8.ir.optimize.F::m @ 1960 (2010 bytes)
C1 CompilerThread0    55147 20165       3       com.android.tools.r8.graph.e5$$Lambda$3452/0x0000000101389548::compare (16 bytes)
C2 CompilerThread1    55147 20159       4       com.android.tools.r8.graph.e5$$Lambda$3445/0x00000001013882b8::compare (12 bytes)
C2 CompilerThread2    55147 20077       4       com.android.tools.r8.internal.gl::a (308 bytes)

VM state: at safepoint (normal execution)

VM Mutex/Monitor currently owned by a thread:  ([mutex/lock_event])
[0x000002339bbd8ca0] Threads_lock - owner thread: 0x00000233b6420740
[0x000002339bbd9d80] Heap_lock - owner thread: 0x00000233c125ba10

Heap address: 0x0000000080000000, size: 2048 MB, Compressed Oops mode: 32-bit

CDS archive(s) not mapped
Compressed class space mapped at: 0x0000000100000000-0x0000000140000000, reserved size: 1073741824
Narrow klass base: 0x0000000000000000, Narrow klass shift: 3, Narrow klass range: 0x140000000

GC Precious Log:
 CPUs: 8 total, 8 available
 Memory: 12285M
 Large Page Support: Disabled
 NUMA Support: Disabled
 Compressed Oops: Enabled (32-bit)
 Heap Region Size: 1M
 Heap Min Capacity: 8M
 Heap Initial Capacity: 192M
 Heap Max Capacity: 2G
 Pre-touch: Disabled
 Parallel Workers: 8
 Concurrent Workers: 2
 Concurrent Refinement Workers: 8
 Periodic GC: Disabled

Heap:
 garbage-first heap   total 247808K, used 154892K [0x0000000080000000, 0x0000000100000000)
  region size 1024K, 2 young (2048K), 2 survivors (2048K)
 Metaspace       used 146614K, committed 147520K, reserved 1179648K
  class space    used 19732K, committed 20160K, reserved 1048576K

Heap Regions: E=young(eden), S=young(survivor), O=old, HS=humongous(starts), HC=humongous(continues), CS=collection set, F=free, OA=open archive, CA=closed archive, TAMS=top-at-mark-start (previous, next)
|   0|0x0000000080000000, 0x0000000080100000, 0x0000000080100000|100%|HS|  |TAMS 0x0000000080100000, 0x0000000080000000| Complete 
|   1|0x0000000080100000, 0x0000000080200000, 0x0000000080200000|100%|HC|  |TAMS 0x0000000080200000, 0x0000000080100000| Complete 
|   2|0x0000000080200000, 0x0000000080300000, 0x0000000080300000|100%|HC|  |TAMS 0x0000000080300000, 0x0000000080200000| Complete 
|   3|0x0000000080300000, 0x0000000080400000, 0x0000000080400000|100%|HC|  |TAMS 0x0000000080400000, 0x0000000080300000| Complete 
|   4|0x0000000080400000, 0x0000000080500000, 0x0000000080500000|100%| O|  |TAMS 0x0000000080500000, 0x0000000080400000| Untracked 
|   5|0x0000000080500000, 0x0000000080600000, 0x0000000080600000|100%| O|  |TAMS 0x0000000080600000, 0x0000000080500000| Untracked 
|   6|0x0000000080600000, 0x0000000080700000, 0x0000000080700000|100%| O|  |TAMS 0x0000000080700000, 0x0000000080600000| Untracked 
|   7|0x0000000080700000, 0x0000000080800000, 0x0000000080800000|100%| O|  |TAMS 0x0000000080800000, 0x0000000080700000| Untracked 
|   8|0x0000000080800000, 0x0000000080900000, 0x0000000080900000|100%| O|  |TAMS 0x0000000080900000, 0x0000000080800000| Untracked 
|   9|0x0000000080900000, 0x0000000080a00000, 0x0000000080a00000|100%| O|  |TAMS 0x0000000080a00000, 0x0000000080900000| Untracked 
|  10|0x0000000080a00000, 0x0000000080b00000, 0x0000000080b00000|100%| O|  |TAMS 0x0000000080b00000, 0x0000000080a00000| Untracked 
|  11|0x0000000080b00000, 0x0000000080c00000, 0x0000000080c00000|100%| O|  |TAMS 0x0000000080c00000, 0x0000000080b00000| Untracked 
|  12|0x0000000080c00000, 0x0000000080d00000, 0x0000000080d00000|100%| O|  |TAMS 0x0000000080d00000, 0x0000000080c00000| Untracked 
|  13|0x0000000080d00000, 0x0000000080e00000, 0x0000000080e00000|100%| O|  |TAMS 0x0000000080e00000, 0x0000000080d00000| Untracked 
|  14|0x0000000080e00000, 0x0000000080f00000, 0x0000000080f00000|100%| O|  |TAMS 0x0000000080f00000, 0x0000000080e00000| Untracked 
|  15|0x0000000080f00000, 0x0000000081000000, 0x0000000081000000|100%| O|  |TAMS 0x0000000081000000, 0x0000000080f00000| Untracked 
|  16|0x0000000081000000, 0x0000000081100000, 0x0000000081100000|100%| O|  |TAMS 0x0000000081100000, 0x0000000081000000| Untracked 
|  17|0x0000000081100000, 0x0000000081200000, 0x0000000081200000|100%| O|  |TAMS 0x0000000081200000, 0x0000000081100000| Untracked 
|  18|0x0000000081200000, 0x0000000081300000, 0x0000000081300000|100%| O|  |TAMS 0x0000000081300000, 0x0000000081200000| Untracked 
|  19|0x0000000081300000, 0x0000000081400000, 0x0000000081400000|100%| O|  |TAMS 0x0000000081400000, 0x0000000081300000| Untracked 
|  20|0x0000000081400000, 0x0000000081500000, 0x0000000081500000|100%| O|  |TAMS 0x0000000081500000, 0x0000000081400000| Untracked 
|  21|0x0000000081500000, 0x0000000081600000, 0x0000000081600000|100%| O|  |TAMS 0x0000000081600000, 0x0000000081500000| Untracked 
|  22|0x0000000081600000, 0x0000000081700000, 0x0000000081700000|100%| O|  |TAMS 0x0000000081700000, 0x0000000081600000| Untracked 
|  23|0x0000000081700000, 0x0000000081800000, 0x0000000081800000|100%| O|  |TAMS 0x0000000081800000, 0x0000000081700000| Untracked 
|  24|0x0000000081800000, 0x0000000081900000, 0x0000000081900000|100%| O|  |TAMS 0x0000000081900000, 0x0000000081800000| Untracked 
|  25|0x0000000081900000, 0x0000000081a00000, 0x0000000081a00000|100%| O|  |TAMS 0x0000000081a00000, 0x0000000081900000| Untracked 
|  26|0x0000000081a00000, 0x0000000081b00000, 0x0000000081b00000|100%| O|  |TAMS 0x0000000081b00000, 0x0000000081a00000| Untracked 
|  27|0x0000000081b00000, 0x0000000081c00000, 0x0000000081c00000|100%| O|  |TAMS 0x0000000081c00000, 0x0000000081b00000| Untracked 
|  28|0x0000000081c00000, 0x0000000081d00000, 0x0000000081d00000|100%| O|  |TAMS 0x0000000081d00000, 0x0000000081c00000| Untracked 
|  29|0x0000000081d00000, 0x0000000081e00000, 0x0000000081e00000|100%| O|  |TAMS 0x0000000081e00000, 0x0000000081d00000| Untracked 
|  30|0x0000000081e00000, 0x0000000081f00000, 0x0000000081f00000|100%| O|  |TAMS 0x0000000081f00000, 0x0000000081e00000| Untracked 
|  31|0x0000000081f00000, 0x0000000082000000, 0x0000000082000000|100%|HS|  |TAMS 0x0000000082000000, 0x0000000081f00000| Complete 
|  32|0x0000000082000000, 0x0000000082100000, 0x0000000082100000|100%|HS|  |TAMS 0x0000000082100000, 0x0000000082000000| Complete 
|  33|0x0000000082100000, 0x0000000082200000, 0x0000000082200000|100%|HS|  |TAMS 0x0000000082200000, 0x0000000082100000| Complete 
|  34|0x0000000082200000, 0x0000000082300000, 0x0000000082300000|100%| O|  |TAMS 0x0000000082300000, 0x0000000082200000| Untracked 
|  35|0x0000000082300000, 0x0000000082400000, 0x0000000082400000|100%| O|  |TAMS 0x0000000082400000, 0x0000000082300000| Untracked 
|  36|0x0000000082400000, 0x0000000082500000, 0x0000000082500000|100%| O|  |TAMS 0x0000000082500000, 0x0000000082400000| Untracked 
|  37|0x0000000082500000, 0x0000000082600000, 0x0000000082600000|100%| O|  |TAMS 0x0000000082600000, 0x0000000082500000| Untracked 
|  38|0x0000000082600000, 0x0000000082700000, 0x0000000082700000|100%| O|  |TAMS 0x0000000082700000, 0x0000000082600000| Untracked 
|  39|0x0000000082700000, 0x0000000082800000, 0x0000000082800000|100%| O|  |TAMS 0x0000000082800000, 0x0000000082700000| Untracked 
|  40|0x0000000082800000, 0x0000000082900000, 0x0000000082900000|100%| O|  |TAMS 0x0000000082900000, 0x0000000082800000| Untracked 
|  41|0x0000000082900000, 0x0000000082a00000, 0x0000000082a00000|100%| O|  |TAMS 0x0000000082a00000, 0x0000000082900000| Untracked 
|  42|0x0000000082a00000, 0x0000000082b00000, 0x0000000082b00000|100%| O|  |TAMS 0x0000000082b00000, 0x0000000082a00000| Untracked 
|  43|0x0000000082b00000, 0x0000000082c00000, 0x0000000082c00000|100%| O|  |TAMS 0x0000000082c00000, 0x0000000082b00000| Untracked 
|  44|0x0000000082c00000, 0x0000000082d00000, 0x0000000082d00000|100%| O|  |TAMS 0x0000000082d00000, 0x0000000082c00000| Untracked 
|  45|0x0000000082d00000, 0x0000000082e00000, 0x0000000082e00000|100%| O|  |TAMS 0x0000000082e00000, 0x0000000082d00000| Untracked 
|  46|0x0000000082e00000, 0x0000000082f00000, 0x0000000082f00000|100%| O|  |TAMS 0x0000000082f00000, 0x0000000082e00000| Untracked 
|  47|0x0000000082f00000, 0x0000000083000000, 0x0000000083000000|100%| O|  |TAMS 0x0000000083000000, 0x0000000082f00000| Untracked 
|  48|0x0000000083000000, 0x0000000083100000, 0x0000000083100000|100%| O|  |TAMS 0x0000000083100000, 0x0000000083000000| Untracked 
|  49|0x0000000083100000, 0x0000000083200000, 0x0000000083200000|100%| O|  |TAMS 0x0000000083200000, 0x0000000083100000| Untracked 
|  50|0x0000000083200000, 0x0000000083300000, 0x0000000083300000|100%| O|  |TAMS 0x0000000083300000, 0x0000000083200000| Untracked 
|  51|0x0000000083300000, 0x0000000083400000, 0x0000000083400000|100%| O|  |TAMS 0x0000000083400000, 0x0000000083300000| Untracked 
|  52|0x0000000083400000, 0x0000000083500000, 0x0000000083500000|100%| O|  |TAMS 0x0000000083500000, 0x0000000083400000| Untracked 
|  53|0x0000000083500000, 0x0000000083600000, 0x0000000083600000|100%| O|  |TAMS 0x0000000083600000, 0x0000000083500000| Untracked 
|  54|0x0000000083600000, 0x0000000083700000, 0x0000000083700000|100%| O|  |TAMS 0x0000000083700000, 0x0000000083600000| Untracked 
|  55|0x0000000083700000, 0x0000000083800000, 0x0000000083800000|100%| O|  |TAMS 0x0000000083800000, 0x0000000083700000| Untracked 
|  56|0x0000000083800000, 0x0000000083900000, 0x0000000083900000|100%| O|  |TAMS 0x0000000083900000, 0x0000000083800000| Untracked 
|  57|0x0000000083900000, 0x0000000083a00000, 0x0000000083a00000|100%| O|  |TAMS 0x0000000083a00000, 0x0000000083900000| Untracked 
|  58|0x0000000083a00000, 0x0000000083b00000, 0x0000000083b00000|100%| O|  |TAMS 0x0000000083b00000, 0x0000000083a00000| Untracked 
|  59|0x0000000083b00000, 0x0000000083c00000, 0x0000000083c00000|100%| O|  |TAMS 0x0000000083c00000, 0x0000000083b00000| Untracked 
|  60|0x0000000083c00000, 0x0000000083d00000, 0x0000000083d00000|100%| O|  |TAMS 0x0000000083d00000, 0x0000000083c00000| Untracked 
|  61|0x0000000083d00000, 0x0000000083e00000, 0x0000000083e00000|100%| O|  |TAMS 0x0000000083e00000, 0x0000000083d00000| Untracked 
|  62|0x0000000083e00000, 0x0000000083f00000, 0x0000000083f00000|100%| O|  |TAMS 0x0000000083f00000, 0x0000000083e00000| Untracked 
|  63|0x0000000083f00000, 0x0000000084000000, 0x0000000084000000|100%| O|  |TAMS 0x0000000084000000, 0x0000000083f00000| Untracked 
|  64|0x0000000084000000, 0x0000000084100000, 0x0000000084100000|100%| O|  |TAMS 0x0000000084100000, 0x0000000084000000| Untracked 
|  65|0x0000000084100000, 0x0000000084200000, 0x0000000084200000|100%| O|  |TAMS 0x0000000084200000, 0x0000000084100000| Untracked 
|  66|0x0000000084200000, 0x0000000084300000, 0x0000000084300000|100%| O|  |TAMS 0x0000000084300000, 0x0000000084200000| Untracked 
|  67|0x0000000084300000, 0x0000000084400000, 0x0000000084400000|100%| O|  |TAMS 0x0000000084400000, 0x0000000084300000| Untracked 
|  68|0x0000000084400000, 0x0000000084500000, 0x0000000084500000|100%| O|  |TAMS 0x0000000084400000, 0x0000000084400000| Untracked 
|  69|0x0000000084500000, 0x0000000084600000, 0x0000000084600000|100%| O|  |TAMS 0x0000000084600000, 0x0000000084500000| Untracked 
|  70|0x0000000084600000, 0x0000000084700000, 0x0000000084700000|100%| O|  |TAMS 0x0000000084700000, 0x0000000084600000| Untracked 
|  71|0x0000000084700000, 0x0000000084800000, 0x0000000084800000|100%| O|  |TAMS 0x0000000084800000, 0x0000000084700000| Untracked 
|  72|0x0000000084800000, 0x0000000084900000, 0x0000000084900000|100%| O|  |TAMS 0x0000000084900000, 0x0000000084800000| Untracked 
|  73|0x0000000084900000, 0x0000000084a00000, 0x0000000084a00000|100%| O|  |TAMS 0x0000000084a00000, 0x0000000084900000| Untracked 
|  74|0x0000000084a00000, 0x0000000084b00000, 0x0000000084b00000|100%| O|  |TAMS 0x0000000084b00000, 0x0000000084a00000| Untracked 
|  75|0x0000000084b00000, 0x0000000084c00000, 0x0000000084c00000|100%| O|  |TAMS 0x0000000084c00000, 0x0000000084b00000| Untracked 
|  76|0x0000000084c00000, 0x0000000084d00000, 0x0000000084d00000|100%| O|  |TAMS 0x0000000084d00000, 0x0000000084c00000| Untracked 
|  77|0x0000000084d00000, 0x0000000084e00000, 0x0000000084e00000|100%| O|  |TAMS 0x0000000084e00000, 0x0000000084d00000| Untracked 
|  78|0x0000000084e00000, 0x0000000084f00000, 0x0000000084f00000|100%| O|  |TAMS 0x0000000084f00000, 0x0000000084e00000| Untracked 
|  79|0x0000000084f00000, 0x0000000085000000, 0x0000000085000000|100%| O|  |TAMS 0x0000000085000000, 0x0000000084f00000| Untracked 
|  80|0x0000000085000000, 0x0000000085100000, 0x0000000085100000|100%| O|  |TAMS 0x0000000085000000, 0x0000000085000000| Untracked 
|  81|0x0000000085100000, 0x0000000085200000, 0x0000000085200000|100%| O|  |TAMS 0x0000000085200000, 0x0000000085100000| Untracked 
|  82|0x0000000085200000, 0x0000000085300000, 0x0000000085300000|100%| O|  |TAMS 0x0000000085300000, 0x0000000085200000| Untracked 
|  83|0x0000000085300000, 0x0000000085400000, 0x0000000085400000|100%| O|  |TAMS 0x0000000085300000, 0x0000000085300000| Untracked 
|  84|0x0000000085400000, 0x0000000085500000, 0x0000000085500000|100%| O|  |TAMS 0x0000000085400000, 0x0000000085400000| Untracked 
|  85|0x0000000085500000, 0x0000000085600000, 0x0000000085600000|100%| O|  |TAMS 0x0000000085500000, 0x0000000085500000| Untracked 
|  86|0x0000000085600000, 0x0000000085700000, 0x0000000085700000|100%| O|  |TAMS 0x0000000085600000, 0x0000000085600000| Untracked 
|  87|0x0000000085700000, 0x0000000085800000, 0x0000000085800000|100%| O|  |TAMS 0x0000000085700000, 0x0000000085700000| Untracked 
|  88|0x0000000085800000, 0x0000000085900000, 0x0000000085900000|100%| O|  |TAMS 0x0000000085800000, 0x0000000085800000| Untracked 
|  89|0x0000000085900000, 0x0000000085a00000, 0x0000000085a00000|100%| O|  |TAMS 0x0000000085900000, 0x0000000085900000| Untracked 
|  90|0x0000000085a00000, 0x0000000085b00000, 0x0000000085b00000|100%| O|  |TAMS 0x0000000085a00000, 0x0000000085a00000| Untracked 
|  91|0x0000000085b00000, 0x0000000085c00000, 0x0000000085c00000|100%| O|  |TAMS 0x0000000085b00000, 0x0000000085b00000| Untracked 
|  92|0x0000000085c00000, 0x0000000085d00000, 0x0000000085d00000|100%| O|  |TAMS 0x0000000085c00000, 0x0000000085c00000| Untracked 
|  93|0x0000000085d00000, 0x0000000085e00000, 0x0000000085e00000|100%| O|  |TAMS 0x0000000085d00000, 0x0000000085d00000| Untracked 
|  94|0x0000000085e00000, 0x0000000085f00000, 0x0000000085f00000|100%| O|  |TAMS 0x0000000085e00000, 0x0000000085e00000| Untracked 
|  95|0x0000000085f00000, 0x0000000086000000, 0x0000000086000000|100%| O|  |TAMS 0x0000000085f00000, 0x0000000085f00000| Untracked 
|  96|0x0000000086000000, 0x0000000086100000, 0x0000000086100000|100%| O|  |TAMS 0x0000000086000000, 0x0000000086000000| Untracked 
|  97|0x0000000086100000, 0x0000000086200000, 0x0000000086200000|100%| O|  |TAMS 0x0000000086200000, 0x0000000086100000| Untracked 
|  98|0x0000000086200000, 0x0000000086300000, 0x0000000086300000|100%| O|  |TAMS 0x0000000086200000, 0x0000000086200000| Untracked 
|  99|0x0000000086300000, 0x0000000086400000, 0x0000000086400000|100%| O|  |TAMS 0x0000000086300000, 0x0000000086300000| Untracked 
| 100|0x0000000086400000, 0x0000000086500000, 0x0000000086500000|100%| O|  |TAMS 0x0000000086400000, 0x0000000086400000| Untracked 
| 101|0x0000000086500000, 0x0000000086600000, 0x0000000086600000|100%|HS|  |TAMS 0x0000000086500000, 0x0000000086500000| Complete 
| 102|0x0000000086600000, 0x0000000086700000, 0x0000000086700000|100%|HC|  |TAMS 0x0000000086600000, 0x0000000086600000| Complete 
| 103|0x0000000086700000, 0x0000000086800000, 0x0000000086800000|100%| O|  |TAMS 0x0000000086700000, 0x0000000086700000| Untracked 
| 104|0x0000000086800000, 0x0000000086900000, 0x0000000086900000|100%| O|  |TAMS 0x0000000086800000, 0x0000000086800000| Untracked 
| 105|0x0000000086900000, 0x0000000086a00000, 0x0000000086a00000|100%| O|  |TAMS 0x0000000086900000, 0x0000000086900000| Untracked 
| 106|0x0000000086a00000, 0x0000000086b00000, 0x0000000086b00000|100%| O|  |TAMS 0x0000000086a00000, 0x0000000086a00000| Untracked 
| 107|0x0000000086b00000, 0x0000000086c00000, 0x0000000086c00000|100%| O|  |TAMS 0x0000000086b00000, 0x0000000086b00000| Untracked 
| 108|0x0000000086c00000, 0x0000000086d00000, 0x0000000086d00000|100%| O|  |TAMS 0x0000000086c00000, 0x0000000086c00000| Untracked 
| 109|0x0000000086d00000, 0x0000000086e00000, 0x0000000086e00000|100%| O|  |TAMS 0x0000000086d00000, 0x0000000086d00000| Untracked 
| 110|0x0000000086e00000, 0x0000000086f00000, 0x0000000086f00000|100%| O|  |TAMS 0x0000000086f00000, 0x0000000086e00000| Untracked 
| 111|0x0000000086f00000, 0x0000000087000000, 0x0000000087000000|100%| O|  |TAMS 0x0000000087000000, 0x0000000086f00000| Untracked 
| 112|0x0000000087000000, 0x0000000087100000, 0x0000000087100000|100%| O|  |TAMS 0x0000000087100000, 0x0000000087000000| Untracked 
| 113|0x0000000087100000, 0x0000000087200000, 0x0000000087200000|100%| O|  |TAMS 0x0000000087200000, 0x0000000087100000| Untracked 
| 114|0x0000000087200000, 0x0000000087300000, 0x0000000087300000|100%| O|  |TAMS 0x0000000087200000, 0x0000000087200000| Untracked 
| 115|0x0000000087300000, 0x0000000087400000, 0x0000000087400000|100%| O|  |TAMS 0x0000000087400000, 0x0000000087300000| Untracked 
| 116|0x0000000087400000, 0x0000000087500000, 0x0000000087500000|100%| O|  |TAMS 0x0000000087400000, 0x0000000087400000| Untracked 
| 117|0x0000000087500000, 0x0000000087600000, 0x0000000087600000|100%| O|  |TAMS 0x0000000087500000, 0x0000000087500000| Untracked 
| 118|0x0000000087600000, 0x0000000087700000, 0x0000000087700000|100%| O|  |TAMS 0x0000000087600000, 0x0000000087600000| Untracked 
| 119|0x0000000087700000, 0x0000000087800000, 0x0000000087800000|100%| O|  |TAMS 0x0000000087800000, 0x0000000087700000| Untracked 
| 120|0x0000000087800000, 0x0000000087900000, 0x0000000087900000|100%| O|  |TAMS 0x0000000087800000, 0x0000000087800000| Untracked 
| 121|0x0000000087900000, 0x0000000087a00000, 0x0000000087a00000|100%| O|  |TAMS 0x0000000087900000, 0x0000000087900000| Untracked 
| 122|0x0000000087a00000, 0x0000000087b00000, 0x0000000087b00000|100%| O|  |TAMS 0x0000000087a00000, 0x0000000087a00000| Untracked 
| 123|0x0000000087b00000, 0x0000000087c00000, 0x0000000087c00000|100%| O|  |TAMS 0x0000000087b00000, 0x0000000087b00000| Untracked 
| 124|0x0000000087c00000, 0x0000000087d00000, 0x0000000087d00000|100%| O|  |TAMS 0x0000000087c00000, 0x0000000087c00000| Untracked 
| 125|0x0000000087d00000, 0x0000000087e00000, 0x0000000087e00000|100%| O|  |TAMS 0x0000000087d00000, 0x0000000087d00000| Untracked 
| 126|0x0000000087e00000, 0x0000000087f00000, 0x0000000087f00000|100%| O|  |TAMS 0x0000000087e00000, 0x0000000087e00000| Untracked 
| 127|0x0000000087f00000, 0x0000000088000000, 0x0000000088000000|100%| O|  |TAMS 0x0000000087f00000, 0x0000000087f00000| Untracked 
| 128|0x0000000088000000, 0x0000000088100000, 0x0000000088100000|100%| O|  |TAMS 0x0000000088000000, 0x0000000088000000| Untracked 
| 129|0x0000000088100000, 0x0000000088200000, 0x0000000088200000|100%| O|  |TAMS 0x0000000088100000, 0x0000000088100000| Untracked 
| 130|0x0000000088200000, 0x0000000088300000, 0x0000000088300000|100%| O|  |TAMS 0x0000000088200000, 0x0000000088200000| Untracked 
| 131|0x0000000088300000, 0x0000000088400000, 0x0000000088400000|100%| O|  |TAMS 0x0000000088300000, 0x0000000088300000| Untracked 
| 132|0x0000000088400000, 0x0000000088500000, 0x0000000088500000|100%| O|  |TAMS 0x0000000088400000, 0x0000000088400000| Untracked 
| 133|0x0000000088500000, 0x0000000088600000, 0x0000000088600000|100%| O|  |TAMS 0x0000000088500000, 0x0000000088500000| Untracked 
| 134|0x0000000088600000, 0x0000000088700000, 0x0000000088700000|100%| O|  |TAMS 0x0000000088600000, 0x0000000088600000| Untracked 
| 135|0x0000000088700000, 0x0000000088800000, 0x0000000088800000|100%| O|  |TAMS 0x0000000088700000, 0x0000000088700000| Untracked 
| 136|0x0000000088800000, 0x0000000088900000, 0x0000000088900000|100%| O|  |TAMS 0x0000000088800000, 0x0000000088800000| Untracked 
| 137|0x0000000088900000, 0x0000000088a00000, 0x0000000088a00000|100%| O|  |TAMS 0x0000000088900000, 0x0000000088900000| Untracked 
| 138|0x0000000088a00000, 0x0000000088b00000, 0x0000000088b00000|100%| O|  |TAMS 0x0000000088a00000, 0x0000000088a00000| Untracked 
| 139|0x0000000088b00000, 0x0000000088c00000, 0x0000000088c00000|100%| O|  |TAMS 0x0000000088b00000, 0x0000000088b00000| Untracked 
| 140|0x0000000088c00000, 0x0000000088d00000, 0x0000000088d00000|100%| O|  |TAMS 0x0000000088c00000, 0x0000000088c00000| Untracked 
| 141|0x0000000088d00000, 0x0000000088e00000, 0x0000000088e00000|100%| O|  |TAMS 0x0000000088d00000, 0x0000000088d00000| Untracked 
| 142|0x0000000088e00000, 0x0000000088f00000, 0x0000000088f00000|100%| O|  |TAMS 0x0000000088e00000, 0x0000000088e00000| Untracked 
| 143|0x0000000088f00000, 0x0000000089000000, 0x0000000089000000|100%| O|  |TAMS 0x0000000088f00000, 0x0000000088f00000| Untracked 
| 144|0x0000000089000000, 0x0000000089100000, 0x0000000089100000|100%| O|  |TAMS 0x0000000089000000, 0x0000000089000000| Untracked 
| 145|0x0000000089100000, 0x0000000089200000, 0x0000000089200000|100%| O|  |TAMS 0x0000000089100000, 0x0000000089100000| Untracked 
| 146|0x0000000089200000, 0x0000000089300000, 0x0000000089300000|100%| O|  |TAMS 0x0000000089200000, 0x0000000089200000| Untracked 
| 147|0x0000000089300000, 0x0000000089400000, 0x0000000089400000|100%| O|  |TAMS 0x0000000089300000, 0x0000000089300000| Untracked 
| 148|0x0000000089400000, 0x0000000089500000, 0x0000000089500000|100%| O|  |TAMS 0x0000000089400000, 0x0000000089400000| Untracked 
| 149|0x0000000089500000, 0x0000000089581800, 0x0000000089600000| 50%| O|  |TAMS 0x0000000089500000, 0x0000000089500000| Untracked 
| 150|0x0000000089600000, 0x0000000089600000, 0x0000000089700000|  0%| F|  |TAMS 0x0000000089600000, 0x0000000089600000| Untracked 
| 151|0x0000000089700000, 0x0000000089700000, 0x0000000089800000|  0%| F|  |TAMS 0x0000000089700000, 0x0000000089700000| Untracked 
| 152|0x0000000089800000, 0x0000000089800000, 0x0000000089900000|  0%| F|  |TAMS 0x0000000089800000, 0x0000000089800000| Untracked 
| 153|0x0000000089900000, 0x0000000089900000, 0x0000000089a00000|  0%| F|  |TAMS 0x0000000089900000, 0x0000000089900000| Untracked 
| 154|0x0000000089a00000, 0x0000000089a00000, 0x0000000089b00000|  0%| F|  |TAMS 0x0000000089a00000, 0x0000000089a00000| Untracked 
| 155|0x0000000089b00000, 0x0000000089b00000, 0x0000000089c00000|  0%| F|  |TAMS 0x0000000089b00000, 0x0000000089b00000| Untracked 
| 156|0x0000000089c00000, 0x0000000089c00000, 0x0000000089d00000|  0%| F|  |TAMS 0x0000000089c00000, 0x0000000089c00000| Untracked 
| 157|0x0000000089d00000, 0x0000000089d00000, 0x0000000089e00000|  0%| F|  |TAMS 0x0000000089d00000, 0x0000000089d00000| Untracked 
| 158|0x0000000089e00000, 0x0000000089e00000, 0x0000000089f00000|  0%| F|  |TAMS 0x0000000089e00000, 0x0000000089e00000| Untracked 
| 159|0x0000000089f00000, 0x0000000089f00000, 0x000000008a000000|  0%| F|  |TAMS 0x0000000089f00000, 0x0000000089f00000| Untracked 
| 160|0x000000008a000000, 0x000000008a000000, 0x000000008a100000|  0%| F|  |TAMS 0x000000008a000000, 0x000000008a000000| Untracked 
| 161|0x000000008a100000, 0x000000008a100000, 0x000000008a200000|  0%| F|  |TAMS 0x000000008a100000, 0x000000008a100000| Untracked 
| 162|0x000000008a200000, 0x000000008a200000, 0x000000008a300000|  0%| F|  |TAMS 0x000000008a200000, 0x000000008a200000| Untracked 
| 163|0x000000008a300000, 0x000000008a300000, 0x000000008a400000|  0%| F|  |TAMS 0x000000008a300000, 0x000000008a300000| Untracked 
| 164|0x000000008a400000, 0x000000008a400000, 0x000000008a500000|  0%| F|  |TAMS 0x000000008a400000, 0x000000008a400000| Untracked 
| 165|0x000000008a500000, 0x000000008a500000, 0x000000008a600000|  0%| F|  |TAMS 0x000000008a500000, 0x000000008a500000| Untracked 
| 166|0x000000008a600000, 0x000000008a600000, 0x000000008a700000|  0%| F|  |TAMS 0x000000008a600000, 0x000000008a600000| Untracked 
| 167|0x000000008a700000, 0x000000008a700000, 0x000000008a800000|  0%| F|  |TAMS 0x000000008a700000, 0x000000008a700000| Untracked 
| 168|0x000000008a800000, 0x000000008a800000, 0x000000008a900000|  0%| F|  |TAMS 0x000000008a800000, 0x000000008a800000| Untracked 
| 169|0x000000008a900000, 0x000000008a900000, 0x000000008aa00000|  0%| F|  |TAMS 0x000000008a900000, 0x000000008a900000| Untracked 
| 170|0x000000008aa00000, 0x000000008aa00000, 0x000000008ab00000|  0%| F|  |TAMS 0x000000008aa00000, 0x000000008aa00000| Untracked 
| 171|0x000000008ab00000, 0x000000008ab00000, 0x000000008ac00000|  0%| F|  |TAMS 0x000000008ab00000, 0x000000008ab00000| Untracked 
| 172|0x000000008ac00000, 0x000000008ac00000, 0x000000008ad00000|  0%| F|  |TAMS 0x000000008ac00000, 0x000000008ac00000| Untracked 
| 173|0x000000008ad00000, 0x000000008ad00000, 0x000000008ae00000|  0%| F|  |TAMS 0x000000008ad00000, 0x000000008ad00000| Untracked 
| 174|0x000000008ae00000, 0x000000008ae00000, 0x000000008af00000|  0%| F|  |TAMS 0x000000008ae00000, 0x000000008ae00000| Untracked 
| 175|0x000000008af00000, 0x000000008af00000, 0x000000008b000000|  0%| F|  |TAMS 0x000000008af00000, 0x000000008af00000| Untracked 
| 176|0x000000008b000000, 0x000000008b000000, 0x000000008b100000|  0%| F|  |TAMS 0x000000008b000000, 0x000000008b000000| Untracked 
| 177|0x000000008b100000, 0x000000008b100000, 0x000000008b200000|  0%| F|  |TAMS 0x000000008b100000, 0x000000008b100000| Untracked 
| 178|0x000000008b200000, 0x000000008b200000, 0x000000008b300000|  0%| F|  |TAMS 0x000000008b200000, 0x000000008b200000| Untracked 
| 179|0x000000008b300000, 0x000000008b300000, 0x000000008b400000|  0%| F|  |TAMS 0x000000008b300000, 0x000000008b300000| Untracked 
| 180|0x000000008b400000, 0x000000008b400000, 0x000000008b500000|  0%| F|  |TAMS 0x000000008b400000, 0x000000008b400000| Untracked 
| 181|0x000000008b500000, 0x000000008b500000, 0x000000008b600000|  0%| F|  |TAMS 0x000000008b500000, 0x000000008b500000| Untracked 
| 182|0x000000008b600000, 0x000000008b600000, 0x000000008b700000|  0%| F|  |TAMS 0x000000008b600000, 0x000000008b600000| Untracked 
| 183|0x000000008b700000, 0x000000008b700000, 0x000000008b800000|  0%| F|  |TAMS 0x000000008b700000, 0x000000008b700000| Untracked 
| 184|0x000000008b800000, 0x000000008b800000, 0x000000008b900000|  0%| F|  |TAMS 0x000000008b800000, 0x000000008b800000| Untracked 
| 185|0x000000008b900000, 0x000000008b900000, 0x000000008ba00000|  0%| F|  |TAMS 0x000000008b900000, 0x000000008b900000| Untracked 
| 186|0x000000008ba00000, 0x000000008ba00000, 0x000000008bb00000|  0%| F|  |TAMS 0x000000008ba00000, 0x000000008ba00000| Untracked 
| 187|0x000000008bb00000, 0x000000008bb00000, 0x000000008bc00000|  0%| F|  |TAMS 0x000000008bb00000, 0x000000008bb00000| Untracked 
| 188|0x000000008bc00000, 0x000000008bc00000, 0x000000008bd00000|  0%| F|  |TAMS 0x000000008bc00000, 0x000000008bc00000| Untracked 
| 189|0x000000008bd00000, 0x000000008bd00000, 0x000000008be00000|  0%| F|  |TAMS 0x000000008bd00000, 0x000000008bd00000| Untracked 
| 190|0x000000008be00000, 0x000000008bec1ab0, 0x000000008bf00000| 75%| S|CS|TAMS 0x000000008be00000, 0x000000008be00000| Complete 
| 191|0x000000008bf00000, 0x000000008c000000, 0x000000008c000000|100%| S|CS|TAMS 0x000000008bf00000, 0x000000008bf00000| Complete 
| 192|0x000000008c000000, 0x000000008c000000, 0x000000008c100000|  0%| F|  |TAMS 0x000000008c000000, 0x000000008c000000| Untracked 
| 193|0x000000008c100000, 0x000000008c100000, 0x000000008c200000|  0%| F|  |TAMS 0x000000008c100000, 0x000000008c100000| Untracked 
| 194|0x000000008c200000, 0x000000008c200000, 0x000000008c300000|  0%| F|  |TAMS 0x000000008c200000, 0x000000008c200000| Untracked 
| 195|0x000000008c300000, 0x000000008c300000, 0x000000008c400000|  0%| F|  |TAMS 0x000000008c300000, 0x000000008c300000| Untracked 
| 196|0x000000008c400000, 0x000000008c400000, 0x000000008c500000|  0%| F|  |TAMS 0x000000008c400000, 0x000000008c400000| Untracked 
| 197|0x000000008c500000, 0x000000008c500000, 0x000000008c600000|  0%| F|  |TAMS 0x000000008c500000, 0x000000008c500000| Untracked 
| 198|0x000000008c600000, 0x000000008c600000, 0x000000008c700000|  0%| F|  |TAMS 0x000000008c600000, 0x000000008c600000| Untracked 
| 199|0x000000008c700000, 0x000000008c700000, 0x000000008c800000|  0%| F|  |TAMS 0x000000008c700000, 0x000000008c700000| Untracked 
| 200|0x000000008c800000, 0x000000008c800000, 0x000000008c900000|  0%| F|  |TAMS 0x000000008c800000, 0x000000008c800000| Untracked 
| 201|0x000000008c900000, 0x000000008c900000, 0x000000008ca00000|  0%| F|  |TAMS 0x000000008c900000, 0x000000008c900000| Untracked 
| 202|0x000000008ca00000, 0x000000008ca00000, 0x000000008cb00000|  0%| F|  |TAMS 0x000000008ca00000, 0x000000008ca00000| Untracked 
| 203|0x000000008cb00000, 0x000000008cb00000, 0x000000008cc00000|  0%| F|  |TAMS 0x000000008cb00000, 0x000000008cb00000| Untracked 
| 204|0x000000008cc00000, 0x000000008cc00000, 0x000000008cd00000|  0%| F|  |TAMS 0x000000008cc00000, 0x000000008cc00000| Untracked 
| 205|0x000000008cd00000, 0x000000008cd00000, 0x000000008ce00000|  0%| F|  |TAMS 0x000000008cd00000, 0x000000008cd00000| Untracked 
| 206|0x000000008ce00000, 0x000000008ce00000, 0x000000008cf00000|  0%| F|  |TAMS 0x000000008ce00000, 0x000000008ce00000| Untracked 
| 207|0x000000008cf00000, 0x000000008cf00000, 0x000000008d000000|  0%| F|  |TAMS 0x000000008cf00000, 0x000000008cf00000| Untracked 
| 208|0x000000008d000000, 0x000000008d000000, 0x000000008d100000|  0%| F|  |TAMS 0x000000008d000000, 0x000000008d000000| Untracked 
| 209|0x000000008d100000, 0x000000008d100000, 0x000000008d200000|  0%| F|  |TAMS 0x000000008d100000, 0x000000008d100000| Untracked 
| 210|0x000000008d200000, 0x000000008d200000, 0x000000008d300000|  0%| F|  |TAMS 0x000000008d200000, 0x000000008d200000| Untracked 
| 211|0x000000008d300000, 0x000000008d300000, 0x000000008d400000|  0%| F|  |TAMS 0x000000008d300000, 0x000000008d300000| Untracked 
| 212|0x000000008d400000, 0x000000008d400000, 0x000000008d500000|  0%| F|  |TAMS 0x000000008d400000, 0x000000008d400000| Untracked 
| 213|0x000000008d500000, 0x000000008d500000, 0x000000008d600000|  0%| F|  |TAMS 0x000000008d500000, 0x000000008d500000| Untracked 
| 214|0x000000008d600000, 0x000000008d600000, 0x000000008d700000|  0%| F|  |TAMS 0x000000008d600000, 0x000000008d600000| Untracked 
| 215|0x000000008d700000, 0x000000008d700000, 0x000000008d800000|  0%| F|  |TAMS 0x000000008d700000, 0x000000008d700000| Untracked 
| 216|0x000000008d800000, 0x000000008d800000, 0x000000008d900000|  0%| F|  |TAMS 0x000000008d800000, 0x000000008d800000| Untracked 
| 217|0x000000008d900000, 0x000000008d900000, 0x000000008da00000|  0%| F|  |TAMS 0x000000008d900000, 0x000000008d900000| Untracked 
| 218|0x000000008da00000, 0x000000008da00000, 0x000000008db00000|  0%| F|  |TAMS 0x000000008da00000, 0x000000008da00000| Untracked 
| 219|0x000000008db00000, 0x000000008db00000, 0x000000008dc00000|  0%| F|  |TAMS 0x000000008db00000, 0x000000008db00000| Untracked 
| 220|0x000000008dc00000, 0x000000008dc00000, 0x000000008dd00000|  0%| F|  |TAMS 0x000000008dc00000, 0x000000008dc00000| Untracked 
| 221|0x000000008dd00000, 0x000000008dd00000, 0x000000008de00000|  0%| F|  |TAMS 0x000000008dd00000, 0x000000008dd00000| Untracked 
| 222|0x000000008de00000, 0x000000008de00000, 0x000000008df00000|  0%| F|  |TAMS 0x000000008de00000, 0x000000008de00000| Untracked 
| 223|0x000000008df00000, 0x000000008df00000, 0x000000008e000000|  0%| F|  |TAMS 0x000000008df00000, 0x000000008df00000| Untracked 
| 224|0x000000008e000000, 0x000000008e000000, 0x000000008e100000|  0%| F|  |TAMS 0x000000008e000000, 0x000000008e000000| Untracked 
| 225|0x000000008e100000, 0x000000008e100000, 0x000000008e200000|  0%| F|  |TAMS 0x000000008e100000, 0x000000008e100000| Untracked 
| 226|0x000000008e200000, 0x000000008e200000, 0x000000008e300000|  0%| F|  |TAMS 0x000000008e200000, 0x000000008e200000| Untracked 
| 227|0x000000008e300000, 0x000000008e300000, 0x000000008e400000|  0%| F|  |TAMS 0x000000008e300000, 0x000000008e300000| Untracked 
| 228|0x000000008e400000, 0x000000008e400000, 0x000000008e500000|  0%| F|  |TAMS 0x000000008e400000, 0x000000008e400000| Untracked 
| 229|0x000000008e500000, 0x000000008e500000, 0x000000008e600000|  0%| F|  |TAMS 0x000000008e500000, 0x000000008e500000| Untracked 
| 230|0x000000008e600000, 0x000000008e600000, 0x000000008e700000|  0%| F|  |TAMS 0x000000008e600000, 0x000000008e600000| Untracked 
| 231|0x000000008e700000, 0x000000008e700000, 0x000000008e800000|  0%| F|  |TAMS 0x000000008e700000, 0x000000008e700000| Untracked 
| 232|0x000000008e800000, 0x000000008e800000, 0x000000008e900000|  0%| F|  |TAMS 0x000000008e800000, 0x000000008e800000| Untracked 
| 233|0x000000008e900000, 0x000000008e900000, 0x000000008ea00000|  0%| F|  |TAMS 0x000000008e900000, 0x000000008e900000| Untracked 
| 234|0x000000008ea00000, 0x000000008ea00000, 0x000000008eb00000|  0%| F|  |TAMS 0x000000008ea00000, 0x000000008ea00000| Untracked 
| 235|0x000000008eb00000, 0x000000008eb00000, 0x000000008ec00000|  0%| F|  |TAMS 0x000000008eb00000, 0x000000008eb00000| Untracked 
| 236|0x000000008ec00000, 0x000000008ec00000, 0x000000008ed00000|  0%| F|  |TAMS 0x000000008ec00000, 0x000000008ec00000| Untracked 
| 237|0x000000008ed00000, 0x000000008ed00000, 0x000000008ee00000|  0%| F|  |TAMS 0x000000008ed00000, 0x000000008ed00000| Untracked 
| 238|0x000000008ee00000, 0x000000008ee00000, 0x000000008ef00000|  0%| F|  |TAMS 0x000000008ee00000, 0x000000008ee00000| Untracked 
| 239|0x000000008ef00000, 0x000000008ef00000, 0x000000008f000000|  0%| F|  |TAMS 0x000000008ef00000, 0x000000008ef00000| Untracked 
| 240|0x000000008f000000, 0x000000008f000000, 0x000000008f100000|  0%| F|  |TAMS 0x000000008f000000, 0x000000008f000000| Untracked 
| 241|0x000000008f100000, 0x000000008f100000, 0x000000008f200000|  0%| F|  |TAMS 0x000000008f100000, 0x000000008f100000| Untracked 

Card table byte_map: [0x00000233ae7d0000,0x00000233aebd0000] _byte_map_base: 0x00000233ae3d0000

Marking Bits (Prev, Next): (CMBitMap*) 0x000002339bc389c0, (CMBitMap*) 0x000002339bc38980
 Prev Bits: [0x00000233b0fd0000, 0x00000233b2fd0000)
 Next Bits: [0x00000233aefd0000, 0x00000233b0fd0000)

Polling page: 0x0000023399ba0000

Metaspace:

Usage:
  Non-class:    123.91 MB used.
      Class:     19.27 MB used.
       Both:    143.18 MB used.

Virtual space:
  Non-class space:      128.00 MB reserved,     124.38 MB ( 97%) committed,  16 nodes.
      Class space:        1.00 GB reserved,      19.69 MB (  2%) committed,  1 nodes.
             Both:        1.13 GB reserved,     144.06 MB ( 13%) committed. 

Chunk freelists:
   Non-Class:  2.77 MB
       Class:  352.00 KB
        Both:  3.11 MB

MaxMetaspaceSize: unlimited
CompressedClassSpaceSize: 1.00 GB
Initial GC threshold: 21.00 MB
Current GC threshold: 162.50 MB
CDS: off
MetaspaceReclaimPolicy: balanced
 - commit_granule_bytes: 65536.
 - commit_granule_words: 8192.
 - virtual_space_node_default_size: 1048576.
 - enlarge_chunks_in_place: 1.
 - new_chunks_are_fully_committed: 0.
 - uncommit_free_chunks: 1.
 - use_allocation_guard: 0.
 - handle_deallocations: 1.


Internal statistics:

num_allocs_failed_limit: 9.
num_arena_births: 1362.
num_arena_deaths: 2.
num_vsnodes_births: 17.
num_vsnodes_deaths: 0.
num_space_committed: 2303.
num_space_uncommitted: 0.
num_chunks_returned_to_freelist: 12.
num_chunks_taken_from_freelist: 6770.
num_chunk_merges: 9.
num_chunk_splits: 4683.
num_chunks_enlarged: 3310.
num_purges: 2.
num_inconsistent_stats: 0.

CodeHeap 'non-profiled nmethods': size=120000Kb used=9895Kb max_used=10038Kb free=110104Kb
 bounds [0x00000233a6b70000, 0x00000233a7540000, 0x00000233ae0a0000]
CodeHeap 'profiled nmethods': size=120000Kb used=32421Kb max_used=32421Kb free=87578Kb
 bounds [0x000002339f0a0000, 0x00000233a1050000, 0x00000233a65d0000]
CodeHeap 'non-nmethods': size=5760Kb used=2492Kb max_used=2582Kb free=3267Kb
 bounds [0x00000233a65d0000, 0x00000233a6860000, 0x00000233a6b70000]
 total_blobs=17694 nmethods=16651 adapters=954
 compilation: enabled
              stopped_count=0, restarted_count=0
 full_count=0

Compilation events (20 events):
Event: 54.922 Thread 0x00000233bdfca570 nmethod 20126 0x00000233a6fce190 code [0x00000233a6fce320, 0x00000233a6fce418]
Event: 54.922 Thread 0x00000233bdfca570 20127       4       com.android.tools.r8.dex.l0::a (36 bytes)
Event: 54.923 Thread 0x00000233bdfca570 nmethod 20127 0x00000233a6fcde90 code [0x00000233a6fce020, 0x00000233a6fce0b8]
Event: 54.923 Thread 0x00000233bdfca570 20159       4       com.android.tools.r8.graph.e5$$Lambda$3445/0x00000001013882b8::compare (12 bytes)
Event: 54.924 Thread 0x00000233b648f010 nmethod 20136 0x00000233a1042b10 code [0x00000233a1042f40, 0x00000233a1044e98]
Event: 54.924 Thread 0x00000233b648f010 20141       3       java.io.StringWriter::write (10 bytes)
Event: 54.925 Thread 0x00000233b648f010 nmethod 20141 0x00000233a1045910 code [0x00000233a1045ac0, 0x00000233a1045d68]
Event: 54.925 Thread 0x00000233b648f010 20158       3       java.util.TimSort::mergeAt (358 bytes)
Event: 54.925 Thread 0x00000233b648f010 nmethod 20158 0x00000233a1045e90 code [0x00000233a10460a0, 0x00000233a1046698]
Event: 54.925 Thread 0x00000233b648f010 20157       3       java.util.TimSort::ensureCapacity (77 bytes)
Event: 54.926 Thread 0x00000233b648f010 nmethod 20157 0x00000233a1046990 code [0x00000233a1046b80, 0x00000233a1047128]
Event: 54.926 Thread 0x00000233b648f010 20138  s    3       java.lang.StringBuffer::append (15 bytes)
Event: 54.926 Thread 0x00000233b648f010 nmethod 20138 0x00000233a1047390 code [0x00000233a1047540, 0x00000233a1047768]
Event: 54.926 Thread 0x00000233b648f010 20139       3       java.io.StringWriter::write (14 bytes)
Event: 54.926 Thread 0x00000233b648f010 nmethod 20139 0x00000233a1047810 code [0x00000233a10479c0, 0x00000233a1047c88]
Event: 54.926 Thread 0x00000233b648f010 20163       3       com.android.tools.r8.graph.e5::a (116 bytes)
Event: 54.927 Thread 0x00000233b648f010 nmethod 20163 0x00000233a1047e10 code [0x00000233a1048080, 0x00000233a1048ce8]
Event: 54.927 Thread 0x00000233b648f010 20164       3       com.android.tools.r8.graph.e5$$Lambda$3449/0x00000001013890b8::applyAsInt (12 bytes)
Event: 54.927 Thread 0x00000233b648f010 nmethod 20164 0x00000233a1049110 code [0x00000233a10492c0, 0x00000233a10494e8]
Event: 54.927 Thread 0x00000233b648f010 20165       3       com.android.tools.r8.graph.e5$$Lambda$3452/0x0000000101389548::compare (16 bytes)

GC Heap History (20 events):
Event: 35.363 GC heap after
{Heap after GC invocations=47 (full 0):
 garbage-first heap   total 202752K, used 110402K [0x0000000080000000, 0x0000000100000000)
  region size 1024K, 7 young (7168K), 7 survivors (7168K)
 Metaspace       used 100438K, committed 101184K, reserved 1138688K
  class space    used 13342K, committed 13696K, reserved 1048576K
}
Event: 35.381 GC heap before
{Heap before GC invocations=47 (full 0):
 garbage-first heap   total 202752K, used 112450K [0x0000000080000000, 0x0000000100000000)
  region size 1024K, 9 young (9216K), 7 survivors (7168K)
 Metaspace       used 100562K, committed 101248K, reserved 1138688K
  class space    used 13357K, committed 13696K, reserved 1048576K
}
Event: 35.387 GC heap after
{Heap after GC invocations=48 (full 0):
 garbage-first heap   total 247808K, used 104518K [0x0000000080000000, 0x0000000100000000)
  region size 1024K, 2 young (2048K), 2 survivors (2048K)
 Metaspace       used 100562K, committed 101248K, reserved 1138688K
  class space    used 13357K, committed 13696K, reserved 1048576K
}
Event: 37.511 GC heap before
{Heap before GC invocations=48 (full 0):
 garbage-first heap   total 247808K, used 188486K [0x0000000080000000, 0x0000000100000000)
  region size 1024K, 85 young (87040K), 2 survivors (2048K)
 Metaspace       used 105254K, committed 105920K, reserved 1146880K
  class space    used 13940K, committed 14272K, reserved 1048576K
}
Event: 37.522 GC heap after
{Heap after GC invocations=49 (full 0):
 garbage-first heap   total 247808K, used 109572K [0x0000000080000000, 0x0000000100000000)
  region size 1024K, 7 young (7168K), 7 survivors (7168K)
 Metaspace       used 105254K, committed 105920K, reserved 1146880K
  class space    used 13940K, committed 14272K, reserved 1048576K
}
Event: 46.243 GC heap before
{Heap before GC invocations=49 (full 0):
 garbage-first heap   total 247808K, used 191492K [0x0000000080000000, 0x0000000100000000)
  region size 1024K, 88 young (90112K), 7 survivors (7168K)
 Metaspace       used 107258K, committed 107968K, reserved 1146880K
  class space    used 14184K, committed 14528K, reserved 1048576K
}
Event: 46.254 GC heap after
{Heap after GC invocations=50 (full 0):
 garbage-first heap   total 247808K, used 116665K [0x0000000080000000, 0x0000000100000000)
  region size 1024K, 7 young (7168K), 7 survivors (7168K)
 Metaspace       used 107258K, committed 107968K, reserved 1146880K
  class space    used 14184K, committed 14528K, reserved 1048576K
}
Event: 49.935 GC heap before
{Heap before GC invocations=50 (full 0):
 garbage-first heap   total 247808K, used 196537K [0x0000000080000000, 0x0000000100000000)
  region size 1024K, 84 young (86016K), 7 survivors (7168K)
 Metaspace       used 115467K, committed 116160K, reserved 1155072K
  class space    used 15219K, committed 15552K, reserved 1048576K
}
Event: 49.957 GC heap after
{Heap after GC invocations=51 (full 0):
 garbage-first heap   total 247808K, used 132217K [0x0000000080000000, 0x0000000100000000)
  region size 1024K, 11 young (11264K), 11 survivors (11264K)
 Metaspace       used 115467K, committed 116160K, reserved 1155072K
  class space    used 15219K, committed 15552K, reserved 1048576K
}
Event: 51.690 GC heap before
{Heap before GC invocations=51 (full 0):
 garbage-first heap   total 247808K, used 195705K [0x0000000080000000, 0x0000000100000000)
  region size 1024K, 73 young (74752K), 11 survivors (11264K)
 Metaspace       used 126283K, committed 127040K, reserved 1163264K
  class space    used 16471K, committed 16832K, reserved 1048576K
}
Event: 51.706 GC heap after
{Heap after GC invocations=52 (full 0):
 garbage-first heap   total 247808K, used 137948K [0x0000000080000000, 0x0000000100000000)
  region size 1024K, 5 young (5120K), 5 survivors (5120K)
 Metaspace       used 126283K, committed 127040K, reserved 1163264K
  class space    used 16471K, committed 16832K, reserved 1048576K
}
Event: 53.105 GC heap before
{Heap before GC invocations=52 (full 0):
 garbage-first heap   total 247808K, used 200412K [0x0000000080000000, 0x0000000100000000)
  region size 1024K, 65 young (66560K), 5 survivors (5120K)
 Metaspace       used 129230K, committed 130112K, reserved 1163264K
  class space    used 16817K, committed 17216K, reserved 1048576K
}
Event: 53.115 GC heap after
{Heap after GC invocations=53 (full 0):
 garbage-first heap   total 247808K, used 141020K [0x0000000080000000, 0x0000000100000000)
  region size 1024K, 8 young (8192K), 8 survivors (8192K)
 Metaspace       used 129230K, committed 130112K, reserved 1163264K
  class space    used 16817K, committed 17216K, reserved 1048576K
}
Event: 53.708 GC heap before
{Heap before GC invocations=53 (full 0):
 garbage-first heap   total 247808K, used 201436K [0x0000000080000000, 0x0000000100000000)
  region size 1024K, 68 young (69632K), 8 survivors (8192K)
 Metaspace       used 137156K, committed 138112K, reserved 1171456K
  class space    used 18042K, committed 18496K, reserved 1048576K
}
Event: 53.725 GC heap after
{Heap after GC invocations=54 (full 0):
 garbage-first heap   total 247808K, used 150961K [0x0000000080000000, 0x0000000100000000)
  region size 1024K, 9 young (9216K), 9 survivors (9216K)
 Metaspace       used 137156K, committed 138112K, reserved 1171456K
  class space    used 18042K, committed 18496K, reserved 1048576K
}
Event: 54.251 GC heap before
{Heap before GC invocations=54 (full 0):
 garbage-first heap   total 247808K, used 200113K [0x0000000080000000, 0x0000000100000000)
  region size 1024K, 58 young (59392K), 9 survivors (9216K)
 Metaspace       used 143363K, committed 144192K, reserved 1179648K
  class space    used 19310K, committed 19712K, reserved 1048576K
}
Event: 54.263 GC heap after
{Heap after GC invocations=55 (full 0):
 garbage-first heap   total 247808K, used 154683K [0x0000000080000000, 0x0000000100000000)
  region size 1024K, 4 young (4096K), 4 survivors (4096K)
 Metaspace       used 143363K, committed 144192K, reserved 1179648K
  class space    used 19310K, committed 19712K, reserved 1048576K
}
Event: 54.570 GC heap before
{Heap before GC invocations=55 (full 0):
 garbage-first heap   total 247808K, used 202811K [0x0000000080000000, 0x0000000100000000)
  region size 1024K, 52 young (53248K), 4 survivors (4096K)
 Metaspace       used 145071K, committed 145984K, reserved 1179648K
  class space    used 19545K, committed 19968K, reserved 1048576K
}
Event: 54.577 GC heap after
{Heap after GC invocations=56 (full 0):
 garbage-first heap   total 247808K, used 155670K [0x0000000080000000, 0x0000000100000000)
  region size 1024K, 5 young (5120K), 5 survivors (5120K)
 Metaspace       used 145071K, committed 145984K, reserved 1179648K
  class space    used 19545K, committed 19968K, reserved 1048576K
}
Event: 54.927 GC heap before
{Heap before GC invocations=56 (full 0):
 garbage-first heap   total 247808K, used 204822K [0x0000000080000000, 0x0000000100000000)
  region size 1024K, 54 young (55296K), 5 survivors (5120K)
 Metaspace       used 146614K, committed 147520K, reserved 1179648K
  class space    used 19732K, committed 20160K, reserved 1048576K
}

Dll operation events (2 events):
Event: 0.070 Loaded shared library C:\Program Files\Android\Android Studio\jbr\bin\java.dll
Event: 0.750 Loaded shared library C:\Program Files\Android\Android Studio\jbr\bin\verify.dll

Deoptimization events (20 events):
Event: 54.775 Thread 0x00000233bdcab500 DEOPT PACKING pc=0x00000233a6c5c7b4 sp=0x0000009f6e0fd040
Event: 54.775 Thread 0x00000233bdcab500 DEOPT UNPACKING pc=0x00000233a66269a3 sp=0x0000009f6e0fcff0 mode 2
Event: 54.798 Thread 0x00000233c125ba10 Uncommon trap: trap_request=0xffffffde fr.pc=0x00000233a71c3450 relative=0x00000000000000b0
Event: 54.798 Thread 0x00000233c125ba10 Uncommon trap: reason=class_check action=maybe_recompile pc=0x00000233a71c3450 method=com.android.tools.r8.internal.ko.H2()Lcom/android/tools/r8/internal/d20; @ 4 c2
Event: 54.798 Thread 0x00000233c125ba10 DEOPT PACKING pc=0x00000233a71c3450 sp=0x0000009f6f1fc690
Event: 54.798 Thread 0x00000233c125ba10 DEOPT UNPACKING pc=0x00000233a66269a3 sp=0x0000009f6f1fc620 mode 2
Event: 54.798 Thread 0x00000233c125ba10 Uncommon trap: trap_request=0xffffffde fr.pc=0x00000233a71c3450 relative=0x00000000000000b0
Event: 54.798 Thread 0x00000233c125ba10 Uncommon trap: reason=class_check action=maybe_recompile pc=0x00000233a71c3450 method=com.android.tools.r8.internal.ko.H2()Lcom/android/tools/r8/internal/d20; @ 4 c2
Event: 54.798 Thread 0x00000233c125ba10 DEOPT PACKING pc=0x00000233a71c3450 sp=0x0000009f6f1fc690
Event: 54.798 Thread 0x00000233c125ba10 DEOPT UNPACKING pc=0x00000233a66269a3 sp=0x0000009f6f1fc620 mode 2
Event: 54.798 Thread 0x00000233c125ba10 Uncommon trap: trap_request=0xffffffde fr.pc=0x00000233a71c3450 relative=0x00000000000000b0
Event: 54.798 Thread 0x00000233c125ba10 Uncommon trap: reason=class_check action=maybe_recompile pc=0x00000233a71c3450 method=com.android.tools.r8.internal.ko.H2()Lcom/android/tools/r8/internal/d20; @ 4 c2
Event: 54.798 Thread 0x00000233c125ba10 DEOPT PACKING pc=0x00000233a71c3450 sp=0x0000009f6f1fc690
Event: 54.798 Thread 0x00000233c125ba10 DEOPT UNPACKING pc=0x00000233a66269a3 sp=0x0000009f6f1fc620 mode 2
Event: 54.798 Thread 0x00000233c125ba10 Uncommon trap: trap_request=0xffffffde fr.pc=0x00000233a71c3450 relative=0x00000000000000b0
Event: 54.798 Thread 0x00000233c125ba10 Uncommon trap: reason=class_check action=maybe_recompile pc=0x00000233a71c3450 method=com.android.tools.r8.internal.ko.H2()Lcom/android/tools/r8/internal/d20; @ 4 c2
Event: 54.798 Thread 0x00000233c125ba10 DEOPT PACKING pc=0x00000233a71c3450 sp=0x0000009f6f1fc690
Event: 54.798 Thread 0x00000233c125ba10 DEOPT UNPACKING pc=0x00000233a66269a3 sp=0x0000009f6f1fc620 mode 2
Event: 54.812 Thread 0x00000233c0c34fc0 DEOPT PACKING pc=0x00000233a0f4e66b sp=0x0000009f6e3fc6f0
Event: 54.812 Thread 0x00000233c0c34fc0 DEOPT UNPACKING pc=0x00000233a6627143 sp=0x0000009f6e3fbba8 mode 0

Classes unloaded (1 events):
Event: 33.404 Thread 0x00000233b6420740 Unloading class 0x0000000100c50400 'java/lang/invoke/LambdaForm$DMH+0x0000000100c50400'

Classes redefined (0 events):
No events

Internal exceptions (20 events):
Event: 54.821 Thread 0x00000233bdcac840 Exception <a 'sun/nio/fs/WindowsException'{0x000000008cfcc8d8}> (0x000000008cfcc8d8) 
thrown [s\src\hotspot\share\prims\jni.cpp, line 517]
Event: 54.821 Thread 0x00000233c0c34fc0 Exception <a 'sun/nio/fs/WindowsException'{0x000000008cecb590}> (0x000000008cecb590) 
thrown [s\src\hotspot\share\prims\jni.cpp, line 517]
Event: 54.821 Thread 0x00000233bdca7670 Exception <a 'sun/nio/fs/WindowsException'{0x000000008cdc5420}> (0x000000008cdc5420) 
thrown [s\src\hotspot\share\prims\jni.cpp, line 517]
Event: 54.823 Thread 0x00000233bdcac840 Exception <a 'sun/nio/fs/WindowsException'{0x000000008cfd17e8}> (0x000000008cfd17e8) 
thrown [s\src\hotspot\share\prims\jni.cpp, line 517]
Event: 54.824 Thread 0x00000233c0c34fc0 Exception <a 'sun/nio/fs/WindowsException'{0x000000008ced1b30}> (0x000000008ced1b30) 
thrown [s\src\hotspot\share\prims\jni.cpp, line 517]
Event: 54.824 Thread 0x00000233bdcaeec0 Exception <a 'sun/nio/fs/WindowsException'{0x000000008ccc53e0}> (0x000000008ccc53e0) 
thrown [s\src\hotspot\share\prims\jni.cpp, line 517]
Event: 54.826 Thread 0x00000233bdcac840 Exception <a 'sun/nio/fs/WindowsException'{0x000000008cbc4478}> (0x000000008cbc4478) 
thrown [s\src\hotspot\share\prims\jni.cpp, line 517]
Event: 54.826 Thread 0x00000233bdca7670 Exception <a 'sun/nio/fs/WindowsException'{0x000000008cdcb8e0}> (0x000000008cdcb8e0) 
thrown [s\src\hotspot\share\prims\jni.cpp, line 517]
Event: 54.830 Thread 0x00000233bdcaeec0 Exception <a 'sun/nio/fs/WindowsException'{0x000000008cccd3a0}> (0x000000008cccd3a0) 
thrown [s\src\hotspot\share\prims\jni.cpp, line 517]
Event: 54.830 Thread 0x00000233bdca7670 Exception <a 'sun/nio/fs/WindowsException'{0x000000008cdd1170}> (0x000000008cdd1170) 
thrown [s\src\hotspot\share\prims\jni.cpp, line 517]
Event: 54.835 Thread 0x00000233c0c34fc0 Exception <a 'sun/nio/fs/WindowsException'{0x000000008cae1ec8}> (0x000000008cae1ec8) 
thrown [s\src\hotspot\share\prims\jni.cpp, line 517]
Event: 54.836 Thread 0x00000233bdca7670 Exception <a 'sun/nio/fs/WindowsException'{0x000000008cdd6d40}> (0x000000008cdd6d40) 
thrown [s\src\hotspot\share\prims\jni.cpp, line 517]
Event: 54.838 Thread 0x00000233c0c34fc0 Exception <a 'sun/nio/fs/WindowsException'{0x000000008caed6f8}> (0x000000008caed6f8) 
thrown [s\src\hotspot\share\prims\jni.cpp, line 517]
Event: 54.840 Thread 0x00000233c0c34fc0 Exception <a 'sun/nio/fs/WindowsException'{0x000000008caf2408}> (0x000000008caf2408) 
thrown [s\src\hotspot\share\prims\jni.cpp, line 517]
Event: 54.842 Thread 0x00000233bdca7670 Exception <a 'sun/nio/fs/WindowsException'{0x000000008c8fae48}> (0x000000008c8fae48) 
thrown [s\src\hotspot\share\prims\jni.cpp, line 517]
Event: 54.842 Thread 0x00000233c0c34fc0 Exception <a 'sun/nio/fs/WindowsException'{0x000000008c746dd0}> (0x000000008c746dd0) 
thrown [s\src\hotspot\share\prims\jni.cpp, line 517]
Event: 54.845 Thread 0x00000233c0c34fc0 Exception <a 'sun/nio/fs/WindowsException'{0x000000008c74d190}> (0x000000008c74d190) 
thrown [s\src\hotspot\share\prims\jni.cpp, line 517]
Event: 54.847 Thread 0x00000233c0c34fc0 Exception <a 'sun/nio/fs/WindowsException'{0x000000008c752698}> (0x000000008c752698) 
thrown [s\src\hotspot\share\prims\jni.cpp, line 517]
Event: 54.850 Thread 0x00000233c0c34fc0 Exception <a 'sun/nio/fs/WindowsException'{0x000000008c758f68}> (0x000000008c758f68) 
thrown [s\src\hotspot\share\prims\jni.cpp, line 517]
Event: 54.852 Thread 0x00000233c0c34fc0 Exception <a 'sun/nio/fs/WindowsException'{0x000000008c6fa040}> (0x000000008c6fa040) 
thrown [s\src\hotspot\share\prims\jni.cpp, line 517]

VM Operations (20 events):
Event: 54.353 Executing VM operation: HandshakeAllThreads done
Event: 54.368 Executing VM operation: ICBufferFull
Event: 54.378 Executing VM operation: ICBufferFull done
Event: 54.469 Executing VM operation: ICBufferFull
Event: 54.470 Executing VM operation: ICBufferFull done
Event: 54.569 Executing VM operation: G1CollectForAllocation
Event: 54.579 Executing VM operation: G1CollectForAllocation done
Event: 54.616 Executing VM operation: HandshakeAllThreads
Event: 54.616 Executing VM operation: HandshakeAllThreads done
Event: 54.630 Executing VM operation: HandshakeAllThreads
Event: 54.631 Executing VM operation: HandshakeAllThreads done
Event: 54.653 Executing VM operation: HandshakeAllThreads
Event: 54.654 Executing VM operation: HandshakeAllThreads done
Event: 54.697 Executing VM operation: ICBufferFull
Event: 54.698 Executing VM operation: ICBufferFull done
Event: 54.765 Executing VM operation: HandshakeAllThreads
Event: 54.767 Executing VM operation: HandshakeAllThreads done
Event: 54.875 Executing VM operation: ICBufferFull
Event: 54.875 Executing VM operation: ICBufferFull done
Event: 54.927 Executing VM operation: G1CollectForAllocation

Events (20 events):
Event: 54.135 loading class java/util/SortedSet$1
Event: 54.136 loading class java/util/SortedSet$1 done
Event: 54.140 loading class java/util/stream/SliceOps
Event: 54.140 loading class java/util/stream/SliceOps done
Event: 54.140 loading class java/util/stream/SliceOps$1
Event: 54.140 loading class java/util/stream/SliceOps$1 done
Event: 54.143 loading class java/util/stream/SliceOps$1$1
Event: 54.143 loading class java/util/stream/SliceOps$1$1 done
Event: 54.648 loading class java/nio/ShortBuffer
Event: 54.648 loading class java/nio/ShortBuffer done
Event: 54.721 loading class java/nio/ByteBufferAsShortBufferL
Event: 54.736 loading class java/nio/ByteBufferAsShortBufferL done
Event: 54.763 loading class java/util/zip/Adler32
Event: 54.763 loading class java/util/zip/Adler32 done
Event: 54.771 loading class java/util/zip/Deflater
Event: 54.771 loading class java/util/zip/Deflater done
Event: 54.772 loading class java/util/zip/Deflater$DeflaterZStreamRef
Event: 54.773 loading class java/util/zip/Deflater$DeflaterZStreamRef done
Event: 54.775 loading class java/util/zip/ZipOutputStream$XEntry
Event: 54.775 loading class java/util/zip/ZipOutputStream$XEntry done


Dynamic libraries:
0x00007ff77bbe0000 - 0x00007ff77bbea000 	C:\Program Files\Android\Android Studio\jbr\bin\java.exe
0x00007ff94c040000 - 0x00007ff94c22d000 	C:\Windows\SYSTEM32\ntdll.dll
0x00007ff94acb0000 - 0x00007ff94ad63000 	C:\Windows\System32\KERNEL32.DLL
0x00007ff948b80000 - 0x00007ff948e13000 	C:\Windows\System32\KERNELBASE.dll
0x00007ff948a80000 - 0x00007ff948b7c000 	C:\Windows\System32\ucrtbase.dll
0x00007ff93c390000 - 0x00007ff93c3ab000 	C:\Program Files\Android\Android Studio\jbr\bin\VCRUNTIME140.dll
0x00007ff93b100000 - 0x00007ff93b117000 	C:\Program Files\Android\Android Studio\jbr\bin\jli.dll
0x00007ff9495c0000 - 0x00007ff949757000 	C:\Windows\System32\USER32.dll
0x00007ff9490b0000 - 0x00007ff9490d0000 	C:\Windows\System32\win32u.dll
0x00007ff949760000 - 0x00007ff949789000 	C:\Windows\System32\GDI32.dll
0x00007ff9490d0000 - 0x00007ff94926a000 	C:\Windows\System32\gdi32full.dll
0x00007ff948960000 - 0x00007ff948a00000 	C:\Windows\System32\msvcp_win.dll
0x00007ff937290000 - 0x00007ff937509000 	C:\Windows\WinSxS\amd64_microsoft.windows.common-controls_6595b64144ccf1df_6.0.17763.134_none_05b3373a07211a5c\COMCTL32.dll
0x00007ff94bf70000 - 0x00007ff94c00e000 	C:\Windows\System32\msvcrt.dll
0x00007ff94b550000 - 0x00007ff94b87d000 	C:\Windows\System32\combase.dll
0x00007ff9493f0000 - 0x00007ff949513000 	C:\Windows\System32\RPCRT4.dll
0x00007ff948a00000 - 0x00007ff948a7e000 	C:\Windows\System32\bcryptPrimitives.dll
0x00007ff949790000 - 0x00007ff9497be000 	C:\Windows\System32\IMM32.DLL
0x00007ff93c3f0000 - 0x00007ff93c3fc000 	C:\Program Files\Android\Android Studio\jbr\bin\vcruntime140_1.dll
0x00007ff924f10000 - 0x00007ff924f9d000 	C:\Program Files\Android\Android Studio\jbr\bin\msvcp140.dll
0x00007ff9238d0000 - 0x00007ff92453e000 	C:\Program Files\Android\Android Studio\jbr\bin\server\jvm.dll
0x00007ff94bec0000 - 0x00007ff94bf63000 	C:\Windows\System32\ADVAPI32.dll
0x00007ff949520000 - 0x00007ff9495be000 	C:\Windows\System32\sechost.dll
0x00007ff944e20000 - 0x00007ff944e44000 	C:\Windows\SYSTEM32\WINMM.dll
0x00007ff943570000 - 0x00007ff94357a000 	C:\Windows\SYSTEM32\VERSION.dll
0x00007ff944df0000 - 0x00007ff944e1d000 	C:\Windows\SYSTEM32\WINMMBASE.dll
0x00007ff948110000 - 0x00007ff94815a000 	C:\Windows\System32\cfgmgr32.dll
0x00007ff93ee70000 - 0x00007ff93ee79000 	C:\Windows\SYSTEM32\WSOCK32.dll
0x00007ff949270000 - 0x00007ff9492dd000 	C:\Windows\System32\WS2_32.dll
0x00007ff948070000 - 0x00007ff948081000 	C:\Windows\System32\kernel.appcore.dll
0x00007ff93fc00000 - 0x00007ff93fc0a000 	C:\Program Files\Android\Android Studio\jbr\bin\jimage.dll
0x00007ff92e800000 - 0x00007ff92e9ed000 	C:\Windows\SYSTEM32\DBGHELP.DLL
0x00007ff92cc00000 - 0x00007ff92cc2a000 	C:\Windows\SYSTEM32\dbgcore.DLL
0x00007ff93f0c0000 - 0x00007ff93f0e5000 	C:\Program Files\Android\Android Studio\jbr\bin\java.dll
0x00007ff93eec0000 - 0x00007ff93eed8000 	C:\Program Files\Android\Android Studio\jbr\bin\zip.dll
0x00007ff9497c0000 - 0x00007ff94acaf000 	C:\Windows\System32\SHELL32.dll
0x00007ff949340000 - 0x00007ff9493e8000 	C:\Windows\System32\shcore.dll
0x00007ff948160000 - 0x00007ff9488a8000 	C:\Windows\System32\windows.storage.dll
0x00007ff948040000 - 0x00007ff948064000 	C:\Windows\System32\profapi.dll
0x00007ff948090000 - 0x00007ff9480ed000 	C:\Windows\System32\powrprof.dll
0x00007ff94bcf0000 - 0x00007ff94bd42000 	C:\Windows\System32\shlwapi.dll
0x00007ff949090000 - 0x00007ff9490a7000 	C:\Windows\System32\cryptsp.dll
0x00007ff93cb30000 - 0x00007ff93cb49000 	C:\Program Files\Android\Android Studio\jbr\bin\net.dll
0x00007ff93fe30000 - 0x00007ff93ff21000 	C:\Windows\SYSTEM32\WINHTTP.dll
0x00007ff9478d0000 - 0x00007ff947937000 	C:\Windows\system32\mswsock.dll
0x00007ff93cb10000 - 0x00007ff93cb26000 	C:\Program Files\Android\Android Studio\jbr\bin\nio.dll
0x00007ff93fbf0000 - 0x00007ff93fc00000 	C:\Program Files\Android\Android Studio\jbr\bin\verify.dll
0x00007ff93c3b0000 - 0x00007ff93c3d7000 	C:\Users\Alexx\.gradle\native\68d5fa5c4cc2d200863cafc0d521ce42e7d3e7ee720ec0a83991735586a16f82\windows-amd64\native-platform.dll
0x00007ff924dc0000 - 0x00007ff924f04000 	C:\Users\Alexx\.gradle\native\e376f236ea51e6404a007f0833ffe2c6e607c4080706a723a18a27aeea778392\windows-amd64\native-platform-file-events.dll
0x00007ff93cae0000 - 0x00007ff93cae9000 	C:\Program Files\Android\Android Studio\jbr\bin\management.dll
0x00007ff93c900000 - 0x00007ff93c90b000 	C:\Program Files\Android\Android Studio\jbr\bin\management_ext.dll
0x00007ff94bb80000 - 0x00007ff94bb88000 	C:\Windows\System32\PSAPI.DLL
0x00007ff947490000 - 0x00007ff9474c3000 	C:\Windows\system32\rsaenh.dll
0x00007ff948e20000 - 0x00007ff948e46000 	C:\Windows\System32\bcrypt.dll
0x00007ff947f70000 - 0x00007ff947f98000 	C:\Windows\SYSTEM32\USERENV.dll
0x00007ff947aa0000 - 0x00007ff947aac000 	C:\Windows\SYSTEM32\CRYPTBASE.dll
0x00007ff947630000 - 0x00007ff94766d000 	C:\Windows\SYSTEM32\IPHLPAPI.DLL
0x00007ff94ba40000 - 0x00007ff94ba48000 	C:\Windows\System32\NSI.dll
0x00007ff93ce00000 - 0x00007ff93ce16000 	C:\Windows\SYSTEM32\dhcpcsvc6.DLL
0x00007ff93cde0000 - 0x00007ff93cdfc000 	C:\Windows\SYSTEM32\dhcpcsvc.DLL
0x00007ff947670000 - 0x00007ff947736000 	C:\Windows\SYSTEM32\DNSAPI.dll
0x00007ff93c4e0000 - 0x00007ff93c4e7000 	C:\Windows\system32\wshunix.dll
0x00007ff93c9a0000 - 0x00007ff93c9aa000 	C:\Windows\System32\rasadhlp.dll
0x00007ff93ce70000 - 0x00007ff93cee9000 	C:\Windows\System32\fwpuclnt.dll
0x00007ff947110000 - 0x00007ff947141000 	C:\Windows\SYSTEM32\ntmarta.dll
0x0000000070bc0000 - 0x0000000070c9c000 	C:\Temp\sqlite-3.36.0-22339f80-cee7-4dc6-b3d2-51e88dbe6c3b-sqlitejdbc.dll

dbghelp: loaded successfully - version: 4.0.5 - missing functions: none
symbol engine: initialized successfully - sym options: 0x614 - pdb path: .;C:\Program Files\Android\Android Studio\jbr\bin;C:\Windows\SYSTEM32;C:\Windows\WinSxS\amd64_microsoft.windows.common-controls_6595b64144ccf1df_6.0.17763.134_none_05b3373a07211a5c;C:\Program Files\Android\Android Studio\jbr\bin\server;C:\Users\Alexx\.gradle\native\68d5fa5c4cc2d200863cafc0d521ce42e7d3e7ee720ec0a83991735586a16f82\windows-amd64;C:\Users\Alexx\.gradle\native\e376f236ea51e6404a007f0833ffe2c6e607c4080706a723a18a27aeea778392\windows-amd64;C:\Temp

VM Arguments:
jvm_args: --add-opens=java.base/java.util=ALL-UNNAMED --add-opens=java.base/java.lang=ALL-UNNAMED --add-opens=java.base/java.lang.invoke=ALL-UNNAMED --add-opens=java.prefs/java.util.prefs=ALL-UNNAMED --add-opens=java.base/java.nio.charset=ALL-UNNAMED --add-opens=java.base/java.net=ALL-UNNAMED --add-opens=java.base/java.util.concurrent.atomic=ALL-UNNAMED -Xmx2048m -Dfile.encoding=UTF-8 -Duser.country=RU -Duser.language=ru -Duser.variant 
java_command: org.gradle.launcher.daemon.bootstrap.GradleDaemon 8.0
java_class_path (initial): C:\Users\Alexx\.gradle\wrapper\dists\gradle-8.0-bin\ca5e32bp14vu59qr306oxotwh\gradle-8.0\lib\gradle-launcher-8.0.jar
Launcher Type: SUN_STANDARD

[Global flags]
     intx CICompilerCount                          = 4                                         {product} {ergonomic}
     uint ConcGCThreads                            = 2                                         {product} {ergonomic}
     uint G1ConcRefinementThreads                  = 8                                         {product} {ergonomic}
   size_t G1HeapRegionSize                         = 1048576                                   {product} {ergonomic}
    uintx GCDrainStackTargetSize                   = 64                                        {product} {ergonomic}
   size_t InitialHeapSize                          = 201326592                                 {product} {ergonomic}
   size_t MarkStackSize                            = 4194304                                   {product} {ergonomic}
   size_t MaxHeapSize                              = 2147483648                                {product} {command line}
   size_t MaxNewSize                               = 1287651328                                {product} {ergonomic}
   size_t MinHeapDeltaBytes                        = 1048576                                   {product} {ergonomic}
   size_t MinHeapSize                              = 8388608                                   {product} {ergonomic}
    uintx NonNMethodCodeHeapSize                   = 5839372                                {pd product} {ergonomic}
    uintx NonProfiledCodeHeapSize                  = 122909434                              {pd product} {ergonomic}
    uintx ProfiledCodeHeapSize                     = 122909434                              {pd product} {ergonomic}
    uintx ReservedCodeCacheSize                    = 251658240                              {pd product} {ergonomic}
     bool SegmentedCodeCache                       = true                                      {product} {ergonomic}
   size_t SoftMaxHeapSize                          = 2147483648                             {manageable} {ergonomic}
     bool UseCompressedClassPointers               = true                           {product lp64_product} {ergonomic}
     bool UseCompressedOops                        = true                           {product lp64_product} {ergonomic}
     bool UseG1GC                                  = true                                      {product} {ergonomic}
     bool UseLargePagesIndividualAllocation        = false                                  {pd product} {ergonomic}

Logging:
Log output configuration:
 #0: stdout all=warning uptime,level,tags
 #1: stderr all=off uptime,level,tags

Environment Variables:
PATH=C:\ProgramData\Oracle\Java\javapath;C:\Program Files (x86)\Python38-32\Scripts\;C:\Program Files (x86)\Python38-32\;C:\Windows\system32;C:\Windows;C:\Windows\System32\Wbem;C:\Windows\System32\WindowsPowerShell\v1.0\;C:\Program Files (x86)\Common Files\Acronis\SnapAPI\;C:\Program Files (x86)\dotnet\;C:\Program Files\PuTTY\;C:\Users\Alexx\AppData\Local\Microsoft\WindowsApps;C:\Program Files (x86)\Nmap
USERNAME=Alexx
OS=Windows_NT
PROCESSOR_IDENTIFIER=AMD64 Family 21 Model 2 Stepping 0, AuthenticAMD
TMP=C:\Temp
TEMP=C:\Temp


JNI global refs:
JNI global refs: 31, weak refs: 23

JNI global refs memory usage: 843, weak refs: 1473


---------------  S Y S T E M  ---------------

OS:
 Windows 10 , 64 bit Build 17763 (10.0.17763.1)
OS uptime: 0 days 6:12 hours

CPU: total 8 (initial active 8) (8 cores per cpu, 1 threads per core) family 21 model 2 stepping 0 microcode 0x0, cx8, cmov, fxsr, mmx, 3dnowpref, sse, sse2, sse3, ssse3, sse4a, sse4.1, sse4.2, popcnt, lzcnt, tsc, tscinvbit, avx, aes, clmul, bmi1, fma, vzeroupper, clflush

Memory: 4k page, system-wide physical 12285M (4065M free)
TotalPageFile size 12505M (AvailPageFile size 139M)
current process WorkingSet (physical memory assigned to process): 612M, peak: 613M
current process commit charge ("private bytes"): 646M, peak: 850M

vm_info: OpenJDK 64-Bit Server VM (17.0.6+0-b2043.56-10027231) for windows-amd64 JRE (17.0.6+0-b2043.56-10027231), built on Apr 28 2023 00:43:19 by "androidbuild" with MS VC++ 16.10 / 16.11 (VS2019)

END.
