#
# There is insufficient memory for the Java Runtime Environment to continue.
# Native memory allocation (malloc) failed to allocate 1447696 bytes for Chunk::new
# Possible reasons:
#   The system is out of physical RAM or swap space
#   The process is running with CompressedOops enabled, and the Java Heap may be blocking the growth of the native heap
# Possible solutions:
#   Reduce memory load on the system
#   Increase physical memory or swap space
#   Check if swap backing store is full
#   Decrease Java heap size (-Xmx/-Xms)
#   Decrease number of Java threads
#   Decrease Java thread stack sizes (-Xss)
#   Set larger code cache with -XX:ReservedCodeCacheSize=
#   JVM is running with Unscaled Compressed Oops mode in which the Java heap is
#     placed in the first 4GB address space. The Java Heap base address is the
#     maximum limit for the native heap growth. Please use -XX:HeapBaseMinAddress
#     to set the Java Heap base and to place the Java Heap above 4GB virtual address.
# This output file may be truncated or incomplete.
#
#  Out of Memory Error (arena.cpp:189), pid=14176, tid=12720
#
# JRE version: OpenJDK Runtime Environment (17.0.6) (build 17.0.6+0-b2043.56-10027231)
# Java VM: OpenJDK 64-Bit Server VM (17.0.6+0-b2043.56-10027231, mixed mode, tiered, compressed oops, compressed class ptrs, g1 gc, windows-amd64)
# No core dump will be written. Minidumps are not enabled by default on client versions of Windows
#

---------------  S U M M A R Y ------------

Command Line: --add-opens=java.base/java.util=ALL-UNNAMED --add-opens=java.base/java.lang=ALL-UNNAMED --add-opens=java.base/java.lang.invoke=ALL-UNNAMED --add-opens=java.prefs/java.util.prefs=ALL-UNNAMED --add-opens=java.base/java.nio.charset=ALL-UNNAMED --add-opens=java.base/java.net=ALL-UNNAMED --add-opens=java.base/java.util.concurrent.atomic=ALL-UNNAMED -Xmx2048m -Dfile.encoding=UTF-8 -Duser.country=RU -Duser.language=ru -Duser.variant org.gradle.launcher.daemon.bootstrap.GradleDaemon 8.0

Host: AMD FX-8320E Eight-Core Processor              , 8 cores, 11G,  Windows 10 , 64 bit Build 17763 (10.0.17763.1)
Time: Wed Sep 13 15:48:13 2023 RTZ 2 (зима) elapsed time: 27.029769 seconds (0d 0h 0m 27s)

---------------  T H R E A D  ---------------

Current thread (0x0000019729c74320):  JavaThread "C2 CompilerThread2" daemon [_thread_in_native, id=12720, stack(0x0000008513000000,0x0000008513100000)]


Current CompileTask:
C2:  27029 10920       4       org.apache.xerces.dom.ElementNSImpl::getNamespaceURI (16 bytes)

Stack: [0x0000008513000000,0x0000008513100000]
Native frames: (J=compiled Java code, j=interpreted, Vv=VM code, C=native code)
V  [jvm.dll+0x683c9a]
V  [jvm.dll+0x8427a4]
V  [jvm.dll+0x843f9e]
V  [jvm.dll+0x844603]
V  [jvm.dll+0x249b75]
V  [jvm.dll+0xabcac]
V  [jvm.dll+0xac27c]
V  [jvm.dll+0x368802]
V  [jvm.dll+0x332f31]
V  [jvm.dll+0x3323da]
V  [jvm.dll+0x21c201]
V  [jvm.dll+0x21b621]
V  [jvm.dll+0x1a4fdd]
V  [jvm.dll+0x22b098]
V  [jvm.dll+0x229159]
V  [jvm.dll+0x7f81ec]
V  [jvm.dll+0x7f274a]
V  [jvm.dll+0x682ad5]
C  [ucrtbase.dll+0x203ba]
C  [KERNEL32.DLL+0x17e94]
C  [ntdll.dll+0x67ad1]


---------------  P R O C E S S  ---------------

Threads class SMR info:
_java_thread_list=0x0000019729d1e680, length=136, elements={
0x000001970c9fd680, 0x00000197274215f0, 0x0000019727422b10, 0x00000197268f4760,
0x0000019727475930, 0x00000197274761f0, 0x0000019727476ab0, 0x00000197274776a0,
0x00000197274787b0, 0x000001972747b0c0, 0x00000197275d72a0, 0x00000197275dcfd0,
0x0000019729e8e500, 0x000001972a622ad0, 0x00000197281d85a0, 0x0000019728a36010,
0x00000197287eab70, 0x000001972a2295d0, 0x0000019729af4240, 0x0000019728e05590,
0x000001972777d0b0, 0x000001972777da50, 0x000001972777df20, 0x000001972777f260,
0x000001972777e3f0, 0x0000019727780a70, 0x000001972777ed90, 0x00000197277800d0,
0x000001972bc36c30, 0x000001972bc34f50, 0x000001972bc310c0, 0x000001972bc37100,
0x000001972bc32da0, 0x000001972bc375d0, 0x000001972bc33270, 0x000001972bc328d0,
0x000001972bc345b0, 0x000001972bc36290, 0x000001972bc34a80, 0x000001972bc358f0,
0x000001972bc33c10, 0x000001972bc30250, 0x000001972bc30bf0, 0x000001972bc31590,
0x000001972bc32400, 0x000001972d5b3d10, 0x000001972d5af010, 0x000001972d5b2500,
0x000001972d5b1b60, 0x000001972d5af4e0, 0x000001972d5ad330, 0x000001972d5af9b0,
0x000001972d5b0cf0, 0x000001972d5b29d0, 0x000001972d5ad800, 0x000001972d5b3370,
0x000001972d5b2ea0, 0x000001972d5b3840, 0x000001972d5b1690, 0x000001972d5ac4c0,
0x000001972d5ace60, 0x000001972d5b2030, 0x000001972d5b11c0, 0x000001972d5afe80,
0x000001972d5ac990, 0x000001972d5b0820, 0x000001972d5aeb40, 0x000001972d5adcd0,
0x000001972d5ae1a0, 0x000001972d5b0350, 0x000001972d5ae670, 0x00000197278052a0,
0x00000197278005a0, 0x0000019727802280, 0x0000019727803a90, 0x00000197278065e0,
0x0000019727802750, 0x0000019727807920, 0x00000197278000d0, 0x00000197278035c0,
0x0000019727802c20, 0x0000019727801db0, 0x0000019727805c40, 0x0000019727800a70,
0x0000019727806110, 0x0000019727800f40, 0x00000197278030f0, 0x0000019727807450,
0x0000019727801410, 0x00000197278018e0, 0x0000019727803f60, 0x0000019727806ab0,
0x0000019727804430, 0x0000019727804900, 0x0000019727805770, 0x0000019727804dd0,
0x0000019727806f80, 0x0000019729bc0960, 0x0000019729bba450, 0x0000019729bc0490,
0x0000019729bc0e30, 0x0000019729bc1300, 0x0000019729bbc600, 0x0000019729bb9ab0,
0x0000019729bbf620, 0x0000019729bbfaf0, 0x0000019729bbcad0, 0x0000019729bbadf0,
0x0000019729bbd470, 0x0000019729bba920, 0x0000019729bb9f80, 0x0000019729bbb2c0,
0x0000019729bbe7b0, 0x0000019729bbd940, 0x0000019729bbcfa0, 0x0000019729bbc130,
0x0000019729bbde10, 0x0000019729bbe2e0, 0x0000019729bbf150, 0x0000019729bbb790,
0x0000019729bbbc60, 0x0000019729bbec80, 0x0000019729bbffc0, 0x000001972d143200,
0x000001972d14aa50, 0x000001972d144ee0, 0x000001972d1453b0, 0x000001972d147a30,
0x000001972d1488a0, 0x000001972d145880, 0x000001972d145d50, 0x000001972d1466f0,
0x000001972d148d70, 0x000001972d146bc0, 0x0000019729c74d40, 0x0000019729c74320
}

Java Threads: ( => current thread )
  0x000001970c9fd680 JavaThread "main" [_thread_blocked, id=16640, stack(0x000000850a300000,0x000000850a400000)]
  0x00000197274215f0 JavaThread "Reference Handler" daemon [_thread_blocked, id=12188, stack(0x000000850aa00000,0x000000850ab00000)]
  0x0000019727422b10 JavaThread "Finalizer" daemon [_thread_blocked, id=19220, stack(0x000000850ab00000,0x000000850ac00000)]
  0x00000197268f4760 JavaThread "Signal Dispatcher" daemon [_thread_blocked, id=14356, stack(0x000000850ac00000,0x000000850ad00000)]
  0x0000019727475930 JavaThread "Attach Listener" daemon [_thread_blocked, id=17244, stack(0x000000850ad00000,0x000000850ae00000)]
  0x00000197274761f0 JavaThread "Service Thread" daemon [_thread_blocked, id=14844, stack(0x000000850ae00000,0x000000850af00000)]
  0x0000019727476ab0 JavaThread "Monitor Deflation Thread" daemon [_thread_blocked, id=13160, stack(0x000000850af00000,0x000000850b000000)]
  0x00000197274776a0 JavaThread "C2 CompilerThread0" daemon [_thread_in_native, id=17668, stack(0x000000850b000000,0x000000850b100000)]
  0x00000197274787b0 JavaThread "C1 CompilerThread0" daemon [_thread_blocked, id=18200, stack(0x000000850b100000,0x000000850b200000)]
  0x000001972747b0c0 JavaThread "Sweeper thread" daemon [_thread_blocked, id=17432, stack(0x000000850b200000,0x000000850b300000)]
  0x00000197275d72a0 JavaThread "Common-Cleaner" daemon [_thread_blocked, id=17192, stack(0x000000850b300000,0x000000850b400000)]
  0x00000197275dcfd0 JavaThread "Notification Thread" daemon [_thread_blocked, id=15208, stack(0x000000850b400000,0x000000850b500000)]
  0x0000019729e8e500 JavaThread "Daemon health stats" [_thread_blocked, id=17296, stack(0x000000850bb00000,0x000000850bc00000)]
  0x000001972a622ad0 JavaThread "Incoming local TCP Connector on port 52188" [_thread_in_native, id=13000, stack(0x000000850b700000,0x000000850b800000)]
  0x00000197281d85a0 JavaThread "Daemon periodic checks" [_thread_blocked, id=12364, stack(0x000000850bc00000,0x000000850bd00000)]
  0x0000019728a36010 JavaThread "Daemon" [_thread_blocked, id=14200, stack(0x000000850be00000,0x000000850bf00000)]
  0x00000197287eab70 JavaThread "Handler for socket connection from /127.0.0.1:52188 to /127.0.0.1:52189" [_thread_in_native, id=14544, stack(0x000000850bf00000,0x000000850c000000)]
  0x000001972a2295d0 JavaThread "Cancel handler" [_thread_blocked, id=18888, stack(0x000000850c000000,0x000000850c100000)]
  0x0000019729af4240 JavaThread "Daemon worker" [_thread_blocked, id=18520, stack(0x000000850c100000,0x000000850c200000)]
  0x0000019728e05590 JavaThread "Asynchronous log dispatcher for DefaultDaemonConnection: socket connection from /127.0.0.1:52188 to /127.0.0.1:52189" [_thread_blocked, id=18884, stack(0x000000850c200000,0x000000850c300000)]
  0x000001972777d0b0 JavaThread "Stdin handler" [_thread_blocked, id=10392, stack(0x000000850c300000,0x000000850c400000)]
  0x000001972777da50 JavaThread "Daemon client event forwarder" [_thread_blocked, id=10328, stack(0x000000850c400000,0x000000850c500000)]
  0x000001972777df20 JavaThread "Cache worker for journal cache (C:\Users\Alexx\.gradle\caches\journal-1)" [_thread_blocked, id=6720, stack(0x000000850c800000,0x000000850c900000)]
  0x000001972777f260 JavaThread "File lock request listener" [_thread_in_native, id=15244, stack(0x000000850c900000,0x000000850ca00000)]
  0x000001972777e3f0 JavaThread "Cache worker for file hash cache (C:\Users\Alexx\.gradle\caches\8.0\fileHashes)" [_thread_blocked, id=10404, stack(0x000000850cb00000,0x000000850cc00000)]
  0x0000019727780a70 JavaThread "File watcher server" daemon [_thread_in_native, id=14840, stack(0x000000850cd00000,0x000000850ce00000)]
  0x000001972777ed90 JavaThread "File watcher consumer" daemon [_thread_blocked, id=4084, stack(0x000000850ce00000,0x000000850cf00000)]
  0x00000197277800d0 JavaThread "Cache worker for checksums cache (E:\AndroidStudioProject\MyMovies\.gradle\8.0\checksums)" [_thread_blocked, id=12404, stack(0x000000850cf00000,0x000000850d000000)]
  0x000001972bc36c30 JavaThread "Cache worker for cache directory md-rule (C:\Users\Alexx\.gradle\caches\8.0\md-rule)" [_thread_blocked, id=15300, stack(0x000000850d000000,0x000000850d100000)]
  0x000001972bc34f50 JavaThread "Cache worker for file content cache (C:\Users\Alexx\.gradle\caches\8.0\fileContent)" [_thread_blocked, id=5088, stack(0x000000850d100000,0x000000850d200000)]
  0x000001972bc310c0 JavaThread "Cache worker for file hash cache (E:\AndroidStudioProject\MyMovies\.gradle\8.0\fileHashes)" [_thread_blocked, id=12708, stack(0x000000850d200000,0x000000850d300000)]
  0x000001972bc37100 JavaThread "Cache worker for cache directory md-supplier (C:\Users\Alexx\.gradle\caches\8.0\md-supplier)" [_thread_blocked, id=19060, stack(0x000000850ca00000,0x000000850cb00000)]
  0x000001972bc32da0 JavaThread "Cache worker for execution history cache (C:\Users\Alexx\.gradle\caches\8.0\executionHistory)" [_thread_blocked, id=4656, stack(0x000000850cc00000,0x000000850cd00000)]
  0x000001972bc375d0 JavaThread "jar transforms" [_thread_blocked, id=7256, stack(0x000000850d500000,0x000000850d600000)]
  0x000001972bc33270 JavaThread "jar transforms Thread 2" [_thread_blocked, id=15232, stack(0x000000850d600000,0x000000850d700000)]
  0x000001972bc328d0 JavaThread "jar transforms Thread 3" [_thread_blocked, id=8720, stack(0x000000850d800000,0x000000850d900000)]
  0x000001972bc345b0 JavaThread "jar transforms Thread 4" [_thread_blocked, id=11332, stack(0x000000850d900000,0x000000850da00000)]
  0x000001972bc36290 JavaThread "Cache worker for dependencies-accessors (E:\AndroidStudioProject\MyMovies\.gradle\8.0\dependencies-accessors)" [_thread_blocked, id=17468, stack(0x000000850da00000,0x000000850db00000)]
  0x000001972bc34a80 JavaThread "jar transforms Thread 5" [_thread_blocked, id=15096, stack(0x000000850db00000,0x000000850dc00000)]
  0x000001972bc358f0 JavaThread "Cache worker for Build Output Cleanup Cache (E:\AndroidStudioProject\MyMovies\.gradle\buildOutputCleanup)" [_thread_blocked, id=17436, stack(0x000000850d400000,0x000000850d500000)]
  0x000001972bc33c10 JavaThread "Unconstrained build operations" [_thread_blocked, id=12324, stack(0x000000850dd00000,0x000000850de00000)]
  0x000001972bc30250 JavaThread "Unconstrained build operations Thread 2" [_thread_blocked, id=14640, stack(0x000000850de00000,0x000000850df00000)]
  0x000001972bc30bf0 JavaThread "Unconstrained build operations Thread 3" [_thread_blocked, id=18024, stack(0x000000850df00000,0x000000850e000000)]
  0x000001972bc31590 JavaThread "Unconstrained build operations Thread 4" [_thread_blocked, id=12312, stack(0x000000850e000000,0x000000850e100000)]
  0x000001972bc32400 JavaThread "Unconstrained build operations Thread 5" [_thread_blocked, id=12348, stack(0x000000850e100000,0x000000850e200000)]
  0x000001972d5b3d10 JavaThread "Unconstrained build operations Thread 6" [_thread_blocked, id=12352, stack(0x000000850e200000,0x000000850e300000)]
  0x000001972d5af010 JavaThread "Unconstrained build operations Thread 7" [_thread_blocked, id=12336, stack(0x000000850e300000,0x000000850e400000)]
  0x000001972d5b2500 JavaThread "Unconstrained build operations Thread 8" [_thread_blocked, id=15996, stack(0x000000850e400000,0x000000850e500000)]
  0x000001972d5b1b60 JavaThread "Unconstrained build operations Thread 9" [_thread_blocked, id=18392, stack(0x000000850e500000,0x000000850e600000)]
  0x000001972d5af4e0 JavaThread "Unconstrained build operations Thread 10" [_thread_blocked, id=18708, stack(0x000000850e600000,0x000000850e700000)]
  0x000001972d5ad330 JavaThread "Unconstrained build operations Thread 11" [_thread_blocked, id=14236, stack(0x000000850e700000,0x000000850e800000)]
  0x000001972d5af9b0 JavaThread "Unconstrained build operations Thread 12" [_thread_blocked, id=9572, stack(0x000000850e800000,0x000000850e900000)]
  0x000001972d5b0cf0 JavaThread "Unconstrained build operations Thread 13" [_thread_blocked, id=16812, stack(0x000000850e900000,0x000000850ea00000)]
  0x000001972d5b29d0 JavaThread "Unconstrained build operations Thread 14" [_thread_blocked, id=18312, stack(0x000000850ea00000,0x000000850eb00000)]
  0x000001972d5ad800 JavaThread "Unconstrained build operations Thread 15" [_thread_blocked, id=10372, stack(0x000000850eb00000,0x000000850ec00000)]
  0x000001972d5b3370 JavaThread "Unconstrained build operations Thread 16" [_thread_blocked, id=16820, stack(0x000000850ec00000,0x000000850ed00000)]
  0x000001972d5b2ea0 JavaThread "Unconstrained build operations Thread 17" [_thread_blocked, id=16596, stack(0x000000850ed00000,0x000000850ee00000)]
  0x000001972d5b3840 JavaThread "Unconstrained build operations Thread 18" [_thread_blocked, id=19064, stack(0x000000850ee00000,0x000000850ef00000)]
  0x000001972d5b1690 JavaThread "Unconstrained build operations Thread 19" [_thread_blocked, id=12920, stack(0x000000850ef00000,0x000000850f000000)]
  0x000001972d5ac4c0 JavaThread "Unconstrained build operations Thread 20" [_thread_blocked, id=14784, stack(0x000000850f000000,0x000000850f100000)]
  0x000001972d5ace60 JavaThread "Unconstrained build operations Thread 21" [_thread_blocked, id=17780, stack(0x000000850f100000,0x000000850f200000)]
  0x000001972d5b2030 JavaThread "Unconstrained build operations Thread 22" [_thread_blocked, id=9124, stack(0x000000850f200000,0x000000850f300000)]
  0x000001972d5b11c0 JavaThread "Unconstrained build operations Thread 23" [_thread_blocked, id=14872, stack(0x000000850f300000,0x000000850f400000)]
  0x000001972d5afe80 JavaThread "Unconstrained build operations Thread 24" [_thread_blocked, id=16696, stack(0x000000850f400000,0x000000850f500000)]
  0x000001972d5ac990 JavaThread "Unconstrained build operations Thread 25" [_thread_blocked, id=2132, stack(0x000000850f500000,0x000000850f600000)]
  0x000001972d5b0820 JavaThread "Unconstrained build operations Thread 26" [_thread_blocked, id=14204, stack(0x000000850f600000,0x000000850f700000)]
  0x000001972d5aeb40 JavaThread "Unconstrained build operations Thread 27" [_thread_blocked, id=14492, stack(0x000000850f700000,0x000000850f800000)]
  0x000001972d5adcd0 JavaThread "Unconstrained build operations Thread 28" [_thread_blocked, id=10552, stack(0x000000850f800000,0x000000850f900000)]
  0x000001972d5ae1a0 JavaThread "Unconstrained build operations Thread 29" [_thread_blocked, id=18320, stack(0x000000850f900000,0x000000850fa00000)]
  0x000001972d5b0350 JavaThread "Unconstrained build operations Thread 30" [_thread_blocked, id=10700, stack(0x000000850fa00000,0x000000850fb00000)]
  0x000001972d5ae670 JavaThread "Unconstrained build operations Thread 31" [_thread_blocked, id=16456, stack(0x000000850fb00000,0x000000850fc00000)]
  0x00000197278052a0 JavaThread "Unconstrained build operations Thread 32" [_thread_blocked, id=13532, stack(0x000000850fc00000,0x000000850fd00000)]
  0x00000197278005a0 JavaThread "Unconstrained build operations Thread 33" [_thread_blocked, id=6272, stack(0x000000850fd00000,0x000000850fe00000)]
  0x0000019727802280 JavaThread "Unconstrained build operations Thread 34" [_thread_blocked, id=19348, stack(0x000000850fe00000,0x000000850ff00000)]
  0x0000019727803a90 JavaThread "Unconstrained build operations Thread 35" [_thread_blocked, id=12760, stack(0x000000850ff00000,0x0000008510000000)]
  0x00000197278065e0 JavaThread "Unconstrained build operations Thread 36" [_thread_blocked, id=17720, stack(0x0000008510000000,0x0000008510100000)]
  0x0000019727802750 JavaThread "Unconstrained build operations Thread 37" [_thread_blocked, id=11564, stack(0x0000008510100000,0x0000008510200000)]
  0x0000019727807920 JavaThread "Unconstrained build operations Thread 38" [_thread_blocked, id=12936, stack(0x0000008510200000,0x0000008510300000)]
  0x00000197278000d0 JavaThread "Unconstrained build operations Thread 39" [_thread_blocked, id=13928, stack(0x0000008510300000,0x0000008510400000)]
  0x00000197278035c0 JavaThread "Unconstrained build operations Thread 40" [_thread_blocked, id=11028, stack(0x0000008510400000,0x0000008510500000)]
  0x0000019727802c20 JavaThread "Unconstrained build operations Thread 41" [_thread_blocked, id=13732, stack(0x0000008510500000,0x0000008510600000)]
  0x0000019727801db0 JavaThread "Unconstrained build operations Thread 42" [_thread_blocked, id=18036, stack(0x0000008510600000,0x0000008510700000)]
  0x0000019727805c40 JavaThread "Unconstrained build operations Thread 43" [_thread_blocked, id=1844, stack(0x0000008510700000,0x0000008510800000)]
  0x0000019727800a70 JavaThread "Unconstrained build operations Thread 44" [_thread_blocked, id=17760, stack(0x0000008510800000,0x0000008510900000)]
  0x0000019727806110 JavaThread "Unconstrained build operations Thread 45" [_thread_blocked, id=11156, stack(0x0000008510900000,0x0000008510a00000)]
  0x0000019727800f40 JavaThread "Unconstrained build operations Thread 46" [_thread_blocked, id=14964, stack(0x0000008510a00000,0x0000008510b00000)]
  0x00000197278030f0 JavaThread "Unconstrained build operations Thread 47" [_thread_blocked, id=14460, stack(0x0000008510b00000,0x0000008510c00000)]
  0x0000019727807450 JavaThread "Unconstrained build operations Thread 48" [_thread_blocked, id=13188, stack(0x0000008510c00000,0x0000008510d00000)]
  0x0000019727801410 JavaThread "Unconstrained build operations Thread 49" [_thread_blocked, id=9032, stack(0x0000008510d00000,0x0000008510e00000)]
  0x00000197278018e0 JavaThread "Unconstrained build operations Thread 50" [_thread_blocked, id=16164, stack(0x0000008510e00000,0x0000008510f00000)]
  0x0000019727803f60 JavaThread "Unconstrained build operations Thread 51" [_thread_blocked, id=1852, stack(0x0000008510f00000,0x0000008511000000)]
  0x0000019727806ab0 JavaThread "Unconstrained build operations Thread 52" [_thread_blocked, id=1228, stack(0x0000008511000000,0x0000008511100000)]
  0x0000019727804430 JavaThread "Unconstrained build operations Thread 53" [_thread_blocked, id=18652, stack(0x0000008511100000,0x0000008511200000)]
  0x0000019727804900 JavaThread "Unconstrained build operations Thread 54" [_thread_blocked, id=18212, stack(0x0000008511200000,0x0000008511300000)]
  0x0000019727805770 JavaThread "Unconstrained build operations Thread 55" [_thread_blocked, id=18640, stack(0x0000008511300000,0x0000008511400000)]
  0x0000019727804dd0 JavaThread "Unconstrained build operations Thread 56" [_thread_blocked, id=17688, stack(0x0000008511400000,0x0000008511500000)]
  0x0000019727806f80 JavaThread "Unconstrained build operations Thread 57" [_thread_blocked, id=18008, stack(0x0000008511500000,0x0000008511600000)]
  0x0000019729bc0960 JavaThread "Unconstrained build operations Thread 58" [_thread_blocked, id=16148, stack(0x0000008511600000,0x0000008511700000)]
  0x0000019729bba450 JavaThread "Unconstrained build operations Thread 59" [_thread_blocked, id=18600, stack(0x0000008511700000,0x0000008511800000)]
  0x0000019729bc0490 JavaThread "Unconstrained build operations Thread 60" [_thread_blocked, id=15076, stack(0x0000008511800000,0x0000008511900000)]
  0x0000019729bc0e30 JavaThread "Unconstrained build operations Thread 61" [_thread_blocked, id=14268, stack(0x0000008511900000,0x0000008511a00000)]
  0x0000019729bc1300 JavaThread "Unconstrained build operations Thread 62" [_thread_blocked, id=2036, stack(0x0000008511a00000,0x0000008511b00000)]
  0x0000019729bbc600 JavaThread "Unconstrained build operations Thread 63" [_thread_blocked, id=8884, stack(0x0000008511b00000,0x0000008511c00000)]
  0x0000019729bb9ab0 JavaThread "Unconstrained build operations Thread 64" [_thread_blocked, id=19200, stack(0x0000008511c00000,0x0000008511d00000)]
  0x0000019729bbf620 JavaThread "Unconstrained build operations Thread 65" [_thread_blocked, id=11984, stack(0x0000008511d00000,0x0000008511e00000)]
  0x0000019729bbfaf0 JavaThread "Unconstrained build operations Thread 66" [_thread_blocked, id=3868, stack(0x0000008511e00000,0x0000008511f00000)]
  0x0000019729bbcad0 JavaThread "Unconstrained build operations Thread 67" [_thread_blocked, id=18152, stack(0x0000008511f00000,0x0000008512000000)]
  0x0000019729bbadf0 JavaThread "Unconstrained build operations Thread 68" [_thread_blocked, id=17732, stack(0x0000008512000000,0x0000008512100000)]
  0x0000019729bbd470 JavaThread "Unconstrained build operations Thread 69" [_thread_blocked, id=10576, stack(0x0000008512100000,0x0000008512200000)]
  0x0000019729bba920 JavaThread "Unconstrained build operations Thread 70" [_thread_blocked, id=10952, stack(0x0000008512200000,0x0000008512300000)]
  0x0000019729bb9f80 JavaThread "Unconstrained build operations Thread 71" [_thread_blocked, id=12680, stack(0x0000008512300000,0x0000008512400000)]
  0x0000019729bbb2c0 JavaThread "Unconstrained build operations Thread 72" [_thread_blocked, id=14820, stack(0x0000008512400000,0x0000008512500000)]
  0x0000019729bbe7b0 JavaThread "Unconstrained build operations Thread 73" [_thread_blocked, id=16600, stack(0x0000008512500000,0x0000008512600000)]
  0x0000019729bbd940 JavaThread "Unconstrained build operations Thread 74" [_thread_blocked, id=17756, stack(0x0000008512600000,0x0000008512700000)]
  0x0000019729bbcfa0 JavaThread "Unconstrained build operations Thread 75" [_thread_blocked, id=15880, stack(0x0000008512700000,0x0000008512800000)]
  0x0000019729bbc130 JavaThread "Unconstrained build operations Thread 76" [_thread_blocked, id=10248, stack(0x0000008512800000,0x0000008512900000)]
  0x0000019729bbde10 JavaThread "Unconstrained build operations Thread 77" [_thread_blocked, id=11640, stack(0x0000008512900000,0x0000008512a00000)]
  0x0000019729bbe2e0 JavaThread "Unconstrained build operations Thread 78" [_thread_blocked, id=14648, stack(0x0000008512a00000,0x0000008512b00000)]
  0x0000019729bbf150 JavaThread "Unconstrained build operations Thread 79" [_thread_blocked, id=18832, stack(0x0000008512b00000,0x0000008512c00000)]
  0x0000019729bbb790 JavaThread "Unconstrained build operations Thread 80" [_thread_blocked, id=19244, stack(0x0000008512c00000,0x0000008512d00000)]
  0x0000019729bbbc60 JavaThread "jar transforms Thread 6" [_thread_blocked, id=19112, stack(0x0000008512d00000,0x0000008512e00000)]
  0x0000019729bbec80 JavaThread "jar transforms Thread 7" [_thread_blocked, id=8760, stack(0x0000008512e00000,0x0000008512f00000)]
  0x0000019729bbffc0 JavaThread "jar transforms Thread 8" [_thread_blocked, id=18612, stack(0x0000008512f00000,0x0000008513000000)]
  0x000001972d143200 JavaThread "build event listener" [_thread_blocked, id=18252, stack(0x000000850dc00000,0x000000850dd00000)]
  0x000001972d14aa50 JavaThread "Memory manager" [_thread_blocked, id=14880, stack(0x0000008513100000,0x0000008513200000)]
  0x000001972d144ee0 JavaThread "included builds" [_thread_in_Java, id=17776, stack(0x0000008513200000,0x0000008513300000)]
  0x000001972d1453b0 JavaThread "Execution worker" [_thread_blocked, id=17232, stack(0x0000008513300000,0x0000008513400000)]
  0x000001972d147a30 JavaThread "Execution worker Thread 2" [_thread_blocked, id=16664, stack(0x0000008513400000,0x0000008513500000)]
  0x000001972d1488a0 JavaThread "Execution worker Thread 3" [_thread_blocked, id=17704, stack(0x0000008513500000,0x0000008513600000)]
  0x000001972d145880 JavaThread "Execution worker Thread 4" [_thread_blocked, id=17976, stack(0x0000008513600000,0x0000008513700000)]
  0x000001972d145d50 JavaThread "Execution worker Thread 5" [_thread_blocked, id=18956, stack(0x0000008513700000,0x0000008513800000)]
  0x000001972d1466f0 JavaThread "Execution worker Thread 6" [_thread_blocked, id=17464, stack(0x0000008513800000,0x0000008513900000)]
  0x000001972d148d70 JavaThread "Execution worker Thread 7" [_thread_blocked, id=19376, stack(0x0000008513900000,0x0000008513a00000)]
  0x000001972d146bc0 JavaThread "Cache worker for execution history cache (E:\AndroidStudioProject\MyMovies\.gradle\8.0\executionHistory)" [_thread_blocked, id=11744, stack(0x0000008513a00000,0x0000008513b00000)]
  0x0000019729c74d40 JavaThread "C2 CompilerThread1" daemon [_thread_in_native, id=16316, stack(0x000000850d300000,0x000000850d400000)]
=>0x0000019729c74320 JavaThread "C2 CompilerThread2" daemon [_thread_in_native, id=12720, stack(0x0000008513000000,0x0000008513100000)]

Other Threads:
  0x000001972741e330 VMThread "VM Thread" [stack: 0x000000850a900000,0x000000850aa00000] [id=16096]
  0x00000197275dd8b0 WatcherThread [stack: 0x000000850b500000,0x000000850b600000] [id=18360]
  0x000001970ca58450 GCTaskThread "GC Thread#0" [stack: 0x000000850a400000,0x000000850a500000] [id=12580]
  0x00000197281888b0 GCTaskThread "GC Thread#1" [stack: 0x000000850b800000,0x000000850b900000] [id=7848]
  0x0000019728188b60 GCTaskThread "GC Thread#2" [stack: 0x000000850b900000,0x000000850ba00000] [id=10060]
  0x0000019727857b30 GCTaskThread "GC Thread#3" [stack: 0x000000850ba00000,0x000000850bb00000] [id=12628]
  0x0000019728b51c60 GCTaskThread "GC Thread#4" [stack: 0x000000850b600000,0x000000850b700000] [id=12572]
  0x000001972a229c60 GCTaskThread "GC Thread#5" [stack: 0x000000850bd00000,0x000000850be00000] [id=10628]
  0x0000019728d247d0 GCTaskThread "GC Thread#6" [stack: 0x000000850c500000,0x000000850c600000] [id=11380]
  0x0000019728d24a80 GCTaskThread "GC Thread#7" [stack: 0x000000850c600000,0x000000850c700000] [id=11432]
  0x000001970ca692a0 ConcurrentGCThread "G1 Main Marker" [stack: 0x000000850a500000,0x000000850a600000] [id=12588]
  0x000001970ca69bc0 ConcurrentGCThread "G1 Conc#0" [stack: 0x000000850a600000,0x000000850a700000] [id=17812]
  0x000001972a242180 ConcurrentGCThread "G1 Conc#1" [stack: 0x000000850c700000,0x000000850c800000] [id=10180]
  0x000001970cabda80 ConcurrentGCThread "G1 Refine#0" [stack: 0x000000850a700000,0x000000850a800000] [id=10524]
  0x0000019729f1c260 ConcurrentGCThread "G1 Refine#1" [stack: 0x000000850d700000,0x000000850d800000] [id=16816]
  0x000001972dd5b620 ConcurrentGCThread "G1 Refine#2" [stack: 0x0000008513b00000,0x0000008513c00000] [id=9688]
  0x000001972675dd50 ConcurrentGCThread "G1 Service" [stack: 0x000000850a800000,0x000000850a900000] [id=18264]

Threads with active compile tasks:
C2 CompilerThread0    27075 10954       4       com.android.ide.common.resources.NodeUtils::updateNamespace (167 bytes)
C2 CompilerThread1    27075 10941       4       com.android.ide.common.resources.NodeUtils::duplicateNode (315 bytes)
C2 CompilerThread2    27075 10920       4       org.apache.xerces.dom.ElementNSImpl::getNamespaceURI (16 bytes)

VM state: not at safepoint (normal execution)

VM Mutex/Monitor currently owned by a thread: None

Heap address: 0x0000000080000000, size: 2048 MB, Compressed Oops mode: 32-bit

CDS archive(s) not mapped
Compressed class space mapped at: 0x0000000100000000-0x0000000140000000, reserved size: 1073741824
Narrow klass base: 0x0000000000000000, Narrow klass shift: 3, Narrow klass range: 0x140000000

GC Precious Log:
 CPUs: 8 total, 8 available
 Memory: 12285M
 Large Page Support: Disabled
 NUMA Support: Disabled
 Compressed Oops: Enabled (32-bit)
 Heap Region Size: 1M
 Heap Min Capacity: 8M
 Heap Initial Capacity: 192M
 Heap Max Capacity: 2G
 Pre-touch: Disabled
 Parallel Workers: 8
 Concurrent Workers: 2
 Concurrent Refinement Workers: 8
 Periodic GC: Disabled

Heap:
 garbage-first heap   total 211968K, used 119381K [0x0000000080000000, 0x0000000100000000)
  region size 1024K, 5 young (5120K), 4 survivors (4096K)
 Metaspace       used 88950K, committed 89664K, reserved 1130496K
  class space    used 12085K, committed 12416K, reserved 1048576K

Heap Regions: E=young(eden), S=young(survivor), O=old, HS=humongous(starts), HC=humongous(continues), CS=collection set, F=free, OA=open archive, CA=closed archive, TAMS=top-at-mark-start (previous, next)
|   0|0x0000000080000000, 0x0000000080100000, 0x0000000080100000|100%|HS|  |TAMS 0x0000000080100000, 0x0000000080100000| Complete 
|   1|0x0000000080100000, 0x0000000080200000, 0x0000000080200000|100%|HC|  |TAMS 0x0000000080200000, 0x0000000080200000| Complete 
|   2|0x0000000080200000, 0x0000000080300000, 0x0000000080300000|100%|HC|  |TAMS 0x0000000080300000, 0x0000000080300000| Complete 
|   3|0x0000000080300000, 0x0000000080400000, 0x0000000080400000|100%|HC|  |TAMS 0x0000000080400000, 0x0000000080400000| Complete 
|   4|0x0000000080400000, 0x0000000080500000, 0x0000000080500000|100%| O|  |TAMS 0x0000000080500000, 0x0000000080500000| Untracked 
|   5|0x0000000080500000, 0x0000000080600000, 0x0000000080600000|100%| O|  |TAMS 0x0000000080600000, 0x0000000080600000| Untracked 
|   6|0x0000000080600000, 0x0000000080700000, 0x0000000080700000|100%| O|  |TAMS 0x0000000080700000, 0x0000000080700000| Untracked 
|   7|0x0000000080700000, 0x0000000080800000, 0x0000000080800000|100%| O|  |TAMS 0x0000000080800000, 0x0000000080800000| Untracked 
|   8|0x0000000080800000, 0x0000000080900000, 0x0000000080900000|100%| O|  |TAMS 0x0000000080900000, 0x0000000080900000| Untracked 
|   9|0x0000000080900000, 0x0000000080a00000, 0x0000000080a00000|100%| O|  |TAMS 0x0000000080a00000, 0x0000000080a00000| Untracked 
|  10|0x0000000080a00000, 0x0000000080b00000, 0x0000000080b00000|100%| O|  |TAMS 0x0000000080b00000, 0x0000000080b00000| Untracked 
|  11|0x0000000080b00000, 0x0000000080c00000, 0x0000000080c00000|100%| O|  |TAMS 0x0000000080b00000, 0x0000000080c00000| Untracked 
|  12|0x0000000080c00000, 0x0000000080d00000, 0x0000000080d00000|100%| O|  |TAMS 0x0000000080d00000, 0x0000000080d00000| Untracked 
|  13|0x0000000080d00000, 0x0000000080e00000, 0x0000000080e00000|100%| O|  |TAMS 0x0000000080e00000, 0x0000000080e00000| Untracked 
|  14|0x0000000080e00000, 0x0000000080f00000, 0x0000000080f00000|100%| O|  |TAMS 0x0000000080f00000, 0x0000000080f00000| Untracked 
|  15|0x0000000080f00000, 0x0000000081000000, 0x0000000081000000|100%| O|  |TAMS 0x0000000081000000, 0x0000000081000000| Untracked 
|  16|0x0000000081000000, 0x0000000081100000, 0x0000000081100000|100%| O|  |TAMS 0x0000000081100000, 0x0000000081100000| Untracked 
|  17|0x0000000081100000, 0x0000000081200000, 0x0000000081200000|100%| O|  |TAMS 0x0000000081200000, 0x0000000081200000| Untracked 
|  18|0x0000000081200000, 0x0000000081300000, 0x0000000081300000|100%| O|  |TAMS 0x0000000081300000, 0x0000000081300000| Untracked 
|  19|0x0000000081300000, 0x0000000081400000, 0x0000000081400000|100%| O|  |TAMS 0x0000000081400000, 0x0000000081400000| Untracked 
|  20|0x0000000081400000, 0x0000000081500000, 0x0000000081500000|100%| O|  |TAMS 0x0000000081500000, 0x0000000081500000| Untracked 
|  21|0x0000000081500000, 0x0000000081600000, 0x0000000081600000|100%| O|  |TAMS 0x0000000081600000, 0x0000000081600000| Untracked 
|  22|0x0000000081600000, 0x0000000081700000, 0x0000000081700000|100%| O|  |TAMS 0x0000000081700000, 0x0000000081700000| Untracked 
|  23|0x0000000081700000, 0x0000000081800000, 0x0000000081800000|100%| O|  |TAMS 0x0000000081800000, 0x0000000081800000| Untracked 
|  24|0x0000000081800000, 0x0000000081900000, 0x0000000081900000|100%| O|  |TAMS 0x0000000081900000, 0x0000000081900000| Untracked 
|  25|0x0000000081900000, 0x0000000081a00000, 0x0000000081a00000|100%| O|  |TAMS 0x0000000081a00000, 0x0000000081a00000| Untracked 
|  26|0x0000000081a00000, 0x0000000081b00000, 0x0000000081b00000|100%| O|  |TAMS 0x0000000081b00000, 0x0000000081b00000| Untracked 
|  27|0x0000000081b00000, 0x0000000081c00000, 0x0000000081c00000|100%| O|  |TAMS 0x0000000081c00000, 0x0000000081c00000| Untracked 
|  28|0x0000000081c00000, 0x0000000081d00000, 0x0000000081d00000|100%| O|  |TAMS 0x0000000081d00000, 0x0000000081d00000| Untracked 
|  29|0x0000000081d00000, 0x0000000081e00000, 0x0000000081e00000|100%| O|  |TAMS 0x0000000081e00000, 0x0000000081e00000| Untracked 
|  30|0x0000000081e00000, 0x0000000081f00000, 0x0000000081f00000|100%| O|  |TAMS 0x0000000081f00000, 0x0000000081f00000| Untracked 
|  31|0x0000000081f00000, 0x0000000082000000, 0x0000000082000000|100%| O|  |TAMS 0x0000000082000000, 0x0000000082000000| Untracked 
|  32|0x0000000082000000, 0x0000000082100000, 0x0000000082100000|100%| O|  |TAMS 0x0000000082100000, 0x0000000082100000| Untracked 
|  33|0x0000000082100000, 0x0000000082200000, 0x0000000082200000|100%| O|  |TAMS 0x0000000082200000, 0x0000000082200000| Untracked 
|  34|0x0000000082200000, 0x0000000082300000, 0x0000000082300000|100%| O|  |TAMS 0x0000000082300000, 0x0000000082300000| Untracked 
|  35|0x0000000082300000, 0x0000000082400000, 0x0000000082400000|100%| O|  |TAMS 0x0000000082400000, 0x0000000082400000| Untracked 
|  36|0x0000000082400000, 0x0000000082500000, 0x0000000082500000|100%| O|  |TAMS 0x0000000082500000, 0x0000000082500000| Untracked 
|  37|0x0000000082500000, 0x0000000082600000, 0x0000000082600000|100%| O|  |TAMS 0x0000000082500000, 0x0000000082500000| Untracked 
|  38|0x0000000082600000, 0x0000000082700000, 0x0000000082700000|100%|HS|  |TAMS 0x0000000082700000, 0x0000000082700000| Complete 
|  39|0x0000000082700000, 0x0000000082800000, 0x0000000082800000|100%|HS|  |TAMS 0x0000000082800000, 0x0000000082800000| Complete 
|  40|0x0000000082800000, 0x0000000082900000, 0x0000000082900000|100%|HS|  |TAMS 0x0000000082900000, 0x0000000082900000| Complete 
|  41|0x0000000082900000, 0x0000000082a00000, 0x0000000082a00000|100%| O|  |TAMS 0x0000000082a00000, 0x0000000082a00000| Untracked 
|  42|0x0000000082a00000, 0x0000000082b00000, 0x0000000082b00000|100%| O|  |TAMS 0x0000000082b00000, 0x0000000082b00000| Untracked 
|  43|0x0000000082b00000, 0x0000000082c00000, 0x0000000082c00000|100%| O|  |TAMS 0x0000000082c00000, 0x0000000082c00000| Untracked 
|  44|0x0000000082c00000, 0x0000000082d00000, 0x0000000082d00000|100%| O|  |TAMS 0x0000000082d00000, 0x0000000082d00000| Untracked 
|  45|0x0000000082d00000, 0x0000000082e00000, 0x0000000082e00000|100%| O|  |TAMS 0x0000000082e00000, 0x0000000082e00000| Untracked 
|  46|0x0000000082e00000, 0x0000000082f00000, 0x0000000082f00000|100%| O|  |TAMS 0x0000000082f00000, 0x0000000082f00000| Untracked 
|  47|0x0000000082f00000, 0x0000000083000000, 0x0000000083000000|100%| O|  |TAMS 0x0000000083000000, 0x0000000083000000| Untracked 
|  48|0x0000000083000000, 0x0000000083100000, 0x0000000083100000|100%| O|  |TAMS 0x0000000083100000, 0x0000000083100000| Untracked 
|  49|0x0000000083100000, 0x0000000083200000, 0x0000000083200000|100%| O|  |TAMS 0x0000000083200000, 0x0000000083200000| Untracked 
|  50|0x0000000083200000, 0x0000000083300000, 0x0000000083300000|100%| O|  |TAMS 0x0000000083300000, 0x0000000083300000| Untracked 
|  51|0x0000000083300000, 0x0000000083400000, 0x0000000083400000|100%| O|  |TAMS 0x0000000083400000, 0x0000000083400000| Untracked 
|  52|0x0000000083400000, 0x0000000083500000, 0x0000000083500000|100%| O|  |TAMS 0x0000000083500000, 0x0000000083500000| Untracked 
|  53|0x0000000083500000, 0x0000000083600000, 0x0000000083600000|100%| O|  |TAMS 0x0000000083600000, 0x0000000083600000| Untracked 
|  54|0x0000000083600000, 0x0000000083700000, 0x0000000083700000|100%| O|  |TAMS 0x0000000083700000, 0x0000000083700000| Untracked 
|  55|0x0000000083700000, 0x0000000083800000, 0x0000000083800000|100%| O|  |TAMS 0x0000000083800000, 0x0000000083800000| Untracked 
|  56|0x0000000083800000, 0x0000000083900000, 0x0000000083900000|100%| O|  |TAMS 0x0000000083900000, 0x0000000083900000| Untracked 
|  57|0x0000000083900000, 0x0000000083a00000, 0x0000000083a00000|100%| O|  |TAMS 0x0000000083a00000, 0x0000000083a00000| Untracked 
|  58|0x0000000083a00000, 0x0000000083b00000, 0x0000000083b00000|100%| O|  |TAMS 0x0000000083b00000, 0x0000000083b00000| Untracked 
|  59|0x0000000083b00000, 0x0000000083c00000, 0x0000000083c00000|100%| O|  |TAMS 0x0000000083c00000, 0x0000000083c00000| Untracked 
|  60|0x0000000083c00000, 0x0000000083d00000, 0x0000000083d00000|100%| O|  |TAMS 0x0000000083d00000, 0x0000000083d00000| Untracked 
|  61|0x0000000083d00000, 0x0000000083e00000, 0x0000000083e00000|100%| O|  |TAMS 0x0000000083e00000, 0x0000000083e00000| Untracked 
|  62|0x0000000083e00000, 0x0000000083f00000, 0x0000000083f00000|100%| O|  |TAMS 0x0000000083f00000, 0x0000000083f00000| Untracked 
|  63|0x0000000083f00000, 0x0000000084000000, 0x0000000084000000|100%| O|  |TAMS 0x0000000084000000, 0x0000000084000000| Untracked 
|  64|0x0000000084000000, 0x0000000084100000, 0x0000000084100000|100%| O|  |TAMS 0x0000000084100000, 0x0000000084100000| Untracked 
|  65|0x0000000084100000, 0x0000000084200000, 0x0000000084200000|100%| O|  |TAMS 0x0000000084200000, 0x0000000084200000| Untracked 
|  66|0x0000000084200000, 0x0000000084300000, 0x0000000084300000|100%| O|  |TAMS 0x0000000084300000, 0x0000000084300000| Untracked 
|  67|0x0000000084300000, 0x0000000084400000, 0x0000000084400000|100%| O|  |TAMS 0x0000000084400000, 0x0000000084400000| Untracked 
|  68|0x0000000084400000, 0x0000000084500000, 0x0000000084500000|100%| O|  |TAMS 0x0000000084500000, 0x0000000084500000| Untracked 
|  69|0x0000000084500000, 0x0000000084600000, 0x0000000084600000|100%| O|  |TAMS 0x0000000084600000, 0x0000000084600000| Untracked 
|  70|0x0000000084600000, 0x0000000084700000, 0x0000000084700000|100%| O|  |TAMS 0x0000000084700000, 0x0000000084700000| Untracked 
|  71|0x0000000084700000, 0x0000000084800000, 0x0000000084800000|100%| O|  |TAMS 0x0000000084800000, 0x0000000084800000| Untracked 
|  72|0x0000000084800000, 0x0000000084900000, 0x0000000084900000|100%| O|  |TAMS 0x0000000084900000, 0x0000000084900000| Untracked 
|  73|0x0000000084900000, 0x0000000084a00000, 0x0000000084a00000|100%| O|  |TAMS 0x0000000084a00000, 0x0000000084a00000| Untracked 
|  74|0x0000000084a00000, 0x0000000084b00000, 0x0000000084b00000|100%| O|  |TAMS 0x0000000084b00000, 0x0000000084b00000| Untracked 
|  75|0x0000000084b00000, 0x0000000084c00000, 0x0000000084c00000|100%| O|  |TAMS 0x0000000084c00000, 0x0000000084c00000| Untracked 
|  76|0x0000000084c00000, 0x0000000084d00000, 0x0000000084d00000|100%| O|  |TAMS 0x0000000084d00000, 0x0000000084d00000| Untracked 
|  77|0x0000000084d00000, 0x0000000084e00000, 0x0000000084e00000|100%| O|  |TAMS 0x0000000084e00000, 0x0000000084e00000| Untracked 
|  78|0x0000000084e00000, 0x0000000084f00000, 0x0000000084f00000|100%| O|  |TAMS 0x0000000084f00000, 0x0000000084f00000| Untracked 
|  79|0x0000000084f00000, 0x0000000085000000, 0x0000000085000000|100%| O|  |TAMS 0x0000000085000000, 0x0000000085000000| Untracked 
|  80|0x0000000085000000, 0x0000000085100000, 0x0000000085100000|100%| O|  |TAMS 0x0000000085100000, 0x0000000085100000| Untracked 
|  81|0x0000000085100000, 0x0000000085200000, 0x0000000085200000|100%| O|  |TAMS 0x0000000085200000, 0x0000000085200000| Untracked 
|  82|0x0000000085200000, 0x0000000085300000, 0x0000000085300000|100%| O|  |TAMS 0x0000000085300000, 0x0000000085300000| Untracked 
|  83|0x0000000085300000, 0x0000000085400000, 0x0000000085400000|100%| O|  |TAMS 0x0000000085400000, 0x0000000085400000| Untracked 
|  84|0x0000000085400000, 0x0000000085500000, 0x0000000085500000|100%| O|  |TAMS 0x0000000085500000, 0x0000000085500000| Untracked 
|  85|0x0000000085500000, 0x0000000085600000, 0x0000000085600000|100%| O|  |TAMS 0x0000000085600000, 0x0000000085600000| Untracked 
|  86|0x0000000085600000, 0x0000000085700000, 0x0000000085700000|100%| O|  |TAMS 0x0000000085700000, 0x0000000085700000| Untracked 
|  87|0x0000000085700000, 0x0000000085800000, 0x0000000085800000|100%| O|  |TAMS 0x0000000085800000, 0x0000000085800000| Untracked 
|  88|0x0000000085800000, 0x0000000085900000, 0x0000000085900000|100%| O|  |TAMS 0x0000000085900000, 0x0000000085900000| Untracked 
|  89|0x0000000085900000, 0x0000000085a00000, 0x0000000085a00000|100%| O|  |TAMS 0x0000000085a00000, 0x0000000085a00000| Untracked 
|  90|0x0000000085a00000, 0x0000000085b00000, 0x0000000085b00000|100%| O|  |TAMS 0x0000000085b00000, 0x0000000085b00000| Untracked 
|  91|0x0000000085b00000, 0x0000000085c00000, 0x0000000085c00000|100%| O|  |TAMS 0x0000000085c00000, 0x0000000085c00000| Untracked 
|  92|0x0000000085c00000, 0x0000000085d00000, 0x0000000085d00000|100%| O|  |TAMS 0x0000000085d00000, 0x0000000085d00000| Untracked 
|  93|0x0000000085d00000, 0x0000000085e00000, 0x0000000085e00000|100%| O|  |TAMS 0x0000000085e00000, 0x0000000085e00000| Untracked 
|  94|0x0000000085e00000, 0x0000000085f00000, 0x0000000085f00000|100%| O|  |TAMS 0x0000000085f00000, 0x0000000085f00000| Untracked 
|  95|0x0000000085f00000, 0x0000000086000000, 0x0000000086000000|100%| O|  |TAMS 0x0000000085fffe00, 0x0000000086000000| Untracked 
|  96|0x0000000086000000, 0x0000000086100000, 0x0000000086100000|100%| O|  |TAMS 0x0000000086000000, 0x0000000086100000| Untracked 
|  97|0x0000000086100000, 0x0000000086200000, 0x0000000086200000|100%| O|  |TAMS 0x0000000086100000, 0x0000000086200000| Untracked 
|  98|0x0000000086200000, 0x0000000086300000, 0x0000000086300000|100%| O|  |TAMS 0x0000000086200000, 0x0000000086300000| Untracked 
|  99|0x0000000086300000, 0x0000000086400000, 0x0000000086400000|100%| O|  |TAMS 0x0000000086300000, 0x000000008638cc00| Untracked 
| 100|0x0000000086400000, 0x0000000086500000, 0x0000000086500000|100%| O|  |TAMS 0x0000000086400000, 0x0000000086400000| Untracked 
| 101|0x0000000086500000, 0x0000000086595608, 0x0000000086600000| 58%| O|  |TAMS 0x0000000086500000, 0x0000000086500000| Untracked 
| 102|0x0000000086600000, 0x0000000086700000, 0x0000000086700000|100%|HS|  |TAMS 0x0000000086600000, 0x0000000086700000| Complete 
| 103|0x0000000086700000, 0x0000000086800000, 0x0000000086800000|100%|HC|  |TAMS 0x0000000086700000, 0x0000000086800000| Complete 
| 104|0x0000000086800000, 0x0000000086900000, 0x0000000086900000|100%|HS|  |TAMS 0x0000000086800000, 0x0000000086800000| Complete 
| 105|0x0000000086900000, 0x0000000086900000, 0x0000000086a00000|  0%| F|  |TAMS 0x0000000086900000, 0x0000000086900000| Untracked 
| 106|0x0000000086a00000, 0x0000000086b00000, 0x0000000086b00000|100%| O|  |TAMS 0x0000000086a00000, 0x0000000086b00000| Untracked 
| 107|0x0000000086b00000, 0x0000000086c00000, 0x0000000086c00000|100%| O|  |TAMS 0x0000000086b00000, 0x0000000086c00000| Untracked 
| 108|0x0000000086c00000, 0x0000000086d00000, 0x0000000086d00000|100%|HS|  |TAMS 0x0000000086c00000, 0x0000000086c00000| Complete 
| 109|0x0000000086d00000, 0x0000000086e00000, 0x0000000086e00000|100%|HC|  |TAMS 0x0000000086d00000, 0x0000000086d00000| Complete 
| 110|0x0000000086e00000, 0x0000000086f00000, 0x0000000086f00000|100%|HS|  |TAMS 0x0000000086e00000, 0x0000000086e00000| Complete 
| 111|0x0000000086f00000, 0x0000000087000000, 0x0000000087000000|100%|HC|  |TAMS 0x0000000086f00000, 0x0000000086f00000| Complete 
| 112|0x0000000087000000, 0x0000000087100000, 0x0000000087100000|100%|HC|  |TAMS 0x0000000087000000, 0x0000000087000000| Complete 
| 113|0x0000000087100000, 0x0000000087200000, 0x0000000087200000|100%|HC|  |TAMS 0x0000000087100000, 0x0000000087100000| Complete 
| 114|0x0000000087200000, 0x0000000087200000, 0x0000000087300000|  0%| F|  |TAMS 0x0000000087200000, 0x0000000087200000| Untracked 
| 115|0x0000000087300000, 0x0000000087300000, 0x0000000087400000|  0%| F|  |TAMS 0x0000000087300000, 0x0000000087300000| Untracked 
| 116|0x0000000087400000, 0x0000000087400000, 0x0000000087500000|  0%| F|  |TAMS 0x0000000087400000, 0x0000000087400000| Untracked 
| 117|0x0000000087500000, 0x0000000087500000, 0x0000000087600000|  0%| F|  |TAMS 0x0000000087500000, 0x0000000087500000| Untracked 
| 118|0x0000000087600000, 0x0000000087600000, 0x0000000087700000|  0%| F|  |TAMS 0x0000000087600000, 0x0000000087600000| Untracked 
| 119|0x0000000087700000, 0x0000000087700000, 0x0000000087800000|  0%| F|  |TAMS 0x0000000087700000, 0x0000000087700000| Untracked 
| 120|0x0000000087800000, 0x0000000087800000, 0x0000000087900000|  0%| F|  |TAMS 0x0000000087800000, 0x0000000087800000| Untracked 
| 121|0x0000000087900000, 0x0000000087900000, 0x0000000087a00000|  0%| F|  |TAMS 0x0000000087900000, 0x0000000087900000| Untracked 
| 122|0x0000000087a00000, 0x0000000087a00000, 0x0000000087b00000|  0%| F|  |TAMS 0x0000000087a00000, 0x0000000087a00000| Untracked 
| 123|0x0000000087b00000, 0x0000000087b00000, 0x0000000087c00000|  0%| F|  |TAMS 0x0000000087b00000, 0x0000000087b00000| Untracked 
| 124|0x0000000087c00000, 0x0000000087c00000, 0x0000000087d00000|  0%| F|  |TAMS 0x0000000087c00000, 0x0000000087c00000| Untracked 
| 125|0x0000000087d00000, 0x0000000087d00000, 0x0000000087e00000|  0%| F|  |TAMS 0x0000000087d00000, 0x0000000087d00000| Untracked 
| 126|0x0000000087e00000, 0x0000000087e00000, 0x0000000087f00000|  0%| F|  |TAMS 0x0000000087e00000, 0x0000000087e00000| Untracked 
| 127|0x0000000087f00000, 0x0000000087f00000, 0x0000000088000000|  0%| F|  |TAMS 0x0000000087f00000, 0x0000000087f00000| Untracked 
| 128|0x0000000088000000, 0x0000000088000000, 0x0000000088100000|  0%| F|  |TAMS 0x0000000088000000, 0x0000000088000000| Untracked 
| 129|0x0000000088100000, 0x0000000088100000, 0x0000000088200000|  0%| F|  |TAMS 0x0000000088100000, 0x0000000088100000| Untracked 
| 130|0x0000000088200000, 0x0000000088200000, 0x0000000088300000|  0%| F|  |TAMS 0x0000000088200000, 0x0000000088200000| Untracked 
| 131|0x0000000088300000, 0x0000000088300000, 0x0000000088400000|  0%| F|  |TAMS 0x0000000088300000, 0x0000000088300000| Untracked 
| 132|0x0000000088400000, 0x0000000088400000, 0x0000000088500000|  0%| F|  |TAMS 0x0000000088400000, 0x0000000088400000| Untracked 
| 133|0x0000000088500000, 0x0000000088500000, 0x0000000088600000|  0%| F|  |TAMS 0x0000000088500000, 0x0000000088500000| Untracked 
| 134|0x0000000088600000, 0x0000000088600000, 0x0000000088700000|  0%| F|  |TAMS 0x0000000088600000, 0x0000000088600000| Untracked 
| 135|0x0000000088700000, 0x0000000088700000, 0x0000000088800000|  0%| F|  |TAMS 0x0000000088700000, 0x0000000088700000| Untracked 
| 136|0x0000000088800000, 0x0000000088800000, 0x0000000088900000|  0%| F|  |TAMS 0x0000000088800000, 0x0000000088800000| Untracked 
| 137|0x0000000088900000, 0x0000000088900000, 0x0000000088a00000|  0%| F|  |TAMS 0x0000000088900000, 0x0000000088900000| Untracked 
| 138|0x0000000088a00000, 0x0000000088a00000, 0x0000000088b00000|  0%| F|  |TAMS 0x0000000088a00000, 0x0000000088a00000| Untracked 
| 139|0x0000000088b00000, 0x0000000088b00000, 0x0000000088c00000|  0%| F|  |TAMS 0x0000000088b00000, 0x0000000088b00000| Untracked 
| 140|0x0000000088c00000, 0x0000000088c00000, 0x0000000088d00000|  0%| F|  |TAMS 0x0000000088c00000, 0x0000000088c00000| Untracked 
| 141|0x0000000088d00000, 0x0000000088d00000, 0x0000000088e00000|  0%| F|  |TAMS 0x0000000088d00000, 0x0000000088d00000| Untracked 
| 142|0x0000000088e00000, 0x0000000088e00000, 0x0000000088f00000|  0%| F|  |TAMS 0x0000000088e00000, 0x0000000088e00000| Untracked 
| 143|0x0000000088f00000, 0x0000000088f00000, 0x0000000089000000|  0%| F|  |TAMS 0x0000000088f00000, 0x0000000088f00000| Untracked 
| 144|0x0000000089000000, 0x0000000089000000, 0x0000000089100000|  0%| F|  |TAMS 0x0000000089000000, 0x0000000089000000| Untracked 
| 145|0x0000000089100000, 0x0000000089100000, 0x0000000089200000|  0%| F|  |TAMS 0x0000000089100000, 0x0000000089100000| Untracked 
| 146|0x0000000089200000, 0x0000000089200000, 0x0000000089300000|  0%| F|  |TAMS 0x0000000089200000, 0x0000000089200000| Untracked 
| 147|0x0000000089300000, 0x0000000089300000, 0x0000000089400000|  0%| F|  |TAMS 0x0000000089300000, 0x0000000089300000| Untracked 
| 148|0x0000000089400000, 0x0000000089400000, 0x0000000089500000|  0%| F|  |TAMS 0x0000000089400000, 0x0000000089400000| Untracked 
| 149|0x0000000089500000, 0x0000000089500000, 0x0000000089600000|  0%| F|  |TAMS 0x0000000089500000, 0x0000000089500000| Untracked 
| 150|0x0000000089600000, 0x0000000089600000, 0x0000000089700000|  0%| F|  |TAMS 0x0000000089600000, 0x0000000089600000| Untracked 
| 151|0x0000000089700000, 0x0000000089700000, 0x0000000089800000|  0%| F|  |TAMS 0x0000000089700000, 0x0000000089700000| Untracked 
| 152|0x0000000089800000, 0x0000000089900000, 0x0000000089900000|100%| S|CS|TAMS 0x0000000089800000, 0x0000000089800000| Complete 
| 153|0x0000000089900000, 0x0000000089a00000, 0x0000000089a00000|100%| S|CS|TAMS 0x0000000089900000, 0x0000000089900000| Complete 
| 154|0x0000000089a00000, 0x0000000089b00000, 0x0000000089b00000|100%| S|CS|TAMS 0x0000000089a00000, 0x0000000089a00000| Complete 
| 155|0x0000000089b00000, 0x0000000089c00000, 0x0000000089c00000|100%| S|CS|TAMS 0x0000000089b00000, 0x0000000089b00000| Complete 
| 156|0x0000000089c00000, 0x0000000089c00000, 0x0000000089d00000|  0%| F|  |TAMS 0x0000000089c00000, 0x0000000089c00000| Untracked 
| 157|0x0000000089d00000, 0x0000000089d00000, 0x0000000089e00000|  0%| F|  |TAMS 0x0000000089d00000, 0x0000000089d00000| Untracked 
| 158|0x0000000089e00000, 0x0000000089e00000, 0x0000000089f00000|  0%| F|  |TAMS 0x0000000089e00000, 0x0000000089e00000| Untracked 
| 159|0x0000000089f00000, 0x0000000089f00000, 0x000000008a000000|  0%| F|  |TAMS 0x0000000089f00000, 0x0000000089f00000| Untracked 
| 160|0x000000008a000000, 0x000000008a000000, 0x000000008a100000|  0%| F|  |TAMS 0x000000008a000000, 0x000000008a000000| Untracked 
| 161|0x000000008a100000, 0x000000008a100000, 0x000000008a200000|  0%| F|  |TAMS 0x000000008a100000, 0x000000008a100000| Untracked 
| 162|0x000000008a200000, 0x000000008a200000, 0x000000008a300000|  0%| F|  |TAMS 0x000000008a200000, 0x000000008a200000| Untracked 
| 163|0x000000008a300000, 0x000000008a300000, 0x000000008a400000|  0%| F|  |TAMS 0x000000008a300000, 0x000000008a300000| Untracked 
| 164|0x000000008a400000, 0x000000008a400000, 0x000000008a500000|  0%| F|  |TAMS 0x000000008a400000, 0x000000008a400000| Untracked 
| 165|0x000000008a500000, 0x000000008a500000, 0x000000008a600000|  0%| F|  |TAMS 0x000000008a500000, 0x000000008a500000| Untracked 
| 166|0x000000008a600000, 0x000000008a600000, 0x000000008a700000|  0%| F|  |TAMS 0x000000008a600000, 0x000000008a600000| Untracked 
| 167|0x000000008a700000, 0x000000008a700000, 0x000000008a800000|  0%| F|  |TAMS 0x000000008a700000, 0x000000008a700000| Untracked 
| 168|0x000000008a800000, 0x000000008a800000, 0x000000008a900000|  0%| F|  |TAMS 0x000000008a800000, 0x000000008a800000| Untracked 
| 169|0x000000008a900000, 0x000000008a900000, 0x000000008aa00000|  0%| F|  |TAMS 0x000000008a900000, 0x000000008a900000| Untracked 
| 170|0x000000008aa00000, 0x000000008aa00000, 0x000000008ab00000|  0%| F|  |TAMS 0x000000008aa00000, 0x000000008aa00000| Untracked 
| 171|0x000000008ab00000, 0x000000008ab00000, 0x000000008ac00000|  0%| F|  |TAMS 0x000000008ab00000, 0x000000008ab00000| Untracked 
| 172|0x000000008ac00000, 0x000000008ac00000, 0x000000008ad00000|  0%| F|  |TAMS 0x000000008ac00000, 0x000000008ac00000| Untracked 
| 173|0x000000008ad00000, 0x000000008ad00000, 0x000000008ae00000|  0%| F|  |TAMS 0x000000008ad00000, 0x000000008ad00000| Untracked 
| 174|0x000000008ae00000, 0x000000008ae00000, 0x000000008af00000|  0%| F|  |TAMS 0x000000008ae00000, 0x000000008ae00000| Untracked 
| 175|0x000000008af00000, 0x000000008af00000, 0x000000008b000000|  0%| F|  |TAMS 0x000000008af00000, 0x000000008af00000| Untracked 
| 176|0x000000008b000000, 0x000000008b000000, 0x000000008b100000|  0%| F|  |TAMS 0x000000008b000000, 0x000000008b000000| Untracked 
| 177|0x000000008b100000, 0x000000008b100000, 0x000000008b200000|  0%| F|  |TAMS 0x000000008b100000, 0x000000008b100000| Untracked 
| 178|0x000000008b200000, 0x000000008b200000, 0x000000008b300000|  0%| F|  |TAMS 0x000000008b200000, 0x000000008b200000| Untracked 
| 179|0x000000008b300000, 0x000000008b300000, 0x000000008b400000|  0%| F|  |TAMS 0x000000008b300000, 0x000000008b300000| Untracked 
| 180|0x000000008b400000, 0x000000008b400000, 0x000000008b500000|  0%| F|  |TAMS 0x000000008b400000, 0x000000008b400000| Untracked 
| 181|0x000000008b500000, 0x000000008b500000, 0x000000008b600000|  0%| F|  |TAMS 0x000000008b500000, 0x000000008b500000| Untracked 
| 182|0x000000008b600000, 0x000000008b600000, 0x000000008b700000|  0%| F|  |TAMS 0x000000008b600000, 0x000000008b600000| Untracked 
| 183|0x000000008b700000, 0x000000008b700000, 0x000000008b800000|  0%| F|  |TAMS 0x000000008b700000, 0x000000008b700000| Untracked 
| 184|0x000000008b800000, 0x000000008b800000, 0x000000008b900000|  0%| F|  |TAMS 0x000000008b800000, 0x000000008b800000| Untracked 
| 185|0x000000008b900000, 0x000000008b900000, 0x000000008ba00000|  0%| F|  |TAMS 0x000000008b900000, 0x000000008b900000| Untracked 
| 186|0x000000008ba00000, 0x000000008ba00000, 0x000000008bb00000|  0%| F|  |TAMS 0x000000008ba00000, 0x000000008ba00000| Untracked 
| 187|0x000000008bb00000, 0x000000008bb00000, 0x000000008bc00000|  0%| F|  |TAMS 0x000000008bb00000, 0x000000008bb00000| Untracked 
| 188|0x000000008bc00000, 0x000000008bc00000, 0x000000008bd00000|  0%| F|  |TAMS 0x000000008bc00000, 0x000000008bc00000| Untracked 
| 189|0x000000008bd00000, 0x000000008bd00000, 0x000000008be00000|  0%| F|  |TAMS 0x000000008bd00000, 0x000000008bd00000| Untracked 
| 190|0x000000008be00000, 0x000000008be00000, 0x000000008bf00000|  0%| F|  |TAMS 0x000000008be00000, 0x000000008be00000| Untracked 
| 191|0x000000008bf00000, 0x000000008bf00000, 0x000000008c000000|  0%| F|  |TAMS 0x000000008bf00000, 0x000000008bf00000| Untracked 
| 192|0x000000008c000000, 0x000000008c000000, 0x000000008c100000|  0%| F|  |TAMS 0x000000008c000000, 0x000000008c000000| Untracked 
| 193|0x000000008c100000, 0x000000008c100000, 0x000000008c200000|  0%| F|  |TAMS 0x000000008c100000, 0x000000008c100000| Untracked 
| 194|0x000000008c200000, 0x000000008c200000, 0x000000008c300000|  0%| F|  |TAMS 0x000000008c200000, 0x000000008c200000| Untracked 
| 195|0x000000008c300000, 0x000000008c300000, 0x000000008c400000|  0%| F|  |TAMS 0x000000008c300000, 0x000000008c300000| Untracked 
| 196|0x000000008c400000, 0x000000008c400000, 0x000000008c500000|  0%| F|  |TAMS 0x000000008c400000, 0x000000008c400000| Untracked 
| 197|0x000000008c500000, 0x000000008c500000, 0x000000008c600000|  0%| F|  |TAMS 0x000000008c500000, 0x000000008c500000| Untracked 
| 198|0x000000008c600000, 0x000000008c600000, 0x000000008c700000|  0%| F|  |TAMS 0x000000008c600000, 0x000000008c600000| Untracked 
| 199|0x000000008c700000, 0x000000008c700000, 0x000000008c800000|  0%| F|  |TAMS 0x000000008c700000, 0x000000008c700000| Untracked 
| 200|0x000000008c800000, 0x000000008c800000, 0x000000008c900000|  0%| F|  |TAMS 0x000000008c800000, 0x000000008c800000| Untracked 
| 201|0x000000008c900000, 0x000000008c900000, 0x000000008ca00000|  0%| F|  |TAMS 0x000000008c900000, 0x000000008c900000| Untracked 
| 202|0x000000008ca00000, 0x000000008ca00000, 0x000000008cb00000|  0%| F|  |TAMS 0x000000008ca00000, 0x000000008ca00000| Untracked 
| 203|0x000000008cb00000, 0x000000008cb00000, 0x000000008cc00000|  0%| F|  |TAMS 0x000000008cb00000, 0x000000008cb00000| Untracked 
| 204|0x000000008cc00000, 0x000000008cc00000, 0x000000008cd00000|  0%| F|  |TAMS 0x000000008cc00000, 0x000000008cc00000| Untracked 
| 205|0x000000008cd00000, 0x000000008cd00000, 0x000000008ce00000|  0%| F|  |TAMS 0x000000008cd00000, 0x000000008cd00000| Untracked 
| 206|0x000000008ce00000, 0x000000008cf00000, 0x000000008cf00000|100%| E|  |TAMS 0x000000008ce00000, 0x000000008ce00000| Complete 

Card table byte_map: [0x000001971f5f0000,0x000001971f9f0000] _byte_map_base: 0x000001971f1f0000

Marking Bits (Prev, Next): (CMBitMap*) 0x000001970ca58970, (CMBitMap*) 0x000001970ca589b0
 Prev Bits: [0x000001971fdf0000, 0x0000019721df0000)
 Next Bits: [0x0000019721df0000, 0x0000019723df0000)

Polling page: 0x000001970c1c0000

Metaspace:

Usage:
  Non-class:     75.06 MB used.
      Class:     11.80 MB used.
       Both:     86.87 MB used.

Virtual space:
  Non-class space:       80.00 MB reserved,      75.44 MB ( 94%) committed,  10 nodes.
      Class space:        1.00 GB reserved,      12.13 MB (  1%) committed,  1 nodes.
             Both:        1.08 GB reserved,      87.56 MB (  8%) committed. 

Chunk freelists:
   Non-Class:  176.00 KB
       Class:  3.92 MB
        Both:  4.09 MB

MaxMetaspaceSize: unlimited
CompressedClassSpaceSize: 1.00 GB
Initial GC threshold: 21.00 MB
Current GC threshold: 145.56 MB
CDS: off
MetaspaceReclaimPolicy: balanced
 - commit_granule_bytes: 65536.
 - commit_granule_words: 8192.
 - virtual_space_node_default_size: 1048576.
 - enlarge_chunks_in_place: 1.
 - new_chunks_are_fully_committed: 0.
 - uncommit_free_chunks: 1.
 - use_allocation_guard: 0.
 - handle_deallocations: 1.


Internal statistics:

num_allocs_failed_limit: 6.
num_arena_births: 866.
num_arena_deaths: 0.
num_vsnodes_births: 11.
num_vsnodes_deaths: 0.
num_space_committed: 1400.
num_space_uncommitted: 0.
num_chunks_returned_to_freelist: 6.
num_chunks_taken_from_freelist: 4067.
num_chunk_merges: 6.
num_chunk_splits: 2678.
num_chunks_enlarged: 1809.
num_purges: 0.
num_inconsistent_stats: 0.

CodeHeap 'non-profiled nmethods': size=120000Kb used=6226Kb max_used=6226Kb free=113773Kb
 bounds [0x0000019717990000, 0x0000019717fb0000, 0x000001971eec0000]
CodeHeap 'profiled nmethods': size=120000Kb used=17725Kb max_used=18214Kb free=102274Kb
 bounds [0x000001970fec0000, 0x00000197110a0000, 0x00000197173f0000]
CodeHeap 'non-nmethods': size=5760Kb used=2373Kb max_used=2460Kb free=3386Kb
 bounds [0x00000197173f0000, 0x0000019717660000, 0x0000019717990000]
 total_blobs=10179 nmethods=9274 adapters=818
 compilation: enabled
              stopped_count=0, restarted_count=0
 full_count=0

Compilation events (20 events):
Event: 26.876 Thread 0x00000197274787b0 10956       3       com.android.ide.common.resources.DataSet::createFileElement (81 bytes)
Event: 26.877 Thread 0x00000197274787b0 nmethod 10956 0x0000019710922310 code [0x00000197109225a0, 0x00000197109230f8]
Event: 26.877 Thread 0x00000197274787b0 10957       3       com.android.ide.common.resources.ResourceFile::addExtraAttributes (33 bytes)
Event: 26.877 Thread 0x00000197274787b0 nmethod 10957 0x000001971030be10 code [0x000001971030bfe0, 0x000001971030c328]
Event: 26.889 Thread 0x00000197274787b0 10958       3       org.apache.xerces.dom.AttrNSImpl::setPrefix (295 bytes)
Event: 26.892 Thread 0x00000197274787b0 nmethod 10958 0x000001971038e610 code [0x000001971038eae0, 0x0000019710390e48]
Event: 26.892 Thread 0x00000197274787b0 10959       3       org.apache.xerces.dom.CoreDocumentImpl::checkNamespaceWF (51 bytes)
Event: 26.892 Thread 0x00000197274787b0 nmethod 10959 0x0000019710273210 code [0x0000019710273400, 0x0000019710273818]
Event: 26.893 Thread 0x00000197274787b0 10960       3       org.apache.xerces.dom.CoreDocumentImpl::checkQName (95 bytes)
Event: 26.893 Thread 0x00000197274787b0 nmethod 10960 0x00000197104afd90 code [0x00000197104affa0, 0x00000197104b04d8]
Event: 26.893 Thread 0x00000197274787b0 10961       3       org.apache.xerces.dom.CoreDocumentImpl::checkDOMNSErr (135 bytes)
Event: 26.894 Thread 0x00000197274787b0 nmethod 10961 0x0000019710531010 code [0x00000197105312a0, 0x0000019710531a18]
Event: 26.922 Thread 0x00000197274787b0 10964 %     3       com.android.utils.XmlUtils::toXmlAttributeValue @ 7 (89 bytes)
Event: 26.924 Thread 0x00000197274787b0 nmethod 10964% 0x00000197106b0590 code [0x00000197106b0860, 0x00000197106b17d8]
Event: 26.924 Thread 0x00000197274787b0 10965       3       com.android.utils.XmlUtils::toXmlAttributeValue (89 bytes)
Event: 26.925 Thread 0x00000197274787b0 nmethod 10965 0x0000019710ba6b90 code [0x0000019710ba6e60, 0x0000019710ba7d38]
Event: 26.925 Thread 0x00000197274787b0 10966       3       com.android.utils.XmlUtils::append (597 bytes)
Event: 26.930 Thread 0x00000197274787b0 nmethod 10966 0x0000019710754510 code [0x0000019710754b40, 0x0000019710757a18]
Event: 26.947 Thread 0x00000197274787b0 10968       3       java.lang.StringUTF16::lastIndexOf (47 bytes)
Event: 26.948 Thread 0x00000197274787b0 nmethod 10968 0x00000197104af590 code [0x00000197104af760, 0x00000197104afaa8]

GC Heap History (20 events):
Event: 18.046 GC heap before
{Heap before GC invocations=44 (full 0):
 garbage-first heap   total 132096K, used 105629K [0x0000000080000000, 0x0000000100000000)
  region size 1024K, 42 young (43008K), 6 survivors (6144K)
 Metaspace       used 82980K, committed 83584K, reserved 1122304K
  class space    used 11355K, committed 11648K, reserved 1048576K
}
Event: 18.058 GC heap after
{Heap after GC invocations=45 (full 0):
 garbage-first heap   total 132096K, used 74858K [0x0000000080000000, 0x0000000100000000)
  region size 1024K, 6 young (6144K), 6 survivors (6144K)
 Metaspace       used 82980K, committed 83584K, reserved 1122304K
  class space    used 11355K, committed 11648K, reserved 1048576K
}
Event: 20.307 GC heap before
{Heap before GC invocations=45 (full 0):
 garbage-first heap   total 132096K, used 105578K [0x0000000080000000, 0x0000000100000000)
  region size 1024K, 37 young (37888K), 6 survivors (6144K)
 Metaspace       used 84257K, committed 84864K, reserved 1122304K
  class space    used 11568K, committed 11840K, reserved 1048576K
}
Event: 20.316 GC heap after
{Heap after GC invocations=46 (full 0):
 garbage-first heap   total 132096K, used 77982K [0x0000000080000000, 0x0000000100000000)
  region size 1024K, 4 young (4096K), 4 survivors (4096K)
 Metaspace       used 84257K, committed 84864K, reserved 1122304K
  class space    used 11568K, committed 11840K, reserved 1048576K
}
Event: 21.376 GC heap before
{Heap before GC invocations=47 (full 0):
 garbage-first heap   total 140288K, used 103582K [0x0000000080000000, 0x0000000100000000)
  region size 1024K, 31 young (31744K), 4 survivors (4096K)
 Metaspace       used 84730K, committed 85312K, reserved 1122304K
  class space    used 11621K, committed 11904K, reserved 1048576K
}
Event: 21.382 GC heap after
{Heap after GC invocations=48 (full 0):
 garbage-first heap   total 140288K, used 80693K [0x0000000080000000, 0x0000000100000000)
  region size 1024K, 3 young (3072K), 3 survivors (3072K)
 Metaspace       used 84730K, committed 85312K, reserved 1122304K
  class space    used 11621K, committed 11904K, reserved 1048576K
}
Event: 22.082 GC heap before
{Heap before GC invocations=49 (full 0):
 garbage-first heap   total 140288K, used 90933K [0x0000000080000000, 0x0000000100000000)
  region size 1024K, 14 young (14336K), 3 survivors (3072K)
 Metaspace       used 85968K, committed 86528K, reserved 1130496K
  class space    used 11730K, committed 11968K, reserved 1048576K
}
Event: 22.086 GC heap after
{Heap after GC invocations=50 (full 0):
 garbage-first heap   total 140288K, used 80278K [0x0000000080000000, 0x0000000100000000)
  region size 1024K, 3 young (3072K), 3 survivors (3072K)
 Metaspace       used 85968K, committed 86528K, reserved 1130496K
  class space    used 11730K, committed 11968K, reserved 1048576K
}
Event: 24.360 GC heap before
{Heap before GC invocations=51 (full 0):
 garbage-first heap   total 143360K, used 116118K [0x0000000080000000, 0x0000000100000000)
  region size 1024K, 37 young (37888K), 3 survivors (3072K)
 Metaspace       used 88537K, committed 89152K, reserved 1130496K
  class space    used 12054K, committed 12352K, reserved 1048576K
}
Event: 24.376 GC heap after
{Heap after GC invocations=52 (full 0):
 garbage-first heap   total 143360K, used 96513K [0x0000000080000000, 0x0000000100000000)
  region size 1024K, 5 young (5120K), 5 survivors (5120K)
 Metaspace       used 88537K, committed 89152K, reserved 1130496K
  class space    used 12054K, committed 12352K, reserved 1048576K
}
Event: 24.485 GC heap before
{Heap before GC invocations=52 (full 0):
 garbage-first heap   total 143360K, used 98561K [0x0000000080000000, 0x0000000100000000)
  region size 1024K, 7 young (7168K), 5 survivors (5120K)
 Metaspace       used 88594K, committed 89216K, reserved 1130496K
  class space    used 12057K, committed 12352K, reserved 1048576K
}
Event: 24.492 GC heap after
{Heap after GC invocations=53 (full 0):
 garbage-first heap   total 143360K, used 98303K [0x0000000080000000, 0x0000000100000000)
  region size 1024K, 1 young (1024K), 1 survivors (1024K)
 Metaspace       used 88594K, committed 89216K, reserved 1130496K
  class space    used 12057K, committed 12352K, reserved 1048576K
}
Event: 25.355 GC heap before
{Heap before GC invocations=53 (full 0):
 garbage-first heap   total 143360K, used 106495K [0x0000000080000000, 0x0000000100000000)
  region size 1024K, 11 young (11264K), 1 survivors (1024K)
 Metaspace       used 88754K, committed 89408K, reserved 1130496K
  class space    used 12066K, committed 12352K, reserved 1048576K
}
Event: 25.367 GC heap after
{Heap after GC invocations=54 (full 0):
 garbage-first heap   total 143360K, used 102704K [0x0000000080000000, 0x0000000100000000)
  region size 1024K, 3 young (3072K), 3 survivors (3072K)
 Metaspace       used 88754K, committed 89408K, reserved 1130496K
  class space    used 12066K, committed 12352K, reserved 1048576K
}
Event: 26.330 GC heap before
{Heap before GC invocations=55 (full 0):
 garbage-first heap   total 176128K, used 123184K [0x0000000080000000, 0x0000000100000000)
  region size 1024K, 16 young (16384K), 3 survivors (3072K)
 Metaspace       used 88870K, committed 89536K, reserved 1130496K
  class space    used 12079K, committed 12416K, reserved 1048576K
}
Event: 26.336 GC heap after
{Heap after GC invocations=56 (full 0):
 garbage-first heap   total 176128K, used 105840K [0x0000000080000000, 0x0000000100000000)
  region size 1024K, 2 young (2048K), 2 survivors (2048K)
 Metaspace       used 88870K, committed 89536K, reserved 1130496K
  class space    used 12079K, committed 12416K, reserved 1048576K
}
Event: 26.476 GC heap before
{Heap before GC invocations=56 (full 0):
 garbage-first heap   total 176128K, used 111984K [0x0000000080000000, 0x0000000100000000)
  region size 1024K, 8 young (8192K), 2 survivors (2048K)
 Metaspace       used 88870K, committed 89536K, reserved 1130496K
  class space    used 12079K, committed 12416K, reserved 1048576K
}
Event: 26.482 GC heap after
{Heap after GC invocations=57 (full 0):
 garbage-first heap   total 176128K, used 106029K [0x0000000080000000, 0x0000000100000000)
  region size 1024K, 1 young (1024K), 1 survivors (1024K)
 Metaspace       used 88870K, committed 89536K, reserved 1130496K
  class space    used 12079K, committed 12416K, reserved 1048576K
}
Event: 26.949 GC heap before
{Heap before GC invocations=57 (full 0):
 garbage-first heap   total 176128K, used 120365K [0x0000000080000000, 0x0000000100000000)
  region size 1024K, 16 young (16384K), 1 survivors (1024K)
 Metaspace       used 88950K, committed 89664K, reserved 1130496K
  class space    used 12085K, committed 12416K, reserved 1048576K
}
Event: 26.960 GC heap after
{Heap after GC invocations=58 (full 0):
 garbage-first heap   total 211968K, used 112213K [0x0000000080000000, 0x0000000100000000)
  region size 1024K, 4 young (4096K), 4 survivors (4096K)
 Metaspace       used 88950K, committed 89664K, reserved 1130496K
  class space    used 12085K, committed 12416K, reserved 1048576K
}

Dll operation events (2 events):
Event: 0.015 Loaded shared library C:\Program Files\Android\Android Studio\jbr\bin\java.dll
Event: 1.216 Loaded shared library C:\Program Files\Android\Android Studio\jbr\bin\verify.dll

Deoptimization events (20 events):
Event: 26.725 Thread 0x000001972d144ee0 DEOPT PACKING pc=0x0000019717ada364 sp=0x00000085132f9bc0
Event: 26.725 Thread 0x000001972d144ee0 DEOPT UNPACKING pc=0x00000197174469a3 sp=0x00000085132f9b58 mode 2
Event: 26.809 Thread 0x000001972d144ee0 Uncommon trap: trap_request=0xffffff76 fr.pc=0x0000019717bf87c4 relative=0x0000000000000324
Event: 26.809 Thread 0x000001972d144ee0 Uncommon trap: reason=predicate action=maybe_recompile pc=0x0000019717bf87c4 method=org.apache.xerces.dom.NamedNodeMapImpl.findNamePoint(Ljava/lang/String;Ljava/lang/String;)I @ 126 c2
Event: 26.809 Thread 0x000001972d144ee0 DEOPT PACKING pc=0x0000019717bf87c4 sp=0x00000085132f9b10
Event: 26.809 Thread 0x000001972d144ee0 DEOPT UNPACKING pc=0x00000197174469a3 sp=0x00000085132f9aa0 mode 2
Event: 26.828 Thread 0x000001972d144ee0 Uncommon trap: trap_request=0xffffffc6 fr.pc=0x0000019717f9c14c relative=0x00000000000022ac
Event: 26.829 Thread 0x000001972d144ee0 Uncommon trap: reason=bimorphic_or_optimized_type_check action=maybe_recompile pc=0x0000019717f9c14c method=com.android.ide.common.resources.NodeUtils.processSingleNodeNamespace(Lorg/w3c/dom/Node;Lorg/w3c/dom/Document;)Z @ 100 c2
Event: 26.829 Thread 0x000001972d144ee0 DEOPT PACKING pc=0x0000019717f9c14c sp=0x00000085132f9be0
Event: 26.829 Thread 0x000001972d144ee0 DEOPT UNPACKING pc=0x00000197174469a3 sp=0x00000085132f9b58 mode 2
Event: 26.849 Thread 0x000001972d144ee0 DEOPT PACKING pc=0x00000197108ea796 sp=0x00000085132f98f0
Event: 26.849 Thread 0x000001972d144ee0 DEOPT UNPACKING pc=0x0000019717447143 sp=0x00000085132f8db0 mode 0
Event: 26.920 Thread 0x000001972d144ee0 Uncommon trap: trap_request=0xffffff45 fr.pc=0x0000019717f5f140 relative=0x0000000000004dc0
Event: 26.920 Thread 0x000001972d144ee0 Uncommon trap: reason=unstable_if action=reinterpret pc=0x0000019717f5f140 method=com.android.utils.XmlUtils.append(Lcom/android/utils/XmlUtils$PositionAwareStringBuilder;Lorg/w3c/dom/Node;Ljava/util/Map;Ljava/util/Set;)V @ 84 c2
Event: 26.920 Thread 0x000001972d144ee0 DEOPT PACKING pc=0x0000019717f5f140 sp=0x00000085132f9d40
Event: 26.920 Thread 0x000001972d144ee0 DEOPT UNPACKING pc=0x00000197174469a3 sp=0x00000085132f9d38 mode 2
Event: 26.920 Thread 0x000001972d144ee0 Uncommon trap: trap_request=0xffffff45 fr.pc=0x0000019717d60454 relative=0x0000000000000514
Event: 26.920 Thread 0x000001972d144ee0 Uncommon trap: reason=unstable_if action=reinterpret pc=0x0000019717d60454 method=com.android.utils.XmlUtils.toXmlAttributeValue(Ljava/lang/String;)Ljava/lang/String; @ 33 c2
Event: 26.920 Thread 0x000001972d144ee0 DEOPT PACKING pc=0x0000019717d60454 sp=0x00000085132f9b50
Event: 26.920 Thread 0x000001972d144ee0 DEOPT UNPACKING pc=0x00000197174469a3 sp=0x00000085132f9af8 mode 2

Classes unloaded (0 events):
No events

Classes redefined (0 events):
No events

Internal exceptions (20 events):
Event: 25.074 Thread 0x000001972d144ee0 Exception <a 'sun/nio/fs/WindowsException'{0x000000008914cfa8}> (0x000000008914cfa8) 
thrown [s\src\hotspot\share\prims\jni.cpp, line 517]
Event: 25.075 Thread 0x000001972d144ee0 Exception <a 'sun/nio/fs/WindowsException'{0x00000000891502e8}> (0x00000000891502e8) 
thrown [s\src\hotspot\share\prims\jni.cpp, line 517]
Event: 25.075 Thread 0x000001972d144ee0 Exception <a 'sun/nio/fs/WindowsException'{0x0000000089150758}> (0x0000000089150758) 
thrown [s\src\hotspot\share\prims\jni.cpp, line 517]
Event: 25.076 Thread 0x000001972d144ee0 Exception <a 'sun/nio/fs/WindowsException'{0x0000000089152948}> (0x0000000089152948) 
thrown [s\src\hotspot\share\prims\jni.cpp, line 517]
Event: 25.076 Thread 0x000001972d144ee0 Exception <a 'sun/nio/fs/WindowsException'{0x0000000089152d48}> (0x0000000089152d48) 
thrown [s\src\hotspot\share\prims\jni.cpp, line 517]
Event: 25.078 Thread 0x000001972d144ee0 Exception <a 'sun/nio/fs/WindowsException'{0x0000000089156088}> (0x0000000089156088) 
thrown [s\src\hotspot\share\prims\jni.cpp, line 517]
Event: 25.078 Thread 0x000001972d144ee0 Exception <a 'sun/nio/fs/WindowsException'{0x00000000891564f8}> (0x00000000891564f8) 
thrown [s\src\hotspot\share\prims\jni.cpp, line 517]
Event: 25.079 Thread 0x000001972d144ee0 Exception <a 'sun/nio/fs/WindowsException'{0x00000000891586e8}> (0x00000000891586e8) 
thrown [s\src\hotspot\share\prims\jni.cpp, line 517]
Event: 25.079 Thread 0x000001972d144ee0 Exception <a 'sun/nio/fs/WindowsException'{0x0000000089158ae8}> (0x0000000089158ae8) 
thrown [s\src\hotspot\share\prims\jni.cpp, line 517]
Event: 25.080 Thread 0x000001972d144ee0 Exception <a 'sun/nio/fs/WindowsException'{0x000000008915be28}> (0x000000008915be28) 
thrown [s\src\hotspot\share\prims\jni.cpp, line 517]
Event: 25.081 Thread 0x000001972d144ee0 Exception <a 'sun/nio/fs/WindowsException'{0x000000008915c298}> (0x000000008915c298) 
thrown [s\src\hotspot\share\prims\jni.cpp, line 517]
Event: 25.081 Thread 0x000001972d144ee0 Exception <a 'sun/nio/fs/WindowsException'{0x000000008915e488}> (0x000000008915e488) 
thrown [s\src\hotspot\share\prims\jni.cpp, line 517]
Event: 25.082 Thread 0x000001972d144ee0 Exception <a 'sun/nio/fs/WindowsException'{0x000000008915e888}> (0x000000008915e888) 
thrown [s\src\hotspot\share\prims\jni.cpp, line 517]
Event: 25.083 Thread 0x000001972d144ee0 Exception <a 'sun/nio/fs/WindowsException'{0x0000000089161b60}> (0x0000000089161b60) 
thrown [s\src\hotspot\share\prims\jni.cpp, line 517]
Event: 25.083 Thread 0x000001972d144ee0 Exception <a 'sun/nio/fs/WindowsException'{0x0000000089161fa0}> (0x0000000089161fa0) 
thrown [s\src\hotspot\share\prims\jni.cpp, line 517]
Event: 25.096 Thread 0x000001972d144ee0 Exception <a 'sun/nio/fs/WindowsException'{0x0000000089164188}> (0x0000000089164188) 
thrown [s\src\hotspot\share\prims\jni.cpp, line 517]
Event: 25.096 Thread 0x000001972d144ee0 Exception <a 'sun/nio/fs/WindowsException'{0x0000000089164570}> (0x0000000089164570) 
thrown [s\src\hotspot\share\prims\jni.cpp, line 517]
Event: 25.284 Thread 0x000001972d144ee0 Implicit null exception at 0x0000019717bd0ce0 to 0x0000019717bd0ddc
Event: 25.284 Thread 0x000001972d144ee0 Implicit null exception at 0x00000197179d9d42 to 0x00000197179da400
Event: 26.698 Thread 0x000001972d144ee0 Implicit null exception at 0x0000019717b0df5c to 0x0000019717b0eea0

VM Operations (20 events):
Event: 24.299 Executing VM operation: HandshakeAllThreads
Event: 24.299 Executing VM operation: HandshakeAllThreads done
Event: 24.360 Executing VM operation: G1CollectForAllocation
Event: 24.376 Executing VM operation: G1CollectForAllocation done
Event: 24.485 Executing VM operation: G1CollectForAllocation
Event: 24.493 Executing VM operation: G1CollectForAllocation done
Event: 25.109 Executing VM operation: HandshakeAllThreads
Event: 25.109 Executing VM operation: HandshakeAllThreads done
Event: 25.355 Executing VM operation: G1TryInitiateConcMark
Event: 25.373 Executing VM operation: G1TryInitiateConcMark done
Event: 25.535 Executing VM operation: G1Concurrent
Event: 25.548 Executing VM operation: G1Concurrent done
Event: 25.606 Executing VM operation: G1Concurrent
Event: 25.607 Executing VM operation: G1Concurrent done
Event: 26.330 Executing VM operation: G1CollectForAllocation
Event: 26.337 Executing VM operation: G1CollectForAllocation done
Event: 26.475 Executing VM operation: G1CollectForAllocation
Event: 26.483 Executing VM operation: G1CollectForAllocation done
Event: 26.949 Executing VM operation: G1TryInitiateConcMark
Event: 26.961 Executing VM operation: G1TryInitiateConcMark done

Events (20 events):
Event: 24.537 loading class java/nio/file/Files$2
Event: 24.537 loading class java/nio/file/Files$2 done
Event: 24.756 Thread 0x0000019729c73900 Thread exited: 0x0000019729c73900
Event: 24.756 Thread 0x0000019729c74320 Thread exited: 0x0000019729c74320
Event: 25.110 Thread 0x0000019729c74d40 Thread added: 0x0000019729c74d40
Event: 25.112 loading class org/w3c/dom/DOMImplementation
Event: 25.112 loading class org/w3c/dom/DOMImplementation done
Event: 25.112 loading class org/w3c/dom/ls/DOMImplementationLS
Event: 25.112 loading class org/w3c/dom/ls/DOMImplementationLS done
Event: 25.113 loading class org/w3c/dom/ls/LSSerializer
Event: 25.113 loading class org/w3c/dom/ls/LSSerializer done
Event: 25.113 loading class org/w3c/dom/ls/LSOutput
Event: 25.113 loading class org/w3c/dom/ls/LSOutput done
Event: 25.114 loading class org/w3c/dom/ls/LSParser
Event: 25.114 loading class org/w3c/dom/ls/LSParser done
Event: 25.114 loading class org/w3c/dom/ls/LSInput
Event: 25.114 loading class org/w3c/dom/ls/LSInput done
Event: 25.117 Thread 0x0000019729c74320 Thread added: 0x0000019729c74320
Event: 25.804 Thread 0x0000019729c74320 Thread exited: 0x0000019729c74320
Event: 26.026 Thread 0x0000019729c74320 Thread added: 0x0000019729c74320


Dynamic libraries:
0x00007ff72fed0000 - 0x00007ff72feda000 	C:\Program Files\Android\Android Studio\jbr\bin\java.exe
0x00007fffacb80000 - 0x00007fffacd6d000 	C:\Windows\SYSTEM32\ntdll.dll
0x00007fffac280000 - 0x00007fffac333000 	C:\Windows\System32\KERNEL32.DLL
0x00007fffa8cb0000 - 0x00007fffa8f43000 	C:\Windows\System32\KERNELBASE.dll
0x00007fff98b10000 - 0x00007fff98b27000 	C:\Program Files\Android\Android Studio\jbr\bin\jli.dll
0x00007fffac0e0000 - 0x00007fffac277000 	C:\Windows\System32\USER32.dll
0x00007fffa9000000 - 0x00007fffa90fc000 	C:\Windows\System32\ucrtbase.dll
0x00007fffa9b10000 - 0x00007fffa9b30000 	C:\Windows\System32\win32u.dll
0x00007fffaa120000 - 0x00007fffaa149000 	C:\Windows\System32\GDI32.dll
0x00007fffa9970000 - 0x00007fffa9b0a000 	C:\Windows\System32\gdi32full.dll
0x00007fffa9850000 - 0x00007fffa98f0000 	C:\Windows\System32\msvcp_win.dll
0x00007fff98ca0000 - 0x00007fff98f19000 	C:\Windows\WinSxS\amd64_microsoft.windows.common-controls_6595b64144ccf1df_6.0.17763.134_none_05b3373a07211a5c\COMCTL32.dll
0x00007fffac880000 - 0x00007fffac91e000 	C:\Windows\System32\msvcrt.dll
0x00007fffa9db0000 - 0x00007fffaa0dd000 	C:\Windows\System32\combase.dll
0x00007fffac3a0000 - 0x00007fffac4c3000 	C:\Windows\System32\RPCRT4.dll
0x00007fffa1e20000 - 0x00007fffa1e3b000 	C:\Program Files\Android\Android Studio\jbr\bin\VCRUNTIME140.dll
0x00007fffa9b30000 - 0x00007fffa9bae000 	C:\Windows\System32\bcryptPrimitives.dll
0x00007fffaa0e0000 - 0x00007fffaa10e000 	C:\Windows\System32\IMM32.DLL
0x00007fff98220000 - 0x00007fff9822c000 	C:\Program Files\Android\Android Studio\jbr\bin\vcruntime140_1.dll
0x00007fff89d20000 - 0x00007fff89dad000 	C:\Program Files\Android\Android Studio\jbr\bin\msvcp140.dll
0x00007fff85bc0000 - 0x00007fff8682e000 	C:\Program Files\Android\Android Studio\jbr\bin\server\jvm.dll
0x00007fffac030000 - 0x00007fffac0d3000 	C:\Windows\System32\ADVAPI32.dll
0x00007fffacab0000 - 0x00007fffacb4e000 	C:\Windows\System32\sechost.dll
0x00007fff9a7c0000 - 0x00007fff9a7c9000 	C:\Windows\SYSTEM32\WSOCK32.dll
0x00007fffabe10000 - 0x00007fffabe7d000 	C:\Windows\System32\WS2_32.dll
0x00007fffa2580000 - 0x00007fffa258a000 	C:\Windows\SYSTEM32\VERSION.dll
0x00007fffa6620000 - 0x00007fffa6644000 	C:\Windows\SYSTEM32\WINMM.dll
0x00007fffa6030000 - 0x00007fffa605d000 	C:\Windows\SYSTEM32\WINMMBASE.dll
0x00007fffa98f0000 - 0x00007fffa993a000 	C:\Windows\System32\cfgmgr32.dll
0x00007fffa8c10000 - 0x00007fffa8c21000 	C:\Windows\System32\kernel.appcore.dll
0x00007fffa5530000 - 0x00007fffa553a000 	C:\Program Files\Android\Android Studio\jbr\bin\jimage.dll
0x00007fff99f50000 - 0x00007fff9a13d000 	C:\Windows\SYSTEM32\DBGHELP.DLL
0x00007fff8d1c0000 - 0x00007fff8d1ea000 	C:\Windows\SYSTEM32\dbgcore.DLL
0x00007fffa5500000 - 0x00007fffa5525000 	C:\Program Files\Android\Android Studio\jbr\bin\java.dll
0x00007fff9f0b0000 - 0x00007fff9f0c8000 	C:\Program Files\Android\Android Studio\jbr\bin\zip.dll
0x00007fffaa910000 - 0x00007fffabdff000 	C:\Windows\System32\SHELL32.dll
0x00007fffac4d0000 - 0x00007fffac578000 	C:\Windows\System32\shcore.dll
0x00007fffa9100000 - 0x00007fffa9848000 	C:\Windows\System32\windows.storage.dll
0x00007fffa8b80000 - 0x00007fffa8ba4000 	C:\Windows\System32\profapi.dll
0x00007fffa8bb0000 - 0x00007fffa8c0d000 	C:\Windows\System32\powrprof.dll
0x00007fffac5e0000 - 0x00007fffac632000 	C:\Windows\System32\shlwapi.dll
0x00007fffa9d90000 - 0x00007fffa9da7000 	C:\Windows\System32\cryptsp.dll
0x00007fff9d080000 - 0x00007fff9d099000 	C:\Program Files\Android\Android Studio\jbr\bin\net.dll
0x00007fffa2cb0000 - 0x00007fffa2da1000 	C:\Windows\SYSTEM32\WINHTTP.dll
0x00007fffa8410000 - 0x00007fffa8477000 	C:\Windows\system32\mswsock.dll
0x00007fff99ab0000 - 0x00007fff99ac6000 	C:\Program Files\Android\Android Studio\jbr\bin\nio.dll
0x00007fffa54f0000 - 0x00007fffa5500000 	C:\Program Files\Android\Android Studio\jbr\bin\verify.dll
0x00007fff85610000 - 0x00007fff85637000 	C:\Users\Alexx\.gradle\native\68d5fa5c4cc2d200863cafc0d521ce42e7d3e7ee720ec0a83991735586a16f82\windows-amd64\native-platform.dll
0x00007fff886e0000 - 0x00007fff88824000 	C:\Users\Alexx\.gradle\native\e376f236ea51e6404a007f0833ffe2c6e607c4080706a723a18a27aeea778392\windows-amd64\native-platform-file-events.dll
0x00007fff9f5c0000 - 0x00007fff9f5c9000 	C:\Program Files\Android\Android Studio\jbr\bin\management.dll
0x00007fff9cd80000 - 0x00007fff9cd8b000 	C:\Program Files\Android\Android Studio\jbr\bin\management_ext.dll
0x00007fffac870000 - 0x00007fffac878000 	C:\Windows\System32\PSAPI.DLL
0x00007fffa7fd0000 - 0x00007fffa8003000 	C:\Windows\system32\rsaenh.dll
0x00007fffa9940000 - 0x00007fffa9966000 	C:\Windows\System32\bcrypt.dll
0x00007fffa8a80000 - 0x00007fffa8aa8000 	C:\Windows\SYSTEM32\USERENV.dll
0x00007fffa85e0000 - 0x00007fffa85ec000 	C:\Windows\SYSTEM32\CRYPTBASE.dll
0x00007fffa8170000 - 0x00007fffa81ad000 	C:\Windows\SYSTEM32\IPHLPAPI.DLL
0x00007fffabe00000 - 0x00007fffabe08000 	C:\Windows\System32\NSI.dll
0x00007fff9ff50000 - 0x00007fff9ff66000 	C:\Windows\SYSTEM32\dhcpcsvc6.DLL
0x00007fff9ff30000 - 0x00007fff9ff4c000 	C:\Windows\SYSTEM32\dhcpcsvc.DLL
0x00007fffa81b0000 - 0x00007fffa8276000 	C:\Windows\SYSTEM32\DNSAPI.dll
0x00007fff99620000 - 0x00007fff99627000 	C:\Windows\system32\wshunix.dll

dbghelp: loaded successfully - version: 4.0.5 - missing functions: none
symbol engine: initialized successfully - sym options: 0x614 - pdb path: .;C:\Program Files\Android\Android Studio\jbr\bin;C:\Windows\SYSTEM32;C:\Windows\WinSxS\amd64_microsoft.windows.common-controls_6595b64144ccf1df_6.0.17763.134_none_05b3373a07211a5c;C:\Program Files\Android\Android Studio\jbr\bin\server;C:\Users\Alexx\.gradle\native\68d5fa5c4cc2d200863cafc0d521ce42e7d3e7ee720ec0a83991735586a16f82\windows-amd64;C:\Users\Alexx\.gradle\native\e376f236ea51e6404a007f0833ffe2c6e607c4080706a723a18a27aeea778392\windows-amd64

VM Arguments:
jvm_args: --add-opens=java.base/java.util=ALL-UNNAMED --add-opens=java.base/java.lang=ALL-UNNAMED --add-opens=java.base/java.lang.invoke=ALL-UNNAMED --add-opens=java.prefs/java.util.prefs=ALL-UNNAMED --add-opens=java.base/java.nio.charset=ALL-UNNAMED --add-opens=java.base/java.net=ALL-UNNAMED --add-opens=java.base/java.util.concurrent.atomic=ALL-UNNAMED -Xmx2048m -Dfile.encoding=UTF-8 -Duser.country=RU -Duser.language=ru -Duser.variant 
java_command: org.gradle.launcher.daemon.bootstrap.GradleDaemon 8.0
java_class_path (initial): C:\Users\Alexx\.gradle\wrapper\dists\gradle-8.0-bin\ca5e32bp14vu59qr306oxotwh\gradle-8.0\lib\gradle-launcher-8.0.jar
Launcher Type: SUN_STANDARD

[Global flags]
     intx CICompilerCount                          = 4                                         {product} {ergonomic}
     uint ConcGCThreads                            = 2                                         {product} {ergonomic}
     uint G1ConcRefinementThreads                  = 8                                         {product} {ergonomic}
   size_t G1HeapRegionSize                         = 1048576                                   {product} {ergonomic}
    uintx GCDrainStackTargetSize                   = 64                                        {product} {ergonomic}
   size_t InitialHeapSize                          = 201326592                                 {product} {ergonomic}
   size_t MarkStackSize                            = 4194304                                   {product} {ergonomic}
   size_t MaxHeapSize                              = 2147483648                                {product} {command line}
   size_t MaxNewSize                               = 1287651328                                {product} {ergonomic}
   size_t MinHeapDeltaBytes                        = 1048576                                   {product} {ergonomic}
   size_t MinHeapSize                              = 8388608                                   {product} {ergonomic}
    uintx NonNMethodCodeHeapSize                   = 5839372                                {pd product} {ergonomic}
    uintx NonProfiledCodeHeapSize                  = 122909434                              {pd product} {ergonomic}
    uintx ProfiledCodeHeapSize                     = 122909434                              {pd product} {ergonomic}
    uintx ReservedCodeCacheSize                    = 251658240                              {pd product} {ergonomic}
     bool SegmentedCodeCache                       = true                                      {product} {ergonomic}
   size_t SoftMaxHeapSize                          = 2147483648                             {manageable} {ergonomic}
     bool UseCompressedClassPointers               = true                           {product lp64_product} {ergonomic}
     bool UseCompressedOops                        = true                           {product lp64_product} {ergonomic}
     bool UseG1GC                                  = true                                      {product} {ergonomic}
     bool UseLargePagesIndividualAllocation        = false                                  {pd product} {ergonomic}

Logging:
Log output configuration:
 #0: stdout all=warning uptime,level,tags
 #1: stderr all=off uptime,level,tags

Environment Variables:
PATH=C:\ProgramData\Oracle\Java\javapath;C:\Program Files (x86)\Python38-32\Scripts\;C:\Program Files (x86)\Python38-32\;C:\Windows\system32;C:\Windows;C:\Windows\System32\Wbem;C:\Windows\System32\WindowsPowerShell\v1.0\;C:\Program Files (x86)\Common Files\Acronis\SnapAPI\;C:\Program Files (x86)\dotnet\;C:\Program Files\PuTTY\;C:\Users\Alexx\AppData\Local\Microsoft\WindowsApps;C:\Program Files (x86)\Nmap
USERNAME=Alexx
OS=Windows_NT
PROCESSOR_IDENTIFIER=AMD64 Family 21 Model 2 Stepping 0, AuthenticAMD
TMP=C:\Temp
TEMP=C:\Temp


JNI global refs:
JNI global refs: 29, weak refs: 14

JNI global refs memory usage: 843, weak refs: 841


---------------  S Y S T E M  ---------------

OS:
 Windows 10 , 64 bit Build 17763 (10.0.17763.1)
OS uptime: 0 days 7:46 hours

CPU: total 8 (initial active 8) (8 cores per cpu, 1 threads per core) family 21 model 2 stepping 0 microcode 0x0, cx8, cmov, fxsr, mmx, 3dnowpref, sse, sse2, sse3, ssse3, sse4a, sse4.1, sse4.2, popcnt, lzcnt, tsc, tscinvbit, avx, aes, clmul, bmi1, fma, vzeroupper, clflush

Memory: 4k page, system-wide physical 12285M (3256M free)
TotalPageFile size 12541M (AvailPageFile size 5M)
current process WorkingSet (physical memory assigned to process): 411M, peak: 411M
current process commit charge ("private bytes"): 499M, peak: 500M

vm_info: OpenJDK 64-Bit Server VM (17.0.6+0-b2043.56-10027231) for windows-amd64 JRE (17.0.6+0-b2043.56-10027231), built on Apr 28 2023 00:43:19 by "androidbuild" with MS VC++ 16.10 / 16.11 (VS2019)

END.
